
*** Running vivado
    with args -log BlazeTop.vds -m64 -product Vivado -mode batch -messageDb vivado.pb -notrace -source BlazeTop.tcl



****** Vivado v2024.1 (64-bit)
  **** SW Build 5076996 on Wed May 22 18:37:14 MDT 2024
  **** IP Build 5075265 on Wed May 22 21:45:21 MDT 2024
  **** SharedData Build 5076995 on Wed May 22 18:29:18 MDT 2024
  **** Start of session at: Sun Jun 23 13:47:11 2024
    ** Copyright 1986-2022 Xilinx, Inc. All Rights Reserved.
    ** Copyright 2022-2024 Advanced Micro Devices, Inc. All Rights Reserved.

source BlazeTop.tcl -notrace
create_project: Time (s): cpu = 00:00:04 ; elapsed = 00:00:05 . Memory (MB): peak = 612.281 ; gain = 200.484
INFO: [IP_Flow 19-234] Refreshing IP repositories
INFO: [IP_Flow 19-1704] No user IP repositories specified
INFO: [IP_Flow 19-2313] Loaded Vivado IP repository 'C:/Xilinx/Vivado/2024.1/data/ip'.
Command: synth_design -top BlazeTop -part xc7a35tcpg236-1
Starting synth_design
Attempting to get a license for feature 'Synthesis' and/or device 'xc7a35t'
INFO: [Common 17-349] Got license for feature 'Synthesis' and/or device 'xc7a35t'
INFO: [Device 21-403] Loading part xc7a35tcpg236-1
INFO: [Device 21-9227] Part: xc7a35tcpg236-1 does not have CEAM library.
INFO: [Synth 8-7079] Multithreading enabled for synth_design using a maximum of 2 processes.
INFO: [Synth 8-7078] Launching helper process for spawning children vivado processes
INFO: [Synth 8-7075] Helper process launched with PID 1464
---------------------------------------------------------------------------------
Starting RTL Elaboration : Time (s): cpu = 00:00:03 ; elapsed = 00:00:04 . Memory (MB): peak = 1498.195 ; gain = 447.445
---------------------------------------------------------------------------------
INFO: [Synth 8-6157] synthesizing module 'BlazeTop' [C:/Harman/Verilog/SoC_06_23_LED_Counter/SoC_06_23_LED_Counter.srcs/sources_1/new/BlazeTop.v:23]
INFO: [Synth 8-6157] synthesizing module 'system_wrapper' [c:/Harman/Verilog/SoC_06_23_LED_Counter/SoC_06_23_LED_Counter.gen/sources_1/bd/system/hdl/system_wrapper.v:13]
INFO: [Synth 8-6157] synthesizing module 'system' [c:/Harman/Verilog/SoC_06_23_LED_Counter/SoC_06_23_LED_Counter.gen/sources_1/bd/system/synth/system.v:657]
INFO: [Synth 8-6157] synthesizing module 'system_axi_uartlite_0_0' [C:/Harman/Verilog/SoC_06_23_LED_Counter/SoC_06_23_LED_Counter.runs/synth_1/.Xil/Vivado-22328-Park/realtime/system_axi_uartlite_0_0_stub.v:6]
INFO: [Synth 8-6155] done synthesizing module 'system_axi_uartlite_0_0' (0#1) [C:/Harman/Verilog/SoC_06_23_LED_Counter/SoC_06_23_LED_Counter.runs/synth_1/.Xil/Vivado-22328-Park/realtime/system_axi_uartlite_0_0_stub.v:6]
INFO: [Synth 8-6157] synthesizing module 'system_mdm_1_1' [C:/Harman/Verilog/SoC_06_23_LED_Counter/SoC_06_23_LED_Counter.runs/synth_1/.Xil/Vivado-22328-Park/realtime/system_mdm_1_1_stub.v:6]
INFO: [Synth 8-6155] done synthesizing module 'system_mdm_1_1' (0#1) [C:/Harman/Verilog/SoC_06_23_LED_Counter/SoC_06_23_LED_Counter.runs/synth_1/.Xil/Vivado-22328-Park/realtime/system_mdm_1_1_stub.v:6]
INFO: [Synth 8-6157] synthesizing module 'system_microblaze_0_0' [C:/Harman/Verilog/SoC_06_23_LED_Counter/SoC_06_23_LED_Counter.runs/synth_1/.Xil/Vivado-22328-Park/realtime/system_microblaze_0_0_stub.v:6]
INFO: [Synth 8-6155] done synthesizing module 'system_microblaze_0_0' (0#1) [C:/Harman/Verilog/SoC_06_23_LED_Counter/SoC_06_23_LED_Counter.runs/synth_1/.Xil/Vivado-22328-Park/realtime/system_microblaze_0_0_stub.v:6]
INFO: [Synth 8-6157] synthesizing module 'system_microblaze_0_axi_intc_1' [C:/Harman/Verilog/SoC_06_23_LED_Counter/SoC_06_23_LED_Counter.runs/synth_1/.Xil/Vivado-22328-Park/realtime/system_microblaze_0_axi_intc_1_stub.v:6]
INFO: [Synth 8-6155] done synthesizing module 'system_microblaze_0_axi_intc_1' (0#1) [C:/Harman/Verilog/SoC_06_23_LED_Counter/SoC_06_23_LED_Counter.runs/synth_1/.Xil/Vivado-22328-Park/realtime/system_microblaze_0_axi_intc_1_stub.v:6]
INFO: [Synth 8-6157] synthesizing module 'system_microblaze_0_axi_periph_1' [c:/Harman/Verilog/SoC_06_23_LED_Counter/SoC_06_23_LED_Counter.gen/sources_1/bd/system/synth/system.v:981]
INFO: [Synth 8-6157] synthesizing module 'm00_couplers_imp_1RZ0IW6' [c:/Harman/Verilog/SoC_06_23_LED_Counter/SoC_06_23_LED_Counter.gen/sources_1/bd/system/synth/system.v:13]
INFO: [Synth 8-6155] done synthesizing module 'm00_couplers_imp_1RZ0IW6' (0#1) [c:/Harman/Verilog/SoC_06_23_LED_Counter/SoC_06_23_LED_Counter.gen/sources_1/bd/system/synth/system.v:13]
INFO: [Synth 8-6157] synthesizing module 'm01_couplers_imp_K87I2F' [c:/Harman/Verilog/SoC_06_23_LED_Counter/SoC_06_23_LED_Counter.gen/sources_1/bd/system/synth/system.v:145]
INFO: [Synth 8-6155] done synthesizing module 'm01_couplers_imp_K87I2F' (0#1) [c:/Harman/Verilog/SoC_06_23_LED_Counter/SoC_06_23_LED_Counter.gen/sources_1/bd/system/synth/system.v:145]
INFO: [Synth 8-6157] synthesizing module 's00_couplers_imp_1LZPV07' [c:/Harman/Verilog/SoC_06_23_LED_Counter/SoC_06_23_LED_Counter.gen/sources_1/bd/system/synth/system.v:511]
INFO: [Synth 8-6155] done synthesizing module 's00_couplers_imp_1LZPV07' (0#1) [c:/Harman/Verilog/SoC_06_23_LED_Counter/SoC_06_23_LED_Counter.gen/sources_1/bd/system/synth/system.v:511]
INFO: [Synth 8-6157] synthesizing module 'system_xbar_1' [C:/Harman/Verilog/SoC_06_23_LED_Counter/SoC_06_23_LED_Counter.runs/synth_1/.Xil/Vivado-22328-Park/realtime/system_xbar_1_stub.v:6]
INFO: [Synth 8-6155] done synthesizing module 'system_xbar_1' (0#1) [C:/Harman/Verilog/SoC_06_23_LED_Counter/SoC_06_23_LED_Counter.runs/synth_1/.Xil/Vivado-22328-Park/realtime/system_xbar_1_stub.v:6]
WARNING: [Synth 8-7071] port 'm_axi_awprot' of module 'system_xbar_1' is unconnected for instance 'xbar' [c:/Harman/Verilog/SoC_06_23_LED_Counter/SoC_06_23_LED_Counter.gen/sources_1/bd/system/synth/system.v:1390]
WARNING: [Synth 8-7071] port 'm_axi_arprot' of module 'system_xbar_1' is unconnected for instance 'xbar' [c:/Harman/Verilog/SoC_06_23_LED_Counter/SoC_06_23_LED_Counter.gen/sources_1/bd/system/synth/system.v:1390]
WARNING: [Synth 8-7023] instance 'xbar' of module 'system_xbar_1' has 40 connections declared, but only 38 given [c:/Harman/Verilog/SoC_06_23_LED_Counter/SoC_06_23_LED_Counter.gen/sources_1/bd/system/synth/system.v:1390]
INFO: [Synth 8-6155] done synthesizing module 'system_microblaze_0_axi_periph_1' (0#1) [c:/Harman/Verilog/SoC_06_23_LED_Counter/SoC_06_23_LED_Counter.gen/sources_1/bd/system/synth/system.v:981]
INFO: [Synth 8-6157] synthesizing module 'microblaze_0_local_memory_imp_OGE0N8' [c:/Harman/Verilog/SoC_06_23_LED_Counter/SoC_06_23_LED_Counter.gen/sources_1/bd/system/synth/system.v:277]
INFO: [Synth 8-6157] synthesizing module 'system_dlmb_bram_if_cntlr_1' [C:/Harman/Verilog/SoC_06_23_LED_Counter/SoC_06_23_LED_Counter.runs/synth_1/.Xil/Vivado-22328-Park/realtime/system_dlmb_bram_if_cntlr_1_stub.v:6]
INFO: [Synth 8-6155] done synthesizing module 'system_dlmb_bram_if_cntlr_1' (0#1) [C:/Harman/Verilog/SoC_06_23_LED_Counter/SoC_06_23_LED_Counter.runs/synth_1/.Xil/Vivado-22328-Park/realtime/system_dlmb_bram_if_cntlr_1_stub.v:6]
INFO: [Synth 8-6157] synthesizing module 'system_dlmb_v10_1' [C:/Harman/Verilog/SoC_06_23_LED_Counter/SoC_06_23_LED_Counter.runs/synth_1/.Xil/Vivado-22328-Park/realtime/system_dlmb_v10_1_stub.v:6]
INFO: [Synth 8-6155] done synthesizing module 'system_dlmb_v10_1' (0#1) [C:/Harman/Verilog/SoC_06_23_LED_Counter/SoC_06_23_LED_Counter.runs/synth_1/.Xil/Vivado-22328-Park/realtime/system_dlmb_v10_1_stub.v:6]
WARNING: [Synth 8-7071] port 'LMB_Rst' of module 'system_dlmb_v10_1' is unconnected for instance 'dlmb_v10' [c:/Harman/Verilog/SoC_06_23_LED_Counter/SoC_06_23_LED_Counter.gen/sources_1/bd/system/synth/system.v:423]
WARNING: [Synth 8-7023] instance 'dlmb_v10' of module 'system_dlmb_v10_1' has 25 connections declared, but only 24 given [c:/Harman/Verilog/SoC_06_23_LED_Counter/SoC_06_23_LED_Counter.gen/sources_1/bd/system/synth/system.v:423]
INFO: [Synth 8-6157] synthesizing module 'system_ilmb_bram_if_cntlr_1' [C:/Harman/Verilog/SoC_06_23_LED_Counter/SoC_06_23_LED_Counter.runs/synth_1/.Xil/Vivado-22328-Park/realtime/system_ilmb_bram_if_cntlr_1_stub.v:6]
INFO: [Synth 8-6155] done synthesizing module 'system_ilmb_bram_if_cntlr_1' (0#1) [C:/Harman/Verilog/SoC_06_23_LED_Counter/SoC_06_23_LED_Counter.runs/synth_1/.Xil/Vivado-22328-Park/realtime/system_ilmb_bram_if_cntlr_1_stub.v:6]
INFO: [Synth 8-6157] synthesizing module 'system_ilmb_v10_1' [C:/Harman/Verilog/SoC_06_23_LED_Counter/SoC_06_23_LED_Counter.runs/synth_1/.Xil/Vivado-22328-Park/realtime/system_ilmb_v10_1_stub.v:6]
INFO: [Synth 8-6155] done synthesizing module 'system_ilmb_v10_1' (0#1) [C:/Harman/Verilog/SoC_06_23_LED_Counter/SoC_06_23_LED_Counter.runs/synth_1/.Xil/Vivado-22328-Park/realtime/system_ilmb_v10_1_stub.v:6]
WARNING: [Synth 8-7071] port 'LMB_Rst' of module 'system_ilmb_v10_1' is unconnected for instance 'ilmb_v10' [c:/Harman/Verilog/SoC_06_23_LED_Counter/SoC_06_23_LED_Counter.gen/sources_1/bd/system/synth/system.v:469]
WARNING: [Synth 8-7023] instance 'ilmb_v10' of module 'system_ilmb_v10_1' has 25 connections declared, but only 24 given [c:/Harman/Verilog/SoC_06_23_LED_Counter/SoC_06_23_LED_Counter.gen/sources_1/bd/system/synth/system.v:469]
INFO: [Synth 8-6157] synthesizing module 'system_lmb_bram_1' [C:/Harman/Verilog/SoC_06_23_LED_Counter/SoC_06_23_LED_Counter.runs/synth_1/.Xil/Vivado-22328-Park/realtime/system_lmb_bram_1_stub.v:6]
INFO: [Synth 8-6155] done synthesizing module 'system_lmb_bram_1' (0#1) [C:/Harman/Verilog/SoC_06_23_LED_Counter/SoC_06_23_LED_Counter.runs/synth_1/.Xil/Vivado-22328-Park/realtime/system_lmb_bram_1_stub.v:6]
WARNING: [Synth 8-7071] port 'rsta_busy' of module 'system_lmb_bram_1' is unconnected for instance 'lmb_bram' [c:/Harman/Verilog/SoC_06_23_LED_Counter/SoC_06_23_LED_Counter.gen/sources_1/bd/system/synth/system.v:494]
WARNING: [Synth 8-7071] port 'rstb_busy' of module 'system_lmb_bram_1' is unconnected for instance 'lmb_bram' [c:/Harman/Verilog/SoC_06_23_LED_Counter/SoC_06_23_LED_Counter.gen/sources_1/bd/system/synth/system.v:494]
WARNING: [Synth 8-7023] instance 'lmb_bram' of module 'system_lmb_bram_1' has 16 connections declared, but only 14 given [c:/Harman/Verilog/SoC_06_23_LED_Counter/SoC_06_23_LED_Counter.gen/sources_1/bd/system/synth/system.v:494]
INFO: [Synth 8-6155] done synthesizing module 'microblaze_0_local_memory_imp_OGE0N8' (0#1) [c:/Harman/Verilog/SoC_06_23_LED_Counter/SoC_06_23_LED_Counter.gen/sources_1/bd/system/synth/system.v:277]
INFO: [Synth 8-6157] synthesizing module 'system_microblaze_0_xlconcat_1' [c:/Harman/Verilog/SoC_06_23_LED_Counter/SoC_06_23_LED_Counter.gen/sources_1/bd/system/ip/system_microblaze_0_xlconcat_1/synth/system_microblaze_0_xlconcat_1.v:53]
INFO: [Synth 8-6157] synthesizing module 'xlconcat_v2_1_6_xlconcat' [c:/Harman/Verilog/SoC_06_23_LED_Counter/SoC_06_23_LED_Counter.gen/sources_1/bd/system/ipshared/6120/hdl/xlconcat_v2_1_vl_rfs.v:59]
INFO: [Synth 8-6155] done synthesizing module 'xlconcat_v2_1_6_xlconcat' (0#1) [c:/Harman/Verilog/SoC_06_23_LED_Counter/SoC_06_23_LED_Counter.gen/sources_1/bd/system/ipshared/6120/hdl/xlconcat_v2_1_vl_rfs.v:59]
INFO: [Synth 8-6155] done synthesizing module 'system_microblaze_0_xlconcat_1' (0#1) [c:/Harman/Verilog/SoC_06_23_LED_Counter/SoC_06_23_LED_Counter.gen/sources_1/bd/system/ip/system_microblaze_0_xlconcat_1/synth/system_microblaze_0_xlconcat_1.v:53]
INFO: [Synth 8-6157] synthesizing module 'system_rst_Clk_100M_1' [C:/Harman/Verilog/SoC_06_23_LED_Counter/SoC_06_23_LED_Counter.runs/synth_1/.Xil/Vivado-22328-Park/realtime/system_rst_Clk_100M_1_stub.v:6]
INFO: [Synth 8-6155] done synthesizing module 'system_rst_Clk_100M_1' (0#1) [C:/Harman/Verilog/SoC_06_23_LED_Counter/SoC_06_23_LED_Counter.runs/synth_1/.Xil/Vivado-22328-Park/realtime/system_rst_Clk_100M_1_stub.v:6]
WARNING: [Synth 8-7071] port 'peripheral_reset' of module 'system_rst_Clk_100M_1' is unconnected for instance 'rst_Clk_100M' [c:/Harman/Verilog/SoC_06_23_LED_Counter/SoC_06_23_LED_Counter.gen/sources_1/bd/system/synth/system.v:970]
WARNING: [Synth 8-7071] port 'interconnect_aresetn' of module 'system_rst_Clk_100M_1' is unconnected for instance 'rst_Clk_100M' [c:/Harman/Verilog/SoC_06_23_LED_Counter/SoC_06_23_LED_Counter.gen/sources_1/bd/system/synth/system.v:970]
WARNING: [Synth 8-7023] instance 'rst_Clk_100M' of module 'system_rst_Clk_100M_1' has 10 connections declared, but only 8 given [c:/Harman/Verilog/SoC_06_23_LED_Counter/SoC_06_23_LED_Counter.gen/sources_1/bd/system/synth/system.v:970]
INFO: [Synth 8-6155] done synthesizing module 'system' (0#1) [c:/Harman/Verilog/SoC_06_23_LED_Counter/SoC_06_23_LED_Counter.gen/sources_1/bd/system/synth/system.v:657]
INFO: [Synth 8-6155] done synthesizing module 'system_wrapper' (0#1) [c:/Harman/Verilog/SoC_06_23_LED_Counter/SoC_06_23_LED_Counter.gen/sources_1/bd/system/hdl/system_wrapper.v:13]
INFO: [Synth 8-6157] synthesizing module 'led_counter' [C:/Harman/Verilog/SoC_06_23_LED_Counter/SoC_06_23_LED_Counter.srcs/sources_1/new/led_control.v:23]
INFO: [Synth 8-6155] done synthesizing module 'led_counter' (0#1) [C:/Harman/Verilog/SoC_06_23_LED_Counter/SoC_06_23_LED_Counter.srcs/sources_1/new/led_control.v:23]
INFO: [Synth 8-6155] done synthesizing module 'BlazeTop' (0#1) [C:/Harman/Verilog/SoC_06_23_LED_Counter/SoC_06_23_LED_Counter.srcs/sources_1/new/BlazeTop.v:23]
WARNING: [Synth 8-7129] Port In2[0] in module xlconcat_v2_1_6_xlconcat is either unconnected or has no load
WARNING: [Synth 8-7129] Port In3[0] in module xlconcat_v2_1_6_xlconcat is either unconnected or has no load
WARNING: [Synth 8-7129] Port In4[0] in module xlconcat_v2_1_6_xlconcat is either unconnected or has no load
WARNING: [Synth 8-7129] Port In5[0] in module xlconcat_v2_1_6_xlconcat is either unconnected or has no load
WARNING: [Synth 8-7129] Port In6[0] in module xlconcat_v2_1_6_xlconcat is either unconnected or has no load
WARNING: [Synth 8-7129] Port In7[0] in module xlconcat_v2_1_6_xlconcat is either unconnected or has no load
WARNING: [Synth 8-7129] Port In8[0] in module xlconcat_v2_1_6_xlconcat is either unconnected or has no load
WARNING: [Synth 8-7129] Port In9[0] in module xlconcat_v2_1_6_xlconcat is either unconnected or has no load
WARNING: [Synth 8-7129] Port In10[0] in module xlconcat_v2_1_6_xlconcat is either unconnected or has no load
WARNING: [Synth 8-7129] Port In11[0] in module xlconcat_v2_1_6_xlconcat is either unconnected or has no load
WARNING: [Synth 8-7129] Port In12[0] in module xlconcat_v2_1_6_xlconcat is either unconnected or has no load
WARNING: [Synth 8-7129] Port In13[0] in module xlconcat_v2_1_6_xlconcat is either unconnected or has no load
WARNING: [Synth 8-7129] Port In14[0] in module xlconcat_v2_1_6_xlconcat is either unconnected or has no load
WARNING: [Synth 8-7129] Port In15[0] in module xlconcat_v2_1_6_xlconcat is either unconnected or has no load
WARNING: [Synth 8-7129] Port In16[0] in module xlconcat_v2_1_6_xlconcat is either unconnected or has no load
WARNING: [Synth 8-7129] Port In17[0] in module xlconcat_v2_1_6_xlconcat is either unconnected or has no load
WARNING: [Synth 8-7129] Port In18[0] in module xlconcat_v2_1_6_xlconcat is either unconnected or has no load
WARNING: [Synth 8-7129] Port In19[0] in module xlconcat_v2_1_6_xlconcat is either unconnected or has no load
WARNING: [Synth 8-7129] Port In20[0] in module xlconcat_v2_1_6_xlconcat is either unconnected or has no load
WARNING: [Synth 8-7129] Port In21[0] in module xlconcat_v2_1_6_xlconcat is either unconnected or has no load
WARNING: [Synth 8-7129] Port In22[0] in module xlconcat_v2_1_6_xlconcat is either unconnected or has no load
WARNING: [Synth 8-7129] Port In23[0] in module xlconcat_v2_1_6_xlconcat is either unconnected or has no load
WARNING: [Synth 8-7129] Port In24[0] in module xlconcat_v2_1_6_xlconcat is either unconnected or has no load
WARNING: [Synth 8-7129] Port In25[0] in module xlconcat_v2_1_6_xlconcat is either unconnected or has no load
WARNING: [Synth 8-7129] Port In26[0] in module xlconcat_v2_1_6_xlconcat is either unconnected or has no load
WARNING: [Synth 8-7129] Port In27[0] in module xlconcat_v2_1_6_xlconcat is either unconnected or has no load
WARNING: [Synth 8-7129] Port In28[0] in module xlconcat_v2_1_6_xlconcat is either unconnected or has no load
WARNING: [Synth 8-7129] Port In29[0] in module xlconcat_v2_1_6_xlconcat is either unconnected or has no load
WARNING: [Synth 8-7129] Port In30[0] in module xlconcat_v2_1_6_xlconcat is either unconnected or has no load
WARNING: [Synth 8-7129] Port In31[0] in module xlconcat_v2_1_6_xlconcat is either unconnected or has no load
WARNING: [Synth 8-7129] Port In32[0] in module xlconcat_v2_1_6_xlconcat is either unconnected or has no load
WARNING: [Synth 8-7129] Port In33[0] in module xlconcat_v2_1_6_xlconcat is either unconnected or has no load
WARNING: [Synth 8-7129] Port In34[0] in module xlconcat_v2_1_6_xlconcat is either unconnected or has no load
WARNING: [Synth 8-7129] Port In35[0] in module xlconcat_v2_1_6_xlconcat is either unconnected or has no load
WARNING: [Synth 8-7129] Port In36[0] in module xlconcat_v2_1_6_xlconcat is either unconnected or has no load
WARNING: [Synth 8-7129] Port In37[0] in module xlconcat_v2_1_6_xlconcat is either unconnected or has no load
WARNING: [Synth 8-7129] Port In38[0] in module xlconcat_v2_1_6_xlconcat is either unconnected or has no load
WARNING: [Synth 8-7129] Port In39[0] in module xlconcat_v2_1_6_xlconcat is either unconnected or has no load
WARNING: [Synth 8-7129] Port In40[0] in module xlconcat_v2_1_6_xlconcat is either unconnected or has no load
WARNING: [Synth 8-7129] Port In41[0] in module xlconcat_v2_1_6_xlconcat is either unconnected or has no load
WARNING: [Synth 8-7129] Port In42[0] in module xlconcat_v2_1_6_xlconcat is either unconnected or has no load
WARNING: [Synth 8-7129] Port In43[0] in module xlconcat_v2_1_6_xlconcat is either unconnected or has no load
WARNING: [Synth 8-7129] Port In44[0] in module xlconcat_v2_1_6_xlconcat is either unconnected or has no load
WARNING: [Synth 8-7129] Port In45[0] in module xlconcat_v2_1_6_xlconcat is either unconnected or has no load
WARNING: [Synth 8-7129] Port In46[0] in module xlconcat_v2_1_6_xlconcat is either unconnected or has no load
WARNING: [Synth 8-7129] Port In47[0] in module xlconcat_v2_1_6_xlconcat is either unconnected or has no load
WARNING: [Synth 8-7129] Port In48[0] in module xlconcat_v2_1_6_xlconcat is either unconnected or has no load
WARNING: [Synth 8-7129] Port In49[0] in module xlconcat_v2_1_6_xlconcat is either unconnected or has no load
WARNING: [Synth 8-7129] Port In50[0] in module xlconcat_v2_1_6_xlconcat is either unconnected or has no load
WARNING: [Synth 8-7129] Port In51[0] in module xlconcat_v2_1_6_xlconcat is either unconnected or has no load
WARNING: [Synth 8-7129] Port In52[0] in module xlconcat_v2_1_6_xlconcat is either unconnected or has no load
WARNING: [Synth 8-7129] Port In53[0] in module xlconcat_v2_1_6_xlconcat is either unconnected or has no load
WARNING: [Synth 8-7129] Port In54[0] in module xlconcat_v2_1_6_xlconcat is either unconnected or has no load
WARNING: [Synth 8-7129] Port In55[0] in module xlconcat_v2_1_6_xlconcat is either unconnected or has no load
WARNING: [Synth 8-7129] Port In56[0] in module xlconcat_v2_1_6_xlconcat is either unconnected or has no load
WARNING: [Synth 8-7129] Port In57[0] in module xlconcat_v2_1_6_xlconcat is either unconnected or has no load
WARNING: [Synth 8-7129] Port In58[0] in module xlconcat_v2_1_6_xlconcat is either unconnected or has no load
WARNING: [Synth 8-7129] Port In59[0] in module xlconcat_v2_1_6_xlconcat is either unconnected or has no load
WARNING: [Synth 8-7129] Port In60[0] in module xlconcat_v2_1_6_xlconcat is either unconnected or has no load
WARNING: [Synth 8-7129] Port In61[0] in module xlconcat_v2_1_6_xlconcat is either unconnected or has no load
WARNING: [Synth 8-7129] Port In62[0] in module xlconcat_v2_1_6_xlconcat is either unconnected or has no load
WARNING: [Synth 8-7129] Port In63[0] in module xlconcat_v2_1_6_xlconcat is either unconnected or has no load
WARNING: [Synth 8-7129] Port In64[0] in module xlconcat_v2_1_6_xlconcat is either unconnected or has no load
WARNING: [Synth 8-7129] Port In65[0] in module xlconcat_v2_1_6_xlconcat is either unconnected or has no load
WARNING: [Synth 8-7129] Port In66[0] in module xlconcat_v2_1_6_xlconcat is either unconnected or has no load
WARNING: [Synth 8-7129] Port In67[0] in module xlconcat_v2_1_6_xlconcat is either unconnected or has no load
WARNING: [Synth 8-7129] Port In68[0] in module xlconcat_v2_1_6_xlconcat is either unconnected or has no load
WARNING: [Synth 8-7129] Port In69[0] in module xlconcat_v2_1_6_xlconcat is either unconnected or has no load
WARNING: [Synth 8-7129] Port In70[0] in module xlconcat_v2_1_6_xlconcat is either unconnected or has no load
WARNING: [Synth 8-7129] Port In71[0] in module xlconcat_v2_1_6_xlconcat is either unconnected or has no load
WARNING: [Synth 8-7129] Port In72[0] in module xlconcat_v2_1_6_xlconcat is either unconnected or has no load
WARNING: [Synth 8-7129] Port In73[0] in module xlconcat_v2_1_6_xlconcat is either unconnected or has no load
WARNING: [Synth 8-7129] Port In74[0] in module xlconcat_v2_1_6_xlconcat is either unconnected or has no load
WARNING: [Synth 8-7129] Port In75[0] in module xlconcat_v2_1_6_xlconcat is either unconnected or has no load
WARNING: [Synth 8-7129] Port In76[0] in module xlconcat_v2_1_6_xlconcat is either unconnected or has no load
WARNING: [Synth 8-7129] Port In77[0] in module xlconcat_v2_1_6_xlconcat is either unconnected or has no load
WARNING: [Synth 8-7129] Port In78[0] in module xlconcat_v2_1_6_xlconcat is either unconnected or has no load
WARNING: [Synth 8-7129] Port In79[0] in module xlconcat_v2_1_6_xlconcat is either unconnected or has no load
WARNING: [Synth 8-7129] Port In80[0] in module xlconcat_v2_1_6_xlconcat is either unconnected or has no load
WARNING: [Synth 8-7129] Port In81[0] in module xlconcat_v2_1_6_xlconcat is either unconnected or has no load
WARNING: [Synth 8-7129] Port In82[0] in module xlconcat_v2_1_6_xlconcat is either unconnected or has no load
WARNING: [Synth 8-7129] Port In83[0] in module xlconcat_v2_1_6_xlconcat is either unconnected or has no load
WARNING: [Synth 8-7129] Port In84[0] in module xlconcat_v2_1_6_xlconcat is either unconnected or has no load
WARNING: [Synth 8-7129] Port In85[0] in module xlconcat_v2_1_6_xlconcat is either unconnected or has no load
WARNING: [Synth 8-7129] Port In86[0] in module xlconcat_v2_1_6_xlconcat is either unconnected or has no load
WARNING: [Synth 8-7129] Port In87[0] in module xlconcat_v2_1_6_xlconcat is either unconnected or has no load
WARNING: [Synth 8-7129] Port In88[0] in module xlconcat_v2_1_6_xlconcat is either unconnected or has no load
WARNING: [Synth 8-7129] Port In89[0] in module xlconcat_v2_1_6_xlconcat is either unconnected or has no load
WARNING: [Synth 8-7129] Port In90[0] in module xlconcat_v2_1_6_xlconcat is either unconnected or has no load
WARNING: [Synth 8-7129] Port In91[0] in module xlconcat_v2_1_6_xlconcat is either unconnected or has no load
WARNING: [Synth 8-7129] Port In92[0] in module xlconcat_v2_1_6_xlconcat is either unconnected or has no load
WARNING: [Synth 8-7129] Port In93[0] in module xlconcat_v2_1_6_xlconcat is either unconnected or has no load
WARNING: [Synth 8-7129] Port In94[0] in module xlconcat_v2_1_6_xlconcat is either unconnected or has no load
WARNING: [Synth 8-7129] Port In95[0] in module xlconcat_v2_1_6_xlconcat is either unconnected or has no load
WARNING: [Synth 8-7129] Port In96[0] in module xlconcat_v2_1_6_xlconcat is either unconnected or has no load
WARNING: [Synth 8-7129] Port In97[0] in module xlconcat_v2_1_6_xlconcat is either unconnected or has no load
WARNING: [Synth 8-7129] Port In98[0] in module xlconcat_v2_1_6_xlconcat is either unconnected or has no load
WARNING: [Synth 8-7129] Port In99[0] in module xlconcat_v2_1_6_xlconcat is either unconnected or has no load
WARNING: [Synth 8-7129] Port In100[0] in module xlconcat_v2_1_6_xlconcat is either unconnected or has no load
WARNING: [Synth 8-7129] Port In101[0] in module xlconcat_v2_1_6_xlconcat is either unconnected or has no load
INFO: [Common 17-14] Message 'Synth 8-7129' appears 100 times and further instances of the messages will be disabled. Use the Tcl command set_msg_config to change the current settings.
---------------------------------------------------------------------------------
Finished RTL Elaboration : Time (s): cpu = 00:00:05 ; elapsed = 00:00:06 . Memory (MB): peak = 1615.723 ; gain = 564.973
---------------------------------------------------------------------------------
---------------------------------------------------------------------------------
Start Handling Custom Attributes
---------------------------------------------------------------------------------
---------------------------------------------------------------------------------
Finished Handling Custom Attributes : Time (s): cpu = 00:00:05 ; elapsed = 00:00:06 . Memory (MB): peak = 1615.723 ; gain = 564.973
---------------------------------------------------------------------------------
---------------------------------------------------------------------------------
Finished RTL Optimization Phase 1 : Time (s): cpu = 00:00:05 ; elapsed = 00:00:06 . Memory (MB): peak = 1615.723 ; gain = 564.973
---------------------------------------------------------------------------------
Netlist sorting complete. Time (s): cpu = 00:00:00 ; elapsed = 00:00:00.019 . Memory (MB): peak = 1615.723 ; gain = 0.000
INFO: [Project 1-570] Preparing netlist for logic optimization

Processing XDC Constraints
Initializing timing engine
Parsing XDC File [c:/Harman/Verilog/SoC_06_23_LED_Counter/SoC_06_23_LED_Counter.gen/sources_1/bd/system/ip/system_microblaze_0_0/system_microblaze_0_0/system_microblaze_0_0_in_context.xdc] for cell 'system_wrapper/system_i/microblaze_0'
Finished Parsing XDC File [c:/Harman/Verilog/SoC_06_23_LED_Counter/SoC_06_23_LED_Counter.gen/sources_1/bd/system/ip/system_microblaze_0_0/system_microblaze_0_0/system_microblaze_0_0_in_context.xdc] for cell 'system_wrapper/system_i/microblaze_0'
Parsing XDC File [c:/Harman/Verilog/SoC_06_23_LED_Counter/SoC_06_23_LED_Counter.gen/sources_1/bd/system/ip/system_dlmb_v10_1/system_dlmb_v10_1/system_ilmb_v10_1_in_context.xdc] for cell 'system_wrapper/system_i/microblaze_0_local_memory/dlmb_v10'
Finished Parsing XDC File [c:/Harman/Verilog/SoC_06_23_LED_Counter/SoC_06_23_LED_Counter.gen/sources_1/bd/system/ip/system_dlmb_v10_1/system_dlmb_v10_1/system_ilmb_v10_1_in_context.xdc] for cell 'system_wrapper/system_i/microblaze_0_local_memory/dlmb_v10'
Parsing XDC File [c:/Harman/Verilog/SoC_06_23_LED_Counter/SoC_06_23_LED_Counter.gen/sources_1/bd/system/ip/system_ilmb_v10_1/system_ilmb_v10_1/system_ilmb_v10_1_in_context.xdc] for cell 'system_wrapper/system_i/microblaze_0_local_memory/ilmb_v10'
Finished Parsing XDC File [c:/Harman/Verilog/SoC_06_23_LED_Counter/SoC_06_23_LED_Counter.gen/sources_1/bd/system/ip/system_ilmb_v10_1/system_ilmb_v10_1/system_ilmb_v10_1_in_context.xdc] for cell 'system_wrapper/system_i/microblaze_0_local_memory/ilmb_v10'
Parsing XDC File [c:/Harman/Verilog/SoC_06_23_LED_Counter/SoC_06_23_LED_Counter.gen/sources_1/bd/system/ip/system_dlmb_bram_if_cntlr_1/system_dlmb_bram_if_cntlr_1/system_dlmb_bram_if_cntlr_1_in_context.xdc] for cell 'system_wrapper/system_i/microblaze_0_local_memory/dlmb_bram_if_cntlr'
Finished Parsing XDC File [c:/Harman/Verilog/SoC_06_23_LED_Counter/SoC_06_23_LED_Counter.gen/sources_1/bd/system/ip/system_dlmb_bram_if_cntlr_1/system_dlmb_bram_if_cntlr_1/system_dlmb_bram_if_cntlr_1_in_context.xdc] for cell 'system_wrapper/system_i/microblaze_0_local_memory/dlmb_bram_if_cntlr'
Parsing XDC File [c:/Harman/Verilog/SoC_06_23_LED_Counter/SoC_06_23_LED_Counter.gen/sources_1/bd/system/ip/system_ilmb_bram_if_cntlr_1/system_ilmb_bram_if_cntlr_1/system_ilmb_bram_if_cntlr_1_in_context.xdc] for cell 'system_wrapper/system_i/microblaze_0_local_memory/ilmb_bram_if_cntlr'
Finished Parsing XDC File [c:/Harman/Verilog/SoC_06_23_LED_Counter/SoC_06_23_LED_Counter.gen/sources_1/bd/system/ip/system_ilmb_bram_if_cntlr_1/system_ilmb_bram_if_cntlr_1/system_ilmb_bram_if_cntlr_1_in_context.xdc] for cell 'system_wrapper/system_i/microblaze_0_local_memory/ilmb_bram_if_cntlr'
Parsing XDC File [c:/Harman/Verilog/SoC_06_23_LED_Counter/SoC_06_23_LED_Counter.gen/sources_1/bd/system/ip/system_lmb_bram_1/system_lmb_bram_1/system_lmb_bram_1_in_context.xdc] for cell 'system_wrapper/system_i/microblaze_0_local_memory/lmb_bram'
Finished Parsing XDC File [c:/Harman/Verilog/SoC_06_23_LED_Counter/SoC_06_23_LED_Counter.gen/sources_1/bd/system/ip/system_lmb_bram_1/system_lmb_bram_1/system_lmb_bram_1_in_context.xdc] for cell 'system_wrapper/system_i/microblaze_0_local_memory/lmb_bram'
Parsing XDC File [c:/Harman/Verilog/SoC_06_23_LED_Counter/SoC_06_23_LED_Counter.gen/sources_1/bd/system/ip/system_xbar_1/system_xbar_1/system_xbar_1_in_context.xdc] for cell 'system_wrapper/system_i/microblaze_0_axi_periph/xbar'
Finished Parsing XDC File [c:/Harman/Verilog/SoC_06_23_LED_Counter/SoC_06_23_LED_Counter.gen/sources_1/bd/system/ip/system_xbar_1/system_xbar_1/system_xbar_1_in_context.xdc] for cell 'system_wrapper/system_i/microblaze_0_axi_periph/xbar'
Parsing XDC File [c:/Harman/Verilog/SoC_06_23_LED_Counter/SoC_06_23_LED_Counter.gen/sources_1/bd/system/ip/system_microblaze_0_axi_intc_1/system_microblaze_0_axi_intc_1/system_microblaze_0_axi_intc_1_in_context.xdc] for cell 'system_wrapper/system_i/microblaze_0_axi_intc'
Finished Parsing XDC File [c:/Harman/Verilog/SoC_06_23_LED_Counter/SoC_06_23_LED_Counter.gen/sources_1/bd/system/ip/system_microblaze_0_axi_intc_1/system_microblaze_0_axi_intc_1/system_microblaze_0_axi_intc_1_in_context.xdc] for cell 'system_wrapper/system_i/microblaze_0_axi_intc'
Parsing XDC File [c:/Harman/Verilog/SoC_06_23_LED_Counter/SoC_06_23_LED_Counter.gen/sources_1/bd/system/ip/system_mdm_1_1/system_mdm_1_1/system_mdm_1_1_in_context.xdc] for cell 'system_wrapper/system_i/mdm_1'
Finished Parsing XDC File [c:/Harman/Verilog/SoC_06_23_LED_Counter/SoC_06_23_LED_Counter.gen/sources_1/bd/system/ip/system_mdm_1_1/system_mdm_1_1/system_mdm_1_1_in_context.xdc] for cell 'system_wrapper/system_i/mdm_1'
Parsing XDC File [c:/Harman/Verilog/SoC_06_23_LED_Counter/SoC_06_23_LED_Counter.gen/sources_1/bd/system/ip/system_rst_Clk_100M_1/system_rst_Clk_100M_1/system_rst_Clk_100M_1_in_context.xdc] for cell 'system_wrapper/system_i/rst_Clk_100M'
Finished Parsing XDC File [c:/Harman/Verilog/SoC_06_23_LED_Counter/SoC_06_23_LED_Counter.gen/sources_1/bd/system/ip/system_rst_Clk_100M_1/system_rst_Clk_100M_1/system_rst_Clk_100M_1_in_context.xdc] for cell 'system_wrapper/system_i/rst_Clk_100M'
Parsing XDC File [c:/Harman/Verilog/SoC_06_23_LED_Counter/SoC_06_23_LED_Counter.gen/sources_1/bd/system/ip/system_axi_uartlite_0_0/system_axi_uartlite_0_0/system_axi_uartlite_0_0_in_context.xdc] for cell 'system_wrapper/system_i/axi_uartlite_0'
Finished Parsing XDC File [c:/Harman/Verilog/SoC_06_23_LED_Counter/SoC_06_23_LED_Counter.gen/sources_1/bd/system/ip/system_axi_uartlite_0_0/system_axi_uartlite_0_0/system_axi_uartlite_0_0_in_context.xdc] for cell 'system_wrapper/system_i/axi_uartlite_0'
Parsing XDC File [C:/Harman/Verilog/SoC_06_23_LED_Counter/SoC_06_23_LED_Counter.srcs/constrs_1/new/BlazeTop.xdc]
Finished Parsing XDC File [C:/Harman/Verilog/SoC_06_23_LED_Counter/SoC_06_23_LED_Counter.srcs/constrs_1/new/BlazeTop.xdc]
INFO: [Project 1-236] Implementation specific constraints were found while reading constraint file [C:/Harman/Verilog/SoC_06_23_LED_Counter/SoC_06_23_LED_Counter.srcs/constrs_1/new/BlazeTop.xdc]. These constraints will be ignored for synthesis but will be used in implementation. Impacted constraints are listed in the file [.Xil/BlazeTop_propImpl.xdc].
Resolution: To avoid this warning, move constraints listed in [.Xil/BlazeTop_propImpl.xdc] to another XDC file and exclude this new file from synthesis with the used_in_synthesis property (File Properties dialog in GUI) and re-run elaboration/synthesis.
Parsing XDC File [C:/Harman/Verilog/SoC_06_23_LED_Counter/SoC_06_23_LED_Counter.runs/synth_1/dont_touch.xdc]
Finished Parsing XDC File [C:/Harman/Verilog/SoC_06_23_LED_Counter/SoC_06_23_LED_Counter.runs/synth_1/dont_touch.xdc]
Completed Processing XDC Constraints

Netlist sorting complete. Time (s): cpu = 00:00:00 ; elapsed = 00:00:00 . Memory (MB): peak = 1656.762 ; gain = 0.000
INFO: [Project 1-111] Unisim Transformation Summary:
No Unisim elements were transformed.

Constraint Validation Runtime : Time (s): cpu = 00:00:00 ; elapsed = 00:00:00.007 . Memory (MB): peak = 1656.762 ; gain = 0.000
WARNING: [Timing 38-316] Clock period '20.000' specified during out-of-context synthesis of instance 'system_wrapper/system_i/microblaze_0_local_memory/lmb_bram' at clock pin 'clka' is different from the actual clock period '10.000', this can lead to different synthesis results.
---------------------------------------------------------------------------------
Finished Constraint Validation : Time (s): cpu = 00:00:10 ; elapsed = 00:00:12 . Memory (MB): peak = 1656.773 ; gain = 606.023
---------------------------------------------------------------------------------
---------------------------------------------------------------------------------
Start Loading Part and Timing Information
---------------------------------------------------------------------------------
Loading part: xc7a35tcpg236-1
---------------------------------------------------------------------------------
Finished Loading Part and Timing Information : Time (s): cpu = 00:00:10 ; elapsed = 00:00:12 . Memory (MB): peak = 1656.773 ; gain = 606.023
---------------------------------------------------------------------------------
---------------------------------------------------------------------------------
Start Applying 'set_property' XDC Constraints
---------------------------------------------------------------------------------
Applied set_property KEEP_HIERARCHY = SOFT for system_wrapper/system_i. (constraint file  auto generated constraint).
Applied set_property KEEP_HIERARCHY = SOFT for system_wrapper/system_i/microblaze_0. (constraint file  auto generated constraint).
Applied set_property KEEP_HIERARCHY = SOFT for system_wrapper/system_i/microblaze_0_local_memory/dlmb_v10. (constraint file  auto generated constraint).
Applied set_property KEEP_HIERARCHY = SOFT for system_wrapper/system_i/microblaze_0_local_memory/ilmb_v10. (constraint file  auto generated constraint).
Applied set_property KEEP_HIERARCHY = SOFT for system_wrapper/system_i/microblaze_0_local_memory/dlmb_bram_if_cntlr. (constraint file  auto generated constraint).
Applied set_property KEEP_HIERARCHY = SOFT for system_wrapper/system_i/microblaze_0_local_memory/ilmb_bram_if_cntlr. (constraint file  auto generated constraint).
Applied set_property KEEP_HIERARCHY = SOFT for system_wrapper/system_i/microblaze_0_local_memory/lmb_bram. (constraint file  auto generated constraint).
Applied set_property KEEP_HIERARCHY = SOFT for system_wrapper/system_i/microblaze_0_axi_periph/xbar. (constraint file  auto generated constraint).
Applied set_property KEEP_HIERARCHY = SOFT for system_wrapper/system_i/microblaze_0_axi_periph. (constraint file  auto generated constraint).
Applied set_property KEEP_HIERARCHY = SOFT for system_wrapper/system_i/microblaze_0_axi_intc. (constraint file  auto generated constraint).
Applied set_property KEEP_HIERARCHY = SOFT for system_wrapper/system_i/microblaze_0_xlconcat. (constraint file  auto generated constraint).
Applied set_property KEEP_HIERARCHY = SOFT for system_wrapper/system_i/mdm_1. (constraint file  auto generated constraint).
Applied set_property KEEP_HIERARCHY = SOFT for system_wrapper/system_i/rst_Clk_100M. (constraint file  auto generated constraint).
Applied set_property KEEP_HIERARCHY = SOFT for system_wrapper/system_i/axi_uartlite_0. (constraint file  auto generated constraint).
---------------------------------------------------------------------------------
Finished applying 'set_property' XDC Constraints : Time (s): cpu = 00:00:10 ; elapsed = 00:00:12 . Memory (MB): peak = 1656.773 ; gain = 606.023
---------------------------------------------------------------------------------
---------------------------------------------------------------------------------
Finished RTL Optimization Phase 2 : Time (s): cpu = 00:00:10 ; elapsed = 00:00:13 . Memory (MB): peak = 1656.773 ; gain = 606.023
---------------------------------------------------------------------------------
---------------------------------------------------------------------------------
Start RTL Component Statistics 
---------------------------------------------------------------------------------
Detailed RTL Component Info : 
+---Adders : 
	   2 Input   26 Bit       Adders := 1     
	   2 Input    4 Bit       Adders := 1     
+---Registers : 
	               26 Bit    Registers := 1     
	                4 Bit    Registers := 1     
---------------------------------------------------------------------------------
Finished RTL Component Statistics 
---------------------------------------------------------------------------------
---------------------------------------------------------------------------------
Start Part Resource Summary
---------------------------------------------------------------------------------
Part Resources:
DSPs: 90 (col length:60)
BRAMs: 100 (col length: RAMB18 60 RAMB36 30)
---------------------------------------------------------------------------------
Finished Part Resource Summary
---------------------------------------------------------------------------------
---------------------------------------------------------------------------------
Start Cross Boundary and Area Optimization
---------------------------------------------------------------------------------
WARNING: [Synth 8-7080] Parallel synthesis criteria is not met
---------------------------------------------------------------------------------
Finished Cross Boundary and Area Optimization : Time (s): cpu = 00:00:11 ; elapsed = 00:00:15 . Memory (MB): peak = 1656.773 ; gain = 606.023
---------------------------------------------------------------------------------
---------------------------------------------------------------------------------
Start Applying XDC Timing Constraints
---------------------------------------------------------------------------------
---------------------------------------------------------------------------------
Finished Applying XDC Timing Constraints : Time (s): cpu = 00:00:15 ; elapsed = 00:00:19 . Memory (MB): peak = 1656.773 ; gain = 606.023
---------------------------------------------------------------------------------
---------------------------------------------------------------------------------
Start Timing Optimization
---------------------------------------------------------------------------------
---------------------------------------------------------------------------------
Finished Timing Optimization : Time (s): cpu = 00:00:15 ; elapsed = 00:00:19 . Memory (MB): peak = 1656.773 ; gain = 606.023
---------------------------------------------------------------------------------
---------------------------------------------------------------------------------
Start Technology Mapping
---------------------------------------------------------------------------------
---------------------------------------------------------------------------------
Finished Technology Mapping : Time (s): cpu = 00:00:15 ; elapsed = 00:00:19 . Memory (MB): peak = 1656.773 ; gain = 606.023
---------------------------------------------------------------------------------
---------------------------------------------------------------------------------
Start IO Insertion
---------------------------------------------------------------------------------
---------------------------------------------------------------------------------
Start Flattening Before IO Insertion
---------------------------------------------------------------------------------
---------------------------------------------------------------------------------
Finished Flattening Before IO Insertion
---------------------------------------------------------------------------------
---------------------------------------------------------------------------------
Start Final Netlist Cleanup
---------------------------------------------------------------------------------
---------------------------------------------------------------------------------
Finished Final Netlist Cleanup
---------------------------------------------------------------------------------
---------------------------------------------------------------------------------
Finished IO Insertion : Time (s): cpu = 00:00:18 ; elapsed = 00:00:23 . Memory (MB): peak = 1656.773 ; gain = 606.023
---------------------------------------------------------------------------------
---------------------------------------------------------------------------------
Start Renaming Generated Instances
---------------------------------------------------------------------------------
---------------------------------------------------------------------------------
Finished Renaming Generated Instances : Time (s): cpu = 00:00:18 ; elapsed = 00:00:23 . Memory (MB): peak = 1656.773 ; gain = 606.023
---------------------------------------------------------------------------------
---------------------------------------------------------------------------------
Start Rebuilding User Hierarchy
---------------------------------------------------------------------------------
---------------------------------------------------------------------------------
Finished Rebuilding User Hierarchy : Time (s): cpu = 00:00:18 ; elapsed = 00:00:23 . Memory (MB): peak = 1656.773 ; gain = 606.023
---------------------------------------------------------------------------------
---------------------------------------------------------------------------------
Start Renaming Generated Ports
---------------------------------------------------------------------------------
---------------------------------------------------------------------------------
Finished Renaming Generated Ports : Time (s): cpu = 00:00:18 ; elapsed = 00:00:23 . Memory (MB): peak = 1656.773 ; gain = 606.023
---------------------------------------------------------------------------------
---------------------------------------------------------------------------------
Start Handling Custom Attributes
---------------------------------------------------------------------------------
---------------------------------------------------------------------------------
Finished Handling Custom Attributes : Time (s): cpu = 00:00:18 ; elapsed = 00:00:23 . Memory (MB): peak = 1656.773 ; gain = 606.023
---------------------------------------------------------------------------------
---------------------------------------------------------------------------------
Start Renaming Generated Nets
---------------------------------------------------------------------------------
---------------------------------------------------------------------------------
Finished Renaming Generated Nets : Time (s): cpu = 00:00:18 ; elapsed = 00:00:23 . Memory (MB): peak = 1656.773 ; gain = 606.023
---------------------------------------------------------------------------------
---------------------------------------------------------------------------------
Start Writing Synthesis Report
---------------------------------------------------------------------------------

Report BlackBoxes: 
+------+-------------------------------+----------+
|      |BlackBox name                  |Instances |
+------+-------------------------------+----------+
|1     |system_axi_uartlite_0_0        |         1|
|2     |system_mdm_1_1                 |         1|
|3     |system_microblaze_0_0          |         1|
|4     |system_microblaze_0_axi_intc_1 |         1|
|5     |system_xbar_1                  |         1|
|6     |system_rst_Clk_100M_1          |         1|
|7     |system_dlmb_bram_if_cntlr_1    |         1|
|8     |system_dlmb_v10_1              |         1|
|9     |system_ilmb_bram_if_cntlr_1    |         1|
|10    |system_ilmb_v10_1              |         1|
|11    |system_lmb_bram_1              |         1|
+------+-------------------------------+----------+

Report Cell Usage: 
+------+-----------------------------+------+
|      |Cell                         |Count |
+------+-----------------------------+------+
|1     |system_axi_uartlite_0        |     1|
|2     |system_dlmb_bram_if_cntlr    |     1|
|3     |system_dlmb_v10              |     1|
|4     |system_ilmb_bram_if_cntlr    |     1|
|5     |system_ilmb_v10              |     1|
|6     |system_lmb_bram              |     1|
|7     |system_mdm_1                 |     1|
|8     |system_microblaze_0          |     1|
|9     |system_microblaze_0_axi_intc |     1|
|10    |system_rst_Clk_100M          |     1|
|11    |system_xbar                  |     1|
|12    |BUFG                         |     1|
|13    |CARRY4                       |     7|
|14    |LUT1                         |     2|
|15    |LUT2                         |     3|
|16    |LUT3                         |    26|
|17    |LUT4                         |     6|
|18    |LUT5                         |     1|
|19    |LUT6                         |     1|
|20    |FDCE                         |    30|
|21    |IBUF                         |     3|
|22    |OBUF                         |     5|
+------+-----------------------------+------+
---------------------------------------------------------------------------------
Finished Writing Synthesis Report : Time (s): cpu = 00:00:18 ; elapsed = 00:00:23 . Memory (MB): peak = 1656.773 ; gain = 606.023
---------------------------------------------------------------------------------
Synthesis finished with 0 errors, 0 critical warnings and 7 warnings.
Synthesis Optimization Runtime : Time (s): cpu = 00:00:13 ; elapsed = 00:00:21 . Memory (MB): peak = 1656.773 ; gain = 564.973
Synthesis Optimization Complete : Time (s): cpu = 00:00:19 ; elapsed = 00:00:23 . Memory (MB): peak = 1656.773 ; gain = 606.023
INFO: [Project 1-571] Translating synthesized netlist
Netlist sorting complete. Time (s): cpu = 00:00:00 ; elapsed = 00:00:00.014 . Memory (MB): peak = 1656.773 ; gain = 0.000
INFO: [Netlist 29-17] Analyzing 7 Unisim elements for replacement
INFO: [Netlist 29-28] Unisim Transformation completed in 0 CPU seconds
INFO: [Project 1-570] Preparing netlist for logic optimization
INFO: [Opt 31-138] Pushed 0 inverter(s) to 0 load pin(s).
Netlist sorting complete. Time (s): cpu = 00:00:00 ; elapsed = 00:00:00.001 . Memory (MB): peak = 1656.773 ; gain = 0.000
INFO: [Project 1-111] Unisim Transformation Summary:
No Unisim elements were transformed.

Synth Design complete | Checksum: 4fb4b300
INFO: [Common 17-83] Releasing license: Synthesis
64 Infos, 115 Warnings, 0 Critical Warnings and 0 Errors encountered.
synth_design completed successfully
synth_design: Time (s): cpu = 00:00:22 ; elapsed = 00:00:28 . Memory (MB): peak = 1656.773 ; gain = 1022.406
Write ShapeDB Complete: Time (s): cpu = 00:00:00 ; elapsed = 00:00:00 . Memory (MB): peak = 1656.773 ; gain = 0.000
INFO: [Common 17-1381] The checkpoint 'C:/Harman/Verilog/SoC_06_23_LED_Counter/SoC_06_23_LED_Counter.runs/synth_1/BlazeTop.dcp' has been generated.
INFO: [Vivado 12-24828] Executing command : report_utilization -file BlazeTop_utilization_synth.rpt -pb BlazeTop_utilization_synth.pb
INFO: [Common 17-206] Exiting Vivado at Sun Jun 23 13:47:49 2024...
