11:30:01 DEBUG : Logs will be stored at 'C:/Harman/Verilog/SoC_06_21_BM_Interface/IDE.log'.
11:30:13 INFO  : Launching XSCT server: xsct.bat -n  -interactive C:\Harman\Verilog\SoC_06_21_BM_Interface\temp_xsdb_launch_script.tcl
11:30:13 INFO  : Registering command handlers for Vitis TCF services
11:30:13 ERROR : (XSDB Server)'\gnu\microblaze\lin\bin\'은(는) 내부 또는 외부 명령, 실행할 수 있는 프로그램, 또는
배치 파일이 아닙니다.

11:30:14 ERROR : (XSDB Server)'\gnu\microblaze\nt\bin\'은(는) 내부 또는 외부 명령, 실행할 수 있는 프로그램, 또는
배치 파일이 아닙니다.

11:30:14 ERROR : (XSDB Server)'\gnuwin\bin\'은(는) 내부 또는 외부 명령, 실행할 수 있는 프로그램, 또는
배치 파일이 아닙니다.

11:30:17 INFO  : XSCT server has started successfully.
11:30:17 INFO  : Successfully done setting XSCT server connection channel  
11:30:17 INFO  : Platform repository initialization has completed.
11:30:18 INFO  : plnx-install-location is set to ''
11:30:18 INFO  : Successfully done setting workspace for the tool. 
11:30:18 INFO  : Successfully done query RDI_DATADIR 
11:35:01 INFO  : Result from executing command 'getProjects': system_wrapper
11:35:01 INFO  : Result from executing command 'getPlatforms': xilinx_vck190_base_202410_1|C:/Xilinx/Vitis/2024.1/base_platforms/xilinx_vck190_base_202410_1/xilinx_vck190_base_202410_1.xpfm;xilinx_vck190_base_dfx_202410_1|C:/Xilinx/Vitis/2024.1/base_platforms/xilinx_vck190_base_dfx_202410_1/xilinx_vck190_base_dfx_202410_1.xpfm;xilinx_vek280_base_202410_1|C:/Xilinx/Vitis/2024.1/base_platforms/xilinx_vek280_base_202410_1/xilinx_vek280_base_202410_1.xpfm;xilinx_vek280_base_bdc_202410_1|C:/Xilinx/Vitis/2024.1/base_platforms/xilinx_vek280_base_bdc_202410_1/xilinx_vek280_base_bdc_202410_1.xpfm;xilinx_vmk180_base_202410_1|C:/Xilinx/Vitis/2024.1/base_platforms/xilinx_vmk180_base_202410_1/xilinx_vmk180_base_202410_1.xpfm;xilinx_zcu102_base_202410_1|C:/Xilinx/Vitis/2024.1/base_platforms/xilinx_zcu102_base_202410_1/xilinx_zcu102_base_202410_1.xpfm;xilinx_zcu102_base_dfx_202410_1|C:/Xilinx/Vitis/2024.1/base_platforms/xilinx_zcu102_base_dfx_202410_1/xilinx_zcu102_base_dfx_202410_1.xpfm;xilinx_zcu104_base_202410_1|C:/Xilinx/Vitis/2024.1/base_platforms/xilinx_zcu104_base_202410_1/xilinx_zcu104_base_202410_1.xpfm
11:35:02 WARN  : An unexpected exception occurred in the module 'platform project logging'
11:35:04 INFO  : Platform 'system_wrapper' is added to custom repositories.
11:35:08 INFO  : Platform 'system_wrapper' is added to custom repositories.
11:49:05 INFO  : Result from executing command 'getProjects': system_wrapper
11:49:05 INFO  : Result from executing command 'getPlatforms': system_wrapper|C:/Harman/Verilog/SoC_06_21_BM_Interface/system_wrapper/export/system_wrapper/system_wrapper.xpfm;xilinx_vck190_base_202410_1|C:/Xilinx/Vitis/2024.1/base_platforms/xilinx_vck190_base_202410_1/xilinx_vck190_base_202410_1.xpfm;xilinx_vck190_base_dfx_202410_1|C:/Xilinx/Vitis/2024.1/base_platforms/xilinx_vck190_base_dfx_202410_1/xilinx_vck190_base_dfx_202410_1.xpfm;xilinx_vek280_base_202410_1|C:/Xilinx/Vitis/2024.1/base_platforms/xilinx_vek280_base_202410_1/xilinx_vek280_base_202410_1.xpfm;xilinx_vek280_base_bdc_202410_1|C:/Xilinx/Vitis/2024.1/base_platforms/xilinx_vek280_base_bdc_202410_1/xilinx_vek280_base_bdc_202410_1.xpfm;xilinx_vmk180_base_202410_1|C:/Xilinx/Vitis/2024.1/base_platforms/xilinx_vmk180_base_202410_1/xilinx_vmk180_base_202410_1.xpfm;xilinx_zcu102_base_202410_1|C:/Xilinx/Vitis/2024.1/base_platforms/xilinx_zcu102_base_202410_1/xilinx_zcu102_base_202410_1.xpfm;xilinx_zcu102_base_dfx_202410_1|C:/Xilinx/Vitis/2024.1/base_platforms/xilinx_zcu102_base_dfx_202410_1/xilinx_zcu102_base_dfx_202410_1.xpfm;xilinx_zcu104_base_202410_1|C:/Xilinx/Vitis/2024.1/base_platforms/xilinx_zcu104_base_202410_1/xilinx_zcu104_base_202410_1.xpfm
11:49:07 INFO  : Checking for BSP changes to sync application flags for project 'bramApp02'...
11:52:09 INFO  : Bit file 'C:/Harman/Verilog/SoC_06_21_BM_Interface/bramApp02/_ide/bitstream/download.bit' is generated.
11:52:12 INFO  : Connected to target on host '127.0.0.1' and port '3121'.
11:52:13 INFO  : 'targets -set -filter {jtag_cable_name =~ "Digilent Basys3 210183B9A60DA" && level==0 && jtag_device_ctx=="jsn-Basys3-210183B9A60DA-0362d093-0"}' command is executed.
11:52:13 INFO  : Device configured successfully with "C:/Harman/Verilog/SoC_06_21_BM_Interface/bramApp02/_ide/bitstream/download.bit"
