D:\ebook\fpga_Microblaze2\WinIDT\WinIDT_v18\Release\WinIDT.exe
D:\ebook\fpga_Microblaze2\WinIDT\WinIDT_v18\Release\WinIDT.pdb
D:\ebook\fpga_Microblaze2\WinIDT\WinIDT_v18\WinIDT\Release\cl.command.1.tlog
D:\ebook\fpga_Microblaze2\WinIDT\WinIDT_v18\WinIDT\Release\CL.read.1.tlog
D:\ebook\fpga_Microblaze2\WinIDT\WinIDT_v18\WinIDT\Release\CL.write.1.tlog
D:\ebook\fpga_Microblaze2\WinIDT\WinIDT_v18\WinIDT\Release\CommThread.obj
D:\ebook\fpga_Microblaze2\WinIDT\WinIDT_v18\WinIDT\Release\ConnectSocket.obj
D:\ebook\fpga_Microblaze2\WinIDT\WinIDT_v18\WinIDT\Release\link.command.1.tlog
D:\ebook\fpga_Microblaze2\WinIDT\WinIDT_v18\WinIDT\Release\link.read.1.tlog
D:\ebook\fpga_Microblaze2\WinIDT\WinIDT_v18\WinIDT\Release\link.write.1.tlog
D:\ebook\fpga_Microblaze2\WinIDT\WinIDT_v18\WinIDT\Release\link-cvtres.read.1.tlog
D:\ebook\fpga_Microblaze2\WinIDT\WinIDT_v18\WinIDT\Release\link-cvtres.write.1.tlog
D:\ebook\fpga_Microblaze2\WinIDT\WinIDT_v18\WinIDT\Release\MainFrm.obj
D:\ebook\fpga_Microblaze2\WinIDT\WinIDT_v18\WinIDT\Release\mt.command.1.tlog
D:\ebook\fpga_Microblaze2\WinIDT\WinIDT_v18\WinIDT\Release\mt.read.1.tlog
D:\ebook\fpga_Microblaze2\WinIDT\WinIDT_v18\WinIDT\Release\mt.write.1.tlog
D:\ebook\fpga_Microblaze2\WinIDT\WinIDT_v18\WinIDT\Release\rc.command.1.tlog
D:\ebook\fpga_Microblaze2\WinIDT\WinIDT_v18\WinIDT\Release\rc.read.1.tlog
D:\ebook\fpga_Microblaze2\WinIDT\WinIDT_v18\WinIDT\Release\rc.write.1.tlog
D:\ebook\fpga_Microblaze2\WinIDT\WinIDT_v18\WinIDT\Release\stdafx.obj
D:\ebook\fpga_Microblaze2\WinIDT\WinIDT_v18\WinIDT\Release\vc100.pdb
D:\ebook\fpga_Microblaze2\WinIDT\WinIDT_v18\WinIDT\Release\WinIDT.exe.intermediate.manifest
D:\ebook\fpga_Microblaze2\WinIDT\WinIDT_v18\WinIDT\Release\WinIDT.obj
D:\ebook\fpga_Microblaze2\WinIDT\WinIDT_v18\WinIDT\Release\WinIDT.pch
D:\ebook\fpga_Microblaze2\WinIDT\WinIDT_v18\WinIDT\Release\WinIDT.res
D:\ebook\fpga_Microblaze2\WinIDT\WinIDT_v18\WinIDT\Release\WinIDT.vcxprojResolveAssemblyReference.cache
D:\ebook\fpga_Microblaze2\WinIDT\WinIDT_v18\WinIDT\Release\WinIDT.write.1.tlog
D:\ebook\fpga_Microblaze2\WinIDT\WinIDT_v18\WinIDT\Release\WinIDTDoc.obj
D:\ebook\fpga_Microblaze2\WinIDT\WinIDT_v18\WinIDT\Release\WinIDTView.obj
D:\EBOOK\FPGA_MICROBLAZE2\WINIDT\WINIDT16\RELEASE\WINIDT.EXE
D:\EBOOK\FPGA_MICROBLAZE2\WINIDT\WINIDT16\RELEASE\WINIDT.PDB
D:\EBOOK\FPGA_MICROBLAZE2\WINIDT\WINIDT16\WINIDT\RELEASE\COMMTHREAD.OBJ
D:\EBOOK\FPGA_MICROBLAZE2\WINIDT\WINIDT16\WINIDT\RELEASE\CONNECTSOCKET.OBJ
D:\EBOOK\FPGA_MICROBLAZE2\WINIDT\WINIDT16\WINIDT\RELEASE\MAINFRM.OBJ
D:\EBOOK\FPGA_MICROBLAZE2\WINIDT\WINIDT16\WINIDT\RELEASE\STDAFX.OBJ
D:\EBOOK\FPGA_MICROBLAZE2\WINIDT\WINIDT16\WINIDT\RELEASE\VC100.PDB
D:\EBOOK\FPGA_MICROBLAZE2\WINIDT\WINIDT16\WINIDT\RELEASE\WINIDT.EXE.INTERMEDIATE.MANIFEST
D:\EBOOK\FPGA_MICROBLAZE2\WINIDT\WINIDT16\WINIDT\RELEASE\WINIDT.OBJ
D:\EBOOK\FPGA_MICROBLAZE2\WINIDT\WINIDT16\WINIDT\RELEASE\WINIDT.PCH
D:\EBOOK\FPGA_MICROBLAZE2\WINIDT\WINIDT16\WINIDT\RELEASE\WINIDT.RES
D:\EBOOK\FPGA_MICROBLAZE2\WINIDT\WINIDT16\WINIDT\RELEASE\WINIDTDOC.OBJ
D:\EBOOK\FPGA_MICROBLAZE2\WINIDT\WINIDT16\WINIDT\RELEASE\WINIDTVIEW.OBJ
