
AVRASM ver. 2.1.30  D:\PJH\Embeded_Project\Debug\List\ADC.asm Mon Apr 01 15:24:11 2024

                 
                 
                 ;CodeVisionAVR C Compiler V3.52 Evaluation
                 ;(C) Copyright 1998-2023 Pavel Haiduc, HP InfoTech S.R.L.
                 ;http://www.hpinfotech.ro
                 
                 ;Build configuration    : Debug
                 ;Chip type              : ATmega128A
                 ;Program type           : Application
                 ;Clock frequency        : 16.000000 MHz
                 ;Memory model           : Small
                 ;Optimize for           : Size
                 ;(s)printf features     : int, width
                 ;(s)scanf features      : int, width
                 ;External RAM size      : 0
                 ;Data Stack size        : 1024 byte(s)
                 ;Heap size              : 0 byte(s)
                 ;Promote 'char' to 'int': Yes
                 ;'char' is unsigned     : Yes
                 ;8 bit enums            : Yes
                 ;Global 'const' stored in FLASH: No
                 ;Enhanced function parameter passing: Mode 2
                 ;Enhanced core instructions: On
                 ;Automatic register allocation for global variables: On
                 ;Smart register allocation: On
                 
                 	#define _MODEL_SMALL_
                 
                 	#pragma AVRPART ADMIN PART_NAME ATmega128A
                 	#pragma AVRPART MEMORY PROG_FLASH 131072
                 	#pragma AVRPART MEMORY EEPROM 4096
                 	#pragma AVRPART MEMORY INT_SRAM SIZE 4096
                 	#pragma AVRPART MEMORY INT_SRAM START_ADDR 0x100
                 
                 	#define CALL_SUPPORTED 1
                 
                 	.LISTMAC
                 	.EQU UDRE=0x5
                 	.EQU RXC=0x7
                 	.EQU USR=0xB
                 	.EQU UDR=0xC
                 	.EQU SPSR=0xE
                 	.EQU SPDR=0xF
                 	.EQU EERE=0x0
                 	.EQU EEWE=0x1
                 	.EQU EEMWE=0x2
                 	.EQU EECR=0x1C
                 	.EQU EEDR=0x1D
                 	.EQU EEARL=0x1E
                 	.EQU EEARH=0x1F
                 	.EQU WDTCR=0x21
                 	.EQU MCUCR=0x35
                 	.EQU SPMCSR=0x68
                 	.EQU RAMPZ=0x3B
                 	.EQU SPL=0x3D
                 	.EQU SPH=0x3E
                 	.EQU SREG=0x3F
                 	.EQU XMCRA=0x6D
                 	.EQU XMCRB=0x6C
                 
                 	.DEF R0X0=R0
                 	.DEF R0X1=R1
                 	.DEF R0X2=R2
                 	.DEF R0X3=R3
                 	.DEF R0X4=R4
                 	.DEF R0X5=R5
                 	.DEF R0X6=R6
                 	.DEF R0X7=R7
                 	.DEF R0X8=R8
                 	.DEF R0X9=R9
                 	.DEF R0XA=R10
                 	.DEF R0XB=R11
                 	.DEF R0XC=R12
                 	.DEF R0XD=R13
                 	.DEF R0XE=R14
                 	.DEF R0XF=R15
                 	.DEF R0X10=R16
                 	.DEF R0X11=R17
                 	.DEF R0X12=R18
                 	.DEF R0X13=R19
                 	.DEF R0X14=R20
                 	.DEF R0X15=R21
                 	.DEF R0X16=R22
                 	.DEF R0X17=R23
                 	.DEF R0X18=R24
                 	.DEF R0X19=R25
                 	.DEF R0X1A=R26
                 	.DEF R0X1B=R27
                 	.DEF R0X1C=R28
                 	.DEF R0X1D=R29
                 	.DEF R0X1E=R30
                 	.DEF R0X1F=R31
                 
                 	.EQU __SRAM_START=0x0100
                 	.EQU __SRAM_END=0x10FF
                 	.EQU __DSTACK_SIZE=0x0400
                 	.EQU __HEAP_SIZE=0x0000
                 	.EQU __CLEAR_SRAM_SIZE=__SRAM_END-__SRAM_START+1
                 
                 	.EQU __FLASH_PAGE_SIZE=0x80
                 
                 	.MACRO __CPD1N
                 	CPI  R30,LOW(@0)
                 	LDI  R26,HIGH(@0)
                 	CPC  R31,R26
                 	LDI  R26,BYTE3(@0)
                 	CPC  R22,R26
                 	LDI  R26,BYTE4(@0)
                 	CPC  R23,R26
                 	.ENDM
                 
                 	.MACRO __CPD2N
                 	CPI  R26,LOW(@0)
                 	LDI  R30,HIGH(@0)
                 	CPC  R27,R30
                 	LDI  R30,BYTE3(@0)
                 	CPC  R24,R30
                 	LDI  R30,BYTE4(@0)
                 	CPC  R25,R30
                 	.ENDM
                 
                 	.MACRO __CPWRR
                 	CP   R@0,R@2
                 	CPC  R@1,R@3
                 	.ENDM
                 
                 	.MACRO __CPWRN
                 	CPI  R@0,LOW(@2)
                 	LDI  R30,HIGH(@2)
                 	CPC  R@1,R30
                 	.ENDM
                 
                 	.MACRO __ADDB1MN
                 	SUBI R30,LOW(-@0-(@1))
                 	.ENDM
                 
                 	.MACRO __ADDB2MN
                 	SUBI R26,LOW(-@0-(@1))
                 	.ENDM
                 
                 	.MACRO __ADDW1MN
                 	SUBI R30,LOW(-@0-(@1))
                 	SBCI R31,HIGH(-@0-(@1))
                 	.ENDM
                 
                 	.MACRO __ADDW2MN
                 	SUBI R26,LOW(-@0-(@1))
                 	SBCI R27,HIGH(-@0-(@1))
                 	.ENDM
                 
                 	.MACRO __ADDW1FN
                 	SUBI R30,LOW(-2*@0-(@1))
                 	SBCI R31,HIGH(-2*@0-(@1))
                 	.ENDM
                 
                 	.MACRO __ADDD1FN
                 	SUBI R30,LOW(-2*@0-(@1))
                 	SBCI R31,HIGH(-2*@0-(@1))
                 	SBCI R22,BYTE3(-2*@0-(@1))
                 	.ENDM
                 
                 	.MACRO __ADDD1N
                 	SUBI R30,LOW(-@0)
                 	SBCI R31,HIGH(-@0)
                 	SBCI R22,BYTE3(-@0)
                 	SBCI R23,BYTE4(-@0)
                 	.ENDM
                 
                 	.MACRO __ADDD2N
                 	SUBI R26,LOW(-@0)
                 	SBCI R27,HIGH(-@0)
                 	SBCI R24,BYTE3(-@0)
                 	SBCI R25,BYTE4(-@0)
                 	.ENDM
                 
                 	.MACRO __SUBD1N
                 	SUBI R30,LOW(@0)
                 	SBCI R31,HIGH(@0)
                 	SBCI R22,BYTE3(@0)
                 	SBCI R23,BYTE4(@0)
                 	.ENDM
                 
                 	.MACRO __SUBD2N
                 	SUBI R26,LOW(@0)
                 	SBCI R27,HIGH(@0)
                 	SBCI R24,BYTE3(@0)
                 	SBCI R25,BYTE4(@0)
                 	.ENDM
                 
                 	.MACRO __ANDBMNN
                 	LDS  R30,@0+(@1)
                 	ANDI R30,LOW(@2)
                 	STS  @0+(@1),R30
                 	.ENDM
                 
                 	.MACRO __ANDWMNN
                 	LDS  R30,@0+(@1)
                 	ANDI R30,LOW(@2)
                 	STS  @0+(@1),R30
                 	LDS  R30,@0+(@1)+1
                 	ANDI R30,HIGH(@2)
                 	STS  @0+(@1)+1,R30
                 	.ENDM
                 
                 	.MACRO __ANDD1N
                 	ANDI R30,LOW(@0)
                 	ANDI R31,HIGH(@0)
                 	ANDI R22,BYTE3(@0)
                 	ANDI R23,BYTE4(@0)
                 	.ENDM
                 
                 	.MACRO __ANDD2N
                 	ANDI R26,LOW(@0)
                 	ANDI R27,HIGH(@0)
                 	ANDI R24,BYTE3(@0)
                 	ANDI R25,BYTE4(@0)
                 	.ENDM
                 
                 	.MACRO __ORBMNN
                 	LDS  R30,@0+(@1)
                 	ORI  R30,LOW(@2)
                 	STS  @0+(@1),R30
                 	.ENDM
                 
                 	.MACRO __ORWMNN
                 	LDS  R30,@0+(@1)
                 	ORI  R30,LOW(@2)
                 	STS  @0+(@1),R30
                 	LDS  R30,@0+(@1)+1
                 	ORI  R30,HIGH(@2)
                 	STS  @0+(@1)+1,R30
                 	.ENDM
                 
                 	.MACRO __ORD1N
                 	ORI  R30,LOW(@0)
                 	ORI  R31,HIGH(@0)
                 	ORI  R22,BYTE3(@0)
                 	ORI  R23,BYTE4(@0)
                 	.ENDM
                 
                 	.MACRO __ORD2N
                 	ORI  R26,LOW(@0)
                 	ORI  R27,HIGH(@0)
                 	ORI  R24,BYTE3(@0)
                 	ORI  R25,BYTE4(@0)
                 	.ENDM
                 
                 	.MACRO __DELAY_USB
                 	LDI  R24,LOW(@0)
                 __DELAY_USB_LOOP:
                 	DEC  R24
                 	BRNE __DELAY_USB_LOOP
                 	.ENDM
                 
                 	.MACRO __DELAY_USW
                 	LDI  R24,LOW(@0)
                 	LDI  R25,HIGH(@0)
                 __DELAY_USW_LOOP:
                 	SBIW R24,1
                 	BRNE __DELAY_USW_LOOP
                 	.ENDM
                 
                 	.MACRO __GETW1P
                 	LD   R30,X+
                 	LD   R31,X
                 	SBIW R26,1
                 	.ENDM
                 
                 	.MACRO __GETD1S
                 	LDD  R30,Y+@0
                 	LDD  R31,Y+@0+1
                 	LDD  R22,Y+@0+2
                 	LDD  R23,Y+@0+3
                 	.ENDM
                 
                 	.MACRO __GETD2S
                 	LDD  R26,Y+@0
                 	LDD  R27,Y+@0+1
                 	LDD  R24,Y+@0+2
                 	LDD  R25,Y+@0+3
                 	.ENDM
                 
                 	.MACRO __GETD1P_INC
                 	LD   R30,X+
                 	LD   R31,X+
                 	LD   R22,X+
                 	LD   R23,X+
                 	.ENDM
                 
                 	.MACRO __GETD1P_DEC
                 	LD   R23,-X
                 	LD   R22,-X
                 	LD   R31,-X
                 	LD   R30,-X
                 	.ENDM
                 
                 	.MACRO __PUTDP1
                 	ST   X+,R30
                 	ST   X+,R31
                 	ST   X+,R22
                 	ST   X,R23
                 	.ENDM
                 
                 	.MACRO __PUTDP1_DEC
                 	ST   -X,R23
                 	ST   -X,R22
                 	ST   -X,R31
                 	ST   -X,R30
                 	.ENDM
                 
                 	.MACRO __PUTD1S
                 	STD  Y+@0,R30
                 	STD  Y+@0+1,R31
                 	STD  Y+@0+2,R22
                 	STD  Y+@0+3,R23
                 	.ENDM
                 
                 	.MACRO __PUTD2S
                 	STD  Y+@0,R26
                 	STD  Y+@0+1,R27
                 	STD  Y+@0+2,R24
                 	STD  Y+@0+3,R25
                 	.ENDM
                 
                 	.MACRO __PUTDZ2
                 	STD  Z+@0,R26
                 	STD  Z+@0+1,R27
                 	STD  Z+@0+2,R24
                 	STD  Z+@0+3,R25
                 	.ENDM
                 
                 	.MACRO __CLRD1S
                 	STD  Y+@0,R30
                 	STD  Y+@0+1,R30
                 	STD  Y+@0+2,R30
                 	STD  Y+@0+3,R30
                 	.ENDM
                 
                 	.MACRO __CPD10
                 	SBIW R30,0
                 	SBCI R22,0
                 	SBCI R23,0
                 	.ENDM
                 
                 	.MACRO __CPD20
                 	SBIW R26,0
                 	SBCI R24,0
                 	SBCI R25,0
                 	.ENDM
                 
                 	.MACRO __ADDD12
                 	ADD  R30,R26
                 	ADC  R31,R27
                 	ADC  R22,R24
                 	ADC  R23,R25
                 	.ENDM
                 
                 	.MACRO __ADDD21
                 	ADD  R26,R30
                 	ADC  R27,R31
                 	ADC  R24,R22
                 	ADC  R25,R23
                 	.ENDM
                 
                 	.MACRO __SUBD12
                 	SUB  R30,R26
                 	SBC  R31,R27
                 	SBC  R22,R24
                 	SBC  R23,R25
                 	.ENDM
                 
                 	.MACRO __SUBD21
                 	SUB  R26,R30
                 	SBC  R27,R31
                 	SBC  R24,R22
                 	SBC  R25,R23
                 	.ENDM
                 
                 	.MACRO __ANDD12
                 	AND  R30,R26
                 	AND  R31,R27
                 	AND  R22,R24
                 	AND  R23,R25
                 	.ENDM
                 
                 	.MACRO __ORD12
                 	OR   R30,R26
                 	OR   R31,R27
                 	OR   R22,R24
                 	OR   R23,R25
                 	.ENDM
                 
                 	.MACRO __XORD12
                 	EOR  R30,R26
                 	EOR  R31,R27
                 	EOR  R22,R24
                 	EOR  R23,R25
                 	.ENDM
                 
                 	.MACRO __XORD21
                 	EOR  R26,R30
                 	EOR  R27,R31
                 	EOR  R24,R22
                 	EOR  R25,R23
                 	.ENDM
                 
                 	.MACRO __COMD1
                 	COM  R30
                 	COM  R31
                 	COM  R22
                 	COM  R23
                 	.ENDM
                 
                 	.MACRO __MULD2_2
                 	LSL  R26
                 	ROL  R27
                 	ROL  R24
                 	ROL  R25
                 	.ENDM
                 
                 	.MACRO __LSRD1
                 	LSR  R23
                 	ROR  R22
                 	ROR  R31
                 	ROR  R30
                 	.ENDM
                 
                 	.MACRO __LSLD1
                 	LSL  R30
                 	ROL  R31
                 	ROL  R22
                 	ROL  R23
                 	.ENDM
                 
                 	.MACRO __ASRB4
                 	ASR  R30
                 	ASR  R30
                 	ASR  R30
                 	ASR  R30
                 	.ENDM
                 
                 	.MACRO __ASRW8
                 	MOV  R30,R31
                 	CLR  R31
                 	SBRC R30,7
                 	SER  R31
                 	.ENDM
                 
                 	.MACRO __LSRD16
                 	MOV  R30,R22
                 	MOV  R31,R23
                 	LDI  R22,0
                 	LDI  R23,0
                 	.ENDM
                 
                 	.MACRO __LSLD16
                 	MOV  R22,R30
                 	MOV  R23,R31
                 	LDI  R30,0
                 	LDI  R31,0
                 	.ENDM
                 
                 	.MACRO __CWD1
                 	MOV  R22,R31
                 	ADD  R22,R22
                 	SBC  R22,R22
                 	MOV  R23,R22
                 	.ENDM
                 
                 	.MACRO __CWD2
                 	MOV  R24,R27
                 	ADD  R24,R24
                 	SBC  R24,R24
                 	MOV  R25,R24
                 	.ENDM
                 
                 	.MACRO __SETMSD1
                 	SER  R31
                 	SER  R22
                 	SER  R23
                 	.ENDM
                 
                 	.MACRO __ADDW1R15
                 	CLR  R0
                 	ADD  R30,R15
                 	ADC  R31,R0
                 	.ENDM
                 
                 	.MACRO __ADDW2R15
                 	CLR  R0
                 	ADD  R26,R15
                 	ADC  R27,R0
                 	.ENDM
                 
                 	.MACRO __EQB12
                 	CP   R30,R26
                 	LDI  R30,1
                 	BREQ PC+2
                 	CLR  R30
                 	.ENDM
                 
                 	.MACRO __NEB12
                 	CP   R30,R26
                 	LDI  R30,1
                 	BRNE PC+2
                 	CLR  R30
                 	.ENDM
                 
                 	.MACRO __LEB12
                 	CP   R30,R26
                 	LDI  R30,1
                 	BRGE PC+2
                 	CLR  R30
                 	.ENDM
                 
                 	.MACRO __GEB12
                 	CP   R26,R30
                 	LDI  R30,1
                 	BRGE PC+2
                 	CLR  R30
                 	.ENDM
                 
                 	.MACRO __LTB12
                 	CP   R26,R30
                 	LDI  R30,1
                 	BRLT PC+2
                 	CLR  R30
                 	.ENDM
                 
                 	.MACRO __GTB12
                 	CP   R30,R26
                 	LDI  R30,1
                 	BRLT PC+2
                 	CLR  R30
                 	.ENDM
                 
                 	.MACRO __LEB12U
                 	CP   R30,R26
                 	LDI  R30,1
                 	BRSH PC+2
                 	CLR  R30
                 	.ENDM
                 
                 	.MACRO __GEB12U
                 	CP   R26,R30
                 	LDI  R30,1
                 	BRSH PC+2
                 	CLR  R30
                 	.ENDM
                 
                 	.MACRO __LTB12U
                 	CP   R26,R30
                 	LDI  R30,1
                 	BRLO PC+2
                 	CLR  R30
                 	.ENDM
                 
                 	.MACRO __GTB12U
                 	CP   R30,R26
                 	LDI  R30,1
                 	BRLO PC+2
                 	CLR  R30
                 	.ENDM
                 
                 	.MACRO __CPW01
                 	CLR  R0
                 	CP   R0,R30
                 	CPC  R0,R31
                 	.ENDM
                 
                 	.MACRO __CPW02
                 	CLR  R0
                 	CP   R0,R26
                 	CPC  R0,R27
                 	.ENDM
                 
                 	.MACRO __CPD12
                 	CP   R30,R26
                 	CPC  R31,R27
                 	CPC  R22,R24
                 	CPC  R23,R25
                 	.ENDM
                 
                 	.MACRO __CPD21
                 	CP   R26,R30
                 	CPC  R27,R31
                 	CPC  R24,R22
                 	CPC  R25,R23
                 	.ENDM
                 
                 	.MACRO __BSTB1
                 	CLT
                 	TST  R30
                 	BREQ PC+2
                 	SET
                 	.ENDM
                 
                 	.MACRO __LNEGB1
                 	TST  R30
                 	LDI  R30,1
                 	BREQ PC+2
                 	CLR  R30
                 	.ENDM
                 
                 	.MACRO __LNEGW1
                 	OR   R30,R31
                 	LDI  R30,1
                 	BREQ PC+2
                 	LDI  R30,0
                 	.ENDM
                 
                 	.MACRO __POINTB1MN
                 	LDI  R30,LOW(@0+(@1))
                 	.ENDM
                 
                 	.MACRO __POINTW1MN
                 	LDI  R30,LOW(@0+(@1))
                 	LDI  R31,HIGH(@0+(@1))
                 	.ENDM
                 
                 	.MACRO __POINTD1M
                 	LDI  R30,LOW(@0)
                 	LDI  R31,HIGH(@0)
                 	LDI  R22,BYTE3(@0)
                 	LDI  R23,BYTE4(@0)
                 	.ENDM
                 
                 	.MACRO __POINTW1FN
                 	LDI  R30,LOW(2*@0+(@1))
                 	LDI  R31,HIGH(2*@0+(@1))
                 	.ENDM
                 
                 	.MACRO __POINTD1FN
                 	LDI  R30,LOW(2*@0+(@1))
                 	LDI  R31,HIGH(2*@0+(@1))
                 	LDI  R22,BYTE3(2*@0+(@1))
                 	LDI  R23,BYTE4(2*@0+(@1))
                 	.ENDM
                 
                 	.MACRO __POINTB2MN
                 	LDI  R26,LOW(@0+(@1))
                 	.ENDM
                 
                 	.MACRO __POINTW2MN
                 	LDI  R26,LOW(@0+(@1))
                 	LDI  R27,HIGH(@0+(@1))
                 	.ENDM
                 
                 	.MACRO __POINTD2M
                 	LDI  R26,LOW(@0)
                 	LDI  R27,HIGH(@0)
                 	LDI  R24,BYTE3(@0)
                 	LDI  R25,BYTE4(@0)
                 	.ENDM
                 
                 	.MACRO __POINTW2FN
                 	LDI  R26,LOW(2*@0+(@1))
                 	LDI  R27,HIGH(2*@0+(@1))
                 	.ENDM
                 
                 	.MACRO __POINTD2FN
                 	LDI  R26,LOW(2*@0+(@1))
                 	LDI  R27,HIGH(2*@0+(@1))
                 	LDI  R24,BYTE3(2*@0+(@1))
                 	LDI  R25,BYTE4(2*@0+(@1))
                 	.ENDM
                 
                 	.MACRO __POINTBRM
                 	LDI  R@0,LOW(@1)
                 	.ENDM
                 
                 	.MACRO __POINTWRM
                 	LDI  R@0,LOW(@2)
                 	LDI  R@1,HIGH(@2)
                 	.ENDM
                 
                 	.MACRO __POINTBRMN
                 	LDI  R@0,LOW(@1+(@2))
                 	.ENDM
                 
                 	.MACRO __POINTWRMN
                 	LDI  R@0,LOW(@2+(@3))
                 	LDI  R@1,HIGH(@2+(@3))
                 	.ENDM
                 
                 	.MACRO __POINTWRFN
                 	LDI  R@0,LOW(@2*2+(@3))
                 	LDI  R@1,HIGH(@2*2+(@3))
                 	.ENDM
                 
                 	.MACRO __GETD1N
                 	LDI  R30,LOW(@0)
                 	LDI  R31,HIGH(@0)
                 	LDI  R22,BYTE3(@0)
                 	LDI  R23,BYTE4(@0)
                 	.ENDM
                 
                 	.MACRO __GETD2N
                 	LDI  R26,LOW(@0)
                 	LDI  R27,HIGH(@0)
                 	LDI  R24,BYTE3(@0)
                 	LDI  R25,BYTE4(@0)
                 	.ENDM
                 
                 	.MACRO __GETB1MN
                 	LDS  R30,@0+(@1)
                 	.ENDM
                 
                 	.MACRO __GETB1HMN
                 	LDS  R31,@0+(@1)
                 	.ENDM
                 
                 	.MACRO __GETW1MN
                 	LDS  R30,@0+(@1)
                 	LDS  R31,@0+(@1)+1
                 	.ENDM
                 
                 	.MACRO __GETD1MN
                 	LDS  R30,@0+(@1)
                 	LDS  R31,@0+(@1)+1
                 	LDS  R22,@0+(@1)+2
                 	LDS  R23,@0+(@1)+3
                 	.ENDM
                 
                 	.MACRO __GETBRMN
                 	LDS  R@0,@1+(@2)
                 	.ENDM
                 
                 	.MACRO __GETWRMN
                 	LDS  R@0,@2+(@3)
                 	LDS  R@1,@2+(@3)+1
                 	.ENDM
                 
                 	.MACRO __GETWRZ
                 	LDD  R@0,Z+@2
                 	LDD  R@1,Z+@2+1
                 	.ENDM
                 
                 	.MACRO __GETD2Z
                 	LDD  R26,Z+@0
                 	LDD  R27,Z+@0+1
                 	LDD  R24,Z+@0+2
                 	LDD  R25,Z+@0+3
                 	.ENDM
                 
                 	.MACRO __GETB2MN
                 	LDS  R26,@0+(@1)
                 	.ENDM
                 
                 	.MACRO __GETW2MN
                 	LDS  R26,@0+(@1)
                 	LDS  R27,@0+(@1)+1
                 	.ENDM
                 
                 	.MACRO __GETD2MN
                 	LDS  R26,@0+(@1)
                 	LDS  R27,@0+(@1)+1
                 	LDS  R24,@0+(@1)+2
                 	LDS  R25,@0+(@1)+3
                 	.ENDM
                 
                 	.MACRO __PUTB1MN
                 	STS  @0+(@1),R30
                 	.ENDM
                 
                 	.MACRO __PUTW1MN
                 	STS  @0+(@1),R30
                 	STS  @0+(@1)+1,R31
                 	.ENDM
                 
                 	.MACRO __PUTD1MN
                 	STS  @0+(@1),R30
                 	STS  @0+(@1)+1,R31
                 	STS  @0+(@1)+2,R22
                 	STS  @0+(@1)+3,R23
                 	.ENDM
                 
                 	.MACRO __PUTB1EN
                 	LDI  R26,LOW(@0+(@1))
                 	LDI  R27,HIGH(@0+(@1))
                 	CALL __EEPROMWRB
                 	.ENDM
                 
                 	.MACRO __PUTW1EN
                 	LDI  R26,LOW(@0+(@1))
                 	LDI  R27,HIGH(@0+(@1))
                 	CALL __EEPROMWRW
                 	.ENDM
                 
                 	.MACRO __PUTD1EN
                 	LDI  R26,LOW(@0+(@1))
                 	LDI  R27,HIGH(@0+(@1))
                 	CALL __EEPROMWRD
                 	.ENDM
                 
                 	.MACRO __PUTBR0MN
                 	STS  @0+(@1),R0
                 	.ENDM
                 
                 	.MACRO __PUTBMRN
                 	STS  @0+(@1),R@2
                 	.ENDM
                 
                 	.MACRO __PUTWMRN
                 	STS  @0+(@1),R@2
                 	STS  @0+(@1)+1,R@3
                 	.ENDM
                 
                 	.MACRO __PUTBZR
                 	STD  Z+@1,R@0
                 	.ENDM
                 
                 	.MACRO __PUTWZR
                 	STD  Z+@2,R@0
                 	STD  Z+@2+1,R@1
                 	.ENDM
                 
                 	.MACRO __GETW1R
                 	MOV  R30,R@0
                 	MOV  R31,R@1
                 	.ENDM
                 
                 	.MACRO __GETW2R
                 	MOV  R26,R@0
                 	MOV  R27,R@1
                 	.ENDM
                 
                 	.MACRO __GETWRN
                 	LDI  R@0,LOW(@2)
                 	LDI  R@1,HIGH(@2)
                 	.ENDM
                 
                 	.MACRO __PUTW1R
                 	MOV  R@0,R30
                 	MOV  R@1,R31
                 	.ENDM
                 
                 	.MACRO __PUTW2R
                 	MOV  R@0,R26
                 	MOV  R@1,R27
                 	.ENDM
                 
                 	.MACRO __ADDWRN
                 	SUBI R@0,LOW(-@2)
                 	SBCI R@1,HIGH(-@2)
                 	.ENDM
                 
                 	.MACRO __ADDWRR
                 	ADD  R@0,R@2
                 	ADC  R@1,R@3
                 	.ENDM
                 
                 	.MACRO __SUBWRN
                 	SUBI R@0,LOW(@2)
                 	SBCI R@1,HIGH(@2)
                 	.ENDM
                 
                 	.MACRO __SUBWRR
                 	SUB  R@0,R@2
                 	SBC  R@1,R@3
                 	.ENDM
                 
                 	.MACRO __ANDWRN
                 	ANDI R@0,LOW(@2)
                 	ANDI R@1,HIGH(@2)
                 	.ENDM
                 
                 	.MACRO __ANDWRR
                 	AND  R@0,R@2
                 	AND  R@1,R@3
                 	.ENDM
                 
                 	.MACRO __ORWRN
                 	ORI  R@0,LOW(@2)
                 	ORI  R@1,HIGH(@2)
                 	.ENDM
                 
                 	.MACRO __ORWRR
                 	OR   R@0,R@2
                 	OR   R@1,R@3
                 	.ENDM
                 
                 	.MACRO __EORWRR
                 	EOR  R@0,R@2
                 	EOR  R@1,R@3
                 	.ENDM
                 
                 	.MACRO __GETWRS
                 	LDD  R@0,Y+@2
                 	LDD  R@1,Y+@2+1
                 	.ENDM
                 
                 	.MACRO __PUTBSR
                 	STD  Y+@1,R@0
                 	.ENDM
                 
                 	.MACRO __PUTWSR
                 	STD  Y+@2,R@0
                 	STD  Y+@2+1,R@1
                 	.ENDM
                 
                 	.MACRO __MOVEWRR
                 	MOV  R@0,R@2
                 	MOV  R@1,R@3
                 	.ENDM
                 
                 	.MACRO __INWR
                 	IN   R@0,@2
                 	IN   R@1,@2+1
                 	.ENDM
                 
                 	.MACRO __OUTWR
                 	OUT  @2+1,R@1
                 	OUT  @2,R@0
                 	.ENDM
                 
                 	.MACRO __CALL1MN
                 	LDS  R30,@0+(@1)
                 	LDS  R31,@0+(@1)+1
                 	ICALL
                 	.ENDM
                 
                 	.MACRO __CALL1FN
                 	LDI  R30,LOW(2*@0+(@1))
                 	LDI  R31,HIGH(2*@0+(@1))
                 	CALL __GETW1PF
                 	ICALL
                 	.ENDM
                 
                 	.MACRO __CALL2EN
                 	PUSH R26
                 	PUSH R27
                 	LDI  R26,LOW(@0+(@1))
                 	LDI  R27,HIGH(@0+(@1))
                 	CALL __EEPROMRDW
                 	POP  R27
                 	POP  R26
                 	ICALL
                 	.ENDM
                 
                 	.MACRO __CALL2EX
                 	SUBI R26,LOW(-@0)
                 	SBCI R27,HIGH(-@0)
                 	CALL __EEPROMRDD
                 	ICALL
                 	.ENDM
                 
                 	.MACRO __GETW1STACK
                 	IN   R30,SPL
                 	IN   R31,SPH
                 	ADIW R30,@0+1
                 	LD   R0,Z+
                 	LD   R31,Z
                 	MOV  R30,R0
                 	.ENDM
                 
                 	.MACRO __GETD1STACK
                 	IN   R30,SPL
                 	IN   R31,SPH
                 	ADIW R30,@0+1
                 	LD   R0,Z+
                 	LD   R1,Z+
                 	LD   R22,Z
                 	MOVW R30,R0
                 	.ENDM
                 
                 	.MACRO __NBST
                 	BST  R@0,@1
                 	IN   R30,SREG
                 	LDI  R31,0x40
                 	EOR  R30,R31
                 	OUT  SREG,R30
                 	.ENDM
                 
                 
                 	.MACRO __PUTB1SN
                 	LDD  R26,Y+@0
                 	LDD  R27,Y+@0+1
                 	SUBI R26,LOW(-@1)
                 	SBCI R27,HIGH(-@1)
                 	ST   X,R30
                 	.ENDM
                 
                 	.MACRO __PUTW1SN
                 	LDD  R26,Y+@0
                 	LDD  R27,Y+@0+1
                 	SUBI R26,LOW(-@1)
                 	SBCI R27,HIGH(-@1)
                 	ST   X+,R30
                 	ST   X,R31
                 	.ENDM
                 
                 	.MACRO __PUTD1SN
                 	LDD  R26,Y+@0
                 	LDD  R27,Y+@0+1
                 	SUBI R26,LOW(-@1)
                 	SBCI R27,HIGH(-@1)
                 	ST   X+,R30
                 	ST   X+,R31
                 	ST   X+,R22
                 	ST   X,R23
                 	.ENDM
                 
                 	.MACRO __PUTB1SNS
                 	LDD  R26,Y+@0
                 	LDD  R27,Y+@0+1
                 	ADIW R26,@1
                 	ST   X,R30
                 	.ENDM
                 
                 	.MACRO __PUTW1SNS
                 	LDD  R26,Y+@0
                 	LDD  R27,Y+@0+1
                 	ADIW R26,@1
                 	ST   X+,R30
                 	ST   X,R31
                 	.ENDM
                 
                 	.MACRO __PUTD1SNS
                 	LDD  R26,Y+@0
                 	LDD  R27,Y+@0+1
                 	ADIW R26,@1
                 	ST   X+,R30
                 	ST   X+,R31
                 	ST   X+,R22
                 	ST   X,R23
                 	.ENDM
                 
                 	.MACRO __PUTB1PMN
                 	LDS  R26,@0
                 	LDS  R27,@0+1
                 	SUBI R26,LOW(-@1)
                 	SBCI R27,HIGH(-@1)
                 	ST   X,R30
                 	.ENDM
                 
                 	.MACRO __PUTW1PMN
                 	LDS  R26,@0
                 	LDS  R27,@0+1
                 	SUBI R26,LOW(-@1)
                 	SBCI R27,HIGH(-@1)
                 	ST   X+,R30
                 	ST   X,R31
                 	.ENDM
                 
                 	.MACRO __PUTD1PMN
                 	LDS  R26,@0
                 	LDS  R27,@0+1
                 	SUBI R26,LOW(-@1)
                 	SBCI R27,HIGH(-@1)
                 	ST   X+,R30
                 	ST   X+,R31
                 	ST   X+,R22
                 	ST   X,R23
                 	.ENDM
                 
                 	.MACRO __PUTB1PMNS
                 	LDS  R26,@0
                 	LDS  R27,@0+1
                 	ADIW R26,@1
                 	ST   X,R30
                 	.ENDM
                 
                 	.MACRO __PUTW1PMNS
                 	LDS  R26,@0
                 	LDS  R27,@0+1
                 	ADIW R26,@1
                 	ST   X+,R30
                 	ST   X,R31
                 	.ENDM
                 
                 	.MACRO __PUTD1PMNS
                 	LDS  R26,@0
                 	LDS  R27,@0+1
                 	ADIW R26,@1
                 	ST   X+,R30
                 	ST   X+,R31
                 	ST   X+,R22
                 	ST   X,R23
                 	.ENDM
                 
                 	.MACRO __PUTB1RN
                 	MOVW R26,R@0
                 	SUBI R26,LOW(-@1)
                 	SBCI R27,HIGH(-@1)
                 	ST   X,R30
                 	.ENDM
                 
                 	.MACRO __PUTW1RN
                 	MOVW R26,R@0
                 	SUBI R26,LOW(-@1)
                 	SBCI R27,HIGH(-@1)
                 	ST   X+,R30
                 	ST   X,R31
                 	.ENDM
                 
                 	.MACRO __PUTD1RN
                 	MOVW R26,R@0
                 	SUBI R26,LOW(-@1)
                 	SBCI R27,HIGH(-@1)
                 	ST   X+,R30
                 	ST   X+,R31
                 	ST   X+,R22
                 	ST   X,R23
                 	.ENDM
                 
                 	.MACRO __PUTB1RNS
                 	MOVW R26,R@0
                 	ADIW R26,@1
                 	ST   X,R30
                 	.ENDM
                 
                 	.MACRO __PUTW1RNS
                 	MOVW R26,R@0
                 	ADIW R26,@1
                 	ST   X+,R30
                 	ST   X,R31
                 	.ENDM
                 
                 	.MACRO __PUTD1RNS
                 	MOVW R26,R@0
                 	ADIW R26,@1
                 	ST   X+,R30
                 	ST   X+,R31
                 	ST   X+,R22
                 	ST   X,R23
                 	.ENDM
                 
                 	.MACRO __PUTB1RON
                 	MOV  R26,R@0
                 	MOV  R27,R@1
                 	SUBI R26,LOW(-@2)
                 	SBCI R27,HIGH(-@2)
                 	ST   X,R30
                 	.ENDM
                 
                 	.MACRO __PUTW1RON
                 	MOV  R26,R@0
                 	MOV  R27,R@1
                 	SUBI R26,LOW(-@2)
                 	SBCI R27,HIGH(-@2)
                 	ST   X+,R30
                 	ST   X,R31
                 	.ENDM
                 
                 	.MACRO __PUTD1RON
                 	MOV  R26,R@0
                 	MOV  R27,R@1
                 	SUBI R26,LOW(-@2)
                 	SBCI R27,HIGH(-@2)
                 	ST   X+,R30
                 	ST   X+,R31
                 	ST   X+,R22
                 	ST   X,R23
                 	.ENDM
                 
                 	.MACRO __PUTB1RONS
                 	MOV  R26,R@0
                 	MOV  R27,R@1
                 	ADIW R26,@2
                 	ST   X,R30
                 	.ENDM
                 
                 	.MACRO __PUTW1RONS
                 	MOV  R26,R@0
                 	MOV  R27,R@1
                 	ADIW R26,@2
                 	ST   X+,R30
                 	ST   X,R31
                 	.ENDM
                 
                 	.MACRO __PUTD1RONS
                 	MOV  R26,R@0
                 	MOV  R27,R@1
                 	ADIW R26,@2
                 	ST   X+,R30
                 	ST   X+,R31
                 	ST   X+,R22
                 	ST   X,R23
                 	.ENDM
                 
                 
                 	.MACRO __GETB1SX
                 	MOVW R30,R28
                 	SUBI R30,LOW(-@0)
                 	SBCI R31,HIGH(-@0)
                 	LD   R30,Z
                 	.ENDM
                 
                 	.MACRO __GETB1HSX
                 	MOVW R30,R28
                 	SUBI R30,LOW(-@0)
                 	SBCI R31,HIGH(-@0)
                 	LD   R31,Z
                 	.ENDM
                 
                 	.MACRO __GETW1SX
                 	MOVW R30,R28
                 	SUBI R30,LOW(-@0)
                 	SBCI R31,HIGH(-@0)
                 	CALL __GETW1Z
                 	.ENDM
                 
                 	.MACRO __GETD1SX
                 	MOVW R30,R28
                 	SUBI R30,LOW(-@0)
                 	SBCI R31,HIGH(-@0)
                 	CALL __GETD1Z
                 	.ENDM
                 
                 	.MACRO __GETB2SX
                 	MOVW R26,R28
                 	SUBI R26,LOW(-@0)
                 	SBCI R27,HIGH(-@0)
                 	LD   R26,X
                 	.ENDM
                 
                 	.MACRO __GETW2SX
                 	MOVW R26,R28
                 	SUBI R26,LOW(-@0)
                 	SBCI R27,HIGH(-@0)
                 	CALL __GETW2X
                 	.ENDM
                 
                 	.MACRO __GETD2SX
                 	MOVW R26,R28
                 	SUBI R26,LOW(-@0)
                 	SBCI R27,HIGH(-@0)
                 	CALL __GETD2X
                 	.ENDM
                 
                 	.MACRO __GETBRSX
                 	MOVW R30,R28
                 	SUBI R30,LOW(-@1)
                 	SBCI R31,HIGH(-@1)
                 	LD   R@0,Z
                 	.ENDM
                 
                 	.MACRO __GETWRSX
                 	MOVW R30,R28
                 	SUBI R30,LOW(-@2)
                 	SBCI R31,HIGH(-@2)
                 	LD   R@0,Z+
                 	LD   R@1,Z
                 	.ENDM
                 
                 	.MACRO __GETBRSX2
                 	MOVW R26,R28
                 	SUBI R26,LOW(-@1)
                 	SBCI R27,HIGH(-@1)
                 	LD   R@0,X
                 	.ENDM
                 
                 	.MACRO __GETWRSX2
                 	MOVW R26,R28
                 	SUBI R26,LOW(-@2)
                 	SBCI R27,HIGH(-@2)
                 	LD   R@0,X+
                 	LD   R@1,X
                 	.ENDM
                 
                 	.MACRO __LSLW8SX
                 	MOVW R30,R28
                 	SUBI R30,LOW(-@0)
                 	SBCI R31,HIGH(-@0)
                 	LD   R31,Z
                 	CLR  R30
                 	.ENDM
                 
                 	.MACRO __PUTB1SX
                 	MOVW R26,R28
                 	SUBI R26,LOW(-@0)
                 	SBCI R27,HIGH(-@0)
                 	ST   X,R30
                 	.ENDM
                 
                 	.MACRO __PUTW1SX
                 	MOVW R26,R28
                 	SUBI R26,LOW(-@0)
                 	SBCI R27,HIGH(-@0)
                 	ST   X+,R30
                 	ST   X,R31
                 	.ENDM
                 
                 	.MACRO __PUTD1SX
                 	MOVW R26,R28
                 	SUBI R26,LOW(-@0)
                 	SBCI R27,HIGH(-@0)
                 	ST   X+,R30
                 	ST   X+,R31
                 	ST   X+,R22
                 	ST   X,R23
                 	.ENDM
                 
                 	.MACRO __CLRW1SX
                 	MOVW R26,R28
                 	SUBI R26,LOW(-@0)
                 	SBCI R27,HIGH(-@0)
                 	ST   X+,R30
                 	ST   X,R30
                 	.ENDM
                 
                 	.MACRO __CLRD1SX
                 	MOVW R26,R28
                 	SUBI R26,LOW(-@0)
                 	SBCI R27,HIGH(-@0)
                 	ST   X+,R30
                 	ST   X+,R30
                 	ST   X+,R30
                 	ST   X,R30
                 	.ENDM
                 
                 	.MACRO __PUTB2SX
                 	MOVW R30,R28
                 	SUBI R30,LOW(-@0)
                 	SBCI R31,HIGH(-@0)
                 	ST   Z,R26
                 	.ENDM
                 
                 	.MACRO __PUTW2SX
                 	MOVW R30,R28
                 	SUBI R30,LOW(-@0)
                 	SBCI R31,HIGH(-@0)
                 	ST   Z+,R26
                 	ST   Z,R27
                 	.ENDM
                 
                 	.MACRO __PUTD2SX
                 	MOVW R30,R28
                 	SUBI R30,LOW(-@0)
                 	SBCI R31,HIGH(-@0)
                 	ST   Z+,R26
                 	ST   Z+,R27
                 	ST   Z+,R24
                 	ST   Z,R25
                 	.ENDM
                 
                 	.MACRO __PUTBSRX
                 	MOVW R30,R28
                 	SUBI R30,LOW(-@1)
                 	SBCI R31,HIGH(-@1)
                 	ST   Z,R@0
                 	.ENDM
                 
                 	.MACRO __PUTWSRX
                 	MOVW R30,R28
                 	SUBI R30,LOW(-@2)
                 	SBCI R31,HIGH(-@2)
                 	ST   Z+,R@0
                 	ST   Z,R@1
                 	.ENDM
                 
                 	.MACRO __PUTB1SNX
                 	MOVW R26,R28
                 	SUBI R26,LOW(-@0)
                 	SBCI R27,HIGH(-@0)
                 	LD   R0,X+
                 	LD   R27,X
                 	MOV  R26,R0
                 	SUBI R26,LOW(-@1)
                 	SBCI R27,HIGH(-@1)
                 	ST   X,R30
                 	.ENDM
                 
                 	.MACRO __PUTW1SNX
                 	MOVW R26,R28
                 	SUBI R26,LOW(-@0)
                 	SBCI R27,HIGH(-@0)
                 	LD   R0,X+
                 	LD   R27,X
                 	MOV  R26,R0
                 	SUBI R26,LOW(-@1)
                 	SBCI R27,HIGH(-@1)
                 	ST   X+,R30
                 	ST   X,R31
                 	.ENDM
                 
                 	.MACRO __PUTD1SNX
                 	MOVW R26,R28
                 	SUBI R26,LOW(-@0)
                 	SBCI R27,HIGH(-@0)
                 	LD   R0,X+
                 	LD   R27,X
                 	MOV  R26,R0
                 	SUBI R26,LOW(-@1)
                 	SBCI R27,HIGH(-@1)
                 	ST   X+,R30
                 	ST   X+,R31
                 	ST   X+,R22
                 	ST   X,R23
                 	.ENDM
                 
                 	.MACRO __MULBRR
                 	MULS R@0,R@1
                 	MOVW R30,R0
                 	.ENDM
                 
                 	.MACRO __MULBRRU
                 	MUL  R@0,R@1
                 	MOVW R30,R0
                 	.ENDM
                 
                 	.MACRO __MULBRR0
                 	MULS R@0,R@1
                 	.ENDM
                 
                 	.MACRO __MULBRRU0
                 	MUL  R@0,R@1
                 	.ENDM
                 
                 	.MACRO __MULBNWRU
                 	LDI  R26,@2
                 	MUL  R26,R@0
                 	MOVW R30,R0
                 	MUL  R26,R@1
                 	ADD  R31,R0
                 	.ENDM
                 
                 	.CSEG
                 	.ORG 0x00
                 
                 ;START OF CODE MARKER
                 __START_OF_CODE:
                 
                 ;INTERRUPT VECTORS
000000 940c 004b 	JMP  __RESET
000002 940c 0000 	JMP  0x00
000004 940c 0000 	JMP  0x00
000006 940c 0000 	JMP  0x00
000008 940c 0000 	JMP  0x00
00000a 940c 0000 	JMP  0x00
00000c 940c 0000 	JMP  0x00
00000e 940c 0000 	JMP  0x00
000010 940c 0000 	JMP  0x00
000012 940c 0000 	JMP  0x00
000014 940c 0000 	JMP  0x00
000016 940c 0000 	JMP  0x00
000018 940c 0000 	JMP  0x00
00001a 940c 0000 	JMP  0x00
00001c 940c 0000 	JMP  0x00
00001e 940c 0000 	JMP  0x00
000020 940c 0000 	JMP  0x00
000022 940c 0000 	JMP  0x00
000024 940c 0000 	JMP  0x00
000026 940c 0000 	JMP  0x00
000028 940c 0000 	JMP  0x00
00002a 940c 0000 	JMP  0x00
00002c 940c 0000 	JMP  0x00
00002e 940c 0000 	JMP  0x00
000030 940c 0000 	JMP  0x00
000032 940c 0000 	JMP  0x00
000034 940c 0000 	JMP  0x00
000036 940c 0000 	JMP  0x00
000038 940c 0000 	JMP  0x00
00003a 940c 0000 	JMP  0x00
00003c 940c 0000 	JMP  0x00
00003e 940c 0000 	JMP  0x00
000040 940c 0000 	JMP  0x00
000042 940c 0000 	JMP  0x00
000044 940c 0000 	JMP  0x00
                 
                 _seg_pat:
000046 063f
000047 4f5b
000048 6d66
000049 077d      	.DB  0x3F,0x6,0x5B,0x4F,0x66,0x6D,0x7D,0x7
00004a 6f7f      	.DB  0x7F,0x6F
                 
                 __RESET:
00004b 94f8      	CLI
00004c 27ee      	CLR  R30
00004d bbec      	OUT  EECR,R30
                 
                 ;INTERRUPT VECTORS ARE PLACED
                 ;AT THE START OF FLASH
00004e e0f1      	LDI  R31,1
00004f bff5      	OUT  MCUCR,R31
000050 bfe5      	OUT  MCUCR,R30
000051 93e0 006c 	STS  XMCRB,R30
                 
                 ;CLEAR R2-R14
000053 e08d      	LDI  R24,(14-2)+1
000054 e0a2      	LDI  R26,2
000055 27bb      	CLR  R27
                 __CLEAR_REG:
000056 93ed      	ST   X+,R30
000057 958a      	DEC  R24
000058 f7e9      	BRNE __CLEAR_REG
                 
                 ;CLEAR SRAM
000059 e080      	LDI  R24,LOW(__CLEAR_SRAM_SIZE)
00005a e190      	LDI  R25,HIGH(__CLEAR_SRAM_SIZE)
00005b e0a0      	LDI  R26,LOW(__SRAM_START)
00005c e0b1      	LDI  R27,HIGH(__SRAM_START)
                 __CLEAR_SRAM:
00005d 93ed      	ST   X+,R30
00005e 9701      	SBIW R24,1
00005f f7e9      	BRNE __CLEAR_SRAM
                 
000060 bf8b      	OUT  RAMPZ,R24
                 
                 ;HARDWARE STACK POINTER INITIALIZATION
000061 efef      	LDI  R30,LOW(__SRAM_END-__HEAP_SIZE)
000062 bfed      	OUT  SPL,R30
000063 e1e0      	LDI  R30,HIGH(__SRAM_END-__HEAP_SIZE)
000064 bfee      	OUT  SPH,R30
                 
                 ;DATA STACK POINTER INITIALIZATION
000065 e0c0      	LDI  R28,LOW(__SRAM_START+__DSTACK_SIZE)
000066 e0d5      	LDI  R29,HIGH(__SRAM_START+__DSTACK_SIZE)
                 
000067 940c 0069 	JMP  _main
                 
                 	.ESEG
                 	.ORG 0x00
                 
                 	.DSEG
                 	.ORG 0x500
                 
                 	.CSEG
                 	#ifndef __SLEEP_DEFINED__
                 	#define __SLEEP_DEFINED__
                 	.EQU __se_bit=0x20
                 	.EQU __sm_mask=0x1C
                 	.EQU __sm_powerdown=0x10
                 	.EQU __sm_powersave=0x18
                 	.EQU __sm_standby=0x14
                 	.EQU __sm_ext_standby=0x1C
                 	.EQU __sm_adc_noise_red=0x08
                 	.SET power_ctrl_reg=mcucr
                 	#endif
                 ;void AD_disp(int);
                 ;void main(void)
                 ; 0000 0011 {
                 
                 	.CSEG
                 _main:
                 ; .FSTART _main
                 ; 0000 0012 int ad_val;
                 ; 0000 0013 
                 ; 0000 0014 DDRB = 0xF0;
                 ;	ad_val -> R16,R17
000069 efe0      	LDI  R30,LOW(240)
00006a bbe7      	OUT  0x17,R30
                 ; 0000 0015 DDRD = 0xF0;
00006b bbe1      	OUT  0x11,R30
                 ; 0000 0016 DDRG = 0x0F;
00006c e0ef      	LDI  R30,LOW(15)
00006d 93e0 0064 	STS  100,R30
                 ; 0000 0017 
                 ; 0000 0018 ADMUX = 0x07;           // ADC7 단극성 입력 선택
00006f e0e7      	LDI  R30,LOW(7)
000070 b9e7      	OUT  0x7,R30
                 ; 0000 0019 ADCSRA = 0x87;          // ADEN=1, 16MHz 256분주 -> 125kHz
000071 e8e7      	LDI  R30,LOW(135)
000072 b9e6      	OUT  0x6,R30
                 ; 0000 001A delay_ms(5);
000073 e0a5      	LDI  R26,LOW(5)
000074 e0b0      	LDI  R27,0
000075 d26f      	RCALL _delay_ms
                 ; 0000 001B 
                 ; 0000 001C while(1)
                 _0x3:
                 ; 0000 001D {
                 ; 0000 001E ADCSRA = 0xC7; // ADEN=1, ADSC = 1 변환 시작
000076 ece7      	LDI  R30,LOW(199)
000077 b9e6      	OUT  0x6,R30
                 ; 0000 001F while((ADCSRA & 0x10) == 0); // ADIF=1이 될 때까지
                 _0x6:
000078 9b34      	SBIS 0x6,4
000079 cffe      	RJMP _0x6
                 ; 0000 0020 
                 ; 0000 0021 ad_val = (int)ADCL + ((int)ADCH << 8); // A/D 변환값 읽기
00007a b1e4      	IN   R30,0x4
00007b e0f0      	LDI  R31,0
00007c 01df      	MOVW R26,R30
00007d b1e5      	IN   R30,0x5
00007e 2ffe      	MOV  R31,R30
00007f e0e0      	LDI  R30,0
000080 0fea      	ADD  R30,R26
000081 1ffb      	ADC  R31,R27
000082 018f      	MOVW R16,R30
                 ; 0000 0022 
                 ; 0000 0023 AD_disp(ad_val); // A/D 변환값 표시
000083 01d8      	MOVW R26,R16
000084 d002      	RCALL _AD_disp
                 ; 0000 0024 }
000085 cff0      	RJMP _0x3
                 ; 0000 0025 }
                 _0x9:
000086 cfff      	RJMP _0x9
                 ; .FEND
                 ;void AD_disp(int val)
                 ; 0000 0028 {
                 _AD_disp:
                 ; .FSTART _AD_disp
                 ; 0000 0029 float fval;
                 ; 0000 002A int ival, buf;
                 ; 0000 002B u_char N100, N10, N1;
                 ; 0000 002C 
                 ; 0000 002D fval = (float)val * 5.0 / 1024.0; // 전압 값으로 변환
000087 93ba      	ST   -Y,R27
000088 93aa      	ST   -Y,R26
000089 9725      	SBIW R28,5
00008a d085      	RCALL __SAVELOCR6
                 ;	val -> Y+11
                 ;	fval -> Y+7
                 ;	ival -> R16,R17
                 ;	buf -> R18,R19
                 ;	N100 -> R21
                 ;	N10 -> R20
                 ;	N1 -> Y+6
00008b 85eb      	LDD  R30,Y+11
00008c 85fc      	LDD  R31,Y+11+1
                +
00008d 2f6f     +MOV R22 , R31
00008e 0f66     +ADD R22 , R22
00008f 0b66     +SBC R22 , R22
000090 2f76     +MOV R23 , R22
                 	__CWD1
000091 d13f      	RCALL __CDF1
                +
000092 e0a0     +LDI R26 , LOW ( 0x40A00000 )
000093 e0b0     +LDI R27 , HIGH ( 0x40A00000 )
000094 ea80     +LDI R24 , BYTE3 ( 0x40A00000 )
000095 e490     +LDI R25 , BYTE4 ( 0x40A00000 )
                 	__GETD2N 0x40A00000
000096 d1bc      	RCALL __MULF12
000097 01df      	MOVW R26,R30
000098 01cb      	MOVW R24,R22
                +
000099 e0e0     +LDI R30 , LOW ( 0x44800000 )
00009a e0f0     +LDI R31 , HIGH ( 0x44800000 )
00009b e860     +LDI R22 , BYTE3 ( 0x44800000 )
00009c e474     +LDI R23 , BYTE4 ( 0x44800000 )
                 	__GETD1N 0x44800000
00009d d203      	RCALL __DIVF21
                +
00009e 83ef     +STD Y + 7 , R30
00009f 87f8     +STD Y + 7 + 1 , R31
0000a0 8769     +STD Y + 7 + 2 , R22
0000a1 877a     +STD Y + 7 + 3 , R23
                 	__PUTD1S 7
                 ; 0000 002E ival = (int)(fval * 100.0 + 0.5); // 반올림 후 정수화, (소수 둘째자리까지)
                +
0000a2 81af     +LDD R26 , Y + 7
0000a3 85b8     +LDD R27 , Y + 7 + 1
0000a4 8589     +LDD R24 , Y + 7 + 2
0000a5 859a     +LDD R25 , Y + 7 + 3
                 	__GETD2S 7
                +
0000a6 e0e0     +LDI R30 , LOW ( 0x42C80000 )
0000a7 e0f0     +LDI R31 , HIGH ( 0x42C80000 )
0000a8 ec68     +LDI R22 , BYTE3 ( 0x42C80000 )
0000a9 e472     +LDI R23 , BYTE4 ( 0x42C80000 )
                 	__GETD1N 0x42C80000
0000aa d1a8      	RCALL __MULF12
                +
0000ab e0a0     +LDI R26 , LOW ( 0x3F000000 )
0000ac e0b0     +LDI R27 , HIGH ( 0x3F000000 )
0000ad e080     +LDI R24 , BYTE3 ( 0x3F000000 )
0000ae e39f     +LDI R25 , BYTE4 ( 0x3F000000 )
                 	__GETD2N 0x3F000000
0000af d154      	RCALL __ADDF12
0000b0 d0e9      	RCALL __CFD1
0000b1 018f      	MOVW R16,R30
                 ; 0000 002F 
                 ; 0000 0030 N100 = (ival*10) / 100; // 정수부 추출
0000b2 d036      	RCALL SUBOPT_0x0
0000b3 e6e4      	LDI  R30,LOW(100)
0000b4 e0f0      	LDI  R31,HIGH(100)
0000b5 d094      	RCALL __DIVW21
0000b6 2f5e      	MOV  R21,R30
                 ; 0000 0031 buf = ival % 100;
0000b7 01d8      	MOVW R26,R16
0000b8 e6e4      	LDI  R30,LOW(100)
0000b9 e0f0      	LDI  R31,HIGH(100)
0000ba d094      	RCALL __MODW21
0000bb 019f      	MOVW R18,R30
                 ; 0000 0032 
                 ; 0000 0033 N10 = (buf*10) / 10; // 소수 첫째 자리 추출
0000bc d02c      	RCALL SUBOPT_0x0
0000bd e0ea      	LDI  R30,LOW(10)
0000be e0f0      	LDI  R31,HIGH(10)
0000bf d08a      	RCALL __DIVW21
0000c0 2f4e      	MOV  R20,R30
                 ; 0000 0034 N1 = (buf*10) % 10; // 소수 둘째 자리 추출
0000c1 01f9      	MOVW R30,R18
0000c2 d026      	RCALL SUBOPT_0x0
0000c3 e0ea      	LDI  R30,LOW(10)
0000c4 e0f0      	LDI  R31,HIGH(10)
0000c5 d089      	RCALL __MODW21
0000c6 83ee      	STD  Y+6,R30
                 ; 0000 0035 
                 ; 0000 0036 PORTG = 0b00001000; // PG3=1, 소수 둘째 자리
0000c7 e0e8      	LDI  R30,LOW(8)
0000c8 93e0 0065 	STS  101,R30
                 ; 0000 0037 PORTD = ((seg_pat[N1] & 0x0F) << 4) | (PORTD & 0x0F);
0000ca d023      	RCALL SUBOPT_0x1
0000cb d028      	RCALL SUBOPT_0x2
                 ; 0000 0038 PORTB = (seg_pat[N1] & 0x70 ) | (PORTB & 0x0F);
0000cc d021      	RCALL SUBOPT_0x1
0000cd d02f      	RCALL SUBOPT_0x3
                 ; 0000 0039 delay_ms(1);
0000ce e0a1      	LDI  R26,LOW(1)
0000cf e0b0      	LDI  R27,0
0000d0 d214      	RCALL _delay_ms
                 ; 0000 003A 
                 ; 0000 003B PORTG = 0b00000100; // PG2=1, 소수 첫째 자리
0000d1 e0e4      	LDI  R30,LOW(4)
0000d2 93e0 0065 	STS  101,R30
                 ; 0000 003C PORTD = ((seg_pat[N10] & 0x0F) << 4) | (PORTD & 0x0F);
0000d4 d02f      	RCALL SUBOPT_0x4
0000d5 d01e      	RCALL SUBOPT_0x2
                 ; 0000 003D PORTB = (seg_pat[N10] & 0x70 ) | (PORTB & 0x0F);
0000d6 d02d      	RCALL SUBOPT_0x4
0000d7 d025      	RCALL SUBOPT_0x3
                 ; 0000 003E PORTB = PORTB | 0x80; // DP on(소수점)
0000d8 9ac7      	SBI  0x18,7
                 ; 0000 003F delay_ms(1);
0000d9 e0a1      	LDI  R26,LOW(1)
0000da e0b0      	LDI  R27,0
0000db d209      	RCALL _delay_ms
                 ; 0000 0040 
                 ; 0000 0041 PORTG = 0b00000010; // PG1=1, 정수부
0000dc e0e2      	LDI  R30,LOW(2)
0000dd 93e0 0065 	STS  101,R30
                 ; 0000 0042 PORTD = ((seg_pat[N100] & 0x0F) << 4) | (PORTD & 0x0F);
0000df d02a      	RCALL SUBOPT_0x5
0000e0 d013      	RCALL SUBOPT_0x2
                 ; 0000 0043 PORTB = (seg_pat[N100] & 0x70 ) | (PORTB & 0x0F);
0000e1 d028      	RCALL SUBOPT_0x5
0000e2 d01a      	RCALL SUBOPT_0x3
                 ; 0000 0044 delay_ms(1);
0000e3 e0a1      	LDI  R26,LOW(1)
0000e4 e0b0      	LDI  R27,0
0000e5 d1ff      	RCALL _delay_ms
                 ; 0000 0045 }
0000e6 d030      	RCALL __LOADLOCR6
0000e7 962d      	ADIW R28,13
0000e8 9508      	RET
                 ; .FEND
                 
                 	.CSEG
                 ;OPTIMIZER ADDED SUBROUTINE, CALLED 3 TIMES, CODE SIZE REDUCTION:4 WORDS
                 SUBOPT_0x0:
0000e9 e0aa      	LDI  R26,LOW(10)
0000ea e0b0      	LDI  R27,HIGH(10)
0000eb d046      	RCALL __MULW12
0000ec 01df      	MOVW R26,R30
0000ed 9508      	RET
                 
                 ;OPTIMIZER ADDED SUBROUTINE, CALLED 2 TIMES, CODE SIZE REDUCTION:2 WORDS
                 SUBOPT_0x1:
0000ee 81ee      	LDD  R30,Y+6
0000ef e0f0      	LDI  R31,0
0000f0 57e4      	SUBI R30,LOW(-_seg_pat*2)
0000f1 4fff      	SBCI R31,HIGH(-_seg_pat*2)
0000f2 91e4      	LPM  R30,Z
0000f3 9508      	RET
                 
                 ;OPTIMIZER ADDED SUBROUTINE, CALLED 3 TIMES, CODE SIZE REDUCTION:12 WORDS
                 SUBOPT_0x2:
0000f4 70ef      	ANDI R30,LOW(0xF)
0000f5 95e2      	SWAP R30
0000f6 7fe0      	ANDI R30,0xF0
0000f7 2fae      	MOV  R26,R30
0000f8 b3e2      	IN   R30,0x12
0000f9 70ef      	ANDI R30,LOW(0xF)
0000fa 2bea      	OR   R30,R26
0000fb bbe2      	OUT  0x12,R30
0000fc 9508      	RET
                 
                 ;OPTIMIZER ADDED SUBROUTINE, CALLED 3 TIMES, CODE SIZE REDUCTION:8 WORDS
                 SUBOPT_0x3:
0000fd 77e0      	ANDI R30,LOW(0x70)
0000fe 2fae      	MOV  R26,R30
0000ff b3e8      	IN   R30,0x18
000100 70ef      	ANDI R30,LOW(0xF)
000101 2bea      	OR   R30,R26
000102 bbe8      	OUT  0x18,R30
000103 9508      	RET
                 
                 ;OPTIMIZER ADDED SUBROUTINE, CALLED 2 TIMES, CODE SIZE REDUCTION:2 WORDS
                 SUBOPT_0x4:
000104 2fe4      	MOV  R30,R20
000105 e0f0      	LDI  R31,0
000106 57e4      	SUBI R30,LOW(-_seg_pat*2)
000107 4fff      	SBCI R31,HIGH(-_seg_pat*2)
000108 91e4      	LPM  R30,Z
000109 9508      	RET
                 
                 ;OPTIMIZER ADDED SUBROUTINE, CALLED 2 TIMES, CODE SIZE REDUCTION:2 WORDS
                 SUBOPT_0x5:
00010a 2fe5      	MOV  R30,R21
00010b e0f0      	LDI  R31,0
00010c 57e4      	SUBI R30,LOW(-_seg_pat*2)
00010d 4fff      	SBCI R31,HIGH(-_seg_pat*2)
00010e 91e4      	LPM  R30,Z
00010f 9508      	RET
                 
                 ;RUNTIME LIBRARY
                 
                 	.CSEG
                 __SAVELOCR6:
000110 935a      	ST   -Y,R21
                 __SAVELOCR5:
000111 934a      	ST   -Y,R20
                 __SAVELOCR4:
000112 933a      	ST   -Y,R19
                 __SAVELOCR3:
000113 932a      	ST   -Y,R18
                 __SAVELOCR2:
000114 931a      	ST   -Y,R17
000115 930a      	ST   -Y,R16
000116 9508      	RET
                 
                 __LOADLOCR6:
000117 815d      	LDD  R21,Y+5
                 __LOADLOCR5:
000118 814c      	LDD  R20,Y+4
                 __LOADLOCR4:
000119 813b      	LDD  R19,Y+3
                 __LOADLOCR3:
00011a 812a      	LDD  R18,Y+2
                 __LOADLOCR2:
00011b 8119      	LDD  R17,Y+1
00011c 8108      	LD   R16,Y
00011d 9508      	RET
                 
                 __ANEGW1:
00011e 95f1      	NEG  R31
00011f 95e1      	NEG  R30
000120 40f0      	SBCI R31,0
000121 9508      	RET
                 
                 __ANEGD1:
000122 95f0      	COM  R31
000123 9560      	COM  R22
000124 9570      	COM  R23
000125 95e1      	NEG  R30
000126 4fff      	SBCI R31,-1
000127 4f6f      	SBCI R22,-1
000128 4f7f      	SBCI R23,-1
000129 9508      	RET
                 
                 __MULW12U:
00012a 9ffa      	MUL  R31,R26
00012b 2df0      	MOV  R31,R0
00012c 9feb      	MUL  R30,R27
00012d 0df0      	ADD  R31,R0
00012e 9fea      	MUL  R30,R26
00012f 2de0      	MOV  R30,R0
000130 0df1      	ADD  R31,R1
000131 9508      	RET
                 
                 __MULW12:
000132 d02a      	RCALL __CHKSIGNW
000133 dff6      	RCALL __MULW12U
000134 f40e      	BRTC __MULW121
000135 dfe8      	RCALL __ANEGW1
                 __MULW121:
000136 9508      	RET
                 
                 __DIVW21U:
000137 2400      	CLR  R0
000138 2411      	CLR  R1
000139 e190      	LDI  R25,16
                 __DIVW21U1:
00013a 0faa      	LSL  R26
00013b 1fbb      	ROL  R27
00013c 1c00      	ROL  R0
00013d 1c11      	ROL  R1
00013e 1a0e      	SUB  R0,R30
00013f 0a1f      	SBC  R1,R31
000140 f418      	BRCC __DIVW21U2
000141 0e0e      	ADD  R0,R30
000142 1e1f      	ADC  R1,R31
000143 c001      	RJMP __DIVW21U3
                 __DIVW21U2:
000144 60a1      	SBR  R26,1
                 __DIVW21U3:
000145 959a      	DEC  R25
000146 f799      	BRNE __DIVW21U1
000147 01fd      	MOVW R30,R26
000148 01d0      	MOVW R26,R0
000149 9508      	RET
                 
                 __DIVW21:
00014a d012      	RCALL __CHKSIGNW
00014b dfeb      	RCALL __DIVW21U
00014c f40e      	BRTC __DIVW211
00014d dfd0      	RCALL __ANEGW1
                 __DIVW211:
00014e 9508      	RET
                 
                 __MODW21:
00014f 94e8      	CLT
000150 ffb7      	SBRS R27,7
000151 c004      	RJMP __MODW211
000152 95b1      	NEG  R27
000153 95a1      	NEG  R26
000154 40b0      	SBCI R27,0
000155 9468      	SET
                 __MODW211:
000156 fdf7      	SBRC R31,7
000157 dfc6      	RCALL __ANEGW1
000158 dfde      	RCALL __DIVW21U
000159 01fd      	MOVW R30,R26
00015a f40e      	BRTC __MODW212
00015b dfc2      	RCALL __ANEGW1
                 __MODW212:
00015c 9508      	RET
                 
                 __CHKSIGNW:
00015d 94e8      	CLT
00015e fff7      	SBRS R31,7
00015f c002      	RJMP __CHKSW1
000160 dfbd      	RCALL __ANEGW1
000161 9468      	SET
                 __CHKSW1:
000162 ffb7      	SBRS R27,7
000163 c006      	RJMP __CHKSW2
000164 95b1      	NEG  R27
000165 95a1      	NEG  R26
000166 40b0      	SBCI R27,0
000167 f800      	BLD  R0,0
000168 9403      	INC  R0
000169 fa00      	BST  R0,0
                 __CHKSW2:
00016a 9508      	RET
                 
                 __ROUND_REPACK:
00016b 2355      	TST  R21
00016c f442      	BRPL __REPACK
00016d 3850      	CPI  R21,0x80
00016e f411      	BRNE __ROUND_REPACK0
00016f ffe0      	SBRS R30,0
000170 c004      	RJMP __REPACK
                 __ROUND_REPACK0:
000171 9631      	ADIW R30,1
000172 1f69      	ADC  R22,R25
000173 1f79      	ADC  R23,R25
000174 f06b      	BRVS __REPACK1
                 
                 __REPACK:
000175 e850      	LDI  R21,0x80
000176 2757      	EOR  R21,R23
000177 f411      	BRNE __REPACK0
000178 935f      	PUSH R21
000179 c0c8      	RJMP __ZERORES
                 __REPACK0:
00017a 3f5f      	CPI  R21,0xFF
00017b f031      	BREQ __REPACK1
00017c 0f66      	LSL  R22
00017d 0c00      	LSL  R0
00017e 9557      	ROR  R21
00017f 9567      	ROR  R22
000180 2f75      	MOV  R23,R21
000181 9508      	RET
                 __REPACK1:
000182 935f      	PUSH R21
000183 2000      	TST  R0
000184 f00a      	BRMI __REPACK2
000185 c0c7      	RJMP __MAXRES
                 __REPACK2:
000186 c0c0      	RJMP __MINRES
                 
                 __UNPACK:
000187 e850      	LDI  R21,0x80
000188 2e19      	MOV  R1,R25
000189 2215      	AND  R1,R21
00018a 0f88      	LSL  R24
00018b 1f99      	ROL  R25
00018c 2795      	EOR  R25,R21
00018d 0f55      	LSL  R21
00018e 9587      	ROR  R24
                 
                 __UNPACK1:
00018f e850      	LDI  R21,0x80
000190 2e07      	MOV  R0,R23
000191 2205      	AND  R0,R21
000192 0f66      	LSL  R22
000193 1f77      	ROL  R23
000194 2775      	EOR  R23,R21
000195 0f55      	LSL  R21
000196 9567      	ROR  R22
000197 9508      	RET
                 
                 __CFD1U:
000198 9468      	SET
000199 c001      	RJMP __CFD1U0
                 __CFD1:
00019a 94e8      	CLT
                 __CFD1U0:
00019b 935f      	PUSH R21
00019c dff2      	RCALL __UNPACK1
00019d 3870      	CPI  R23,0x80
00019e f018      	BRLO __CFD10
00019f 3f7f      	CPI  R23,0xFF
0001a0 f408      	BRCC __CFD10
0001a1 c0a0      	RJMP __ZERORES
                 __CFD10:
0001a2 e156      	LDI  R21,22
0001a3 1b57      	SUB  R21,R23
0001a4 f4aa      	BRPL __CFD11
0001a5 9551      	NEG  R21
0001a6 3058      	CPI  R21,8
0001a7 f40e      	BRTC __CFD19
0001a8 3059      	CPI  R21,9
                 __CFD19:
0001a9 f030      	BRLO __CFD17
0001aa efef      	SER  R30
0001ab efff      	SER  R31
0001ac ef6f      	SER  R22
0001ad e77f      	LDI  R23,0x7F
0001ae f977      	BLD  R23,7
0001af c01a      	RJMP __CFD15
                 __CFD17:
0001b0 2777      	CLR  R23
0001b1 2355      	TST  R21
0001b2 f0b9      	BREQ __CFD15
                 __CFD18:
0001b3 0fee      	LSL  R30
0001b4 1fff      	ROL  R31
0001b5 1f66      	ROL  R22
0001b6 1f77      	ROL  R23
0001b7 955a      	DEC  R21
0001b8 f7d1      	BRNE __CFD18
0001b9 c010      	RJMP __CFD15
                 __CFD11:
0001ba 2777      	CLR  R23
                 __CFD12:
0001bb 3058      	CPI  R21,8
0001bc f028      	BRLO __CFD13
0001bd 2fef      	MOV  R30,R31
0001be 2ff6      	MOV  R31,R22
0001bf 2f67      	MOV  R22,R23
0001c0 5058      	SUBI R21,8
0001c1 cff9      	RJMP __CFD12
                 __CFD13:
0001c2 2355      	TST  R21
0001c3 f031      	BREQ __CFD15
                 __CFD14:
0001c4 9576      	LSR  R23
0001c5 9567      	ROR  R22
0001c6 95f7      	ROR  R31
0001c7 95e7      	ROR  R30
0001c8 955a      	DEC  R21
0001c9 f7d1      	BRNE __CFD14
                 __CFD15:
0001ca 2000      	TST  R0
0001cb f40a      	BRPL __CFD16
0001cc df55      	RCALL __ANEGD1
                 __CFD16:
0001cd 915f      	POP  R21
0001ce 9508      	RET
                 
                 __CDF1U:
0001cf 9468      	SET
0001d0 c001      	RJMP __CDF1U0
                 __CDF1:
0001d1 94e8      	CLT
                 __CDF1U0:
0001d2 9730      	SBIW R30,0
0001d3 4060      	SBCI R22,0
0001d4 4070      	SBCI R23,0
0001d5 f0b1      	BREQ __CDF10
0001d6 2400      	CLR  R0
0001d7 f026      	BRTS __CDF11
0001d8 2377      	TST  R23
0001d9 f412      	BRPL __CDF11
0001da 9400      	COM  R0
0001db df46      	RCALL __ANEGD1
                 __CDF11:
0001dc 2e17      	MOV  R1,R23
0001dd e17e      	LDI  R23,30
0001de 2011      	TST  R1
                 __CDF12:
0001df f032      	BRMI __CDF13
0001e0 957a      	DEC  R23
0001e1 0fee      	LSL  R30
0001e2 1fff      	ROL  R31
0001e3 1f66      	ROL  R22
0001e4 1c11      	ROL  R1
0001e5 cff9      	RJMP __CDF12
                 __CDF13:
0001e6 2fef      	MOV  R30,R31
0001e7 2ff6      	MOV  R31,R22
0001e8 2d61      	MOV  R22,R1
0001e9 935f      	PUSH R21
0001ea df8a      	RCALL __REPACK
0001eb 915f      	POP  R21
                 __CDF10:
0001ec 9508      	RET
                 
                 __SWAPACC:
0001ed 934f      	PUSH R20
0001ee 01af      	MOVW R20,R30
0001ef 01fd      	MOVW R30,R26
0001f0 01da      	MOVW R26,R20
0001f1 01ab      	MOVW R20,R22
0001f2 01bc      	MOVW R22,R24
0001f3 01ca      	MOVW R24,R20
0001f4 2d40      	MOV  R20,R0
0001f5 2c01      	MOV  R0,R1
0001f6 2e14      	MOV  R1,R20
0001f7 914f      	POP  R20
0001f8 9508      	RET
                 
                 __UADD12:
0001f9 0fea      	ADD  R30,R26
0001fa 1ffb      	ADC  R31,R27
0001fb 1f68      	ADC  R22,R24
0001fc 9508      	RET
                 
                 __NEGMAN1:
0001fd 95e0      	COM  R30
0001fe 95f0      	COM  R31
0001ff 9560      	COM  R22
000200 5fef      	SUBI R30,-1
000201 4fff      	SBCI R31,-1
000202 4f6f      	SBCI R22,-1
000203 9508      	RET
                 
                 __ADDF12:
000204 935f      	PUSH R21
000205 df81      	RCALL __UNPACK
000206 3890      	CPI  R25,0x80
000207 f139      	BREQ __ADDF129
                 
                 __ADDF120:
000208 3870      	CPI  R23,0x80
000209 f121      	BREQ __ADDF128
                 __ADDF121:
00020a 2f57      	MOV  R21,R23
00020b 1b59      	SUB  R21,R25
00020c f12b      	BRVS __ADDF1211
00020d f412      	BRPL __ADDF122
00020e dfde      	RCALL __SWAPACC
00020f cffa      	RJMP __ADDF121
                 __ADDF122:
000210 3158      	CPI  R21,24
000211 f018      	BRLO __ADDF123
000212 27aa      	CLR  R26
000213 27bb      	CLR  R27
000214 2788      	CLR  R24
                 __ADDF123:
000215 3058      	CPI  R21,8
000216 f028      	BRLO __ADDF124
000217 2fab      	MOV  R26,R27
000218 2fb8      	MOV  R27,R24
000219 2788      	CLR  R24
00021a 5058      	SUBI R21,8
00021b cff9      	RJMP __ADDF123
                 __ADDF124:
00021c 2355      	TST  R21
00021d f029      	BREQ __ADDF126
                 __ADDF125:
00021e 9586      	LSR  R24
00021f 95b7      	ROR  R27
000220 95a7      	ROR  R26
000221 955a      	DEC  R21
000222 f7d9      	BRNE __ADDF125
                 __ADDF126:
000223 2d50      	MOV  R21,R0
000224 2551      	EOR  R21,R1
000225 f072      	BRMI __ADDF127
000226 dfd2      	RCALL __UADD12
000227 f438      	BRCC __ADDF129
000228 9567      	ROR  R22
000229 95f7      	ROR  R31
00022a 95e7      	ROR  R30
00022b 9573      	INC  R23
00022c f413      	BRVC __ADDF129
00022d c01f      	RJMP __MAXRES
                 __ADDF128:
00022e dfbe      	RCALL __SWAPACC
                 __ADDF129:
00022f df45      	RCALL __REPACK
000230 915f      	POP  R21
000231 9508      	RET
                 __ADDF1211:
000232 f7d8      	BRCC __ADDF128
000233 cffb      	RJMP __ADDF129
                 __ADDF127:
000234 1bea      	SUB  R30,R26
000235 0bfb      	SBC  R31,R27
000236 0b68      	SBC  R22,R24
000237 f051      	BREQ __ZERORES
000238 f410      	BRCC __ADDF1210
000239 9400      	COM  R0
00023a dfc2      	RCALL __NEGMAN1
                 __ADDF1210:
00023b 2366      	TST  R22
00023c f392      	BRMI __ADDF129
00023d 0fee      	LSL  R30
00023e 1fff      	ROL  R31
00023f 1f66      	ROL  R22
000240 957a      	DEC  R23
000241 f7cb      	BRVC __ADDF1210
                 
                 __ZERORES:
000242 27ee      	CLR  R30
000243 27ff      	CLR  R31
000244 01bf      	MOVW R22,R30
000245 915f      	POP  R21
000246 9508      	RET
                 
                 __MINRES:
000247 efef      	SER  R30
000248 efff      	SER  R31
000249 e76f      	LDI  R22,0x7F
00024a ef7f      	SER  R23
00024b 915f      	POP  R21
00024c 9508      	RET
                 
                 __MAXRES:
00024d efef      	SER  R30
00024e efff      	SER  R31
00024f e76f      	LDI  R22,0x7F
000250 e77f      	LDI  R23,0x7F
000251 915f      	POP  R21
000252 9508      	RET
                 
                 __MULF12:
000253 935f      	PUSH R21
000254 df32      	RCALL __UNPACK
000255 3870      	CPI  R23,0x80
000256 f359      	BREQ __ZERORES
000257 3890      	CPI  R25,0x80
000258 f349      	BREQ __ZERORES
000259 2401      	EOR  R0,R1
00025a 9408      	SEC
00025b 1f79      	ADC  R23,R25
00025c f423      	BRVC __MULF124
00025d f324      	BRLT __ZERORES
                 __MULF125:
00025e 2000      	TST  R0
00025f f33a      	BRMI __MINRES
000260 cfec      	RJMP __MAXRES
                 __MULF124:
000261 920f      	PUSH R0
000262 931f      	PUSH R17
000263 932f      	PUSH R18
000264 933f      	PUSH R19
000265 934f      	PUSH R20
000266 2711      	CLR  R17
000267 2722      	CLR  R18
000268 2799      	CLR  R25
000269 9f68      	MUL  R22,R24
00026a 01a0      	MOVW R20,R0
00026b 9f8f      	MUL  R24,R31
00026c 2d30      	MOV  R19,R0
00026d 0d41      	ADD  R20,R1
00026e 1f59      	ADC  R21,R25
00026f 9f6b      	MUL  R22,R27
000270 0d30      	ADD  R19,R0
000271 1d41      	ADC  R20,R1
000272 1f59      	ADC  R21,R25
000273 9f8e      	MUL  R24,R30
000274 d027      	RCALL __MULF126
000275 9fbf      	MUL  R27,R31
000276 d025      	RCALL __MULF126
000277 9f6a      	MUL  R22,R26
000278 d023      	RCALL __MULF126
000279 9fbe      	MUL  R27,R30
00027a d01d      	RCALL __MULF127
00027b 9faf      	MUL  R26,R31
00027c d01b      	RCALL __MULF127
00027d 9fae      	MUL  R26,R30
00027e 0d11      	ADD  R17,R1
00027f 1f29      	ADC  R18,R25
000280 1f39      	ADC  R19,R25
000281 1f49      	ADC  R20,R25
000282 1f59      	ADC  R21,R25
000283 2fe3      	MOV  R30,R19
000284 2ff4      	MOV  R31,R20
000285 2f65      	MOV  R22,R21
000286 2f52      	MOV  R21,R18
000287 914f      	POP  R20
000288 913f      	POP  R19
000289 912f      	POP  R18
00028a 911f      	POP  R17
00028b 900f      	POP  R0
00028c 2366      	TST  R22
00028d f02a      	BRMI __MULF122
00028e 0f55      	LSL  R21
00028f 1fee      	ROL  R30
000290 1fff      	ROL  R31
000291 1f66      	ROL  R22
000292 c002      	RJMP __MULF123
                 __MULF122:
000293 9573      	INC  R23
000294 f24b      	BRVS __MULF125
                 __MULF123:
000295 ded5      	RCALL __ROUND_REPACK
000296 915f      	POP  R21
000297 9508      	RET
                 
                 __MULF127:
000298 0d10      	ADD  R17,R0
000299 1d21      	ADC  R18,R1
00029a 1f39      	ADC  R19,R25
00029b c002      	RJMP __MULF128
                 __MULF126:
00029c 0d20      	ADD  R18,R0
00029d 1d31      	ADC  R19,R1
                 __MULF128:
00029e 1f49      	ADC  R20,R25
00029f 1f59      	ADC  R21,R25
0002a0 9508      	RET
                 
                 __DIVF21:
0002a1 935f      	PUSH R21
0002a2 dee4      	RCALL __UNPACK
0002a3 3870      	CPI  R23,0x80
0002a4 f421      	BRNE __DIVF210
0002a5 2011      	TST  R1
                 __DIVF211:
0002a6 f40a      	BRPL __DIVF219
0002a7 cf9f      	RJMP __MINRES
                 __DIVF219:
0002a8 cfa4      	RJMP __MAXRES
                 __DIVF210:
0002a9 3890      	CPI  R25,0x80
0002aa f409      	BRNE __DIVF218
                 __DIVF217:
0002ab cf96      	RJMP __ZERORES
                 __DIVF218:
0002ac 2401      	EOR  R0,R1
0002ad 9408      	SEC
0002ae 0b97      	SBC  R25,R23
0002af f41b      	BRVC __DIVF216
0002b0 f3d4      	BRLT __DIVF217
0002b1 2000      	TST  R0
0002b2 cff3      	RJMP __DIVF211
                 __DIVF216:
0002b3 2f79      	MOV  R23,R25
0002b4 931f      	PUSH R17
0002b5 932f      	PUSH R18
0002b6 933f      	PUSH R19
0002b7 934f      	PUSH R20
0002b8 2411      	CLR  R1
0002b9 2711      	CLR  R17
0002ba 2722      	CLR  R18
0002bb 2733      	CLR  R19
0002bc 01a9      	MOVW R20,R18
0002bd e290      	LDI  R25,32
                 __DIVF212:
0002be 17ae      	CP   R26,R30
0002bf 07bf      	CPC  R27,R31
0002c0 0786      	CPC  R24,R22
0002c1 0741      	CPC  R20,R17
0002c2 f030      	BRLO __DIVF213
0002c3 1bae      	SUB  R26,R30
0002c4 0bbf      	SBC  R27,R31
0002c5 0b86      	SBC  R24,R22
0002c6 0b41      	SBC  R20,R17
0002c7 9408      	SEC
0002c8 c001      	RJMP __DIVF214
                 __DIVF213:
0002c9 9488      	CLC
                 __DIVF214:
0002ca 1f55      	ROL  R21
0002cb 1f22      	ROL  R18
0002cc 1f33      	ROL  R19
0002cd 1c11      	ROL  R1
0002ce 1faa      	ROL  R26
0002cf 1fbb      	ROL  R27
0002d0 1f88      	ROL  R24
0002d1 1f44      	ROL  R20
0002d2 959a      	DEC  R25
0002d3 f751      	BRNE __DIVF212
0002d4 01f9      	MOVW R30,R18
0002d5 2d61      	MOV  R22,R1
0002d6 914f      	POP  R20
0002d7 913f      	POP  R19
0002d8 912f      	POP  R18
0002d9 911f      	POP  R17
0002da 2366      	TST  R22
0002db f032      	BRMI __DIVF215
0002dc 0f55      	LSL  R21
0002dd 1fee      	ROL  R30
0002de 1fff      	ROL  R31
0002df 1f66      	ROL  R22
0002e0 957a      	DEC  R23
0002e1 f24b      	BRVS __DIVF217
                 __DIVF215:
0002e2 de88      	RCALL __ROUND_REPACK
0002e3 915f      	POP  R21
0002e4 9508      	RET
                 
                 _delay_ms:
0002e5 9610      	adiw r26,0
0002e6 f039      	breq __delay_ms1
                 __delay_ms0:
0002e7 95a8      	wdr
                +
0002e8 ea80     +LDI R24 , LOW ( 0xFA0 )
0002e9 e09f     +LDI R25 , HIGH ( 0xFA0 )
                +__DELAY_USW_LOOP :
0002ea 9701     +SBIW R24 , 1
0002eb f7f1     +BRNE __DELAY_USW_LOOP
                 	__DELAY_USW 0xFA0
0002ec 9711      	sbiw r26,1
0002ed f7c9      	brne __delay_ms0
                 __delay_ms1:
0002ee 9508      	ret
                 
                 ;END OF CODE MARKER
                 __END_OF_CODE:


RESOURCE USE INFORMATION
------------------------

Notice:
The register and instruction counts are symbol table hit counts,
and hence implicitly used resources are not counted, eg, the
'lpm' instruction without operands implicitly uses r0 and z,
none of which are counted.

x,y,z are separate entities in the symbol table and are
counted separately from r26..r31 here.

.dseg memory usage only counts static data declared with .byte

ATmega128A register use summary:
r0 :  33 r1 :  25 r2 :   0 r3 :   0 r4 :   0 r5 :   0 r6 :   0 r7 :   0 
r8 :   0 r9 :   0 r10:   0 r11:   0 r12:   0 r13:   0 r14:   0 r15:   0 
r16:   6 r17:  12 r18:  17 r19:  14 r20:  26 r21:  63 r22:  49 r23:  40 
r24:  27 r25:  31 r26:  45 r27:  32 r28:   3 r29:   1 r30: 112 r31:  57 
x  :   2 y  :  26 z  :   3 
Registers used: 21 out of 35 (60.0%)

ATmega128A instruction use summary:
.lds  :   0 .lds.l:   0 .sts  :   0 .sts.l:   0 adc   :  19 add   :  11 
adiw  :   3 and   :   2 andi  :   5 asr   :   0 bclr  :   0 bld   :   2 
brbc  :   0 brbs  :   0 brcc  :   5 brcs  :   0 break :   0 breq  :  11 
brge  :   0 brhc  :   0 brhs  :   0 brid  :   0 brie  :   0 brlo  :   6 
brlt  :   2 brmi  :   7 brne  :  13 brpl  :   6 brsh  :   0 brtc  :   4 
brts  :   1 brvc  :   4 brvs  :   4 bset  :   0 bst   :   1 call  :   0 
cbi   :   0 cbr   :   0 clc   :   1 clh   :   0 cli   :   1 cln   :   0 
clr   :  20 cls   :   0 clt   :   4 clv   :   0 clz   :   0 com   :   8 
cp    :   1 cpc   :   3 cpi   :  15 cpse  :   0 dec   :   9 des   :   0 
elpm  :   0 eor   :   6 fmul  :   0 fmuls :   0 fmulsu:   0 icall :   0 
ijmp  :   0 in    :   4 inc   :   3 jmp   :  36 ld    :   1 ldd   :  12 
ldi   :  71 lds   :   0 lpm   :   6 lsl   :  12 lsr   :   2 mov   :  35 
movw  :  23 mul   :  12 muls  :   0 mulsu :   0 neg   :   8 nop   :   0 
or    :   2 ori   :   0 out   :  13 pop   :  18 push  :  17 rcall :  62 
ret   :  32 reti  :   0 rjmp  :  30 rol   :  27 ror   :  12 sbc   :   8 
sbci  :  13 sbi   :   1 sbic  :   0 sbis  :   1 sbiw  :   5 sbr   :   1 
sbrc  :   1 sbrs  :   4 sec   :   3 seh   :   0 sei   :   0 sen   :   0 
ser   :   8 ses   :   0 set   :   4 sev   :   0 sez   :   0 sleep :   0 
spm   :   0 st    :  10 std   :   5 sts   :   5 sub   :   5 subi  :   6 
swap  :   1 tst   :  14 wdr   :   1 
Instructions used: 69 out of 117 (59.0%)

ATmega128A memory use summary [bytes]:
Segment   Begin    End      Code   Data   Used    Size   Use%
---------------------------------------------------------------
[.cseg] 0x000000 0x0005de   1492     10   1502  131072   1.1%
[.dseg] 0x000100 0x000500      0      0      0    4096   0.0%
[.eseg] 0x000000 0x000000      0      0      0    4096   0.0%

Assembly complete, 0 errors, 0 warnings
