
AVRASM ver. 2.1.30  D:\PJH\Embeded_Project\Debug\List\External_Interrupt.asm Mon Mar 25 17:34:50 2024

D:\PJH\Embeded_Project\Debug\List\External_Interrupt.asm(1419): warning: Register r5 already defined by the .DEF directive
D:\PJH\Embeded_Project\Debug\List\External_Interrupt.asm(1420): warning: Register r4 already defined by the .DEF directive
D:\PJH\Embeded_Project\Debug\List\External_Interrupt.asm(1421): warning: Register r7 already defined by the .DEF directive
D:\PJH\Embeded_Project\Debug\List\External_Interrupt.asm(1422): warning: Register r6 already defined by the .DEF directive
D:\PJH\Embeded_Project\Debug\List\External_Interrupt.asm(1423): warning: Register r9 already defined by the .DEF directive
D:\PJH\Embeded_Project\Debug\List\External_Interrupt.asm(1424): warning: Register r8 already defined by the .DEF directive
D:\PJH\Embeded_Project\Debug\List\External_Interrupt.asm(1425): warning: Register r11 already defined by the .DEF directive
D:\PJH\Embeded_Project\Debug\List\External_Interrupt.asm(1426): warning: Register r10 already defined by the .DEF directive
                 
                 
                 ;CodeVisionAVR C Compiler V3.52 
                 ;(C) Copyright 1998-2023 Pavel Haiduc, HP InfoTech S.R.L.
                 ;http://www.hpinfotech.ro
                 
                 ;Build configuration    : Debug
                 ;Chip type              : ATmega128A
                 ;Program type           : Application
                 ;Clock frequency        : 16.000000 MHz
                 ;Memory model           : Small
                 ;Optimize for           : Size
                 ;(s)printf features     : int, width
                 ;(s)scanf features      : int, width
                 ;External RAM size      : 0
                 ;Data Stack size        : 1024 byte(s)
                 ;Heap size              : 0 byte(s)
                 ;Promote 'char' to 'int': Yes
                 ;'char' is unsigned     : Yes
                 ;8 bit enums            : Yes
                 ;Global 'const' stored in FLASH: No
                 ;Enhanced function parameter passing: Mode 2
                 ;Enhanced core instructions: On
                 ;Automatic register allocation for global variables: On
                 ;Smart register allocation: On
                 
                 	#define _MODEL_SMALL_
                 
                 	#pragma AVRPART ADMIN PART_NAME ATmega128A
                 	#pragma AVRPART MEMORY PROG_FLASH 131072
                 	#pragma AVRPART MEMORY EEPROM 4096
                 	#pragma AVRPART MEMORY INT_SRAM SIZE 4096
                 	#pragma AVRPART MEMORY INT_SRAM START_ADDR 0x100
                 
                 	#define CALL_SUPPORTED 1
                 
                 	.LISTMAC
                 	.EQU UDRE=0x5
                 	.EQU RXC=0x7
                 	.EQU USR=0xB
                 	.EQU UDR=0xC
                 	.EQU SPSR=0xE
                 	.EQU SPDR=0xF
                 	.EQU EERE=0x0
                 	.EQU EEWE=0x1
                 	.EQU EEMWE=0x2
                 	.EQU EECR=0x1C
                 	.EQU EEDR=0x1D
                 	.EQU EEARL=0x1E
                 	.EQU EEARH=0x1F
                 	.EQU WDTCR=0x21
                 	.EQU MCUCR=0x35
                 	.EQU SPMCSR=0x68
                 	.EQU RAMPZ=0x3B
                 	.EQU SPL=0x3D
                 	.EQU SPH=0x3E
                 	.EQU SREG=0x3F
                 	.EQU XMCRA=0x6D
                 	.EQU XMCRB=0x6C
                 
                 	.DEF R0X0=R0
                 	.DEF R0X1=R1
                 	.DEF R0X2=R2
                 	.DEF R0X3=R3
                 	.DEF R0X4=R4
                 	.DEF R0X5=R5
                 	.DEF R0X6=R6
                 	.DEF R0X7=R7
                 	.DEF R0X8=R8
                 	.DEF R0X9=R9
                 	.DEF R0XA=R10
                 	.DEF R0XB=R11
                 	.DEF R0XC=R12
                 	.DEF R0XD=R13
                 	.DEF R0XE=R14
                 	.DEF R0XF=R15
                 	.DEF R0X10=R16
                 	.DEF R0X11=R17
                 	.DEF R0X12=R18
                 	.DEF R0X13=R19
                 	.DEF R0X14=R20
                 	.DEF R0X15=R21
                 	.DEF R0X16=R22
                 	.DEF R0X17=R23
                 	.DEF R0X18=R24
                 	.DEF R0X19=R25
                 	.DEF R0X1A=R26
                 	.DEF R0X1B=R27
                 	.DEF R0X1C=R28
                 	.DEF R0X1D=R29
                 	.DEF R0X1E=R30
                 	.DEF R0X1F=R31
                 
                 	.EQU __SRAM_START=0x0100
                 	.EQU __SRAM_END=0x10FF
                 	.EQU __DSTACK_SIZE=0x0400
                 	.EQU __HEAP_SIZE=0x0000
                 	.EQU __CLEAR_SRAM_SIZE=__SRAM_END-__SRAM_START+1
                 
                 	.EQU __FLASH_PAGE_SIZE=0x80
                 
                 	.MACRO __CPD1N
                 	CPI  R30,LOW(@0)
                 	LDI  R26,HIGH(@0)
                 	CPC  R31,R26
                 	LDI  R26,BYTE3(@0)
                 	CPC  R22,R26
                 	LDI  R26,BYTE4(@0)
                 	CPC  R23,R26
                 	.ENDM
                 
                 	.MACRO __CPD2N
                 	CPI  R26,LOW(@0)
                 	LDI  R30,HIGH(@0)
                 	CPC  R27,R30
                 	LDI  R30,BYTE3(@0)
                 	CPC  R24,R30
                 	LDI  R30,BYTE4(@0)
                 	CPC  R25,R30
                 	.ENDM
                 
                 	.MACRO __CPWRR
                 	CP   R@0,R@2
                 	CPC  R@1,R@3
                 	.ENDM
                 
                 	.MACRO __CPWRN
                 	CPI  R@0,LOW(@2)
                 	LDI  R30,HIGH(@2)
                 	CPC  R@1,R30
                 	.ENDM
                 
                 	.MACRO __ADDB1MN
                 	SUBI R30,LOW(-@0-(@1))
                 	.ENDM
                 
                 	.MACRO __ADDB2MN
                 	SUBI R26,LOW(-@0-(@1))
                 	.ENDM
                 
                 	.MACRO __ADDW1MN
                 	SUBI R30,LOW(-@0-(@1))
                 	SBCI R31,HIGH(-@0-(@1))
                 	.ENDM
                 
                 	.MACRO __ADDW2MN
                 	SUBI R26,LOW(-@0-(@1))
                 	SBCI R27,HIGH(-@0-(@1))
                 	.ENDM
                 
                 	.MACRO __ADDW1FN
                 	SUBI R30,LOW(-2*@0-(@1))
                 	SBCI R31,HIGH(-2*@0-(@1))
                 	.ENDM
                 
                 	.MACRO __ADDD1FN
                 	SUBI R30,LOW(-2*@0-(@1))
                 	SBCI R31,HIGH(-2*@0-(@1))
                 	SBCI R22,BYTE3(-2*@0-(@1))
                 	.ENDM
                 
                 	.MACRO __ADDD1N
                 	SUBI R30,LOW(-@0)
                 	SBCI R31,HIGH(-@0)
                 	SBCI R22,BYTE3(-@0)
                 	SBCI R23,BYTE4(-@0)
                 	.ENDM
                 
                 	.MACRO __ADDD2N
                 	SUBI R26,LOW(-@0)
                 	SBCI R27,HIGH(-@0)
                 	SBCI R24,BYTE3(-@0)
                 	SBCI R25,BYTE4(-@0)
                 	.ENDM
                 
                 	.MACRO __SUBD1N
                 	SUBI R30,LOW(@0)
                 	SBCI R31,HIGH(@0)
                 	SBCI R22,BYTE3(@0)
                 	SBCI R23,BYTE4(@0)
                 	.ENDM
                 
                 	.MACRO __SUBD2N
                 	SUBI R26,LOW(@0)
                 	SBCI R27,HIGH(@0)
                 	SBCI R24,BYTE3(@0)
                 	SBCI R25,BYTE4(@0)
                 	.ENDM
                 
                 	.MACRO __ANDBMNN
                 	LDS  R30,@0+(@1)
                 	ANDI R30,LOW(@2)
                 	STS  @0+(@1),R30
                 	.ENDM
                 
                 	.MACRO __ANDWMNN
                 	LDS  R30,@0+(@1)
                 	ANDI R30,LOW(@2)
                 	STS  @0+(@1),R30
                 	LDS  R30,@0+(@1)+1
                 	ANDI R30,HIGH(@2)
                 	STS  @0+(@1)+1,R30
                 	.ENDM
                 
                 	.MACRO __ANDD1N
                 	ANDI R30,LOW(@0)
                 	ANDI R31,HIGH(@0)
                 	ANDI R22,BYTE3(@0)
                 	ANDI R23,BYTE4(@0)
                 	.ENDM
                 
                 	.MACRO __ANDD2N
                 	ANDI R26,LOW(@0)
                 	ANDI R27,HIGH(@0)
                 	ANDI R24,BYTE3(@0)
                 	ANDI R25,BYTE4(@0)
                 	.ENDM
                 
                 	.MACRO __ORBMNN
                 	LDS  R30,@0+(@1)
                 	ORI  R30,LOW(@2)
                 	STS  @0+(@1),R30
                 	.ENDM
                 
                 	.MACRO __ORWMNN
                 	LDS  R30,@0+(@1)
                 	ORI  R30,LOW(@2)
                 	STS  @0+(@1),R30
                 	LDS  R30,@0+(@1)+1
                 	ORI  R30,HIGH(@2)
                 	STS  @0+(@1)+1,R30
                 	.ENDM
                 
                 	.MACRO __ORD1N
                 	ORI  R30,LOW(@0)
                 	ORI  R31,HIGH(@0)
                 	ORI  R22,BYTE3(@0)
                 	ORI  R23,BYTE4(@0)
                 	.ENDM
                 
                 	.MACRO __ORD2N
                 	ORI  R26,LOW(@0)
                 	ORI  R27,HIGH(@0)
                 	ORI  R24,BYTE3(@0)
                 	ORI  R25,BYTE4(@0)
                 	.ENDM
                 
                 	.MACRO __DELAY_USB
                 	LDI  R24,LOW(@0)
                 __DELAY_USB_LOOP:
                 	DEC  R24
                 	BRNE __DELAY_USB_LOOP
                 	.ENDM
                 
                 	.MACRO __DELAY_USW
                 	LDI  R24,LOW(@0)
                 	LDI  R25,HIGH(@0)
                 __DELAY_USW_LOOP:
                 	SBIW R24,1
                 	BRNE __DELAY_USW_LOOP
                 	.ENDM
                 
                 	.MACRO __GETW1P
                 	LD   R30,X+
                 	LD   R31,X
                 	SBIW R26,1
                 	.ENDM
                 
                 	.MACRO __GETD1S
                 	LDD  R30,Y+@0
                 	LDD  R31,Y+@0+1
                 	LDD  R22,Y+@0+2
                 	LDD  R23,Y+@0+3
                 	.ENDM
                 
                 	.MACRO __GETD2S
                 	LDD  R26,Y+@0
                 	LDD  R27,Y+@0+1
                 	LDD  R24,Y+@0+2
                 	LDD  R25,Y+@0+3
                 	.ENDM
                 
                 	.MACRO __GETD1P_INC
                 	LD   R30,X+
                 	LD   R31,X+
                 	LD   R22,X+
                 	LD   R23,X+
                 	.ENDM
                 
                 	.MACRO __GETD1P_DEC
                 	LD   R23,-X
                 	LD   R22,-X
                 	LD   R31,-X
                 	LD   R30,-X
                 	.ENDM
                 
                 	.MACRO __PUTDP1
                 	ST   X+,R30
                 	ST   X+,R31
                 	ST   X+,R22
                 	ST   X,R23
                 	.ENDM
                 
                 	.MACRO __PUTDP1_DEC
                 	ST   -X,R23
                 	ST   -X,R22
                 	ST   -X,R31
                 	ST   -X,R30
                 	.ENDM
                 
                 	.MACRO __PUTD1S
                 	STD  Y+@0,R30
                 	STD  Y+@0+1,R31
                 	STD  Y+@0+2,R22
                 	STD  Y+@0+3,R23
                 	.ENDM
                 
                 	.MACRO __PUTD2S
                 	STD  Y+@0,R26
                 	STD  Y+@0+1,R27
                 	STD  Y+@0+2,R24
                 	STD  Y+@0+3,R25
                 	.ENDM
                 
                 	.MACRO __PUTDZ2
                 	STD  Z+@0,R26
                 	STD  Z+@0+1,R27
                 	STD  Z+@0+2,R24
                 	STD  Z+@0+3,R25
                 	.ENDM
                 
                 	.MACRO __CLRD1S
                 	STD  Y+@0,R30
                 	STD  Y+@0+1,R30
                 	STD  Y+@0+2,R30
                 	STD  Y+@0+3,R30
                 	.ENDM
                 
                 	.MACRO __CPD10
                 	SBIW R30,0
                 	SBCI R22,0
                 	SBCI R23,0
                 	.ENDM
                 
                 	.MACRO __CPD20
                 	SBIW R26,0
                 	SBCI R24,0
                 	SBCI R25,0
                 	.ENDM
                 
                 	.MACRO __ADDD12
                 	ADD  R30,R26
                 	ADC  R31,R27
                 	ADC  R22,R24
                 	ADC  R23,R25
                 	.ENDM
                 
                 	.MACRO __ADDD21
                 	ADD  R26,R30
                 	ADC  R27,R31
                 	ADC  R24,R22
                 	ADC  R25,R23
                 	.ENDM
                 
                 	.MACRO __SUBD12
                 	SUB  R30,R26
                 	SBC  R31,R27
                 	SBC  R22,R24
                 	SBC  R23,R25
                 	.ENDM
                 
                 	.MACRO __SUBD21
                 	SUB  R26,R30
                 	SBC  R27,R31
                 	SBC  R24,R22
                 	SBC  R25,R23
                 	.ENDM
                 
                 	.MACRO __ANDD12
                 	AND  R30,R26
                 	AND  R31,R27
                 	AND  R22,R24
                 	AND  R23,R25
                 	.ENDM
                 
                 	.MACRO __ORD12
                 	OR   R30,R26
                 	OR   R31,R27
                 	OR   R22,R24
                 	OR   R23,R25
                 	.ENDM
                 
                 	.MACRO __XORD12
                 	EOR  R30,R26
                 	EOR  R31,R27
                 	EOR  R22,R24
                 	EOR  R23,R25
                 	.ENDM
                 
                 	.MACRO __XORD21
                 	EOR  R26,R30
                 	EOR  R27,R31
                 	EOR  R24,R22
                 	EOR  R25,R23
                 	.ENDM
                 
                 	.MACRO __COMD1
                 	COM  R30
                 	COM  R31
                 	COM  R22
                 	COM  R23
                 	.ENDM
                 
                 	.MACRO __MULD2_2
                 	LSL  R26
                 	ROL  R27
                 	ROL  R24
                 	ROL  R25
                 	.ENDM
                 
                 	.MACRO __LSRD1
                 	LSR  R23
                 	ROR  R22
                 	ROR  R31
                 	ROR  R30
                 	.ENDM
                 
                 	.MACRO __LSLD1
                 	LSL  R30
                 	ROL  R31
                 	ROL  R22
                 	ROL  R23
                 	.ENDM
                 
                 	.MACRO __ASRB4
                 	ASR  R30
                 	ASR  R30
                 	ASR  R30
                 	ASR  R30
                 	.ENDM
                 
                 	.MACRO __ASRW8
                 	MOV  R30,R31
                 	CLR  R31
                 	SBRC R30,7
                 	SER  R31
                 	.ENDM
                 
                 	.MACRO __LSRD16
                 	MOV  R30,R22
                 	MOV  R31,R23
                 	LDI  R22,0
                 	LDI  R23,0
                 	.ENDM
                 
                 	.MACRO __LSLD16
                 	MOV  R22,R30
                 	MOV  R23,R31
                 	LDI  R30,0
                 	LDI  R31,0
                 	.ENDM
                 
                 	.MACRO __CWD1
                 	MOV  R22,R31
                 	ADD  R22,R22
                 	SBC  R22,R22
                 	MOV  R23,R22
                 	.ENDM
                 
                 	.MACRO __CWD2
                 	MOV  R24,R27
                 	ADD  R24,R24
                 	SBC  R24,R24
                 	MOV  R25,R24
                 	.ENDM
                 
                 	.MACRO __SETMSD1
                 	SER  R31
                 	SER  R22
                 	SER  R23
                 	.ENDM
                 
                 	.MACRO __ADDW1R15
                 	CLR  R0
                 	ADD  R30,R15
                 	ADC  R31,R0
                 	.ENDM
                 
                 	.MACRO __ADDW2R15
                 	CLR  R0
                 	ADD  R26,R15
                 	ADC  R27,R0
                 	.ENDM
                 
                 	.MACRO __EQB12
                 	CP   R30,R26
                 	LDI  R30,1
                 	BREQ PC+2
                 	CLR  R30
                 	.ENDM
                 
                 	.MACRO __NEB12
                 	CP   R30,R26
                 	LDI  R30,1
                 	BRNE PC+2
                 	CLR  R30
                 	.ENDM
                 
                 	.MACRO __LEB12
                 	CP   R30,R26
                 	LDI  R30,1
                 	BRGE PC+2
                 	CLR  R30
                 	.ENDM
                 
                 	.MACRO __GEB12
                 	CP   R26,R30
                 	LDI  R30,1
                 	BRGE PC+2
                 	CLR  R30
                 	.ENDM
                 
                 	.MACRO __LTB12
                 	CP   R26,R30
                 	LDI  R30,1
                 	BRLT PC+2
                 	CLR  R30
                 	.ENDM
                 
                 	.MACRO __GTB12
                 	CP   R30,R26
                 	LDI  R30,1
                 	BRLT PC+2
                 	CLR  R30
                 	.ENDM
                 
                 	.MACRO __LEB12U
                 	CP   R30,R26
                 	LDI  R30,1
                 	BRSH PC+2
                 	CLR  R30
                 	.ENDM
                 
                 	.MACRO __GEB12U
                 	CP   R26,R30
                 	LDI  R30,1
                 	BRSH PC+2
                 	CLR  R30
                 	.ENDM
                 
                 	.MACRO __LTB12U
                 	CP   R26,R30
                 	LDI  R30,1
                 	BRLO PC+2
                 	CLR  R30
                 	.ENDM
                 
                 	.MACRO __GTB12U
                 	CP   R30,R26
                 	LDI  R30,1
                 	BRLO PC+2
                 	CLR  R30
                 	.ENDM
                 
                 	.MACRO __CPW01
                 	CLR  R0
                 	CP   R0,R30
                 	CPC  R0,R31
                 	.ENDM
                 
                 	.MACRO __CPW02
                 	CLR  R0
                 	CP   R0,R26
                 	CPC  R0,R27
                 	.ENDM
                 
                 	.MACRO __CPD12
                 	CP   R30,R26
                 	CPC  R31,R27
                 	CPC  R22,R24
                 	CPC  R23,R25
                 	.ENDM
                 
                 	.MACRO __CPD21
                 	CP   R26,R30
                 	CPC  R27,R31
                 	CPC  R24,R22
                 	CPC  R25,R23
                 	.ENDM
                 
                 	.MACRO __BSTB1
                 	CLT
                 	TST  R30
                 	BREQ PC+2
                 	SET
                 	.ENDM
                 
                 	.MACRO __LNEGB1
                 	TST  R30
                 	LDI  R30,1
                 	BREQ PC+2
                 	CLR  R30
                 	.ENDM
                 
                 	.MACRO __LNEGW1
                 	OR   R30,R31
                 	LDI  R30,1
                 	BREQ PC+2
                 	LDI  R30,0
                 	.ENDM
                 
                 	.MACRO __POINTB1MN
                 	LDI  R30,LOW(@0+(@1))
                 	.ENDM
                 
                 	.MACRO __POINTW1MN
                 	LDI  R30,LOW(@0+(@1))
                 	LDI  R31,HIGH(@0+(@1))
                 	.ENDM
                 
                 	.MACRO __POINTD1M
                 	LDI  R30,LOW(@0)
                 	LDI  R31,HIGH(@0)
                 	LDI  R22,BYTE3(@0)
                 	LDI  R23,BYTE4(@0)
                 	.ENDM
                 
                 	.MACRO __POINTW1FN
                 	LDI  R30,LOW(2*@0+(@1))
                 	LDI  R31,HIGH(2*@0+(@1))
                 	.ENDM
                 
                 	.MACRO __POINTD1FN
                 	LDI  R30,LOW(2*@0+(@1))
                 	LDI  R31,HIGH(2*@0+(@1))
                 	LDI  R22,BYTE3(2*@0+(@1))
                 	LDI  R23,BYTE4(2*@0+(@1))
                 	.ENDM
                 
                 	.MACRO __POINTB2MN
                 	LDI  R26,LOW(@0+(@1))
                 	.ENDM
                 
                 	.MACRO __POINTW2MN
                 	LDI  R26,LOW(@0+(@1))
                 	LDI  R27,HIGH(@0+(@1))
                 	.ENDM
                 
                 	.MACRO __POINTD2M
                 	LDI  R26,LOW(@0)
                 	LDI  R27,HIGH(@0)
                 	LDI  R24,BYTE3(@0)
                 	LDI  R25,BYTE4(@0)
                 	.ENDM
                 
                 	.MACRO __POINTW2FN
                 	LDI  R26,LOW(2*@0+(@1))
                 	LDI  R27,HIGH(2*@0+(@1))
                 	.ENDM
                 
                 	.MACRO __POINTD2FN
                 	LDI  R26,LOW(2*@0+(@1))
                 	LDI  R27,HIGH(2*@0+(@1))
                 	LDI  R24,BYTE3(2*@0+(@1))
                 	LDI  R25,BYTE4(2*@0+(@1))
                 	.ENDM
                 
                 	.MACRO __POINTBRM
                 	LDI  R@0,LOW(@1)
                 	.ENDM
                 
                 	.MACRO __POINTWRM
                 	LDI  R@0,LOW(@2)
                 	LDI  R@1,HIGH(@2)
                 	.ENDM
                 
                 	.MACRO __POINTBRMN
                 	LDI  R@0,LOW(@1+(@2))
                 	.ENDM
                 
                 	.MACRO __POINTWRMN
                 	LDI  R@0,LOW(@2+(@3))
                 	LDI  R@1,HIGH(@2+(@3))
                 	.ENDM
                 
                 	.MACRO __POINTWRFN
                 	LDI  R@0,LOW(@2*2+(@3))
                 	LDI  R@1,HIGH(@2*2+(@3))
                 	.ENDM
                 
                 	.MACRO __GETD1N
                 	LDI  R30,LOW(@0)
                 	LDI  R31,HIGH(@0)
                 	LDI  R22,BYTE3(@0)
                 	LDI  R23,BYTE4(@0)
                 	.ENDM
                 
                 	.MACRO __GETD2N
                 	LDI  R26,LOW(@0)
                 	LDI  R27,HIGH(@0)
                 	LDI  R24,BYTE3(@0)
                 	LDI  R25,BYTE4(@0)
                 	.ENDM
                 
                 	.MACRO __GETB1MN
                 	LDS  R30,@0+(@1)
                 	.ENDM
                 
                 	.MACRO __GETB1HMN
                 	LDS  R31,@0+(@1)
                 	.ENDM
                 
                 	.MACRO __GETW1MN
                 	LDS  R30,@0+(@1)
                 	LDS  R31,@0+(@1)+1
                 	.ENDM
                 
                 	.MACRO __GETD1MN
                 	LDS  R30,@0+(@1)
                 	LDS  R31,@0+(@1)+1
                 	LDS  R22,@0+(@1)+2
                 	LDS  R23,@0+(@1)+3
                 	.ENDM
                 
                 	.MACRO __GETBRMN
                 	LDS  R@0,@1+(@2)
                 	.ENDM
                 
                 	.MACRO __GETWRMN
                 	LDS  R@0,@2+(@3)
                 	LDS  R@1,@2+(@3)+1
                 	.ENDM
                 
                 	.MACRO __GETWRZ
                 	LDD  R@0,Z+@2
                 	LDD  R@1,Z+@2+1
                 	.ENDM
                 
                 	.MACRO __GETD2Z
                 	LDD  R26,Z+@0
                 	LDD  R27,Z+@0+1
                 	LDD  R24,Z+@0+2
                 	LDD  R25,Z+@0+3
                 	.ENDM
                 
                 	.MACRO __GETB2MN
                 	LDS  R26,@0+(@1)
                 	.ENDM
                 
                 	.MACRO __GETW2MN
                 	LDS  R26,@0+(@1)
                 	LDS  R27,@0+(@1)+1
                 	.ENDM
                 
                 	.MACRO __GETD2MN
                 	LDS  R26,@0+(@1)
                 	LDS  R27,@0+(@1)+1
                 	LDS  R24,@0+(@1)+2
                 	LDS  R25,@0+(@1)+3
                 	.ENDM
                 
                 	.MACRO __PUTB1MN
                 	STS  @0+(@1),R30
                 	.ENDM
                 
                 	.MACRO __PUTW1MN
                 	STS  @0+(@1),R30
                 	STS  @0+(@1)+1,R31
                 	.ENDM
                 
                 	.MACRO __PUTD1MN
                 	STS  @0+(@1),R30
                 	STS  @0+(@1)+1,R31
                 	STS  @0+(@1)+2,R22
                 	STS  @0+(@1)+3,R23
                 	.ENDM
                 
                 	.MACRO __PUTB1EN
                 	LDI  R26,LOW(@0+(@1))
                 	LDI  R27,HIGH(@0+(@1))
                 	CALL __EEPROMWRB
                 	.ENDM
                 
                 	.MACRO __PUTW1EN
                 	LDI  R26,LOW(@0+(@1))
                 	LDI  R27,HIGH(@0+(@1))
                 	CALL __EEPROMWRW
                 	.ENDM
                 
                 	.MACRO __PUTD1EN
                 	LDI  R26,LOW(@0+(@1))
                 	LDI  R27,HIGH(@0+(@1))
                 	CALL __EEPROMWRD
                 	.ENDM
                 
                 	.MACRO __PUTBR0MN
                 	STS  @0+(@1),R0
                 	.ENDM
                 
                 	.MACRO __PUTBMRN
                 	STS  @0+(@1),R@2
                 	.ENDM
                 
                 	.MACRO __PUTWMRN
                 	STS  @0+(@1),R@2
                 	STS  @0+(@1)+1,R@3
                 	.ENDM
                 
                 	.MACRO __PUTBZR
                 	STD  Z+@1,R@0
                 	.ENDM
                 
                 	.MACRO __PUTWZR
                 	STD  Z+@2,R@0
                 	STD  Z+@2+1,R@1
                 	.ENDM
                 
                 	.MACRO __GETW1R
                 	MOV  R30,R@0
                 	MOV  R31,R@1
                 	.ENDM
                 
                 	.MACRO __GETW2R
                 	MOV  R26,R@0
                 	MOV  R27,R@1
                 	.ENDM
                 
                 	.MACRO __GETWRN
                 	LDI  R@0,LOW(@2)
                 	LDI  R@1,HIGH(@2)
                 	.ENDM
                 
                 	.MACRO __PUTW1R
                 	MOV  R@0,R30
                 	MOV  R@1,R31
                 	.ENDM
                 
                 	.MACRO __PUTW2R
                 	MOV  R@0,R26
                 	MOV  R@1,R27
                 	.ENDM
                 
                 	.MACRO __ADDWRN
                 	SUBI R@0,LOW(-@2)
                 	SBCI R@1,HIGH(-@2)
                 	.ENDM
                 
                 	.MACRO __ADDWRR
                 	ADD  R@0,R@2
                 	ADC  R@1,R@3
                 	.ENDM
                 
                 	.MACRO __SUBWRN
                 	SUBI R@0,LOW(@2)
                 	SBCI R@1,HIGH(@2)
                 	.ENDM
                 
                 	.MACRO __SUBWRR
                 	SUB  R@0,R@2
                 	SBC  R@1,R@3
                 	.ENDM
                 
                 	.MACRO __ANDWRN
                 	ANDI R@0,LOW(@2)
                 	ANDI R@1,HIGH(@2)
                 	.ENDM
                 
                 	.MACRO __ANDWRR
                 	AND  R@0,R@2
                 	AND  R@1,R@3
                 	.ENDM
                 
                 	.MACRO __ORWRN
                 	ORI  R@0,LOW(@2)
                 	ORI  R@1,HIGH(@2)
                 	.ENDM
                 
                 	.MACRO __ORWRR
                 	OR   R@0,R@2
                 	OR   R@1,R@3
                 	.ENDM
                 
                 	.MACRO __EORWRR
                 	EOR  R@0,R@2
                 	EOR  R@1,R@3
                 	.ENDM
                 
                 	.MACRO __GETWRS
                 	LDD  R@0,Y+@2
                 	LDD  R@1,Y+@2+1
                 	.ENDM
                 
                 	.MACRO __PUTBSR
                 	STD  Y+@1,R@0
                 	.ENDM
                 
                 	.MACRO __PUTWSR
                 	STD  Y+@2,R@0
                 	STD  Y+@2+1,R@1
                 	.ENDM
                 
                 	.MACRO __MOVEWRR
                 	MOV  R@0,R@2
                 	MOV  R@1,R@3
                 	.ENDM
                 
                 	.MACRO __INWR
                 	IN   R@0,@2
                 	IN   R@1,@2+1
                 	.ENDM
                 
                 	.MACRO __OUTWR
                 	OUT  @2+1,R@1
                 	OUT  @2,R@0
                 	.ENDM
                 
                 	.MACRO __CALL1MN
                 	LDS  R30,@0+(@1)
                 	LDS  R31,@0+(@1)+1
                 	ICALL
                 	.ENDM
                 
                 	.MACRO __CALL1FN
                 	LDI  R30,LOW(2*@0+(@1))
                 	LDI  R31,HIGH(2*@0+(@1))
                 	CALL __GETW1PF
                 	ICALL
                 	.ENDM
                 
                 	.MACRO __CALL2EN
                 	PUSH R26
                 	PUSH R27
                 	LDI  R26,LOW(@0+(@1))
                 	LDI  R27,HIGH(@0+(@1))
                 	CALL __EEPROMRDW
                 	POP  R27
                 	POP  R26
                 	ICALL
                 	.ENDM
                 
                 	.MACRO __CALL2EX
                 	SUBI R26,LOW(-@0)
                 	SBCI R27,HIGH(-@0)
                 	CALL __EEPROMRDD
                 	ICALL
                 	.ENDM
                 
                 	.MACRO __GETW1STACK
                 	IN   R30,SPL
                 	IN   R31,SPH
                 	ADIW R30,@0+1
                 	LD   R0,Z+
                 	LD   R31,Z
                 	MOV  R30,R0
                 	.ENDM
                 
                 	.MACRO __GETD1STACK
                 	IN   R30,SPL
                 	IN   R31,SPH
                 	ADIW R30,@0+1
                 	LD   R0,Z+
                 	LD   R1,Z+
                 	LD   R22,Z
                 	MOVW R30,R0
                 	.ENDM
                 
                 	.MACRO __NBST
                 	BST  R@0,@1
                 	IN   R30,SREG
                 	LDI  R31,0x40
                 	EOR  R30,R31
                 	OUT  SREG,R30
                 	.ENDM
                 
                 
                 	.MACRO __PUTB1SN
                 	LDD  R26,Y+@0
                 	LDD  R27,Y+@0+1
                 	SUBI R26,LOW(-@1)
                 	SBCI R27,HIGH(-@1)
                 	ST   X,R30
                 	.ENDM
                 
                 	.MACRO __PUTW1SN
                 	LDD  R26,Y+@0
                 	LDD  R27,Y+@0+1
                 	SUBI R26,LOW(-@1)
                 	SBCI R27,HIGH(-@1)
                 	ST   X+,R30
                 	ST   X,R31
                 	.ENDM
                 
                 	.MACRO __PUTD1SN
                 	LDD  R26,Y+@0
                 	LDD  R27,Y+@0+1
                 	SUBI R26,LOW(-@1)
                 	SBCI R27,HIGH(-@1)
                 	ST   X+,R30
                 	ST   X+,R31
                 	ST   X+,R22
                 	ST   X,R23
                 	.ENDM
                 
                 	.MACRO __PUTB1SNS
                 	LDD  R26,Y+@0
                 	LDD  R27,Y+@0+1
                 	ADIW R26,@1
                 	ST   X,R30
                 	.ENDM
                 
                 	.MACRO __PUTW1SNS
                 	LDD  R26,Y+@0
                 	LDD  R27,Y+@0+1
                 	ADIW R26,@1
                 	ST   X+,R30
                 	ST   X,R31
                 	.ENDM
                 
                 	.MACRO __PUTD1SNS
                 	LDD  R26,Y+@0
                 	LDD  R27,Y+@0+1
                 	ADIW R26,@1
                 	ST   X+,R30
                 	ST   X+,R31
                 	ST   X+,R22
                 	ST   X,R23
                 	.ENDM
                 
                 	.MACRO __PUTB1PMN
                 	LDS  R26,@0
                 	LDS  R27,@0+1
                 	SUBI R26,LOW(-@1)
                 	SBCI R27,HIGH(-@1)
                 	ST   X,R30
                 	.ENDM
                 
                 	.MACRO __PUTW1PMN
                 	LDS  R26,@0
                 	LDS  R27,@0+1
                 	SUBI R26,LOW(-@1)
                 	SBCI R27,HIGH(-@1)
                 	ST   X+,R30
                 	ST   X,R31
                 	.ENDM
                 
                 	.MACRO __PUTD1PMN
                 	LDS  R26,@0
                 	LDS  R27,@0+1
                 	SUBI R26,LOW(-@1)
                 	SBCI R27,HIGH(-@1)
                 	ST   X+,R30
                 	ST   X+,R31
                 	ST   X+,R22
                 	ST   X,R23
                 	.ENDM
                 
                 	.MACRO __PUTB1PMNS
                 	LDS  R26,@0
                 	LDS  R27,@0+1
                 	ADIW R26,@1
                 	ST   X,R30
                 	.ENDM
                 
                 	.MACRO __PUTW1PMNS
                 	LDS  R26,@0
                 	LDS  R27,@0+1
                 	ADIW R26,@1
                 	ST   X+,R30
                 	ST   X,R31
                 	.ENDM
                 
                 	.MACRO __PUTD1PMNS
                 	LDS  R26,@0
                 	LDS  R27,@0+1
                 	ADIW R26,@1
                 	ST   X+,R30
                 	ST   X+,R31
                 	ST   X+,R22
                 	ST   X,R23
                 	.ENDM
                 
                 	.MACRO __PUTB1RN
                 	MOVW R26,R@0
                 	SUBI R26,LOW(-@1)
                 	SBCI R27,HIGH(-@1)
                 	ST   X,R30
                 	.ENDM
                 
                 	.MACRO __PUTW1RN
                 	MOVW R26,R@0
                 	SUBI R26,LOW(-@1)
                 	SBCI R27,HIGH(-@1)
                 	ST   X+,R30
                 	ST   X,R31
                 	.ENDM
                 
                 	.MACRO __PUTD1RN
                 	MOVW R26,R@0
                 	SUBI R26,LOW(-@1)
                 	SBCI R27,HIGH(-@1)
                 	ST   X+,R30
                 	ST   X+,R31
                 	ST   X+,R22
                 	ST   X,R23
                 	.ENDM
                 
                 	.MACRO __PUTB1RNS
                 	MOVW R26,R@0
                 	ADIW R26,@1
                 	ST   X,R30
                 	.ENDM
                 
                 	.MACRO __PUTW1RNS
                 	MOVW R26,R@0
                 	ADIW R26,@1
                 	ST   X+,R30
                 	ST   X,R31
                 	.ENDM
                 
                 	.MACRO __PUTD1RNS
                 	MOVW R26,R@0
                 	ADIW R26,@1
                 	ST   X+,R30
                 	ST   X+,R31
                 	ST   X+,R22
                 	ST   X,R23
                 	.ENDM
                 
                 	.MACRO __PUTB1RON
                 	MOV  R26,R@0
                 	MOV  R27,R@1
                 	SUBI R26,LOW(-@2)
                 	SBCI R27,HIGH(-@2)
                 	ST   X,R30
                 	.ENDM
                 
                 	.MACRO __PUTW1RON
                 	MOV  R26,R@0
                 	MOV  R27,R@1
                 	SUBI R26,LOW(-@2)
                 	SBCI R27,HIGH(-@2)
                 	ST   X+,R30
                 	ST   X,R31
                 	.ENDM
                 
                 	.MACRO __PUTD1RON
                 	MOV  R26,R@0
                 	MOV  R27,R@1
                 	SUBI R26,LOW(-@2)
                 	SBCI R27,HIGH(-@2)
                 	ST   X+,R30
                 	ST   X+,R31
                 	ST   X+,R22
                 	ST   X,R23
                 	.ENDM
                 
                 	.MACRO __PUTB1RONS
                 	MOV  R26,R@0
                 	MOV  R27,R@1
                 	ADIW R26,@2
                 	ST   X,R30
                 	.ENDM
                 
                 	.MACRO __PUTW1RONS
                 	MOV  R26,R@0
                 	MOV  R27,R@1
                 	ADIW R26,@2
                 	ST   X+,R30
                 	ST   X,R31
                 	.ENDM
                 
                 	.MACRO __PUTD1RONS
                 	MOV  R26,R@0
                 	MOV  R27,R@1
                 	ADIW R26,@2
                 	ST   X+,R30
                 	ST   X+,R31
                 	ST   X+,R22
                 	ST   X,R23
                 	.ENDM
                 
                 
                 	.MACRO __GETB1SX
                 	MOVW R30,R28
                 	SUBI R30,LOW(-@0)
                 	SBCI R31,HIGH(-@0)
                 	LD   R30,Z
                 	.ENDM
                 
                 	.MACRO __GETB1HSX
                 	MOVW R30,R28
                 	SUBI R30,LOW(-@0)
                 	SBCI R31,HIGH(-@0)
                 	LD   R31,Z
                 	.ENDM
                 
                 	.MACRO __GETW1SX
                 	MOVW R30,R28
                 	SUBI R30,LOW(-@0)
                 	SBCI R31,HIGH(-@0)
                 	CALL __GETW1Z
                 	.ENDM
                 
                 	.MACRO __GETD1SX
                 	MOVW R30,R28
                 	SUBI R30,LOW(-@0)
                 	SBCI R31,HIGH(-@0)
                 	CALL __GETD1Z
                 	.ENDM
                 
                 	.MACRO __GETB2SX
                 	MOVW R26,R28
                 	SUBI R26,LOW(-@0)
                 	SBCI R27,HIGH(-@0)
                 	LD   R26,X
                 	.ENDM
                 
                 	.MACRO __GETW2SX
                 	MOVW R26,R28
                 	SUBI R26,LOW(-@0)
                 	SBCI R27,HIGH(-@0)
                 	CALL __GETW2X
                 	.ENDM
                 
                 	.MACRO __GETD2SX
                 	MOVW R26,R28
                 	SUBI R26,LOW(-@0)
                 	SBCI R27,HIGH(-@0)
                 	CALL __GETD2X
                 	.ENDM
                 
                 	.MACRO __GETBRSX
                 	MOVW R30,R28
                 	SUBI R30,LOW(-@1)
                 	SBCI R31,HIGH(-@1)
                 	LD   R@0,Z
                 	.ENDM
                 
                 	.MACRO __GETWRSX
                 	MOVW R30,R28
                 	SUBI R30,LOW(-@2)
                 	SBCI R31,HIGH(-@2)
                 	LD   R@0,Z+
                 	LD   R@1,Z
                 	.ENDM
                 
                 	.MACRO __GETBRSX2
                 	MOVW R26,R28
                 	SUBI R26,LOW(-@1)
                 	SBCI R27,HIGH(-@1)
                 	LD   R@0,X
                 	.ENDM
                 
                 	.MACRO __GETWRSX2
                 	MOVW R26,R28
                 	SUBI R26,LOW(-@2)
                 	SBCI R27,HIGH(-@2)
                 	LD   R@0,X+
                 	LD   R@1,X
                 	.ENDM
                 
                 	.MACRO __LSLW8SX
                 	MOVW R30,R28
                 	SUBI R30,LOW(-@0)
                 	SBCI R31,HIGH(-@0)
                 	LD   R31,Z
                 	CLR  R30
                 	.ENDM
                 
                 	.MACRO __PUTB1SX
                 	MOVW R26,R28
                 	SUBI R26,LOW(-@0)
                 	SBCI R27,HIGH(-@0)
                 	ST   X,R30
                 	.ENDM
                 
                 	.MACRO __PUTW1SX
                 	MOVW R26,R28
                 	SUBI R26,LOW(-@0)
                 	SBCI R27,HIGH(-@0)
                 	ST   X+,R30
                 	ST   X,R31
                 	.ENDM
                 
                 	.MACRO __PUTD1SX
                 	MOVW R26,R28
                 	SUBI R26,LOW(-@0)
                 	SBCI R27,HIGH(-@0)
                 	ST   X+,R30
                 	ST   X+,R31
                 	ST   X+,R22
                 	ST   X,R23
                 	.ENDM
                 
                 	.MACRO __CLRW1SX
                 	MOVW R26,R28
                 	SUBI R26,LOW(-@0)
                 	SBCI R27,HIGH(-@0)
                 	ST   X+,R30
                 	ST   X,R30
                 	.ENDM
                 
                 	.MACRO __CLRD1SX
                 	MOVW R26,R28
                 	SUBI R26,LOW(-@0)
                 	SBCI R27,HIGH(-@0)
                 	ST   X+,R30
                 	ST   X+,R30
                 	ST   X+,R30
                 	ST   X,R30
                 	.ENDM
                 
                 	.MACRO __PUTB2SX
                 	MOVW R30,R28
                 	SUBI R30,LOW(-@0)
                 	SBCI R31,HIGH(-@0)
                 	ST   Z,R26
                 	.ENDM
                 
                 	.MACRO __PUTW2SX
                 	MOVW R30,R28
                 	SUBI R30,LOW(-@0)
                 	SBCI R31,HIGH(-@0)
                 	ST   Z+,R26
                 	ST   Z,R27
                 	.ENDM
                 
                 	.MACRO __PUTD2SX
                 	MOVW R30,R28
                 	SUBI R30,LOW(-@0)
                 	SBCI R31,HIGH(-@0)
                 	ST   Z+,R26
                 	ST   Z+,R27
                 	ST   Z+,R24
                 	ST   Z,R25
                 	.ENDM
                 
                 	.MACRO __PUTBSRX
                 	MOVW R30,R28
                 	SUBI R30,LOW(-@1)
                 	SBCI R31,HIGH(-@1)
                 	ST   Z,R@0
                 	.ENDM
                 
                 	.MACRO __PUTWSRX
                 	MOVW R30,R28
                 	SUBI R30,LOW(-@2)
                 	SBCI R31,HIGH(-@2)
                 	ST   Z+,R@0
                 	ST   Z,R@1
                 	.ENDM
                 
                 	.MACRO __PUTB1SNX
                 	MOVW R26,R28
                 	SUBI R26,LOW(-@0)
                 	SBCI R27,HIGH(-@0)
                 	LD   R0,X+
                 	LD   R27,X
                 	MOV  R26,R0
                 	SUBI R26,LOW(-@1)
                 	SBCI R27,HIGH(-@1)
                 	ST   X,R30
                 	.ENDM
                 
                 	.MACRO __PUTW1SNX
                 	MOVW R26,R28
                 	SUBI R26,LOW(-@0)
                 	SBCI R27,HIGH(-@0)
                 	LD   R0,X+
                 	LD   R27,X
                 	MOV  R26,R0
                 	SUBI R26,LOW(-@1)
                 	SBCI R27,HIGH(-@1)
                 	ST   X+,R30
                 	ST   X,R31
                 	.ENDM
                 
                 	.MACRO __PUTD1SNX
                 	MOVW R26,R28
                 	SUBI R26,LOW(-@0)
                 	SBCI R27,HIGH(-@0)
                 	LD   R0,X+
                 	LD   R27,X
                 	MOV  R26,R0
                 	SUBI R26,LOW(-@1)
                 	SBCI R27,HIGH(-@1)
                 	ST   X+,R30
                 	ST   X+,R31
                 	ST   X+,R22
                 	ST   X,R23
                 	.ENDM
                 
                 	.MACRO __MULBRR
                 	MULS R@0,R@1
                 	MOVW R30,R0
                 	.ENDM
                 
                 	.MACRO __MULBRRU
                 	MUL  R@0,R@1
                 	MOVW R30,R0
                 	.ENDM
                 
                 	.MACRO __MULBRR0
                 	MULS R@0,R@1
                 	.ENDM
                 
                 	.MACRO __MULBRRU0
                 	MUL  R@0,R@1
                 	.ENDM
                 
                 	.MACRO __MULBNWRU
                 	LDI  R26,@2
                 	MUL  R26,R@0
                 	MOVW R30,R0
                 	MUL  R26,R@1
                 	ADD  R31,R0
                 	.ENDM
                 
                 ;NAME DEFINITIONS FOR GLOBAL VARIABLES ALLOCATED TO REGISTERS
                 	.DEF _N1=R5
                 	.DEF _N10=R4
                 	.DEF _N100=R7
                 	.DEF _N1000=R6
                 	.DEF _pos=R9
                 	.DEF _hour=R8
                 	.DEF _min=R11
                 	.DEF _sec=R10
                 
                 	.CSEG
                 	.ORG 0x00
                 
                 ;START OF CODE MARKER
                 __START_OF_CODE:
                 
                 ;INTERRUPT VECTORS
000000 940c 0054 	JMP  __RESET
000002 940c 0000 	JMP  0x00
000004 940c 0000 	JMP  0x00
000006 940c 0000 	JMP  0x00
000008 940c 0000 	JMP  0x00
00000a 940c 00c6 	JMP  _external_int4
00000c 940c 0120 	JMP  _external_int5
00000e 940c 0000 	JMP  0x00
000010 940c 0000 	JMP  0x00
000012 940c 0000 	JMP  0x00
000014 940c 0000 	JMP  0x00
000016 940c 0000 	JMP  0x00
000018 940c 0000 	JMP  0x00
00001a 940c 0000 	JMP  0x00
00001c 940c 0000 	JMP  0x00
00001e 940c 0000 	JMP  0x00
000020 940c 0000 	JMP  0x00
000022 940c 0000 	JMP  0x00
000024 940c 0000 	JMP  0x00
000026 940c 0000 	JMP  0x00
000028 940c 0000 	JMP  0x00
00002a 940c 0000 	JMP  0x00
00002c 940c 0000 	JMP  0x00
00002e 940c 0000 	JMP  0x00
000030 940c 0000 	JMP  0x00
000032 940c 0000 	JMP  0x00
000034 940c 0000 	JMP  0x00
000036 940c 0000 	JMP  0x00
000038 940c 0000 	JMP  0x00
00003a 940c 0000 	JMP  0x00
00003c 940c 0000 	JMP  0x00
00003e 940c 0000 	JMP  0x00
000040 940c 0000 	JMP  0x00
000042 940c 0000 	JMP  0x00
000044 940c 0000 	JMP  0x00
                 
                 ;GLOBAL REGISTER VARIABLES INITIALIZATION
                 __REG_VARS:
000046 000c
000047 0000      	.DB  0xC,0x0,0x0,0x0
                 
                 _0x3:
000048 063f
000049 4f5b
00004a 6d66
00004b 077d      	.DB  0x3F,0x6,0x5B,0x4F,0x66,0x6D,0x7D,0x7
00004c 6f7f      	.DB  0x7F,0x6F
                 
                 __GLOBAL_INI_TBL:
00004d 0004      	.DW  0x04
00004e 0008      	.DW  0x08
00004f 008c      	.DW  __REG_VARS*2
                 
000050 000a      	.DW  0x0A
000051 0500      	.DW  _seg_pat
000052 0090      	.DW  _0x3*2
                 
                 _0xFFFFFFFF:
000053 0000      	.DW  0
                 
                 #define __GLOBAL_INI_TBL_PRESENT 1
                 
                 __RESET:
000054 94f8      	CLI
000055 27ee      	CLR  R30
000056 bbec      	OUT  EECR,R30
                 
                 ;INTERRUPT VECTORS ARE PLACED
                 ;AT THE START OF FLASH
000057 e0f1      	LDI  R31,1
000058 bff5      	OUT  MCUCR,R31
000059 bfe5      	OUT  MCUCR,R30
00005a 93e0 006c 	STS  XMCRB,R30
                 
                 ;CLEAR R2-R14
00005c e08d      	LDI  R24,(14-2)+1
00005d e0a2      	LDI  R26,2
00005e 27bb      	CLR  R27
                 __CLEAR_REG:
00005f 93ed      	ST   X+,R30
000060 958a      	DEC  R24
000061 f7e9      	BRNE __CLEAR_REG
                 
                 ;CLEAR SRAM
000062 e080      	LDI  R24,LOW(__CLEAR_SRAM_SIZE)
000063 e190      	LDI  R25,HIGH(__CLEAR_SRAM_SIZE)
000064 e0a0      	LDI  R26,LOW(__SRAM_START)
000065 e0b1      	LDI  R27,HIGH(__SRAM_START)
                 __CLEAR_SRAM:
000066 93ed      	ST   X+,R30
000067 9701      	SBIW R24,1
000068 f7e9      	BRNE __CLEAR_SRAM
                 
                 ;GLOBAL VARIABLES INITIALIZATION
000069 e9ea      	LDI  R30,LOW(__GLOBAL_INI_TBL*2)
00006a e0f0      	LDI  R31,HIGH(__GLOBAL_INI_TBL*2)
                 __GLOBAL_INI_NEXT:
00006b 9185      	LPM  R24,Z+
00006c 9195      	LPM  R25,Z+
00006d 9700      	SBIW R24,0
00006e f061      	BREQ __GLOBAL_INI_END
00006f 91a5      	LPM  R26,Z+
000070 91b5      	LPM  R27,Z+
000071 9005      	LPM  R0,Z+
000072 9015      	LPM  R1,Z+
000073 01bf      	MOVW R22,R30
000074 01f0      	MOVW R30,R0
                 __GLOBAL_INI_LOOP:
000075 9005      	LPM  R0,Z+
000076 920d      	ST   X+,R0
000077 9701      	SBIW R24,1
000078 f7e1      	BRNE __GLOBAL_INI_LOOP
000079 01fb      	MOVW R30,R22
00007a cff0      	RJMP __GLOBAL_INI_NEXT
                 __GLOBAL_INI_END:
                 
00007b bf8b      	OUT  RAMPZ,R24
                 
                 ;HARDWARE STACK POINTER INITIALIZATION
00007c efef      	LDI  R30,LOW(__SRAM_END-__HEAP_SIZE)
00007d bfed      	OUT  SPL,R30
00007e e1e0      	LDI  R30,HIGH(__SRAM_END-__HEAP_SIZE)
00007f bfee      	OUT  SPH,R30
                 
                 ;DATA STACK POINTER INITIALIZATION
000080 e0c0      	LDI  R28,LOW(__SRAM_START+__DSTACK_SIZE)
000081 e0d5      	LDI  R29,HIGH(__SRAM_START+__DSTACK_SIZE)
                 
000082 940c 0084 	JMP  _main
                 
                 	.ESEG
                 	.ORG 0x00
                 
                 	.DSEG
                 	.ORG 0x500
                 
                 	.CSEG
                 	#ifndef __SLEEP_DEFINED__
                 	#define __SLEEP_DEFINED__
                 	.EQU __se_bit=0x20
                 	.EQU __sm_mask=0x1C
                 	.EQU __sm_powerdown=0x10
                 	.EQU __sm_powersave=0x18
                 	.EQU __sm_standby=0x14
                 	.EQU __sm_ext_standby=0x1C
                 	.EQU __sm_adc_noise_red=0x08
                 	.SET power_ctrl_reg=mcucr
                 	#endif
                 
                 	.DSEG
                 ;void Time_out(void);
                 ;void main(void)
                 ; 0000 0015 {
                 
                 	.CSEG
                 _main:
                 ; .FSTART _main
                 ; 0000 0016 unsigned char i;
                 ; 0000 0017 
                 ; 0000 0018 DDRB = 0xF0;
                 ;	i -> R17
000084 efe0      	LDI  R30,LOW(240)
000085 bbe7      	OUT  0x17,R30
                 ; 0000 0019 DDRD = 0xF0;
000086 bbe1      	OUT  0x11,R30
                 ; 0000 001A DDRG = 0x0F;
000087 e0ef      	LDI  R30,LOW(15)
000088 93e0 0064 	STS  100,R30
                 ; 0000 001B 
                 ; 0000 001C EIMSK = 0b00110000;
00008a e3e0      	LDI  R30,LOW(48)
00008b bfe9      	OUT  0x39,R30
                 ; 0000 001D EICRB = 0b00001010;
00008c e0ea      	LDI  R30,LOW(10)
00008d bfea      	OUT  0x3A,R30
                 ; 0000 001E SREG = 0x80;
00008e e8e0      	LDI  R30,LOW(128)
00008f bfef      	OUT  0x3F,R30
                 ; 0000 001F 
                 ; 0000 0020 while(1)
                 _0x4:
                 ; 0000 0021 {
                 ; 0000 0022 for (i = 0; i < 49; i++)
000090 e010      	LDI  R17,LOW(0)
                 _0x8:
000091 3311      	CPI  R17,49
000092 f418      	BRSH _0x9
                 ; 0000 0023 {
                 ; 0000 0024 Time_out();
000093 d015      	RCALL _Time_out
                 ; 0000 0025 }
000094 5f1f      	SUBI R17,-1
000095 cffb      	RJMP _0x8
                 _0x9:
                 ; 0000 0026 sec = sec + 1; //  +1
000096 94a3      	INC  R10
                 ; 0000 0027 if(sec == 60)
000097 e3ec      	LDI  R30,LOW(60)
000098 15ea      	CP   R30,R10
000099 f469      	BRNE _0xA
                 ; 0000 0028 {
                 ; 0000 0029 sec = 0;
00009a 24aa      	CLR  R10
                 ; 0000 002A min = min + 1; //  +1
00009b 94b3      	INC  R11
                 ; 0000 002B if(min == 60)
00009c 15eb      	CP   R30,R11
00009d f449      	BRNE _0xB
                 ; 0000 002C {
                 ; 0000 002D min = 0;
00009e 24bb      	CLR  R11
                 ; 0000 002E hour = (hour + 1) % 24; //  +1
00009f 2de8      	MOV  R30,R8
0000a0 e0f0      	LDI  R31,0
0000a1 9631      	ADIW R30,1
0000a2 01df      	MOVW R26,R30
0000a3 e1e8      	LDI  R30,LOW(24)
0000a4 e0f0      	LDI  R31,HIGH(24)
0000a5 d0f3      	RCALL __MODW21
0000a6 2e8e      	MOV  R8,R30
                 ; 0000 002F } // end of min
                 ; 0000 0030 } // end of sec
                 _0xB:
                 ; 0000 0031 }
                 _0xA:
0000a7 cfe8      	RJMP _0x4
                 ; 0000 0032 }
                 _0xC:
0000a8 cfff      	RJMP _0xC
                 ; .FEND
                 ;void Time_out(void)
                 ; 0000 0035 {
                 _Time_out:
                 ; .FSTART _Time_out
                 ; 0000 0036 PORTG = 0b00001000;
0000a9 e0e8      	LDI  R30,LOW(8)
0000aa 93e0 0065 	STS  101,R30
                 ; 0000 0037 PORTD = ((seg_pat[min%10] & 0x0F) << 4) | (PORTD & 0x0F);
0000ac d083      	RCALL SUBOPT_0x0
0000ad d08b      	RCALL SUBOPT_0x1
                 ; 0000 0038 PORTB = (seg_pat[min % 10] & 0x70 ) | (PORTB & 0x0F);
0000ae d081      	RCALL SUBOPT_0x0
0000af d092      	RCALL SUBOPT_0x2
                 ; 0000 0039 delay_ms(5);
                 ; 0000 003A 
                 ; 0000 003B PORTG = 0b00000100; // 7-Seg DIG3 ON(PG2=1),  10 
0000b0 e0e4      	LDI  R30,LOW(4)
0000b1 93e0 0065 	STS  101,R30
                 ; 0000 003C PORTD = ((seg_pat[min / 10] & 0x0F) << 4) | (PORTD & 0x0F);
0000b3 d097      	RCALL SUBOPT_0x3
0000b4 d084      	RCALL SUBOPT_0x1
                 ; 0000 003D PORTB = (seg_pat[min / 10] & 0x70 ) | (PORTB & 0x0F);
0000b5 d095      	RCALL SUBOPT_0x3
0000b6 d08b      	RCALL SUBOPT_0x2
                 ; 0000 003E delay_ms(5);
                 ; 0000 003F 
                 ; 0000 0040 PORTG = 0b00000010; // 7-Seg DIG2 ON(PG1=1),  1 
0000b7 e0e2      	LDI  R30,LOW(2)
0000b8 93e0 0065 	STS  101,R30
                 ; 0000 0041 PORTD = ((seg_pat[hour % 10] & 0x0F) << 4) | (PORTD & 0x0F);
0000ba d099      	RCALL SUBOPT_0x4
0000bb d07d      	RCALL SUBOPT_0x1
                 ; 0000 0042 PORTB = (seg_pat[hour % 10] & 0x70 ) | (PORTB & 0x0F);
0000bc d097      	RCALL SUBOPT_0x4
0000bd d084      	RCALL SUBOPT_0x2
                 ; 0000 0043 delay_ms(5);
                 ; 0000 0044 
                 ; 0000 0045 PORTG = 0b00000001; // 7-Seg DIG1 ON(PG0=1),  10 
0000be e0e1      	LDI  R30,LOW(1)
0000bf 93e0 0065 	STS  101,R30
                 ; 0000 0046 PORTD = ((seg_pat[hour / 10] & 0x0F) << 4) | (PORTD & 0x0F);
0000c1 d09b      	RCALL SUBOPT_0x5
0000c2 d076      	RCALL SUBOPT_0x1
                 ; 0000 0047 PORTB = (seg_pat[hour / 10] & 0x70 ) | (PORTB & 0x0F);
0000c3 d099      	RCALL SUBOPT_0x5
0000c4 d07d      	RCALL SUBOPT_0x2
                 ; 0000 0048 delay_ms(5);
                 ; 0000 0049 }
0000c5 9508      	RET
                 ; .FEND
                 ;interrupt [6] void external_int4(void)
                 ; 0000 004C {
                 _external_int4:
                 ; .FSTART _external_int4
0000c6 920a      	ST   -Y,R0
0000c7 921a      	ST   -Y,R1
0000c8 939a      	ST   -Y,R25
0000c9 93aa      	ST   -Y,R26
0000ca 93ba      	ST   -Y,R27
0000cb 93ea      	ST   -Y,R30
0000cc 93fa      	ST   -Y,R31
0000cd b7ef      	IN   R30,SREG
0000ce 93ea      	ST   -Y,R30
                 ; 0000 004D N1 = min % 10;
0000cf 2dab      	MOV  R26,R11
0000d0 d095      	RCALL SUBOPT_0x6
0000d1 2e5e      	MOV  R5,R30
                 ; 0000 004E N10 = min / 10;
0000d2 2dab      	MOV  R26,R11
0000d3 d097      	RCALL SUBOPT_0x7
0000d4 2e4e      	MOV  R4,R30
                 ; 0000 004F N100 = hour % 10;
0000d5 2da8      	MOV  R26,R8
0000d6 d08f      	RCALL SUBOPT_0x6
0000d7 2e7e      	MOV  R7,R30
                 ; 0000 0050 N1000 = hour / 10;
0000d8 2da8      	MOV  R26,R8
0000d9 d091      	RCALL SUBOPT_0x7
0000da 2e6e      	MOV  R6,R30
                 ; 0000 0051 
                 ; 0000 0052 if (pos == 0) N1 = (N1 + 1) % 10;
0000db 2099      	TST  R9
0000dc f421      	BRNE _0xD
0000dd 2de5      	MOV  R30,R5
0000de d091      	RCALL SUBOPT_0x8
0000df 2e5e      	MOV  R5,R30
                 ; 0000 0053 else if (pos == 1) N10 = (N10 + 1) % 6;
0000e0 c02a      	RJMP _0xE
                 _0xD:
0000e1 e0e1      	LDI  R30,LOW(1)
0000e2 15e9      	CP   R30,R9
0000e3 f449      	BRNE _0xF
0000e4 2de4      	MOV  R30,R4
0000e5 e0f0      	LDI  R31,0
0000e6 9631      	ADIW R30,1
0000e7 01df      	MOVW R26,R30
0000e8 e0e6      	LDI  R30,LOW(6)
0000e9 e0f0      	LDI  R31,HIGH(6)
0000ea d0ae      	RCALL __MODW21
0000eb 2e4e      	MOV  R4,R30
                 ; 0000 0054 else if (pos == 2)
0000ec c01e      	RJMP _0x10
                 _0xF:
0000ed e0e2      	LDI  R30,LOW(2)
0000ee 15e9      	CP   R30,R9
0000ef f449      	BRNE _0x11
                 ; 0000 0055 {
                 ; 0000 0056 if (N1000 == 2) N100 = (N100 + 1) % 4;
0000f0 15e6      	CP   R30,R6
0000f1 f419      	BRNE _0x12
0000f2 2de7      	MOV  R30,R7
0000f3 d083      	RCALL SUBOPT_0x9
0000f4 c002      	RJMP _0x17
                 ; 0000 0057 else N100 = (N100 + 1) % 10;
                 _0x12:
0000f5 2de7      	MOV  R30,R7
0000f6 d079      	RCALL SUBOPT_0x8
                 _0x17:
0000f7 2e7e      	MOV  R7,R30
                 ; 0000 0058 }
                 ; 0000 0059 else
0000f8 c012      	RJMP _0x14
                 _0x11:
                 ; 0000 005A {
                 ; 0000 005B if(N100 < 4) N1000 = (N1000 + 1) % 3;
0000f9 e0e4      	LDI  R30,LOW(4)
0000fa 167e      	CP   R7,R30
0000fb f440      	BRSH _0x15
0000fc 2de6      	MOV  R30,R6
0000fd e0f0      	LDI  R31,0
0000fe 9631      	ADIW R30,1
0000ff 01df      	MOVW R26,R30
000100 e0e3      	LDI  R30,LOW(3)
000101 e0f0      	LDI  R31,HIGH(3)
000102 d096      	RCALL __MODW21
000103 c006      	RJMP _0x18
                 ; 0000 005C else N1000 = (N1000 + 1) % 2;
                 _0x15:
000104 2de6      	MOV  R30,R6
000105 e0f0      	LDI  R31,0
000106 9631      	ADIW R30,1
000107 e0a1      	LDI  R26,LOW(1)
000108 e0b0      	LDI  R27,HIGH(1)
000109 d09d      	RCALL __MANDW12
                 _0x18:
00010a 2e6e      	MOV  R6,R30
                 ; 0000 005D }
                 _0x14:
                 _0x10:
                 _0xE:
                 ; 0000 005E 
                 ; 0000 005F hour = N1000 * 10 + N100;
00010b 2de6      	MOV  R30,R6
00010c e0aa      	LDI  R26,LOW(10)
00010d 02ea      	MULS R30,R26
00010e 01f0      	MOVW R30,R0
00010f 0de7      	ADD  R30,R7
000110 2e8e      	MOV  R8,R30
                 ; 0000 0060 min = N10 * 10 + N1;
000111 2de4      	MOV  R30,R4
000112 02ea      	MULS R30,R26
000113 01f0      	MOVW R30,R0
000114 0de5      	ADD  R30,R5
000115 2ebe      	MOV  R11,R30
                 ; 0000 0061 }
000116 91e9      	LD   R30,Y+
000117 bfef      	OUT  SREG,R30
000118 91f9      	LD   R31,Y+
000119 91e9      	LD   R30,Y+
00011a 91b9      	LD   R27,Y+
00011b 91a9      	LD   R26,Y+
00011c 9199      	LD   R25,Y+
00011d 9019      	LD   R1,Y+
00011e 9009      	LD   R0,Y+
00011f 9518      	RETI
                 ; .FEND
                 ;interrupt [7] void external_int5(void)
                 ; 0000 0063 {
                 _external_int5:
                 ; .FSTART _external_int5
000120 93aa      	ST   -Y,R26
000121 93ba      	ST   -Y,R27
000122 93ea      	ST   -Y,R30
000123 93fa      	ST   -Y,R31
000124 b7ef      	IN   R30,SREG
000125 93ea      	ST   -Y,R30
                 ; 0000 0064 pos = (pos + 1) % 4;
000126 2de9      	MOV  R30,R9
000127 d04f      	RCALL SUBOPT_0x9
000128 2e9e      	MOV  R9,R30
                 ; 0000 0065 }
000129 91e9      	LD   R30,Y+
00012a bfef      	OUT  SREG,R30
00012b 91f9      	LD   R31,Y+
00012c 91e9      	LD   R30,Y+
00012d 91b9      	LD   R27,Y+
00012e 91a9      	LD   R26,Y+
00012f 9518      	RETI
                 ; .FEND
                 
                 	.DSEG
                 _seg_pat:
000500           	.BYTE 0xA
                 
                 	.CSEG
                 ;OPTIMIZER ADDED SUBROUTINE, CALLED 2 TIMES, CODE SIZE REDUCTION:5 WORDS
                 SUBOPT_0x0:
000130 2dab      	MOV  R26,R11
000131 27bb      	CLR  R27
000132 e0ea      	LDI  R30,LOW(10)
000133 e0f0      	LDI  R31,HIGH(10)
000134 d064      	RCALL __MODW21
000135 50e0      	SUBI R30,LOW(-_seg_pat)
000136 4ffb      	SBCI R31,HIGH(-_seg_pat)
000137 81e0      	LD   R30,Z
000138 9508      	RET
                 
                 ;OPTIMIZER ADDED SUBROUTINE, CALLED 4 TIMES, CODE SIZE REDUCTION:19 WORDS
                 SUBOPT_0x1:
000139 70ef      	ANDI R30,LOW(0xF)
00013a 95e2      	SWAP R30
00013b 7fe0      	ANDI R30,0xF0
00013c 2fae      	MOV  R26,R30
00013d b3e2      	IN   R30,0x12
00013e 70ef      	ANDI R30,LOW(0xF)
00013f 2bea      	OR   R30,R26
000140 bbe2      	OUT  0x12,R30
000141 9508      	RET
                 
                 ;OPTIMIZER ADDED SUBROUTINE, CALLED 4 TIMES, CODE SIZE REDUCTION:22 WORDS
                 SUBOPT_0x2:
000142 77e0      	ANDI R30,LOW(0x70)
000143 2fae      	MOV  R26,R30
000144 b3e8      	IN   R30,0x18
000145 70ef      	ANDI R30,LOW(0xF)
000146 2bea      	OR   R30,R26
000147 bbe8      	OUT  0x18,R30
000148 e0a5      	LDI  R26,LOW(5)
000149 e0b0      	LDI  R27,0
00014a c074      	RJMP _delay_ms
                 
                 ;OPTIMIZER ADDED SUBROUTINE, CALLED 2 TIMES, CODE SIZE REDUCTION:5 WORDS
                 SUBOPT_0x3:
00014b 2dab      	MOV  R26,R11
00014c e0b0      	LDI  R27,0
00014d e0ea      	LDI  R30,LOW(10)
00014e e0f0      	LDI  R31,HIGH(10)
00014f d044      	RCALL __DIVW21
000150 50e0      	SUBI R30,LOW(-_seg_pat)
000151 4ffb      	SBCI R31,HIGH(-_seg_pat)
000152 81e0      	LD   R30,Z
000153 9508      	RET
                 
                 ;OPTIMIZER ADDED SUBROUTINE, CALLED 2 TIMES, CODE SIZE REDUCTION:5 WORDS
                 SUBOPT_0x4:
000154 2da8      	MOV  R26,R8
000155 27bb      	CLR  R27
000156 e0ea      	LDI  R30,LOW(10)
000157 e0f0      	LDI  R31,HIGH(10)
000158 d040      	RCALL __MODW21
000159 50e0      	SUBI R30,LOW(-_seg_pat)
00015a 4ffb      	SBCI R31,HIGH(-_seg_pat)
00015b 81e0      	LD   R30,Z
00015c 9508      	RET
                 
                 ;OPTIMIZER ADDED SUBROUTINE, CALLED 2 TIMES, CODE SIZE REDUCTION:5 WORDS
                 SUBOPT_0x5:
00015d 2da8      	MOV  R26,R8
00015e e0b0      	LDI  R27,0
00015f e0ea      	LDI  R30,LOW(10)
000160 e0f0      	LDI  R31,HIGH(10)
000161 d032      	RCALL __DIVW21
000162 50e0      	SUBI R30,LOW(-_seg_pat)
000163 4ffb      	SBCI R31,HIGH(-_seg_pat)
000164 81e0      	LD   R30,Z
000165 9508      	RET
                 
                 ;OPTIMIZER ADDED SUBROUTINE, CALLED 2 TIMES, CODE SIZE REDUCTION:1 WORDS
                 SUBOPT_0x6:
000166 27bb      	CLR  R27
000167 e0ea      	LDI  R30,LOW(10)
000168 e0f0      	LDI  R31,HIGH(10)
000169 d02f      	RCALL __MODW21
00016a 9508      	RET
                 
                 ;OPTIMIZER ADDED SUBROUTINE, CALLED 2 TIMES, CODE SIZE REDUCTION:1 WORDS
                 SUBOPT_0x7:
00016b e0b0      	LDI  R27,0
00016c e0ea      	LDI  R30,LOW(10)
00016d e0f0      	LDI  R31,HIGH(10)
00016e d025      	RCALL __DIVW21
00016f 9508      	RET
                 
                 ;OPTIMIZER ADDED SUBROUTINE, CALLED 2 TIMES, CODE SIZE REDUCTION:3 WORDS
                 SUBOPT_0x8:
000170 e0f0      	LDI  R31,0
000171 9631      	ADIW R30,1
000172 01df      	MOVW R26,R30
000173 e0ea      	LDI  R30,LOW(10)
000174 e0f0      	LDI  R31,HIGH(10)
000175 d023      	RCALL __MODW21
000176 9508      	RET
                 
                 ;OPTIMIZER ADDED SUBROUTINE, CALLED 2 TIMES, CODE SIZE REDUCTION:2 WORDS
                 SUBOPT_0x9:
000177 e0f0      	LDI  R31,0
000178 9631      	ADIW R30,1
000179 e0a3      	LDI  R26,LOW(3)
00017a e0b0      	LDI  R27,HIGH(3)
00017b d02b      	RCALL __MANDW12
00017c 9508      	RET
                 
                 ;RUNTIME LIBRARY
                 
                 	.CSEG
                 __ANEGW1:
00017d 95f1      	NEG  R31
00017e 95e1      	NEG  R30
00017f 40f0      	SBCI R31,0
000180 9508      	RET
                 
                 __DIVW21U:
000181 2400      	CLR  R0
000182 2411      	CLR  R1
000183 e190      	LDI  R25,16
                 __DIVW21U1:
000184 0faa      	LSL  R26
000185 1fbb      	ROL  R27
000186 1c00      	ROL  R0
000187 1c11      	ROL  R1
000188 1a0e      	SUB  R0,R30
000189 0a1f      	SBC  R1,R31
00018a f418      	BRCC __DIVW21U2
00018b 0e0e      	ADD  R0,R30
00018c 1e1f      	ADC  R1,R31
00018d c001      	RJMP __DIVW21U3
                 __DIVW21U2:
00018e 60a1      	SBR  R26,1
                 __DIVW21U3:
00018f 959a      	DEC  R25
000190 f799      	BRNE __DIVW21U1
000191 01fd      	MOVW R30,R26
000192 01d0      	MOVW R26,R0
000193 9508      	RET
                 
                 __DIVW21:
000194 d01c      	RCALL __CHKSIGNW
000195 dfeb      	RCALL __DIVW21U
000196 f40e      	BRTC __DIVW211
000197 dfe5      	RCALL __ANEGW1
                 __DIVW211:
000198 9508      	RET
                 
                 __MODW21:
000199 94e8      	CLT
00019a ffb7      	SBRS R27,7
00019b c004      	RJMP __MODW211
00019c 95b1      	NEG  R27
00019d 95a1      	NEG  R26
00019e 40b0      	SBCI R27,0
00019f 9468      	SET
                 __MODW211:
0001a0 fdf7      	SBRC R31,7
0001a1 dfdb      	RCALL __ANEGW1
0001a2 dfde      	RCALL __DIVW21U
0001a3 01fd      	MOVW R30,R26
0001a4 f40e      	BRTC __MODW212
0001a5 dfd7      	RCALL __ANEGW1
                 __MODW212:
0001a6 9508      	RET
                 
                 __MANDW12:
0001a7 94e8      	CLT
0001a8 fff7      	SBRS R31,7
0001a9 c002      	RJMP __MANDW121
0001aa dfd2      	RCALL __ANEGW1
0001ab 9468      	SET
                 __MANDW121:
0001ac 23ea      	AND  R30,R26
0001ad 23fb      	AND  R31,R27
0001ae f40e      	BRTC __MANDW122
0001af dfcd      	RCALL __ANEGW1
                 __MANDW122:
0001b0 9508      	RET
                 
                 __CHKSIGNW:
0001b1 94e8      	CLT
0001b2 fff7      	SBRS R31,7
0001b3 c002      	RJMP __CHKSW1
0001b4 dfc8      	RCALL __ANEGW1
0001b5 9468      	SET
                 __CHKSW1:
0001b6 ffb7      	SBRS R27,7
0001b7 c006      	RJMP __CHKSW2
0001b8 95b1      	NEG  R27
0001b9 95a1      	NEG  R26
0001ba 40b0      	SBCI R27,0
0001bb f800      	BLD  R0,0
0001bc 9403      	INC  R0
0001bd fa00      	BST  R0,0
                 __CHKSW2:
0001be 9508      	RET
                 
                 _delay_ms:
0001bf 9610      	adiw r26,0
0001c0 f039      	breq __delay_ms1
                 __delay_ms0:
0001c1 95a8      	wdr
                +
0001c2 ea80     +LDI R24 , LOW ( 0xFA0 )
0001c3 e09f     +LDI R25 , HIGH ( 0xFA0 )
                +__DELAY_USW_LOOP :
0001c4 9701     +SBIW R24 , 1
0001c5 f7f1     +BRNE __DELAY_USW_LOOP
                 	__DELAY_USW 0xFA0
0001c6 9711      	sbiw r26,1
0001c7 f7c9      	brne __delay_ms0
                 __delay_ms1:
0001c8 9508      	ret
                 
                 ;END OF CODE MARKER
                 __END_OF_CODE:


RESOURCE USE INFORMATION
------------------------

Notice:
The register and instruction counts are symbol table hit counts,
and hence implicitly used resources are not counted, eg, the
'lpm' instruction without operands implicitly uses r0 and z,
none of which are counted.

x,y,z are separate entities in the symbol table and are
counted separately from r26..r31 here.

.dseg memory usage only counts static data declared with .byte

ATmega128A register use summary:
r0 :  16 r1 :   7 r2 :   0 r3 :   0 r4 :   4 r5 :   4 r6 :   6 r7 :   6 
r8 :   7 r9 :   5 r10:   3 r11:   8 r12:   0 r13:   0 r14:   0 r15:   0 
r16:   0 r17:   3 r18:   0 r19:   0 r20:   0 r21:   0 r22:   2 r23:   0 
r24:  10 r25:   7 r26:  39 r27:  24 r28:   1 r29:   1 r30: 131 r31:  35 
x  :   3 y  :  26 z  :  11 
Registers used: 23 out of 35 (65.7%)

ATmega128A instruction use summary:
.lds  :   0 .lds.l:   0 .sts  :   0 .sts.l:   0 adc   :   1 add   :   3 
adiw  :   7 and   :   2 andi  :   5 asr   :   0 bclr  :   0 bld   :   1 
brbc  :   0 brbs  :   0 brcc  :   1 brcs  :   0 break :   0 breq  :   2 
brge  :   0 brhc  :   0 brhs  :   0 brid  :   0 brie  :   0 brlo  :   0 
brlt  :   0 brmi  :   0 brne  :  12 brpl  :   0 brsh  :   2 brtc  :   3 
brts  :   0 brvc  :   0 brvs  :   0 bset  :   0 bst   :   1 call  :   0 
cbi   :   0 cbr   :   0 clc   :   0 clh   :   0 cli   :   1 cln   :   0 
clr   :   9 cls   :   0 clt   :   3 clv   :   0 clz   :   0 com   :   0 
cp    :   6 cpc   :   0 cpi   :   1 cpse  :   0 dec   :   2 des   :   0 
elpm  :   0 eor   :   0 fmul  :   0 fmuls :   0 fmulsu:   0 icall :   0 
ijmp  :   0 in    :   4 inc   :   3 jmp   :  36 ld    :  17 ldd   :   0 
ldi   :  66 lds   :   0 lpm   :   7 lsl   :   1 lsr   :   0 mov   :  32 
movw  :  12 mul   :   0 muls  :   2 mulsu :   0 neg   :   6 nop   :   0 
or    :   2 ori   :   0 out   :  15 pop   :   0 push  :   0 rcall :  46 
ret   :  17 reti  :   2 rjmp  :  15 rol   :   3 ror   :   0 sbc   :   1 
sbci  :   7 sbi   :   0 sbic  :   0 sbis  :   0 sbiw  :   5 sbr   :   1 
sbrc  :   1 sbrs  :   4 sec   :   0 seh   :   0 sei   :   0 sen   :   0 
ser   :   0 ses   :   0 set   :   3 sev   :   0 sez   :   0 sleep :   0 
spm   :   0 st    :  16 std   :   0 sts   :   6 sub   :   1 subi  :   5 
swap  :   1 tst   :   1 wdr   :   1 
Instructions used: 50 out of 117 (42.7%)

ATmega128A memory use summary [bytes]:
Segment   Begin    End      Code   Data   Used    Size   Use%
---------------------------------------------------------------
[.cseg] 0x000000 0x000392    886     28    914  131072   0.7%
[.dseg] 0x000100 0x00050a      0     10     10    4096   0.2%
[.eseg] 0x000000 0x000000      0      0      0    4096   0.0%

Assembly complete, 0 errors, 8 warnings
