14:54:13 **** Build of project servo_wrapper ****
buildplatform.bat 5721 servo_wrapper  
'\gnu\microblaze\lin\bin\'은(는) 내부 또는 외부 명령, 실행할 수 있는 프로그램, 또는
배치 파일이 아닙니다.
'\gnu\microblaze\nt\bin\'은(는) 내부 또는 외부 명령, 실행할 수 있는 프로그램, 또는
배치 파일이 아닙니다.
'\gnuwin\bin\'은(는) 내부 또는 외부 명령, 실행할 수 있는 프로그램, 또는
배치 파일이 아닙니다.
XSDB Server Channel: tcfchan#3
Reading the platform  : "servo_wrapper"
ERROR: [Hsi 55-1594] Core cpu of version 2.15 not found in repositories
ERROR: [Hsi 55-1594] Core uartlite of version 3.7 not found in repositories
ERROR: [Hsi 55-1594] Core bram of version 4.7 not found in repositories
ERROR: [Hsi 55-1594] Core bram of version 4.7 not found in repositories
ERROR: [Hsi 55-1594] Core standalone of version 7.7 not found in repositories
ERROR: [Hsi 55-1592] Current Software Design is not set
ERROR: [Hsi 55-1592] Current Software Design is not set
ERROR: [Hsi 55-1594] Core cpu of version 2.15 not found in repositories
ERROR: [Hsi 55-1594] Core uartlite of version 3.7 not found in repositories
ERROR: [Hsi 55-1594] Core bram of version 4.7 not found in repositories
ERROR: [Hsi 55-1594] Core bram of version 4.7 not found in repositories
ERROR: [Hsi 55-1594] Core standalone of version 7.7 not found in repositories
ERROR: [Hsi 55-1594] Core cpu of version 2.15 not found in repositories
ERROR: [Hsi 55-1594] Core uartlite of version 3.7 not found in repositories
ERROR: [Hsi 55-1594] Core bram of version 4.7 not found in repositories
ERROR: [Hsi 55-1594] Core bram of version 4.7 not found in repositories
ERROR: [Hsi 55-1594] Core standalone of version 7.7 not found in repositories
ERROR: [Hsi 55-1594] Core cpu of version 2.15 not found in repositories
ERROR: [Hsi 55-1594] Core uartlite of version 3.7 not found in repositories
ERROR: [Hsi 55-1594] Core bram of version 4.7 not found in repositories
ERROR: [Hsi 55-1594] Core bram of version 4.7 not found in repositories
ERROR: [Hsi 55-1594] Core standalone of version 7.7 not found in repositories
INFO: [Common 17-14] Message 'Hsi 55-1594' appears 100 times and further instances of the messages will be disabled. Use the Tcl command set_msg_config to change the current settings.
Reading the platform  : "servo_wrapper"
ERROR: [Hsi 55-1592] Current Software Design is not set
ERROR: [Hsi 55-1592] Current Software Design is not set
No Platform exists with name:  servo_wrapper
    invoked from within
"::tcf::eval -progress {apply {{msg} {puts $msg}}} {tcf_send_command tcfchan#0 xsdb eval s es {{platform active servo_wrapper; platform generate }}}"
    (procedure "::tcf::send_command" line 4)
    invoked from within
"tcf send_command $::xsdb::curchan xsdb eval s es [list "platform active $PLATFORM_NAME; platform generate $target"]"
    invoked from within
"if { $iswindows == 1 } {    

    set XSDB_PORT [lindex $argv 0]
    set PLATFORM_NAME [lindex $argv 1]
    set arglen [llength $argv]
    set lastind..."
    (file "C:/Xilinx/Vitis/2024.1\scripts\vitis\util\buildplatform.tcl" line 11)

14:54:17 Build Finished (took 3s.678ms)

