Copyright 1986-2022 Xilinx, Inc. All Rights Reserved. Copyright 2022-2024 Advanced Micro Devices, Inc. All Rights Reserved.
----------------------------------------------------------------------------------------------------------------------------------------------------
| Tool Version     : Vivado v.2024.1 (win64) Build 5076996 Wed May 22 18:37:14 MDT 2024
| Date             : Fri Jun 21 15:57:37 2024
| Host             : ST04 running 64-bit major release  (build 9200)
| Command          : report_power -file userMapTop_power_routed.rpt -pb userMapTop_power_summary_routed.pb -rpx userMapTop_power_routed.rpx
| Design           : userMapTop
| Device           : xc7a35tcpg236-1
| Design State     : routed
| Grade            : commercial
| Process          : typical
| Characterization : Production
----------------------------------------------------------------------------------------------------------------------------------------------------

Power Report

Table of Contents
-----------------
1. Summary
1.1 On-Chip Components
1.2 Power Supply Summary
1.3 Confidence Level
2. Settings
2.1 Environment
2.2 Clock Constraints
3. Detailed Reports
3.1 By Hierarchy

1. Summary
----------

+--------------------------+--------------+
| Total On-Chip Power (W)  | 0.201        |
| Design Power Budget (W)  | Unspecified* |
| Power Budget Margin (W)  | NA           |
| Dynamic (W)              | 0.128        |
| Device Static (W)        | 0.073        |
| Effective TJA (C/W)      | 5.0          |
| Max Ambient (C)          | 84.0         |
| Junction Temperature (C) | 26.0         |
| Confidence Level         | Medium       |
| Setting File             | ---          |
| Simulation Activity File | ---          |
| Design Nets Matched      | NA           |
+--------------------------+--------------+
* Specify Design Power Budget using, set_operating_conditions -design_power_budget <value in Watts>


1.1 On-Chip Components
----------------------

+--------------------------+-----------+----------+-----------+-----------------+
| On-Chip                  | Power (W) | Used     | Available | Utilization (%) |
+--------------------------+-----------+----------+-----------+-----------------+
| Clocks                   |     0.011 |       10 |       --- |             --- |
| Slice Logic              |     0.004 |     5578 |       --- |             --- |
|   LUT as Logic           |     0.003 |     1990 |     20800 |            9.57 |
|   LUT as Distributed RAM |    <0.001 |       96 |      9600 |            1.00 |
|   CARRY4                 |    <0.001 |       62 |      8150 |            0.76 |
|   Register               |    <0.001 |     2106 |     41600 |            5.06 |
|   F7/F8 Muxes            |    <0.001 |      111 |     32600 |            0.34 |
|   LUT as Shift Register  |    <0.001 |       75 |      9600 |            0.78 |
|   Others                 |    <0.001 |      518 |       --- |             --- |
| Signals                  |     0.006 |     3857 |       --- |             --- |
| Block RAM                |    <0.001 |       18 |        50 |           36.00 |
| MMCM                     |     0.106 |        1 |         5 |           20.00 |
| I/O                      |    <0.001 |       12 |       106 |           11.32 |
| Static Power             |     0.073 |          |           |                 |
| Total                    |     0.201 |          |           |                 |
+--------------------------+-----------+----------+-----------+-----------------+


1.2 Power Supply Summary
------------------------

+-----------+-------------+-----------+-------------+------------+-------------+-------------+------------+
| Source    | Voltage (V) | Total (A) | Dynamic (A) | Static (A) | Powerup (A) | Budget (A)  | Margin (A) |
+-----------+-------------+-----------+-------------+------------+-------------+-------------+------------+
| Vccint    |       1.000 |     0.032 |       0.022 |      0.010 |       NA    | Unspecified | NA         |
| Vccaux    |       1.800 |     0.071 |       0.059 |      0.013 |       NA    | Unspecified | NA         |
| Vcco33    |       3.300 |     0.001 |       0.000 |      0.001 |       NA    | Unspecified | NA         |
| Vcco25    |       2.500 |     0.000 |       0.000 |      0.000 |       NA    | Unspecified | NA         |
| Vcco18    |       1.800 |     0.000 |       0.000 |      0.000 |       NA    | Unspecified | NA         |
| Vcco15    |       1.500 |     0.000 |       0.000 |      0.000 |       NA    | Unspecified | NA         |
| Vcco135   |       1.350 |     0.000 |       0.000 |      0.000 |       NA    | Unspecified | NA         |
| Vcco12    |       1.200 |     0.000 |       0.000 |      0.000 |       NA    | Unspecified | NA         |
| Vccaux_io |       1.800 |     0.000 |       0.000 |      0.000 |       NA    | Unspecified | NA         |
| Vccbram   |       1.000 |     0.001 |       0.000 |      0.001 |       NA    | Unspecified | NA         |
| MGTAVcc   |       1.000 |     0.000 |       0.000 |      0.000 |       NA    | Unspecified | NA         |
| MGTAVtt   |       1.200 |     0.000 |       0.000 |      0.000 |       NA    | Unspecified | NA         |
| Vccadc    |       1.800 |     0.020 |       0.000 |      0.020 |       NA    | Unspecified | NA         |
+-----------+-------------+-----------+-------------+------------+-------------+-------------+------------+


1.3 Confidence Level
--------------------

+-----------------------------+------------+-------------------------------------------------------+------------------------------------------------------------------------------------------------------------+
| User Input Data             | Confidence | Details                                               | Action                                                                                                     |
+-----------------------------+------------+-------------------------------------------------------+------------------------------------------------------------------------------------------------------------+
| Design implementation state | High       | Design is routed                                      |                                                                                                            |
| Clock nodes activity        | High       | User specified more than 95% of clocks                |                                                                                                            |
| I/O nodes activity          | Medium     | More than 5% of inputs are missing user specification | Provide missing input activity with simulation results or by editing the "By Resource Type -> I/Os" view   |
| Internal nodes activity     | Medium     | User specified less than 25% of internal nodes        | Provide missing internal nodes activity with simulation results or by editing the "By Resource Type" views |
| Device models               | High       | Device models are Production                          |                                                                                                            |
|                             |            |                                                       |                                                                                                            |
| Overall confidence level    | Medium     |                                                       |                                                                                                            |
+-----------------------------+------------+-------------------------------------------------------+------------------------------------------------------------------------------------------------------------+


2. Settings
-----------

2.1 Environment
---------------

+-----------------------+--------------------------+
| Ambient Temp (C)      | 25.0                     |
| ThetaJA (C/W)         | 5.0                      |
| Airflow (LFM)         | 250                      |
| Heat Sink             | medium (Medium Profile)  |
| ThetaSA (C/W)         | 4.6                      |
| Board Selection       | medium (10"x10")         |
| # of Board Layers     | 12to15 (12 to 15 Layers) |
| Board Temperature (C) | 25.0                     |
+-----------------------+--------------------------+


2.2 Clock Constraints
---------------------

+-------------------------------------------------------------------------+--------------------------------------------------------------------+-----------------+
| Clock                                                                   | Domain                                                             | Constraint (ns) |
+-------------------------------------------------------------------------+--------------------------------------------------------------------+-----------------+
| clk_out1_system_clk_wiz_1_0                                             | system_wrapper/system_i/clk_wiz_1/inst/clk_out1_system_clk_wiz_1_0 |            10.0 |
| clk_out1_system_clk_wiz_1_0_1                                           | system_wrapper/system_i/clk_wiz_1/inst/clk_out1_system_clk_wiz_1_0 |            10.0 |
| clkfbout_system_clk_wiz_1_0                                             | system_wrapper/system_i/clk_wiz_1/inst/clkfbout_system_clk_wiz_1_0 |            10.0 |
| clkfbout_system_clk_wiz_1_0_1                                           | system_wrapper/system_i/clk_wiz_1/inst/clkfbout_system_clk_wiz_1_0 |            10.0 |
| sys_clk_pin                                                             | sys_clock                                                          |            10.0 |
| sys_clock                                                               | sys_clock                                                          |            10.0 |
| system_wrapper/system_i/mdm_1/U0/Use_E2.BSCAN_I/Use_E2.BSCANE2_I/DRCK   | system_wrapper/system_i/mdm_1/U0/Use_E2.BSCAN_I/DRCK               |            33.3 |
| system_wrapper/system_i/mdm_1/U0/Use_E2.BSCAN_I/Use_E2.BSCANE2_I/UPDATE | system_wrapper/system_i/mdm_1/U0/Use_E2.BSCAN_I/Dbg_Update_0       |            33.3 |
+-------------------------------------------------------------------------+--------------------------------------------------------------------+-----------------+


3. Detailed Reports
-------------------

3.1 By Hierarchy
----------------

+-------------------------------+-----------+
| Name                          | Power (W) |
+-------------------------------+-----------+
| userMapTop                    |     0.128 |
|   system_wrapper              |     0.125 |
|     system_i                  |     0.125 |
|       axi_bram_ctrl_0         |     0.001 |
|       clk_wiz_1               |     0.106 |
|       microblaze_0            |     0.012 |
|       microblaze_0_axi_intc   |     0.001 |
|       microblaze_0_axi_periph |     0.001 |
+-------------------------------+-----------+


