15:03:38 DEBUG : Logs will be stored at 'C:/Harman/Verilog/SoC_07_23_servo_axi/servo_new_vitis/IDE.log'.
15:03:46 INFO  : Launching XSCT server: xsct.bat -n  -interactive C:\Harman\Verilog\SoC_07_23_servo_axi\servo_new_vitis\temp_xsdb_launch_script.tcl
15:03:46 INFO  : Registering command handlers for Vitis TCF services
15:03:50 INFO  : Platform repository initialization has completed.
15:03:51 INFO  : XSCT server has started successfully.
15:03:51 INFO  : Successfully done setting XSCT server connection channel  
15:03:52 INFO  : plnx-install-location is set to ''
15:03:52 INFO  : Successfully done setting workspace for the tool. 
15:03:52 INFO  : Successfully done query RDI_DATADIR 
15:08:00 INFO  : Result from executing command 'getProjects': servo_wrapper
15:08:00 INFO  : Result from executing command 'getPlatforms': xilinx_vck190_base_202210_1|D:/Xilinx/Vitis/2022.1/base_platforms/xilinx_vck190_base_202210_1/xilinx_vck190_base_202210_1.xpfm;xilinx_vck190_base_dfx_202210_1|D:/Xilinx/Vitis/2022.1/base_platforms/xilinx_vck190_base_dfx_202210_1/xilinx_vck190_base_dfx_202210_1.xpfm;xilinx_vmk180_base_202210_1|D:/Xilinx/Vitis/2022.1/base_platforms/xilinx_vmk180_base_202210_1/xilinx_vmk180_base_202210_1.xpfm;xilinx_zcu102_base_202210_1|D:/Xilinx/Vitis/2022.1/base_platforms/xilinx_zcu102_base_202210_1/xilinx_zcu102_base_202210_1.xpfm;xilinx_zcu102_base_dfx_202210_1|D:/Xilinx/Vitis/2022.1/base_platforms/xilinx_zcu102_base_dfx_202210_1/xilinx_zcu102_base_dfx_202210_1.xpfm;xilinx_zcu104_base_202210_1|D:/Xilinx/Vitis/2022.1/base_platforms/xilinx_zcu104_base_202210_1/xilinx_zcu104_base_202210_1.xpfm
15:08:01 WARN  : An unexpected exception occurred in the module 'platform project logging'
15:08:02 INFO  : Platform 'servo_wrapper' is added to custom repositories.
15:08:06 INFO  : Platform 'servo_wrapper' is added to custom repositories.
15:08:25 INFO  : Checking for BSP changes to sync application flags for project 'servo'...
15:08:25 INFO  : Result from executing command 'getProjects': RemoteSystemsTempFiles;servo;servo_system;servo_wrapper
15:08:25 WARN  : Failed to closehw "C:/Harman/Verilog/SoC_07_23_servo_axi/servo_new_vitis/servo_wrapper/export/servo_wrapper/hw/servo_wrapper.xsa"
Reason: C:/Harman/Verilog/SoC_07_23_servo_axi/servo_new_vitis/servo_wrapper/export/servo_wrapper/hw/servo_wrapper.xsa is not available in the current workspace
use 'getprojects' command to see list of available projects in current workspace
15:08:25 INFO  : Result from executing command 'getProjects': RemoteSystemsTempFiles;servo;servo_system;servo_wrapper
15:08:25 ERROR : Failed to openhw "C:/Harman/Verilog/SoC_07_23_servo_axi/servo_new_vitis/servo_wrapper/export/servo_wrapper/hw/servo_wrapper.xsa"
Reason: C:/Harman/Verilog/SoC_07_23_servo_axi/servo_new_vitis/servo_wrapper/export/servo_wrapper/hw/servo_wrapper.xsa is not available in the current workspace
use 'getprojects' command to see list of available projects in current workspace
15:08:25 ERROR : Failed to update application flags from BSP for 'servo'. Reason: null
java.lang.NullPointerException: null
	at com.xilinx.sdx.sw.internal.SDxSwPlatform.<init>(SDxSwPlatform.java:305) ~[com.xilinx.sdx.sw_1.0.0.202204140305.jar:?]
	at com.xilinx.sdx.sw.internal.SDxSwPlatform.create(SDxSwPlatform.java:214) ~[com.xilinx.sdx.sw_1.0.0.202204140305.jar:?]
	at com.xilinx.sdx.sdk.core.util.SdkPlatformHelper.getSwPlatform(SdkPlatformHelper.java:64) ~[com.xilinx.sdx.sdk.core_1.0.0.202204140305.jar:?]
	at com.xilinx.sdx.sdk.core.build.SdkMakefileGenerationListener.getSwPlatform(SdkMakefileGenerationListener.java:160) ~[com.xilinx.sdx.sdk.core_1.0.0.202204140305.jar:?]
	at com.xilinx.sdx.sdk.core.build.SdkMakefileGenerationListener.syncAppFlags(SdkMakefileGenerationListener.java:78) [com.xilinx.sdx.sdk.core_1.0.0.202204140305.jar:?]
	at com.xilinx.sdx.sdk.core.build.SdkMakefileGenerationListener.preMakefileGeneration(SdkMakefileGenerationListener.java:48) [com.xilinx.sdx.sdk.core_1.0.0.202204140305.jar:?]
	at com.xilinx.sdk.managedbuilder.XilinxGnuMakefileGenerator.notifyPreMakefileGenerationListeners(XilinxGnuMakefileGenerator.java:91) [com.xilinx.sdk.managedbuilder_1.0.0.202204140305.jar:?]
	at com.xilinx.sdk.managedbuilder.XilinxGnuMakefileGenerator.regenerateMakefiles(XilinxGnuMakefileGenerator.java:75) [com.xilinx.sdk.managedbuilder_1.0.0.202204140305.jar:?]
	at org.eclipse.cdt.managedbuilder.internal.core.CommonBuilder.performMakefileGeneration(CommonBuilder.java:1006) [org.eclipse.cdt.managedbuilder.core_8.6.0.201802261533.jar:?]
	at org.eclipse.cdt.managedbuilder.internal.core.CommonBuilder.performPrebuildGeneration(CommonBuilder.java:873) [org.eclipse.cdt.managedbuilder.core_8.6.0.201802261533.jar:?]
	at org.eclipse.cdt.managedbuilder.internal.core.CommonBuilder.build(CommonBuilder.java:748) [org.eclipse.cdt.managedbuilder.core_8.6.0.201802261533.jar:?]
	at org.eclipse.cdt.managedbuilder.internal.core.CommonBuilder.build(CommonBuilder.java:513) [org.eclipse.cdt.managedbuilder.core_8.6.0.201802261533.jar:?]
	at org.eclipse.cdt.managedbuilder.internal.core.CommonBuilder.build(CommonBuilder.java:459) [org.eclipse.cdt.managedbuilder.core_8.6.0.201802261533.jar:?]
	at org.eclipse.core.internal.events.BuildManager$2.run(BuildManager.java:832) [org.eclipse.core.resources_3.13.700.v20200209-1624.jar:?]
	at org.eclipse.core.runtime.SafeRunner.run(SafeRunner.java:45) [org.eclipse.equinox.common_3.11.0.v20200206-0817.jar:?]
	at org.eclipse.core.internal.events.BuildManager.basicBuild(BuildManager.java:220) [org.eclipse.core.resources_3.13.700.v20200209-1624.jar:?]
	at org.eclipse.core.internal.events.BuildManager.basicBuild(BuildManager.java:263) [org.eclipse.core.resources_3.13.700.v20200209-1624.jar:?]
	at org.eclipse.core.internal.events.BuildManager$1.run(BuildManager.java:316) [org.eclipse.core.resources_3.13.700.v20200209-1624.jar:?]
	at org.eclipse.core.runtime.SafeRunner.run(SafeRunner.java:45) [org.eclipse.equinox.common_3.11.0.v20200206-0817.jar:?]
	at org.eclipse.core.internal.events.BuildManager.basicBuild(BuildManager.java:319) [org.eclipse.core.resources_3.13.700.v20200209-1624.jar:?]
	at org.eclipse.core.internal.events.BuildManager.basicBuildLoop(BuildManager.java:371) [org.eclipse.core.resources_3.13.700.v20200209-1624.jar:?]
	at org.eclipse.core.internal.events.BuildManager.build(BuildManager.java:392) [org.eclipse.core.resources_3.13.700.v20200209-1624.jar:?]
	at org.eclipse.core.internal.resources.Workspace.buildInternal(Workspace.java:515) [org.eclipse.core.resources_3.13.700.v20200209-1624.jar:?]
	at org.eclipse.core.internal.resources.Workspace.build(Workspace.java:412) [org.eclipse.core.resources_3.13.700.v20200209-1624.jar:?]
	at org.eclipse.ui.actions.BuildAction$1.runInWorkspace(BuildAction.java:291) [org.eclipse.ui.ide_3.17.0.v20200217-1511.jar:?]
	at org.eclipse.core.internal.resources.InternalWorkspaceJob.run(InternalWorkspaceJob.java:42) [org.eclipse.core.resources_3.13.700.v20200209-1624.jar:?]
	at org.eclipse.core.internal.jobs.Worker.run(Worker.java:63) [org.eclipse.core.jobs_3.10.700.v20200106-1020.jar:?]
15:08:26 ERROR : Failed to compute checksum of hardware specification file used by project 'servo'
15:08:26 INFO  : Result from executing command 'getProjects': RemoteSystemsTempFiles;servo;servo_system;servo_wrapper
15:08:26 ERROR : Failed to openhw "C:/Harman/Verilog/SoC_07_23_servo_axi/servo_new_vitis/servo_wrapper/export/servo_wrapper/hw/servo_wrapper.xsa"
Reason: C:/Harman/Verilog/SoC_07_23_servo_axi/servo_new_vitis/servo_wrapper/export/servo_wrapper/hw/servo_wrapper.xsa is not available in the current workspace
use 'getprojects' command to see list of available projects in current workspace
15:08:26 INFO  : Result from executing command 'getProjects': RemoteSystemsTempFiles;servo;servo_system;servo_wrapper
15:08:26 ERROR : Failed to openhw "C:/Harman/Verilog/SoC_07_23_servo_axi/servo_new_vitis/servo_wrapper/export/servo_wrapper/hw/servo_wrapper.xsa"
Reason: C:/Harman/Verilog/SoC_07_23_servo_axi/servo_new_vitis/servo_wrapper/export/servo_wrapper/hw/servo_wrapper.xsa is not available in the current workspace
use 'getprojects' command to see list of available projects in current workspace
15:08:26 INFO  : Result from executing command 'getProjects': RemoteSystemsTempFiles;servo;servo_system;servo_wrapper
15:08:26 ERROR : Failed to openhw "C:/Harman/Verilog/SoC_07_23_servo_axi/servo_new_vitis/servo_wrapper/export/servo_wrapper/hw/servo_wrapper.xsa"
Reason: C:/Harman/Verilog/SoC_07_23_servo_axi/servo_new_vitis/servo_wrapper/export/servo_wrapper/hw/servo_wrapper.xsa is not available in the current workspace
use 'getprojects' command to see list of available projects in current workspace
16:25:27 INFO  : Result from executing command 'removePlatformRepo': 
16:25:38 INFO  : Checking for BSP changes to sync application flags for project 'servo'...
16:25:38 ERROR : Failed to get platform details for the project 'servo'. Cannot sync application flags.
