
*** Running vivado
    with args -log mb1_wrapper.vds -m64 -product Vivado -mode batch -messageDb vivado.pb -notrace -source mb1_wrapper.tcl



****** Vivado v2024.1 (64-bit)
  **** SW Build 5076996 on Wed May 22 18:37:14 MDT 2024
  **** IP Build 5075265 on Wed May 22 21:45:21 MDT 2024
  **** SharedData Build 5076995 on Wed May 22 18:29:18 MDT 2024
  **** Start of session at: Sun Jun 23 12:33:44 2024
    ** Copyright 1986-2022 Xilinx, Inc. All Rights Reserved.
    ** Copyright 2022-2024 Advanced Micro Devices, Inc. All Rights Reserved.

source mb1_wrapper.tcl -notrace
create_project: Time (s): cpu = 00:00:04 ; elapsed = 00:00:05 . Memory (MB): peak = 614.586 ; gain = 200.246
INFO: [IP_Flow 19-234] Refreshing IP repositories
INFO: [IP_Flow 19-1704] No user IP repositories specified
INFO: [IP_Flow 19-2313] Loaded Vivado IP repository 'C:/Xilinx/Vivado/2024.1/data/ip'.
Command: read_checkpoint -auto_incremental -incremental C:/Harman/Verilog/SoC_06_23_HelloWorld/SoC_06_23_HelloWorld.srcs/utils_1/imports/synth_1/mb1_wrapper.dcp
INFO: [Vivado 12-5825] Read reference checkpoint from C:/Harman/Verilog/SoC_06_23_HelloWorld/SoC_06_23_HelloWorld.srcs/utils_1/imports/synth_1/mb1_wrapper.dcp for incremental synthesis
INFO: [Vivado 12-7989] Please ensure there are no constraint changes
Command: synth_design -top mb1_wrapper -part xc7a35tcpg236-1
Starting synth_design
Attempting to get a license for feature 'Synthesis' and/or device 'xc7a35t'
INFO: [Common 17-349] Got license for feature 'Synthesis' and/or device 'xc7a35t'
INFO: [Device 21-403] Loading part xc7a35tcpg236-1
INFO: [Device 21-9227] Part: xc7a35tcpg236-1 does not have CEAM library.
INFO: [Designutils 20-5440] No compile time benefit to using incremental synthesis; A full resynthesis will be run
INFO: [Designutils 20-4379] Flow is switching to default flow due to incremental criteria not met. If you would like to alter this behaviour and have the flow terminate instead, please set the following parameter config_implementation {autoIncr.Synth.RejectBehavior Terminate}
INFO: [Synth 8-7079] Multithreading enabled for synth_design using a maximum of 2 processes.
INFO: [Synth 8-7078] Launching helper process for spawning children vivado processes
INFO: [Synth 8-7075] Helper process launched with PID 17388
---------------------------------------------------------------------------------
Starting RTL Elaboration : Time (s): cpu = 00:00:03 ; elapsed = 00:00:04 . Memory (MB): peak = 1493.473 ; gain = 448.426
---------------------------------------------------------------------------------
INFO: [Synth 8-6157] synthesizing module 'mb1_wrapper' [C:/Harman/Verilog/SoC_06_23_HelloWorld/SoC_06_23_HelloWorld.gen/sources_1/bd/mb1/hdl/mb1_wrapper.v:13]
INFO: [Synth 8-6157] synthesizing module 'mb1' [c:/Harman/Verilog/SoC_06_23_HelloWorld/SoC_06_23_HelloWorld.gen/sources_1/bd/mb1/synth/mb1.v:13]
INFO: [Synth 8-6157] synthesizing module 'mb1_axi_uartlite_0_0' [C:/Harman/Verilog/SoC_06_23_HelloWorld/SoC_06_23_HelloWorld.runs/synth_1/.Xil/Vivado-17704-Park/realtime/mb1_axi_uartlite_0_0_stub.v:6]
INFO: [Synth 8-6155] done synthesizing module 'mb1_axi_uartlite_0_0' (0#1) [C:/Harman/Verilog/SoC_06_23_HelloWorld/SoC_06_23_HelloWorld.runs/synth_1/.Xil/Vivado-17704-Park/realtime/mb1_axi_uartlite_0_0_stub.v:6]
WARNING: [Synth 8-7071] port 'interrupt' of module 'mb1_axi_uartlite_0_0' is unconnected for instance 'axi_uartlite_0' [c:/Harman/Verilog/SoC_06_23_HelloWorld/SoC_06_23_HelloWorld.gen/sources_1/bd/mb1/synth/mb1.v:101]
WARNING: [Synth 8-7023] instance 'axi_uartlite_0' of module 'mb1_axi_uartlite_0_0' has 22 connections declared, but only 21 given [c:/Harman/Verilog/SoC_06_23_HelloWorld/SoC_06_23_HelloWorld.gen/sources_1/bd/mb1/synth/mb1.v:101]
INFO: [Synth 8-6157] synthesizing module 'mb1_clk_wiz_1_0' [C:/Harman/Verilog/SoC_06_23_HelloWorld/SoC_06_23_HelloWorld.runs/synth_1/.Xil/Vivado-17704-Park/realtime/mb1_clk_wiz_1_0_stub.v:6]
INFO: [Synth 8-6155] done synthesizing module 'mb1_clk_wiz_1_0' (0#1) [C:/Harman/Verilog/SoC_06_23_HelloWorld/SoC_06_23_HelloWorld.runs/synth_1/.Xil/Vivado-17704-Park/realtime/mb1_clk_wiz_1_0_stub.v:6]
INFO: [Synth 8-6157] synthesizing module 'mb1_mdm_1_0' [C:/Harman/Verilog/SoC_06_23_HelloWorld/SoC_06_23_HelloWorld.runs/synth_1/.Xil/Vivado-17704-Park/realtime/mb1_mdm_1_0_stub.v:6]
INFO: [Synth 8-6155] done synthesizing module 'mb1_mdm_1_0' (0#1) [C:/Harman/Verilog/SoC_06_23_HelloWorld/SoC_06_23_HelloWorld.runs/synth_1/.Xil/Vivado-17704-Park/realtime/mb1_mdm_1_0_stub.v:6]
INFO: [Synth 8-6157] synthesizing module 'mb1_microblaze_0_0' [C:/Harman/Verilog/SoC_06_23_HelloWorld/SoC_06_23_HelloWorld.runs/synth_1/.Xil/Vivado-17704-Park/realtime/mb1_microblaze_0_0_stub.v:6]
INFO: [Synth 8-6155] done synthesizing module 'mb1_microblaze_0_0' (0#1) [C:/Harman/Verilog/SoC_06_23_HelloWorld/SoC_06_23_HelloWorld.runs/synth_1/.Xil/Vivado-17704-Park/realtime/mb1_microblaze_0_0_stub.v:6]
WARNING: [Synth 8-7071] port 'Interrupt_Ack' of module 'mb1_microblaze_0_0' is unconnected for instance 'microblaze_0' [c:/Harman/Verilog/SoC_06_23_HelloWorld/SoC_06_23_HelloWorld.gen/sources_1/bd/mb1/synth/mb1.v:141]
WARNING: [Synth 8-7071] port 'M_AXI_DP_AWPROT' of module 'mb1_microblaze_0_0' is unconnected for instance 'microblaze_0' [c:/Harman/Verilog/SoC_06_23_HelloWorld/SoC_06_23_HelloWorld.gen/sources_1/bd/mb1/synth/mb1.v:141]
WARNING: [Synth 8-7071] port 'M_AXI_DP_ARPROT' of module 'mb1_microblaze_0_0' is unconnected for instance 'microblaze_0' [c:/Harman/Verilog/SoC_06_23_HelloWorld/SoC_06_23_HelloWorld.gen/sources_1/bd/mb1/synth/mb1.v:141]
WARNING: [Synth 8-7023] instance 'microblaze_0' of module 'mb1_microblaze_0_0' has 52 connections declared, but only 49 given [c:/Harman/Verilog/SoC_06_23_HelloWorld/SoC_06_23_HelloWorld.gen/sources_1/bd/mb1/synth/mb1.v:141]
INFO: [Synth 8-6157] synthesizing module 'mb1_microblaze_0_axi_periph_0' [c:/Harman/Verilog/SoC_06_23_HelloWorld/SoC_06_23_HelloWorld.gen/sources_1/bd/mb1/synth/mb1.v:265]
INFO: [Synth 8-6157] synthesizing module 's00_couplers_imp_FYWRSO' [c:/Harman/Verilog/SoC_06_23_HelloWorld/SoC_06_23_HelloWorld.gen/sources_1/bd/mb1/synth/mb1.v:699]
INFO: [Synth 8-6155] done synthesizing module 's00_couplers_imp_FYWRSO' (0#1) [c:/Harman/Verilog/SoC_06_23_HelloWorld/SoC_06_23_HelloWorld.gen/sources_1/bd/mb1/synth/mb1.v:699]
INFO: [Synth 8-6155] done synthesizing module 'mb1_microblaze_0_axi_periph_0' (0#1) [c:/Harman/Verilog/SoC_06_23_HelloWorld/SoC_06_23_HelloWorld.gen/sources_1/bd/mb1/synth/mb1.v:265]
INFO: [Synth 8-6157] synthesizing module 'microblaze_0_local_memory_imp_XG4B8G' [c:/Harman/Verilog/SoC_06_23_HelloWorld/SoC_06_23_HelloWorld.gen/sources_1/bd/mb1/synth/mb1.v:465]
INFO: [Synth 8-6157] synthesizing module 'mb1_dlmb_bram_if_cntlr_0' [C:/Harman/Verilog/SoC_06_23_HelloWorld/SoC_06_23_HelloWorld.runs/synth_1/.Xil/Vivado-17704-Park/realtime/mb1_dlmb_bram_if_cntlr_0_stub.v:6]
INFO: [Synth 8-6155] done synthesizing module 'mb1_dlmb_bram_if_cntlr_0' (0#1) [C:/Harman/Verilog/SoC_06_23_HelloWorld/SoC_06_23_HelloWorld.runs/synth_1/.Xil/Vivado-17704-Park/realtime/mb1_dlmb_bram_if_cntlr_0_stub.v:6]
INFO: [Synth 8-6157] synthesizing module 'mb1_dlmb_v10_0' [C:/Harman/Verilog/SoC_06_23_HelloWorld/SoC_06_23_HelloWorld.runs/synth_1/.Xil/Vivado-17704-Park/realtime/mb1_dlmb_v10_0_stub.v:6]
INFO: [Synth 8-6155] done synthesizing module 'mb1_dlmb_v10_0' (0#1) [C:/Harman/Verilog/SoC_06_23_HelloWorld/SoC_06_23_HelloWorld.runs/synth_1/.Xil/Vivado-17704-Park/realtime/mb1_dlmb_v10_0_stub.v:6]
WARNING: [Synth 8-7071] port 'LMB_Rst' of module 'mb1_dlmb_v10_0' is unconnected for instance 'dlmb_v10' [c:/Harman/Verilog/SoC_06_23_HelloWorld/SoC_06_23_HelloWorld.gen/sources_1/bd/mb1/synth/mb1.v:611]
WARNING: [Synth 8-7023] instance 'dlmb_v10' of module 'mb1_dlmb_v10_0' has 25 connections declared, but only 24 given [c:/Harman/Verilog/SoC_06_23_HelloWorld/SoC_06_23_HelloWorld.gen/sources_1/bd/mb1/synth/mb1.v:611]
INFO: [Synth 8-6157] synthesizing module 'mb1_ilmb_bram_if_cntlr_0' [C:/Harman/Verilog/SoC_06_23_HelloWorld/SoC_06_23_HelloWorld.runs/synth_1/.Xil/Vivado-17704-Park/realtime/mb1_ilmb_bram_if_cntlr_0_stub.v:6]
INFO: [Synth 8-6155] done synthesizing module 'mb1_ilmb_bram_if_cntlr_0' (0#1) [C:/Harman/Verilog/SoC_06_23_HelloWorld/SoC_06_23_HelloWorld.runs/synth_1/.Xil/Vivado-17704-Park/realtime/mb1_ilmb_bram_if_cntlr_0_stub.v:6]
INFO: [Synth 8-6157] synthesizing module 'mb1_ilmb_v10_0' [C:/Harman/Verilog/SoC_06_23_HelloWorld/SoC_06_23_HelloWorld.runs/synth_1/.Xil/Vivado-17704-Park/realtime/mb1_ilmb_v10_0_stub.v:6]
INFO: [Synth 8-6155] done synthesizing module 'mb1_ilmb_v10_0' (0#1) [C:/Harman/Verilog/SoC_06_23_HelloWorld/SoC_06_23_HelloWorld.runs/synth_1/.Xil/Vivado-17704-Park/realtime/mb1_ilmb_v10_0_stub.v:6]
WARNING: [Synth 8-7071] port 'LMB_Rst' of module 'mb1_ilmb_v10_0' is unconnected for instance 'ilmb_v10' [c:/Harman/Verilog/SoC_06_23_HelloWorld/SoC_06_23_HelloWorld.gen/sources_1/bd/mb1/synth/mb1.v:657]
WARNING: [Synth 8-7023] instance 'ilmb_v10' of module 'mb1_ilmb_v10_0' has 25 connections declared, but only 24 given [c:/Harman/Verilog/SoC_06_23_HelloWorld/SoC_06_23_HelloWorld.gen/sources_1/bd/mb1/synth/mb1.v:657]
INFO: [Synth 8-6157] synthesizing module 'mb1_lmb_bram_0' [C:/Harman/Verilog/SoC_06_23_HelloWorld/SoC_06_23_HelloWorld.runs/synth_1/.Xil/Vivado-17704-Park/realtime/mb1_lmb_bram_0_stub.v:6]
INFO: [Synth 8-6155] done synthesizing module 'mb1_lmb_bram_0' (0#1) [C:/Harman/Verilog/SoC_06_23_HelloWorld/SoC_06_23_HelloWorld.runs/synth_1/.Xil/Vivado-17704-Park/realtime/mb1_lmb_bram_0_stub.v:6]
WARNING: [Synth 8-7071] port 'rsta_busy' of module 'mb1_lmb_bram_0' is unconnected for instance 'lmb_bram' [c:/Harman/Verilog/SoC_06_23_HelloWorld/SoC_06_23_HelloWorld.gen/sources_1/bd/mb1/synth/mb1.v:682]
WARNING: [Synth 8-7071] port 'rstb_busy' of module 'mb1_lmb_bram_0' is unconnected for instance 'lmb_bram' [c:/Harman/Verilog/SoC_06_23_HelloWorld/SoC_06_23_HelloWorld.gen/sources_1/bd/mb1/synth/mb1.v:682]
WARNING: [Synth 8-7023] instance 'lmb_bram' of module 'mb1_lmb_bram_0' has 16 connections declared, but only 14 given [c:/Harman/Verilog/SoC_06_23_HelloWorld/SoC_06_23_HelloWorld.gen/sources_1/bd/mb1/synth/mb1.v:682]
INFO: [Synth 8-6155] done synthesizing module 'microblaze_0_local_memory_imp_XG4B8G' (0#1) [c:/Harman/Verilog/SoC_06_23_HelloWorld/SoC_06_23_HelloWorld.gen/sources_1/bd/mb1/synth/mb1.v:465]
INFO: [Synth 8-6157] synthesizing module 'mb1_rst_clk_wiz_1_100M_0' [C:/Harman/Verilog/SoC_06_23_HelloWorld/SoC_06_23_HelloWorld.runs/synth_1/.Xil/Vivado-17704-Park/realtime/mb1_rst_clk_wiz_1_100M_0_stub.v:6]
INFO: [Synth 8-6155] done synthesizing module 'mb1_rst_clk_wiz_1_100M_0' (0#1) [C:/Harman/Verilog/SoC_06_23_HelloWorld/SoC_06_23_HelloWorld.runs/synth_1/.Xil/Vivado-17704-Park/realtime/mb1_rst_clk_wiz_1_100M_0_stub.v:6]
WARNING: [Synth 8-7071] port 'peripheral_reset' of module 'mb1_rst_clk_wiz_1_100M_0' is unconnected for instance 'rst_clk_wiz_1_100M' [c:/Harman/Verilog/SoC_06_23_HelloWorld/SoC_06_23_HelloWorld.gen/sources_1/bd/mb1/synth/mb1.v:254]
WARNING: [Synth 8-7071] port 'interconnect_aresetn' of module 'mb1_rst_clk_wiz_1_100M_0' is unconnected for instance 'rst_clk_wiz_1_100M' [c:/Harman/Verilog/SoC_06_23_HelloWorld/SoC_06_23_HelloWorld.gen/sources_1/bd/mb1/synth/mb1.v:254]
WARNING: [Synth 8-7023] instance 'rst_clk_wiz_1_100M' of module 'mb1_rst_clk_wiz_1_100M_0' has 10 connections declared, but only 8 given [c:/Harman/Verilog/SoC_06_23_HelloWorld/SoC_06_23_HelloWorld.gen/sources_1/bd/mb1/synth/mb1.v:254]
INFO: [Synth 8-6155] done synthesizing module 'mb1' (0#1) [c:/Harman/Verilog/SoC_06_23_HelloWorld/SoC_06_23_HelloWorld.gen/sources_1/bd/mb1/synth/mb1.v:13]
INFO: [Synth 8-6155] done synthesizing module 'mb1_wrapper' (0#1) [C:/Harman/Verilog/SoC_06_23_HelloWorld/SoC_06_23_HelloWorld.gen/sources_1/bd/mb1/hdl/mb1_wrapper.v:13]
WARNING: [Synth 8-7129] Port M_ACLK in module s00_couplers_imp_FYWRSO is either unconnected or has no load
WARNING: [Synth 8-7129] Port M_ARESETN in module s00_couplers_imp_FYWRSO is either unconnected or has no load
WARNING: [Synth 8-7129] Port S_ACLK in module s00_couplers_imp_FYWRSO is either unconnected or has no load
WARNING: [Synth 8-7129] Port S_ARESETN in module s00_couplers_imp_FYWRSO is either unconnected or has no load
WARNING: [Synth 8-7129] Port ACLK in module mb1_microblaze_0_axi_periph_0 is either unconnected or has no load
WARNING: [Synth 8-7129] Port ARESETN in module mb1_microblaze_0_axi_periph_0 is either unconnected or has no load
---------------------------------------------------------------------------------
Finished RTL Elaboration : Time (s): cpu = 00:00:04 ; elapsed = 00:00:06 . Memory (MB): peak = 1608.285 ; gain = 563.238
---------------------------------------------------------------------------------
---------------------------------------------------------------------------------
Start Handling Custom Attributes
---------------------------------------------------------------------------------
---------------------------------------------------------------------------------
Finished Handling Custom Attributes : Time (s): cpu = 00:00:04 ; elapsed = 00:00:06 . Memory (MB): peak = 1608.285 ; gain = 563.238
---------------------------------------------------------------------------------
---------------------------------------------------------------------------------
Finished RTL Optimization Phase 1 : Time (s): cpu = 00:00:04 ; elapsed = 00:00:06 . Memory (MB): peak = 1608.285 ; gain = 563.238
---------------------------------------------------------------------------------
Netlist sorting complete. Time (s): cpu = 00:00:00 ; elapsed = 00:00:00.012 . Memory (MB): peak = 1608.285 ; gain = 0.000
INFO: [Project 1-570] Preparing netlist for logic optimization

Processing XDC Constraints
Initializing timing engine
Parsing XDC File [c:/Harman/Verilog/SoC_06_23_HelloWorld/SoC_06_23_HelloWorld.gen/sources_1/bd/mb1/ip/mb1_microblaze_0_0/mb1_microblaze_0_0/mb1_microblaze_0_0_in_context.xdc] for cell 'mb1_i/microblaze_0'
Finished Parsing XDC File [c:/Harman/Verilog/SoC_06_23_HelloWorld/SoC_06_23_HelloWorld.gen/sources_1/bd/mb1/ip/mb1_microblaze_0_0/mb1_microblaze_0_0/mb1_microblaze_0_0_in_context.xdc] for cell 'mb1_i/microblaze_0'
Parsing XDC File [c:/Harman/Verilog/SoC_06_23_HelloWorld/SoC_06_23_HelloWorld.gen/sources_1/bd/mb1/ip/mb1_dlmb_v10_0/mb1_dlmb_v10_0/mb1_ilmb_v10_0_in_context.xdc] for cell 'mb1_i/microblaze_0_local_memory/dlmb_v10'
Finished Parsing XDC File [c:/Harman/Verilog/SoC_06_23_HelloWorld/SoC_06_23_HelloWorld.gen/sources_1/bd/mb1/ip/mb1_dlmb_v10_0/mb1_dlmb_v10_0/mb1_ilmb_v10_0_in_context.xdc] for cell 'mb1_i/microblaze_0_local_memory/dlmb_v10'
Parsing XDC File [c:/Harman/Verilog/SoC_06_23_HelloWorld/SoC_06_23_HelloWorld.gen/sources_1/bd/mb1/ip/mb1_ilmb_v10_0/mb1_ilmb_v10_0/mb1_ilmb_v10_0_in_context.xdc] for cell 'mb1_i/microblaze_0_local_memory/ilmb_v10'
Finished Parsing XDC File [c:/Harman/Verilog/SoC_06_23_HelloWorld/SoC_06_23_HelloWorld.gen/sources_1/bd/mb1/ip/mb1_ilmb_v10_0/mb1_ilmb_v10_0/mb1_ilmb_v10_0_in_context.xdc] for cell 'mb1_i/microblaze_0_local_memory/ilmb_v10'
Parsing XDC File [c:/Harman/Verilog/SoC_06_23_HelloWorld/SoC_06_23_HelloWorld.gen/sources_1/bd/mb1/ip/mb1_dlmb_bram_if_cntlr_0/mb1_dlmb_bram_if_cntlr_0/mb1_dlmb_bram_if_cntlr_0_in_context.xdc] for cell 'mb1_i/microblaze_0_local_memory/dlmb_bram_if_cntlr'
Finished Parsing XDC File [c:/Harman/Verilog/SoC_06_23_HelloWorld/SoC_06_23_HelloWorld.gen/sources_1/bd/mb1/ip/mb1_dlmb_bram_if_cntlr_0/mb1_dlmb_bram_if_cntlr_0/mb1_dlmb_bram_if_cntlr_0_in_context.xdc] for cell 'mb1_i/microblaze_0_local_memory/dlmb_bram_if_cntlr'
Parsing XDC File [c:/Harman/Verilog/SoC_06_23_HelloWorld/SoC_06_23_HelloWorld.gen/sources_1/bd/mb1/ip/mb1_ilmb_bram_if_cntlr_0/mb1_ilmb_bram_if_cntlr_0/mb1_ilmb_bram_if_cntlr_0_in_context.xdc] for cell 'mb1_i/microblaze_0_local_memory/ilmb_bram_if_cntlr'
Finished Parsing XDC File [c:/Harman/Verilog/SoC_06_23_HelloWorld/SoC_06_23_HelloWorld.gen/sources_1/bd/mb1/ip/mb1_ilmb_bram_if_cntlr_0/mb1_ilmb_bram_if_cntlr_0/mb1_ilmb_bram_if_cntlr_0_in_context.xdc] for cell 'mb1_i/microblaze_0_local_memory/ilmb_bram_if_cntlr'
Parsing XDC File [c:/Harman/Verilog/SoC_06_23_HelloWorld/SoC_06_23_HelloWorld.gen/sources_1/bd/mb1/ip/mb1_lmb_bram_0/mb1_lmb_bram_0/mb1_lmb_bram_0_in_context.xdc] for cell 'mb1_i/microblaze_0_local_memory/lmb_bram'
Finished Parsing XDC File [c:/Harman/Verilog/SoC_06_23_HelloWorld/SoC_06_23_HelloWorld.gen/sources_1/bd/mb1/ip/mb1_lmb_bram_0/mb1_lmb_bram_0/mb1_lmb_bram_0_in_context.xdc] for cell 'mb1_i/microblaze_0_local_memory/lmb_bram'
Parsing XDC File [c:/Harman/Verilog/SoC_06_23_HelloWorld/SoC_06_23_HelloWorld.gen/sources_1/bd/mb1/ip/mb1_mdm_1_0/mb1_mdm_1_0/mb1_mdm_1_0_in_context.xdc] for cell 'mb1_i/mdm_1'
Finished Parsing XDC File [c:/Harman/Verilog/SoC_06_23_HelloWorld/SoC_06_23_HelloWorld.gen/sources_1/bd/mb1/ip/mb1_mdm_1_0/mb1_mdm_1_0/mb1_mdm_1_0_in_context.xdc] for cell 'mb1_i/mdm_1'
Parsing XDC File [c:/Harman/Verilog/SoC_06_23_HelloWorld/SoC_06_23_HelloWorld.gen/sources_1/bd/mb1/ip/mb1_clk_wiz_1_0/mb1_clk_wiz_1_0/mb1_clk_wiz_1_0_in_context.xdc] for cell 'mb1_i/clk_wiz_1'
Finished Parsing XDC File [c:/Harman/Verilog/SoC_06_23_HelloWorld/SoC_06_23_HelloWorld.gen/sources_1/bd/mb1/ip/mb1_clk_wiz_1_0/mb1_clk_wiz_1_0/mb1_clk_wiz_1_0_in_context.xdc] for cell 'mb1_i/clk_wiz_1'
Parsing XDC File [c:/Harman/Verilog/SoC_06_23_HelloWorld/SoC_06_23_HelloWorld.gen/sources_1/bd/mb1/ip/mb1_rst_clk_wiz_1_100M_0/mb1_rst_clk_wiz_1_100M_0/mb1_rst_clk_wiz_1_100M_0_in_context.xdc] for cell 'mb1_i/rst_clk_wiz_1_100M'
Finished Parsing XDC File [c:/Harman/Verilog/SoC_06_23_HelloWorld/SoC_06_23_HelloWorld.gen/sources_1/bd/mb1/ip/mb1_rst_clk_wiz_1_100M_0/mb1_rst_clk_wiz_1_100M_0/mb1_rst_clk_wiz_1_100M_0_in_context.xdc] for cell 'mb1_i/rst_clk_wiz_1_100M'
Parsing XDC File [c:/Harman/Verilog/SoC_06_23_HelloWorld/SoC_06_23_HelloWorld.gen/sources_1/bd/mb1/ip/mb1_axi_uartlite_0_0/mb1_axi_uartlite_0_0/mb1_axi_uartlite_0_0_in_context.xdc] for cell 'mb1_i/axi_uartlite_0'
Finished Parsing XDC File [c:/Harman/Verilog/SoC_06_23_HelloWorld/SoC_06_23_HelloWorld.gen/sources_1/bd/mb1/ip/mb1_axi_uartlite_0_0/mb1_axi_uartlite_0_0/mb1_axi_uartlite_0_0_in_context.xdc] for cell 'mb1_i/axi_uartlite_0'
Parsing XDC File [C:/Harman/Verilog/SoC_06_23_HelloWorld/SoC_06_23_HelloWorld.srcs/constrs_1/new/mb1.xdc]
Finished Parsing XDC File [C:/Harman/Verilog/SoC_06_23_HelloWorld/SoC_06_23_HelloWorld.srcs/constrs_1/new/mb1.xdc]
INFO: [Project 1-236] Implementation specific constraints were found while reading constraint file [C:/Harman/Verilog/SoC_06_23_HelloWorld/SoC_06_23_HelloWorld.srcs/constrs_1/new/mb1.xdc]. These constraints will be ignored for synthesis but will be used in implementation. Impacted constraints are listed in the file [.Xil/mb1_wrapper_propImpl.xdc].
Resolution: To avoid this warning, move constraints listed in [.Xil/mb1_wrapper_propImpl.xdc] to another XDC file and exclude this new file from synthesis with the used_in_synthesis property (File Properties dialog in GUI) and re-run elaboration/synthesis.
Parsing XDC File [C:/Harman/Verilog/SoC_06_23_HelloWorld/SoC_06_23_HelloWorld.runs/synth_1/dont_touch.xdc]
Finished Parsing XDC File [C:/Harman/Verilog/SoC_06_23_HelloWorld/SoC_06_23_HelloWorld.runs/synth_1/dont_touch.xdc]
Completed Processing XDC Constraints

Netlist sorting complete. Time (s): cpu = 00:00:00 ; elapsed = 00:00:00 . Memory (MB): peak = 1608.285 ; gain = 0.000
INFO: [Project 1-111] Unisim Transformation Summary:
No Unisim elements were transformed.

Constraint Validation Runtime : Time (s): cpu = 00:00:00 ; elapsed = 00:00:00.003 . Memory (MB): peak = 1608.285 ; gain = 0.000
WARNING: [Timing 38-316] Clock period '20.000' specified during out-of-context synthesis of instance 'mb1_i/microblaze_0_local_memory/lmb_bram' at clock pin 'clka' is different from the actual clock period '10.000', this can lead to different synthesis results.
INFO: [Designutils 20-5440] No compile time benefit to using incremental synthesis; A full resynthesis will be run
INFO: [Designutils 20-4379] Flow is switching to default flow due to incremental criteria not met. If you would like to alter this behaviour and have the flow terminate instead, please set the following parameter config_implementation {autoIncr.Synth.RejectBehavior Terminate}
---------------------------------------------------------------------------------
Finished Constraint Validation : Time (s): cpu = 00:00:09 ; elapsed = 00:00:12 . Memory (MB): peak = 1608.285 ; gain = 563.238
---------------------------------------------------------------------------------
---------------------------------------------------------------------------------
Start Loading Part and Timing Information
---------------------------------------------------------------------------------
Loading part: xc7a35tcpg236-1
---------------------------------------------------------------------------------
Finished Loading Part and Timing Information : Time (s): cpu = 00:00:09 ; elapsed = 00:00:12 . Memory (MB): peak = 1608.285 ; gain = 563.238
---------------------------------------------------------------------------------
---------------------------------------------------------------------------------
Start Applying 'set_property' XDC Constraints
---------------------------------------------------------------------------------
Applied set_property IO_BUFFER_TYPE = NONE for sys_clock. (constraint file  c:/Harman/Verilog/SoC_06_23_HelloWorld/SoC_06_23_HelloWorld.gen/sources_1/bd/mb1/ip/mb1_clk_wiz_1_0/mb1_clk_wiz_1_0/mb1_clk_wiz_1_0_in_context.xdc, line 3).
Applied set_property CLOCK_BUFFER_TYPE = NONE for sys_clock. (constraint file  c:/Harman/Verilog/SoC_06_23_HelloWorld/SoC_06_23_HelloWorld.gen/sources_1/bd/mb1/ip/mb1_clk_wiz_1_0/mb1_clk_wiz_1_0/mb1_clk_wiz_1_0_in_context.xdc, line 4).
Applied set_property KEEP_HIERARCHY = SOFT for mb1_i. (constraint file  auto generated constraint).
Applied set_property KEEP_HIERARCHY = SOFT for mb1_i/microblaze_0. (constraint file  auto generated constraint).
Applied set_property KEEP_HIERARCHY = SOFT for mb1_i/microblaze_0_local_memory/dlmb_v10. (constraint file  auto generated constraint).
Applied set_property KEEP_HIERARCHY = SOFT for mb1_i/microblaze_0_local_memory/ilmb_v10. (constraint file  auto generated constraint).
Applied set_property KEEP_HIERARCHY = SOFT for mb1_i/microblaze_0_local_memory/dlmb_bram_if_cntlr. (constraint file  auto generated constraint).
Applied set_property KEEP_HIERARCHY = SOFT for mb1_i/microblaze_0_local_memory/ilmb_bram_if_cntlr. (constraint file  auto generated constraint).
Applied set_property KEEP_HIERARCHY = SOFT for mb1_i/microblaze_0_local_memory/lmb_bram. (constraint file  auto generated constraint).
Applied set_property KEEP_HIERARCHY = SOFT for mb1_i/mdm_1. (constraint file  auto generated constraint).
Applied set_property KEEP_HIERARCHY = SOFT for mb1_i/clk_wiz_1. (constraint file  auto generated constraint).
Applied set_property KEEP_HIERARCHY = SOFT for mb1_i/rst_clk_wiz_1_100M. (constraint file  auto generated constraint).
Applied set_property KEEP_HIERARCHY = SOFT for mb1_i/axi_uartlite_0. (constraint file  auto generated constraint).
Applied set_property KEEP_HIERARCHY = SOFT for mb1_i/microblaze_0_axi_periph. (constraint file  auto generated constraint).
---------------------------------------------------------------------------------
Finished applying 'set_property' XDC Constraints : Time (s): cpu = 00:00:09 ; elapsed = 00:00:12 . Memory (MB): peak = 1608.285 ; gain = 563.238
---------------------------------------------------------------------------------
---------------------------------------------------------------------------------
Finished RTL Optimization Phase 2 : Time (s): cpu = 00:00:09 ; elapsed = 00:00:12 . Memory (MB): peak = 1608.285 ; gain = 563.238
---------------------------------------------------------------------------------
---------------------------------------------------------------------------------
Start RTL Component Statistics 
---------------------------------------------------------------------------------
Detailed RTL Component Info : 
---------------------------------------------------------------------------------
Finished RTL Component Statistics 
---------------------------------------------------------------------------------
---------------------------------------------------------------------------------
Start Part Resource Summary
---------------------------------------------------------------------------------
Part Resources:
DSPs: 90 (col length:60)
BRAMs: 100 (col length: RAMB18 60 RAMB36 30)
---------------------------------------------------------------------------------
Finished Part Resource Summary
---------------------------------------------------------------------------------
---------------------------------------------------------------------------------
Start Cross Boundary and Area Optimization
---------------------------------------------------------------------------------
WARNING: [Synth 8-7080] Parallel synthesis criteria is not met
WARNING: [Synth 8-7129] Port ACLK in module mb1_microblaze_0_axi_periph_0 is either unconnected or has no load
WARNING: [Synth 8-7129] Port ARESETN in module mb1_microblaze_0_axi_periph_0 is either unconnected or has no load
WARNING: [Synth 8-7129] Port M00_ACLK in module mb1_microblaze_0_axi_periph_0 is either unconnected or has no load
WARNING: [Synth 8-7129] Port M00_ARESETN in module mb1_microblaze_0_axi_periph_0 is either unconnected or has no load
WARNING: [Synth 8-7129] Port S00_ACLK in module mb1_microblaze_0_axi_periph_0 is either unconnected or has no load
WARNING: [Synth 8-7129] Port S00_ARESETN in module mb1_microblaze_0_axi_periph_0 is either unconnected or has no load
---------------------------------------------------------------------------------
Finished Cross Boundary and Area Optimization : Time (s): cpu = 00:00:10 ; elapsed = 00:00:14 . Memory (MB): peak = 1608.285 ; gain = 563.238
---------------------------------------------------------------------------------
---------------------------------------------------------------------------------
Start Applying XDC Timing Constraints
---------------------------------------------------------------------------------
---------------------------------------------------------------------------------
Finished Applying XDC Timing Constraints : Time (s): cpu = 00:00:14 ; elapsed = 00:00:18 . Memory (MB): peak = 1608.285 ; gain = 563.238
---------------------------------------------------------------------------------
---------------------------------------------------------------------------------
Start Timing Optimization
---------------------------------------------------------------------------------
---------------------------------------------------------------------------------
Finished Timing Optimization : Time (s): cpu = 00:00:14 ; elapsed = 00:00:18 . Memory (MB): peak = 1608.285 ; gain = 563.238
---------------------------------------------------------------------------------
---------------------------------------------------------------------------------
Start Technology Mapping
---------------------------------------------------------------------------------
---------------------------------------------------------------------------------
Finished Technology Mapping : Time (s): cpu = 00:00:14 ; elapsed = 00:00:18 . Memory (MB): peak = 1608.285 ; gain = 563.238
---------------------------------------------------------------------------------
---------------------------------------------------------------------------------
Start IO Insertion
---------------------------------------------------------------------------------
---------------------------------------------------------------------------------
Start Flattening Before IO Insertion
---------------------------------------------------------------------------------
---------------------------------------------------------------------------------
Finished Flattening Before IO Insertion
---------------------------------------------------------------------------------
---------------------------------------------------------------------------------
Start Final Netlist Cleanup
---------------------------------------------------------------------------------
---------------------------------------------------------------------------------
Finished Final Netlist Cleanup
---------------------------------------------------------------------------------
---------------------------------------------------------------------------------
Finished IO Insertion : Time (s): cpu = 00:00:17 ; elapsed = 00:00:22 . Memory (MB): peak = 1608.285 ; gain = 563.238
---------------------------------------------------------------------------------
---------------------------------------------------------------------------------
Start Renaming Generated Instances
---------------------------------------------------------------------------------
---------------------------------------------------------------------------------
Finished Renaming Generated Instances : Time (s): cpu = 00:00:17 ; elapsed = 00:00:22 . Memory (MB): peak = 1608.285 ; gain = 563.238
---------------------------------------------------------------------------------
---------------------------------------------------------------------------------
Start Rebuilding User Hierarchy
---------------------------------------------------------------------------------
---------------------------------------------------------------------------------
Finished Rebuilding User Hierarchy : Time (s): cpu = 00:00:17 ; elapsed = 00:00:22 . Memory (MB): peak = 1608.285 ; gain = 563.238
---------------------------------------------------------------------------------
---------------------------------------------------------------------------------
Start Renaming Generated Ports
---------------------------------------------------------------------------------
---------------------------------------------------------------------------------
Finished Renaming Generated Ports : Time (s): cpu = 00:00:17 ; elapsed = 00:00:22 . Memory (MB): peak = 1608.285 ; gain = 563.238
---------------------------------------------------------------------------------
---------------------------------------------------------------------------------
Start Handling Custom Attributes
---------------------------------------------------------------------------------
---------------------------------------------------------------------------------
Finished Handling Custom Attributes : Time (s): cpu = 00:00:17 ; elapsed = 00:00:22 . Memory (MB): peak = 1608.285 ; gain = 563.238
---------------------------------------------------------------------------------
---------------------------------------------------------------------------------
Start Renaming Generated Nets
---------------------------------------------------------------------------------
---------------------------------------------------------------------------------
Finished Renaming Generated Nets : Time (s): cpu = 00:00:17 ; elapsed = 00:00:22 . Memory (MB): peak = 1608.285 ; gain = 563.238
---------------------------------------------------------------------------------
---------------------------------------------------------------------------------
Start Writing Synthesis Report
---------------------------------------------------------------------------------

Report BlackBoxes: 
+------+-------------------------+----------+
|      |BlackBox name            |Instances |
+------+-------------------------+----------+
|1     |mb1_axi_uartlite_0_0     |         1|
|2     |mb1_clk_wiz_1_0          |         1|
|3     |mb1_mdm_1_0              |         1|
|4     |mb1_microblaze_0_0       |         1|
|5     |mb1_rst_clk_wiz_1_100M_0 |         1|
|6     |mb1_dlmb_bram_if_cntlr_0 |         1|
|7     |mb1_dlmb_v10_0           |         1|
|8     |mb1_ilmb_bram_if_cntlr_0 |         1|
|9     |mb1_ilmb_v10_0           |         1|
|10    |mb1_lmb_bram_0           |         1|
+------+-------------------------+----------+

Report Cell Usage: 
+------+-----------------------+------+
|      |Cell                   |Count |
+------+-----------------------+------+
|1     |mb1_axi_uartlite_0     |     1|
|2     |mb1_clk_wiz_1          |     1|
|3     |mb1_dlmb_bram_if_cntlr |     1|
|4     |mb1_dlmb_v10           |     1|
|5     |mb1_ilmb_bram_if_cntlr |     1|
|6     |mb1_ilmb_v10           |     1|
|7     |mb1_lmb_bram           |     1|
|8     |mb1_mdm_1              |     1|
|9     |mb1_microblaze_0       |     1|
|10    |mb1_rst_clk_wiz_1_100M |     1|
|11    |IBUF                   |     2|
|12    |OBUF                   |     1|
+------+-----------------------+------+
---------------------------------------------------------------------------------
Finished Writing Synthesis Report : Time (s): cpu = 00:00:17 ; elapsed = 00:00:22 . Memory (MB): peak = 1608.285 ; gain = 563.238
---------------------------------------------------------------------------------
Synthesis finished with 0 errors, 0 critical warnings and 7 warnings.
Synthesis Optimization Runtime : Time (s): cpu = 00:00:12 ; elapsed = 00:00:20 . Memory (MB): peak = 1608.285 ; gain = 563.238
Synthesis Optimization Complete : Time (s): cpu = 00:00:17 ; elapsed = 00:00:22 . Memory (MB): peak = 1608.285 ; gain = 563.238
INFO: [Project 1-571] Translating synthesized netlist
Netlist sorting complete. Time (s): cpu = 00:00:00 ; elapsed = 00:00:00.011 . Memory (MB): peak = 1608.285 ; gain = 0.000
INFO: [Project 1-570] Preparing netlist for logic optimization
INFO: [Opt 31-138] Pushed 0 inverter(s) to 0 load pin(s).
Netlist sorting complete. Time (s): cpu = 00:00:00 ; elapsed = 00:00:00 . Memory (MB): peak = 1608.285 ; gain = 0.000
INFO: [Project 1-111] Unisim Transformation Summary:
No Unisim elements were transformed.

Synth Design complete | Checksum: 6dbdb8d0
INFO: [Common 17-83] Releasing license: Synthesis
53 Infos, 30 Warnings, 0 Critical Warnings and 0 Errors encountered.
synth_design completed successfully
synth_design: Time (s): cpu = 00:00:20 ; elapsed = 00:00:26 . Memory (MB): peak = 1608.285 ; gain = 963.812
Write ShapeDB Complete: Time (s): cpu = 00:00:00 ; elapsed = 00:00:00 . Memory (MB): peak = 1608.285 ; gain = 0.000
INFO: [Common 17-1381] The checkpoint 'C:/Harman/Verilog/SoC_06_23_HelloWorld/SoC_06_23_HelloWorld.runs/synth_1/mb1_wrapper.dcp' has been generated.
INFO: [Vivado 12-24828] Executing command : report_utilization -file mb1_wrapper_utilization_synth.rpt -pb mb1_wrapper_utilization_synth.pb
INFO: [Common 17-206] Exiting Vivado at Sun Jun 23 12:34:20 2024...
