TRACE::2024-06-19.16:49:04::SCWPlatform::Trying to open the hw design at C:/Harman/Verilog/SoC_06_19_UI/micBlazeAppTop/hw/micBlazeAppTop.xsa
TRACE::2024-06-19.16:49:04::SCWPlatform::DSA given C:/Harman/Verilog/SoC_06_19_UI/micBlazeAppTop/hw/micBlazeAppTop.xsa
TRACE::2024-06-19.16:49:04::SCWPlatform::DSA absoulate path C:/Harman/Verilog/SoC_06_19_UI/micBlazeAppTop/hw/micBlazeAppTop.xsa
TRACE::2024-06-19.16:49:06::SCWPlatform::DSA directory C:/Harman/Verilog/SoC_06_19_UI/micBlazeAppTop/hw
TRACE::2024-06-19.16:49:06::SCWPlatform:: Platform Path C:/Harman/Verilog/SoC_06_19_UI/micBlazeAppTop/hw/micBlazeAppTop.xsa
TRACE::2024-06-19.16:49:06::SCWPlatform:: Unique name xilinx:basys3::0.0
TRACE::2024-06-19.16:49:06::SCWPlatform::Do not have an existing db opened. 
TRACE::2024-06-19.16:49:07::SCWPlatform::Opened new HwDB with name micBlazeAppTop_0
TRACE::2024-06-19.16:49:07::SCWWriter::formatted JSON is {
	"platformName":	"micBlazeAppTop",
	"sprVersion":	"2.0",
	"mode":	"gui",
	"dsaType":	"Fixed",
	"platformDesc":	"micBlazeAppTop",
	"platHandOff":	"<platformDir>.xsa",
	"platIntHandOff":	"<platformDir>/hw/micBlazeAppTop.xsa",
	"deviceType":	"FPGA",
	"platIsPrebuiltAutogen":	"false",
	"platIsNoBootBsp":	"false",
	"hasFsblMakeHasChanges":	"false",
	"hasPmufwMakeHasChanges":	"false",
	"platPreBuiltFlag":	false,
	"platformSamplesDir":	""
}
TRACE::2024-06-19.16:49:07::SCWWriter::formatted JSON is {
	"platformName":	"micBlazeAppTop",
	"sprVersion":	"2.0",
	"mode":	"gui",
	"dsaType":	"Fixed",
	"platformDesc":	"micBlazeAppTop",
	"platHandOff":	"<platformDir>.xsa",
	"platIntHandOff":	"<platformDir>/hw/micBlazeAppTop.xsa",
	"deviceType":	"FPGA",
	"platIsPrebuiltAutogen":	"false",
	"platIsNoBootBsp":	"false",
	"hasFsblMakeHasChanges":	"false",
	"hasPmufwMakeHasChanges":	"false",
	"platPreBuiltFlag":	false,
	"platformSamplesDir":	"",
	"platActiveSys":	"micBlazeAppTop",
	"systems":	[{
			"systemName":	"micBlazeAppTop",
			"systemDesc":	"micBlazeAppTop",
			"sysIsBootAutoGen":	"true",
			"systemDispName":	"micBlazeAppTop"
		}]
}
TRACE::2024-06-19.16:49:07::SCWPlatform::Boot application domains not present, creating them
TRACE::2024-06-19.16:49:07::SCWPlatform::Pure FPGA device, no boot application will be created.
TRACE::2024-06-19.16:49:07::SCWWriter::formatted JSON is {
	"platformName":	"micBlazeAppTop",
	"sprVersion":	"2.0",
	"mode":	"gui",
	"dsaType":	"Fixed",
	"platformDesc":	"micBlazeAppTop",
	"platHandOff":	"<platformDir>.xsa",
	"platIntHandOff":	"<platformDir>/hw/micBlazeAppTop.xsa",
	"deviceType":	"FPGA",
	"platIsPrebuiltAutogen":	"false",
	"platIsNoBootBsp":	"false",
	"hasFsblMakeHasChanges":	"false",
	"hasPmufwMakeHasChanges":	"false",
	"platPreBuiltFlag":	false,
	"platformSamplesDir":	"",
	"platActiveSys":	"micBlazeAppTop",
	"systems":	[{
			"systemName":	"micBlazeAppTop",
			"systemDesc":	"micBlazeAppTop",
			"sysIsBootAutoGen":	"true",
			"systemDispName":	"micBlazeAppTop"
		}]
}
TRACE::2024-06-19.16:49:07::SCWWriter::formatted JSON is {
	"platformName":	"micBlazeAppTop",
	"sprVersion":	"2.0",
	"mode":	"gui",
	"dsaType":	"Fixed",
	"platformDesc":	"micBlazeAppTop",
	"platHandOff":	"<platformDir>.xsa",
	"platIntHandOff":	"<platformDir>/hw/micBlazeAppTop.xsa",
	"deviceType":	"FPGA",
	"platIsPrebuiltAutogen":	"false",
	"platIsNoBootBsp":	"false",
	"hasFsblMakeHasChanges":	"false",
	"hasPmufwMakeHasChanges":	"false",
	"platPreBuiltFlag":	false,
	"platformSamplesDir":	"",
	"platActiveSys":	"micBlazeAppTop",
	"systems":	[{
			"systemName":	"micBlazeAppTop",
			"systemDesc":	"micBlazeAppTop",
			"sysIsBootAutoGen":	"true",
			"systemDispName":	"micBlazeAppTop"
		}]
}
TRACE::2024-06-19.16:49:07::SCWPlatform::Trying to open the hw design at C:/Harman/Verilog/SoC_06_19_UI/micBlazeAppTop/hw/micBlazeAppTop.xsa
TRACE::2024-06-19.16:49:07::SCWPlatform::DSA given C:/Harman/Verilog/SoC_06_19_UI/micBlazeAppTop/hw/micBlazeAppTop.xsa
TRACE::2024-06-19.16:49:07::SCWPlatform::DSA absoulate path C:/Harman/Verilog/SoC_06_19_UI/micBlazeAppTop/hw/micBlazeAppTop.xsa
TRACE::2024-06-19.16:49:07::SCWPlatform::DSA directory C:/Harman/Verilog/SoC_06_19_UI/micBlazeAppTop/hw
TRACE::2024-06-19.16:49:07::SCWPlatform:: Platform Path C:/Harman/Verilog/SoC_06_19_UI/micBlazeAppTop/hw/micBlazeAppTop.xsa
TRACE::2024-06-19.16:49:07::SCWPlatform:: Unique name xilinx:basys3::0.0
TRACE::2024-06-19.16:49:07::SCWPlatform::Trying to set the existing hwdb with name micBlazeAppTop_0
TRACE::2024-06-19.16:49:07::SCWPlatform::Opened existing hwdb micBlazeAppTop_0
TRACE::2024-06-19.16:49:07::SCWPlatform::Found the Hw Db part of the input DSA
TRACE::2024-06-19.16:49:07::SCWPlatform::Trying to open the hw design at C:/Harman/Verilog/SoC_06_19_UI/micBlazeAppTop/hw/micBlazeAppTop.xsa
TRACE::2024-06-19.16:49:07::SCWPlatform::DSA given C:/Harman/Verilog/SoC_06_19_UI/micBlazeAppTop/hw/micBlazeAppTop.xsa
TRACE::2024-06-19.16:49:07::SCWPlatform::DSA absoulate path C:/Harman/Verilog/SoC_06_19_UI/micBlazeAppTop/hw/micBlazeAppTop.xsa
TRACE::2024-06-19.16:49:07::SCWPlatform::DSA directory C:/Harman/Verilog/SoC_06_19_UI/micBlazeAppTop/hw
TRACE::2024-06-19.16:49:07::SCWPlatform:: Platform Path C:/Harman/Verilog/SoC_06_19_UI/micBlazeAppTop/hw/micBlazeAppTop.xsa
TRACE::2024-06-19.16:49:07::SCWPlatform:: Unique name xilinx:basys3::0.0
TRACE::2024-06-19.16:49:07::SCWPlatform::Trying to set the existing hwdb with name micBlazeAppTop_0
TRACE::2024-06-19.16:49:07::SCWPlatform::Opened existing hwdb micBlazeAppTop_0
TRACE::2024-06-19.16:49:07::SCWPlatform::Found the Hw Db part of the input DSA
TRACE::2024-06-19.16:49:07::SCWDomain::checking for install qemu data   : 
TRACE::2024-06-19.16:49:07::SCWPlatform::Trying to open the hw design at C:/Harman/Verilog/SoC_06_19_UI/micBlazeAppTop/hw/micBlazeAppTop.xsa
TRACE::2024-06-19.16:49:07::SCWPlatform::DSA given C:/Harman/Verilog/SoC_06_19_UI/micBlazeAppTop/hw/micBlazeAppTop.xsa
TRACE::2024-06-19.16:49:07::SCWPlatform::DSA absoulate path C:/Harman/Verilog/SoC_06_19_UI/micBlazeAppTop/hw/micBlazeAppTop.xsa
TRACE::2024-06-19.16:49:07::SCWPlatform::DSA directory C:/Harman/Verilog/SoC_06_19_UI/micBlazeAppTop/hw
TRACE::2024-06-19.16:49:07::SCWPlatform:: Platform Path C:/Harman/Verilog/SoC_06_19_UI/micBlazeAppTop/hw/micBlazeAppTop.xsa
TRACE::2024-06-19.16:49:07::SCWPlatform:: Unique name xilinx:basys3::0.0
TRACE::2024-06-19.16:49:07::SCWPlatform::Trying to set the existing hwdb with name micBlazeAppTop_0
TRACE::2024-06-19.16:49:07::SCWPlatform::Opened existing hwdb micBlazeAppTop_0
TRACE::2024-06-19.16:49:07::SCWPlatform::Found the Hw Db part of the input DSA
TRACE::2024-06-19.16:49:07::SCWPlatform::Trying to open the hw design at C:/Harman/Verilog/SoC_06_19_UI/micBlazeAppTop/hw/micBlazeAppTop.xsa
TRACE::2024-06-19.16:49:07::SCWPlatform::DSA given C:/Harman/Verilog/SoC_06_19_UI/micBlazeAppTop/hw/micBlazeAppTop.xsa
TRACE::2024-06-19.16:49:07::SCWPlatform::DSA absoulate path C:/Harman/Verilog/SoC_06_19_UI/micBlazeAppTop/hw/micBlazeAppTop.xsa
TRACE::2024-06-19.16:49:07::SCWPlatform::DSA directory C:/Harman/Verilog/SoC_06_19_UI/micBlazeAppTop/hw
TRACE::2024-06-19.16:49:07::SCWPlatform:: Platform Path C:/Harman/Verilog/SoC_06_19_UI/micBlazeAppTop/hw/micBlazeAppTop.xsa
TRACE::2024-06-19.16:49:07::SCWPlatform:: Unique name xilinx:basys3::0.0
TRACE::2024-06-19.16:49:07::SCWPlatform::Trying to set the existing hwdb with name micBlazeAppTop_0
TRACE::2024-06-19.16:49:07::SCWPlatform::Opened existing hwdb micBlazeAppTop_0
TRACE::2024-06-19.16:49:07::SCWPlatform::Found the Hw Db part of the input DSA
TRACE::2024-06-19.16:49:07::SCWPlatform::Trying to open the hw design at C:/Harman/Verilog/SoC_06_19_UI/micBlazeAppTop/hw/micBlazeAppTop.xsa
TRACE::2024-06-19.16:49:07::SCWPlatform::DSA given C:/Harman/Verilog/SoC_06_19_UI/micBlazeAppTop/hw/micBlazeAppTop.xsa
TRACE::2024-06-19.16:49:07::SCWPlatform::DSA absoulate path C:/Harman/Verilog/SoC_06_19_UI/micBlazeAppTop/hw/micBlazeAppTop.xsa
TRACE::2024-06-19.16:49:07::SCWPlatform::DSA directory C:/Harman/Verilog/SoC_06_19_UI/micBlazeAppTop/hw
TRACE::2024-06-19.16:49:07::SCWPlatform:: Platform Path C:/Harman/Verilog/SoC_06_19_UI/micBlazeAppTop/hw/micBlazeAppTop.xsa
TRACE::2024-06-19.16:49:07::SCWPlatform:: Unique name xilinx:basys3::0.0
TRACE::2024-06-19.16:49:07::SCWPlatform::Trying to set the existing hwdb with name micBlazeAppTop_0
TRACE::2024-06-19.16:49:07::SCWPlatform::Opened existing hwdb micBlazeAppTop_0
TRACE::2024-06-19.16:49:07::SCWPlatform::Found the Hw Db part of the input DSA
TRACE::2024-06-19.16:49:07::SCWMssOS::Checking the sw design at  C:/Harman/Verilog/SoC_06_19_UI/micBlazeAppTop/microblaze_0/standalone_microblaze_0/bsp/system.mss
TRACE::2024-06-19.16:49:07::SCWMssOS::DEBUG:  swdes dump  
TRACE::2024-06-19.16:49:07::SCWMssOS::No sw design opened at  C:/Harman/Verilog/SoC_06_19_UI/micBlazeAppTop/microblaze_0/standalone_microblaze_0/bsp/system.mss
TRACE::2024-06-19.16:49:07::SCWMssOS::mss does not exists at C:/Harman/Verilog/SoC_06_19_UI/micBlazeAppTop/microblaze_0/standalone_microblaze_0/bsp/system.mss
TRACE::2024-06-19.16:49:07::SCWMssOS::Creating sw design at  C:/Harman/Verilog/SoC_06_19_UI/micBlazeAppTop/microblaze_0/standalone_microblaze_0/bsp/system.mss
TRACE::2024-06-19.16:49:07::SCWMssOS::Adding the swdes entry, created swdb C:/Harman/Verilog/SoC_06_19_UI/micBlazeAppTop/microblaze_0/standalone_microblaze_0/bsp/system.mss with des name C:/Harman/Verilog/SoC_06_19_UI/micBlazeAppTop/microblaze_0/standalone_microblaze_0/bsp/system.mss
TRACE::2024-06-19.16:49:07::SCWMssOS::updating the scw layer changes to swdes at   C:/Harman/Verilog/SoC_06_19_UI/micBlazeAppTop/microblaze_0/standalone_microblaze_0/bsp/system.mss
TRACE::2024-06-19.16:49:07::SCWMssOS::Writing mss at C:/Harman/Verilog/SoC_06_19_UI/micBlazeAppTop/microblaze_0/standalone_microblaze_0/bsp/system.mss
TRACE::2024-06-19.16:49:07::SCWMssOS::Completed writing the mss file at C:/Harman/Verilog/SoC_06_19_UI/micBlazeAppTop/microblaze_0/standalone_microblaze_0/bsp
TRACE::2024-06-19.16:49:07::SCWMssOS::Picking up changes from newly written mss file into SCW Layer. 
TRACE::2024-06-19.16:49:07::SCWMssOS::Updated the changes from newly written mss file into SCW Layer. 
TRACE::2024-06-19.16:49:07::SCWMssOS::Completed writing the mss file at C:/Harman/Verilog/SoC_06_19_UI/micBlazeAppTop/microblaze_0/standalone_microblaze_0/bsp
TRACE::2024-06-19.16:49:07::SCWMssOS::Forcing BSP Sources regeneration.
TRACE::2024-06-19.16:49:09::SCWMssOS::Saving the mss changes C:/Harman/Verilog/SoC_06_19_UI/micBlazeAppTop/microblaze_0/standalone_microblaze_0/bsp/system.mss
TRACE::2024-06-19.16:49:09::SCWMssOS::Adding the swdes entry, mss present, able to open swdb C:/Harman/Verilog/SoC_06_19_UI/micBlazeAppTop/microblaze_0/standalone_microblaze_0/bsp/system.mss with des name system
TRACE::2024-06-19.16:49:09::SCWMssOS::Writing the mss file completed C:/Harman/Verilog/SoC_06_19_UI/micBlazeAppTop/microblaze_0/standalone_microblaze_0/bsp/system.mss
TRACE::2024-06-19.16:49:09::SCWMssOS::Commit changes completed.
TRACE::2024-06-19.16:49:09::SCWPlatform::Trying to open the hw design at C:/Harman/Verilog/SoC_06_19_UI/micBlazeAppTop/hw/micBlazeAppTop.xsa
TRACE::2024-06-19.16:49:09::SCWPlatform::DSA given C:/Harman/Verilog/SoC_06_19_UI/micBlazeAppTop/hw/micBlazeAppTop.xsa
TRACE::2024-06-19.16:49:09::SCWPlatform::DSA absoulate path C:/Harman/Verilog/SoC_06_19_UI/micBlazeAppTop/hw/micBlazeAppTop.xsa
TRACE::2024-06-19.16:49:09::SCWPlatform::DSA directory C:/Harman/Verilog/SoC_06_19_UI/micBlazeAppTop/hw
TRACE::2024-06-19.16:49:09::SCWPlatform:: Platform Path C:/Harman/Verilog/SoC_06_19_UI/micBlazeAppTop/hw/micBlazeAppTop.xsa
TRACE::2024-06-19.16:49:09::SCWPlatform:: Unique name xilinx:basys3::0.0
TRACE::2024-06-19.16:49:09::SCWPlatform::Trying to set the existing hwdb with name micBlazeAppTop_0
TRACE::2024-06-19.16:49:09::SCWPlatform::Opened existing hwdb micBlazeAppTop_0
TRACE::2024-06-19.16:49:09::SCWPlatform::Found the Hw Db part of the input DSA
TRACE::2024-06-19.16:49:09::SCWMssOS::Checking the sw design at  C:/Harman/Verilog/SoC_06_19_UI/micBlazeAppTop/microblaze_0/standalone_microblaze_0/bsp/system.mss
TRACE::2024-06-19.16:49:09::SCWMssOS::DEBUG:  swdes dump  C:/Harman/Verilog/SoC_06_19_UI/micBlazeAppTop/microblaze_0/standalone_microblaze_0/bsp/system.mss|system||

TRACE::2024-06-19.16:49:09::SCWMssOS::Sw design exists and opened at  C:/Harman/Verilog/SoC_06_19_UI/micBlazeAppTop/microblaze_0/standalone_microblaze_0/bsp/system.mss
TRACE::2024-06-19.16:49:09::SCWPlatform::Trying to open the hw design at C:/Harman/Verilog/SoC_06_19_UI/micBlazeAppTop/hw/micBlazeAppTop.xsa
TRACE::2024-06-19.16:49:09::SCWPlatform::DSA given C:/Harman/Verilog/SoC_06_19_UI/micBlazeAppTop/hw/micBlazeAppTop.xsa
TRACE::2024-06-19.16:49:09::SCWPlatform::DSA absoulate path C:/Harman/Verilog/SoC_06_19_UI/micBlazeAppTop/hw/micBlazeAppTop.xsa
TRACE::2024-06-19.16:49:09::SCWPlatform::DSA directory C:/Harman/Verilog/SoC_06_19_UI/micBlazeAppTop/hw
TRACE::2024-06-19.16:49:09::SCWPlatform:: Platform Path C:/Harman/Verilog/SoC_06_19_UI/micBlazeAppTop/hw/micBlazeAppTop.xsa
TRACE::2024-06-19.16:49:09::SCWPlatform:: Unique name xilinx:basys3::0.0
TRACE::2024-06-19.16:49:09::SCWPlatform::Trying to set the existing hwdb with name micBlazeAppTop_0
TRACE::2024-06-19.16:49:09::SCWPlatform::Opened existing hwdb micBlazeAppTop_0
TRACE::2024-06-19.16:49:09::SCWPlatform::Found the Hw Db part of the input DSA
TRACE::2024-06-19.16:49:09::SCWMssOS::Checking the sw design at  C:/Harman/Verilog/SoC_06_19_UI/micBlazeAppTop/microblaze_0/standalone_microblaze_0/bsp/system.mss
TRACE::2024-06-19.16:49:09::SCWMssOS::DEBUG:  swdes dump  C:/Harman/Verilog/SoC_06_19_UI/micBlazeAppTop/microblaze_0/standalone_microblaze_0/bsp/system.mss|system||

TRACE::2024-06-19.16:49:09::SCWMssOS::Sw design exists and opened at  C:/Harman/Verilog/SoC_06_19_UI/micBlazeAppTop/microblaze_0/standalone_microblaze_0/bsp/system.mss
TRACE::2024-06-19.16:49:09::SCWPlatform::Trying to open the hw design at C:/Harman/Verilog/SoC_06_19_UI/micBlazeAppTop/hw/micBlazeAppTop.xsa
TRACE::2024-06-19.16:49:09::SCWPlatform::DSA given C:/Harman/Verilog/SoC_06_19_UI/micBlazeAppTop/hw/micBlazeAppTop.xsa
TRACE::2024-06-19.16:49:09::SCWPlatform::DSA absoulate path C:/Harman/Verilog/SoC_06_19_UI/micBlazeAppTop/hw/micBlazeAppTop.xsa
TRACE::2024-06-19.16:49:09::SCWPlatform::DSA directory C:/Harman/Verilog/SoC_06_19_UI/micBlazeAppTop/hw
TRACE::2024-06-19.16:49:09::SCWPlatform:: Platform Path C:/Harman/Verilog/SoC_06_19_UI/micBlazeAppTop/hw/micBlazeAppTop.xsa
TRACE::2024-06-19.16:49:09::SCWPlatform:: Unique name xilinx:basys3::0.0
TRACE::2024-06-19.16:49:09::SCWPlatform::Trying to set the existing hwdb with name micBlazeAppTop_0
TRACE::2024-06-19.16:49:09::SCWPlatform::Opened existing hwdb micBlazeAppTop_0
TRACE::2024-06-19.16:49:09::SCWPlatform::Found the Hw Db part of the input DSA
TRACE::2024-06-19.16:49:09::SCWMssOS::Checking the sw design at  C:/Harman/Verilog/SoC_06_19_UI/micBlazeAppTop/microblaze_0/standalone_microblaze_0/bsp/system.mss
TRACE::2024-06-19.16:49:09::SCWMssOS::DEBUG:  swdes dump  C:/Harman/Verilog/SoC_06_19_UI/micBlazeAppTop/microblaze_0/standalone_microblaze_0/bsp/system.mss|system||

TRACE::2024-06-19.16:49:09::SCWMssOS::Sw design exists and opened at  C:/Harman/Verilog/SoC_06_19_UI/micBlazeAppTop/microblaze_0/standalone_microblaze_0/bsp/system.mss
TRACE::2024-06-19.16:49:09::SCWWriter::formatted JSON is {
	"platformName":	"micBlazeAppTop",
	"sprVersion":	"2.0",
	"mode":	"gui",
	"dsaType":	"Fixed",
	"platformDesc":	"micBlazeAppTop",
	"platHandOff":	"<platformDir>.xsa",
	"platIntHandOff":	"<platformDir>/hw/micBlazeAppTop.xsa",
	"deviceType":	"FPGA",
	"platIsPrebuiltAutogen":	"false",
	"platIsNoBootBsp":	"false",
	"hasFsblMakeHasChanges":	"false",
	"hasPmufwMakeHasChanges":	"false",
	"platPreBuiltFlag":	false,
	"platformSamplesDir":	"",
	"platActiveSys":	"micBlazeAppTop",
	"systems":	[{
			"systemName":	"micBlazeAppTop",
			"systemDesc":	"micBlazeAppTop",
			"sysIsBootAutoGen":	"true",
			"systemDispName":	"micBlazeAppTop",
			"sysActiveDom":	"standalone_microblaze_0",
			"sysDefaultDom":	"standalone_microblaze_0",
			"domains":	[{
					"domainName":	"standalone_microblaze_0",
					"domainDispName":	"standalone_microblaze_0",
					"domainDesc":	"standalone_microblaze_0",
					"processors":	"microblaze_0",
					"os":	"standalone",
					"sdxOs":	"standalone",
					"debugEnable":	"False",
					"domRuntimes":	["cpp"],
					"swRepo":	"",
					"mssOsVer":	"9.1",
					"mssFile":	"",
					"md5Digest":	"a2455141f5301011804f02d6749894b1",
					"compatibleApp":	"hello_world",
					"domType":	"mssDomain",
					"arch":	"32-bit",
					"appSettings":	{
						"appCompilerFlags":	"",
						"appLinkerFlags":	""
					},
					"addedLibs":	[],
					"libOptions":	{
						"libsContainingOptions":	[]
					},
					"prebuiltLibs":	{
						"prebuiltIncPath":	[],
						"prebuiltLibPath":	[]
					},
					"isolation":	{
					}
				}]
		}]
}
LOG::2024-06-19.16:49:09::SCWPlatform::Started generating the artifacts platform micBlazeAppTop
TRACE::2024-06-19.16:49:09::SCWPlatform::Sanity checking of platform is completed
LOG::2024-06-19.16:49:09::SCWPlatform::Started generating the artifacts for system configuration micBlazeAppTop
LOG::2024-06-19.16:49:09::SCWSystem::Checking the domain standalone_microblaze_0
LOG::2024-06-19.16:49:09::SCWSystem::Not a boot domain 
LOG::2024-06-19.16:49:09::SCWSystem::Started Processing the domain standalone_microblaze_0
TRACE::2024-06-19.16:49:09::SCWDomain::Generating domain artifcats
TRACE::2024-06-19.16:49:09::SCWMssOS::Generating standalone artifcats
TRACE::2024-06-19.16:49:09::SCWMssOS:: Copying the user libraries. 
TRACE::2024-06-19.16:49:09::SCWPlatform::Trying to open the hw design at C:/Harman/Verilog/SoC_06_19_UI/micBlazeAppTop/hw/micBlazeAppTop.xsa
TRACE::2024-06-19.16:49:09::SCWPlatform::DSA given C:/Harman/Verilog/SoC_06_19_UI/micBlazeAppTop/hw/micBlazeAppTop.xsa
TRACE::2024-06-19.16:49:09::SCWPlatform::DSA absoulate path C:/Harman/Verilog/SoC_06_19_UI/micBlazeAppTop/hw/micBlazeAppTop.xsa
TRACE::2024-06-19.16:49:09::SCWPlatform::DSA directory C:/Harman/Verilog/SoC_06_19_UI/micBlazeAppTop/hw
TRACE::2024-06-19.16:49:09::SCWPlatform:: Platform Path C:/Harman/Verilog/SoC_06_19_UI/micBlazeAppTop/hw/micBlazeAppTop.xsa
TRACE::2024-06-19.16:49:09::SCWPlatform:: Unique name xilinx:basys3::0.0
TRACE::2024-06-19.16:49:09::SCWPlatform::Trying to set the existing hwdb with name micBlazeAppTop_0
TRACE::2024-06-19.16:49:09::SCWPlatform::Opened existing hwdb micBlazeAppTop_0
TRACE::2024-06-19.16:49:09::SCWPlatform::Found the Hw Db part of the input DSA
TRACE::2024-06-19.16:49:09::SCWMssOS::Checking the sw design at  C:/Harman/Verilog/SoC_06_19_UI/micBlazeAppTop/microblaze_0/standalone_microblaze_0/bsp/system.mss
TRACE::2024-06-19.16:49:09::SCWMssOS::DEBUG:  swdes dump  C:/Harman/Verilog/SoC_06_19_UI/micBlazeAppTop/microblaze_0/standalone_microblaze_0/bsp/system.mss|system||

TRACE::2024-06-19.16:49:09::SCWMssOS::Sw design exists and opened at  C:/Harman/Verilog/SoC_06_19_UI/micBlazeAppTop/microblaze_0/standalone_microblaze_0/bsp/system.mss
TRACE::2024-06-19.16:49:09::SCWMssOS::Completed writing the mss file at C:/Harman/Verilog/SoC_06_19_UI/micBlazeAppTop/microblaze_0/standalone_microblaze_0/bsp
TRACE::2024-06-19.16:49:09::SCWMssOS::Mss edits present, copying mssfile into export location C:/Harman/Verilog/SoC_06_19_UI/micBlazeAppTop/microblaze_0/standalone_microblaze_0/bsp/system.mss
TRACE::2024-06-19.16:49:09::SCWMssOS::bsp generated is upto date with the mss file. Skipping bsp generation.
TRACE::2024-06-19.16:49:09::SCWMssOS::BSP is already built. skipping the bsp build ... 
TRACE::2024-06-19.16:49:09::SCWDomain::Skipping the build for domain :  standalone_microblaze_0
TRACE::2024-06-19.16:49:09::SCWMssOS::skipping the bsp build ... 
TRACE::2024-06-19.16:49:09::SCWMssOS::Copying to export directory.
TRACE::2024-06-19.16:49:09::SCWMssOS:: Checking if to create the Supporting Applications
TRACE::2024-06-19.16:49:09::SCWMssOS:: No Linux domain exists, trying to generate FSBL 
LOG::2024-06-19.16:49:09::SCWSystem::Completed Processing the domain standalone_microblaze_0
LOG::2024-06-19.16:49:09::SCWSystem::Completed Processing the sysconfig micBlazeAppTop
LOG::2024-06-19.16:49:09::SCWPlatform::Completed generating the artifacts for system configuration micBlazeAppTop
TRACE::2024-06-19.16:49:09::SCWPlatform::Started preparing the platform 
TRACE::2024-06-19.16:49:09::SCWSystem::Writing the bif file for system config micBlazeAppTop
TRACE::2024-06-19.16:49:09::SCWSystem::dir created 
TRACE::2024-06-19.16:49:09::SCWSystem::Writing the bif 
TRACE::2024-06-19.16:49:09::SCWPlatform::Started writing the spfm file 
TRACE::2024-06-19.16:49:09::SCWPlatform::Started writing the xpfm file 
TRACE::2024-06-19.16:49:09::SCWPlatform::Completed generating the platform
TRACE::2024-06-19.16:49:09::SCWMssOS::Saving the mss changes C:/Harman/Verilog/SoC_06_19_UI/micBlazeAppTop/microblaze_0/standalone_microblaze_0/bsp/system.mss
TRACE::2024-06-19.16:49:09::SCWMssOS::Found a swdesign opened with the mssfile.
TRACE::2024-06-19.16:49:09::SCWMssOS::Completed writemss as part of save.
TRACE::2024-06-19.16:49:09::SCWMssOS::Commit changes completed.
TRACE::2024-06-19.16:49:09::SCWPlatform::Trying to open the hw design at C:/Harman/Verilog/SoC_06_19_UI/micBlazeAppTop/hw/micBlazeAppTop.xsa
TRACE::2024-06-19.16:49:09::SCWPlatform::DSA given C:/Harman/Verilog/SoC_06_19_UI/micBlazeAppTop/hw/micBlazeAppTop.xsa
TRACE::2024-06-19.16:49:09::SCWPlatform::DSA absoulate path C:/Harman/Verilog/SoC_06_19_UI/micBlazeAppTop/hw/micBlazeAppTop.xsa
TRACE::2024-06-19.16:49:09::SCWPlatform::DSA directory C:/Harman/Verilog/SoC_06_19_UI/micBlazeAppTop/hw
TRACE::2024-06-19.16:49:09::SCWPlatform:: Platform Path C:/Harman/Verilog/SoC_06_19_UI/micBlazeAppTop/hw/micBlazeAppTop.xsa
TRACE::2024-06-19.16:49:09::SCWPlatform:: Unique name xilinx:basys3::0.0
TRACE::2024-06-19.16:49:09::SCWPlatform::Trying to set the existing hwdb with name micBlazeAppTop_0
TRACE::2024-06-19.16:49:09::SCWPlatform::Opened existing hwdb micBlazeAppTop_0
TRACE::2024-06-19.16:49:09::SCWPlatform::Found the Hw Db part of the input DSA
TRACE::2024-06-19.16:49:09::SCWMssOS::Checking the sw design at  C:/Harman/Verilog/SoC_06_19_UI/micBlazeAppTop/microblaze_0/standalone_microblaze_0/bsp/system.mss
TRACE::2024-06-19.16:49:09::SCWMssOS::DEBUG:  swdes dump  C:/Harman/Verilog/SoC_06_19_UI/micBlazeAppTop/microblaze_0/standalone_microblaze_0/bsp/system.mss|system||

TRACE::2024-06-19.16:49:09::SCWMssOS::Sw design exists and opened at  C:/Harman/Verilog/SoC_06_19_UI/micBlazeAppTop/microblaze_0/standalone_microblaze_0/bsp/system.mss
TRACE::2024-06-19.16:49:09::SCWPlatform::Trying to open the hw design at C:/Harman/Verilog/SoC_06_19_UI/micBlazeAppTop/hw/micBlazeAppTop.xsa
TRACE::2024-06-19.16:49:09::SCWPlatform::DSA given C:/Harman/Verilog/SoC_06_19_UI/micBlazeAppTop/hw/micBlazeAppTop.xsa
TRACE::2024-06-19.16:49:09::SCWPlatform::DSA absoulate path C:/Harman/Verilog/SoC_06_19_UI/micBlazeAppTop/hw/micBlazeAppTop.xsa
TRACE::2024-06-19.16:49:09::SCWPlatform::DSA directory C:/Harman/Verilog/SoC_06_19_UI/micBlazeAppTop/hw
TRACE::2024-06-19.16:49:09::SCWPlatform:: Platform Path C:/Harman/Verilog/SoC_06_19_UI/micBlazeAppTop/hw/micBlazeAppTop.xsa
TRACE::2024-06-19.16:49:09::SCWPlatform:: Unique name xilinx:basys3::0.0
TRACE::2024-06-19.16:49:09::SCWPlatform::Trying to set the existing hwdb with name micBlazeAppTop_0
TRACE::2024-06-19.16:49:09::SCWPlatform::Opened existing hwdb micBlazeAppTop_0
TRACE::2024-06-19.16:49:09::SCWPlatform::Found the Hw Db part of the input DSA
TRACE::2024-06-19.16:49:09::SCWMssOS::Checking the sw design at  C:/Harman/Verilog/SoC_06_19_UI/micBlazeAppTop/microblaze_0/standalone_microblaze_0/bsp/system.mss
TRACE::2024-06-19.16:49:09::SCWMssOS::DEBUG:  swdes dump  C:/Harman/Verilog/SoC_06_19_UI/micBlazeAppTop/microblaze_0/standalone_microblaze_0/bsp/system.mss|system||

TRACE::2024-06-19.16:49:09::SCWMssOS::Sw design exists and opened at  C:/Harman/Verilog/SoC_06_19_UI/micBlazeAppTop/microblaze_0/standalone_microblaze_0/bsp/system.mss
TRACE::2024-06-19.16:49:09::SCWPlatform::Trying to open the hw design at C:/Harman/Verilog/SoC_06_19_UI/micBlazeAppTop/hw/micBlazeAppTop.xsa
TRACE::2024-06-19.16:49:09::SCWPlatform::DSA given C:/Harman/Verilog/SoC_06_19_UI/micBlazeAppTop/hw/micBlazeAppTop.xsa
TRACE::2024-06-19.16:49:09::SCWPlatform::DSA absoulate path C:/Harman/Verilog/SoC_06_19_UI/micBlazeAppTop/hw/micBlazeAppTop.xsa
TRACE::2024-06-19.16:49:09::SCWPlatform::DSA directory C:/Harman/Verilog/SoC_06_19_UI/micBlazeAppTop/hw
TRACE::2024-06-19.16:49:09::SCWPlatform:: Platform Path C:/Harman/Verilog/SoC_06_19_UI/micBlazeAppTop/hw/micBlazeAppTop.xsa
TRACE::2024-06-19.16:49:09::SCWPlatform:: Unique name xilinx:basys3::0.0
TRACE::2024-06-19.16:49:09::SCWPlatform::Trying to set the existing hwdb with name micBlazeAppTop_0
TRACE::2024-06-19.16:49:09::SCWPlatform::Opened existing hwdb micBlazeAppTop_0
TRACE::2024-06-19.16:49:09::SCWPlatform::Found the Hw Db part of the input DSA
TRACE::2024-06-19.16:49:09::SCWMssOS::Checking the sw design at  C:/Harman/Verilog/SoC_06_19_UI/micBlazeAppTop/microblaze_0/standalone_microblaze_0/bsp/system.mss
TRACE::2024-06-19.16:49:09::SCWMssOS::DEBUG:  swdes dump  C:/Harman/Verilog/SoC_06_19_UI/micBlazeAppTop/microblaze_0/standalone_microblaze_0/bsp/system.mss|system||

TRACE::2024-06-19.16:49:09::SCWMssOS::Sw design exists and opened at  C:/Harman/Verilog/SoC_06_19_UI/micBlazeAppTop/microblaze_0/standalone_microblaze_0/bsp/system.mss
TRACE::2024-06-19.16:49:09::SCWWriter::formatted JSON is {
	"platformName":	"micBlazeAppTop",
	"sprVersion":	"2.0",
	"mode":	"gui",
	"dsaType":	"Fixed",
	"platformDesc":	"micBlazeAppTop",
	"platHandOff":	"<platformDir>.xsa",
	"platIntHandOff":	"<platformDir>/hw/micBlazeAppTop.xsa",
	"deviceType":	"FPGA",
	"platIsPrebuiltAutogen":	"false",
	"platIsNoBootBsp":	"false",
	"hasFsblMakeHasChanges":	"false",
	"hasPmufwMakeHasChanges":	"false",
	"platPreBuiltFlag":	false,
	"platformSamplesDir":	"",
	"platActiveSys":	"micBlazeAppTop",
	"systems":	[{
			"systemName":	"micBlazeAppTop",
			"systemDesc":	"micBlazeAppTop",
			"sysIsBootAutoGen":	"true",
			"systemDispName":	"micBlazeAppTop",
			"sysActiveDom":	"standalone_microblaze_0",
			"sysDefaultDom":	"standalone_microblaze_0",
			"domains":	[{
					"domainName":	"standalone_microblaze_0",
					"domainDispName":	"standalone_microblaze_0",
					"domainDesc":	"standalone_microblaze_0",
					"processors":	"microblaze_0",
					"os":	"standalone",
					"sdxOs":	"standalone",
					"debugEnable":	"False",
					"domRuntimes":	["cpp"],
					"swRepo":	"",
					"mssOsVer":	"9.1",
					"mssFile":	"",
					"md5Digest":	"a2455141f5301011804f02d6749894b1",
					"compatibleApp":	"hello_world",
					"domType":	"mssDomain",
					"arch":	"32-bit",
					"appSettings":	{
						"appCompilerFlags":	"",
						"appLinkerFlags":	""
					},
					"addedLibs":	[],
					"libOptions":	{
						"libsContainingOptions":	[]
					},
					"prebuiltLibs":	{
						"prebuiltIncPath":	[],
						"prebuiltLibPath":	[]
					},
					"isolation":	{
					}
				}]
		}]
}
KEYINFO::2024-06-19.16:49:09::SCWPlatform::updated the xpfm file.
TRACE::2024-06-19.16:49:11::SCWPlatform::Trying to open the hw design at C:/Harman/Verilog/SoC_06_19_UI/micBlazeAppTop/hw/micBlazeAppTop.xsa
TRACE::2024-06-19.16:49:11::SCWPlatform::DSA given C:/Harman/Verilog/SoC_06_19_UI/micBlazeAppTop/hw/micBlazeAppTop.xsa
TRACE::2024-06-19.16:49:11::SCWPlatform::DSA absoulate path C:/Harman/Verilog/SoC_06_19_UI/micBlazeAppTop/hw/micBlazeAppTop.xsa
TRACE::2024-06-19.16:49:11::SCWPlatform::DSA directory C:/Harman/Verilog/SoC_06_19_UI/micBlazeAppTop/hw
TRACE::2024-06-19.16:49:11::SCWPlatform:: Platform Path C:/Harman/Verilog/SoC_06_19_UI/micBlazeAppTop/hw/micBlazeAppTop.xsa
TRACE::2024-06-19.16:49:11::SCWPlatform:: Unique name xilinx:basys3::0.0
TRACE::2024-06-19.16:49:11::SCWPlatform::Trying to set the existing hwdb with name micBlazeAppTop_0
TRACE::2024-06-19.16:49:11::SCWPlatform::Opened existing hwdb micBlazeAppTop_0
TRACE::2024-06-19.16:49:11::SCWPlatform::Found the Hw Db part of the input DSA
TRACE::2024-06-19.16:49:11::SCWMssOS::Checking the sw design at  C:/Harman/Verilog/SoC_06_19_UI/micBlazeAppTop/microblaze_0/standalone_microblaze_0/bsp/system.mss
TRACE::2024-06-19.16:49:11::SCWMssOS::DEBUG:  swdes dump  C:/Harman/Verilog/SoC_06_19_UI/micBlazeAppTop/microblaze_0/standalone_microblaze_0/bsp/system.mss|system||

TRACE::2024-06-19.16:49:11::SCWMssOS::Sw design exists and opened at  C:/Harman/Verilog/SoC_06_19_UI/micBlazeAppTop/microblaze_0/standalone_microblaze_0/bsp/system.mss
TRACE::2024-06-19.16:49:11::SCWMssOS::Saving the mss changes C:/Harman/Verilog/SoC_06_19_UI/micBlazeAppTop/microblaze_0/standalone_microblaze_0/bsp/system.mss
TRACE::2024-06-19.16:49:11::SCWMssOS::Found a swdesign opened with the mssfile.
TRACE::2024-06-19.16:49:11::SCWMssOS::Completed writemss as part of save.
TRACE::2024-06-19.16:49:11::SCWMssOS::Commit changes completed.
TRACE::2024-06-19.16:49:11::SCWPlatform::Trying to open the hw design at C:/Harman/Verilog/SoC_06_19_UI/micBlazeAppTop/hw/micBlazeAppTop.xsa
TRACE::2024-06-19.16:49:11::SCWPlatform::DSA given C:/Harman/Verilog/SoC_06_19_UI/micBlazeAppTop/hw/micBlazeAppTop.xsa
TRACE::2024-06-19.16:49:11::SCWPlatform::DSA absoulate path C:/Harman/Verilog/SoC_06_19_UI/micBlazeAppTop/hw/micBlazeAppTop.xsa
TRACE::2024-06-19.16:49:11::SCWPlatform::DSA directory C:/Harman/Verilog/SoC_06_19_UI/micBlazeAppTop/hw
TRACE::2024-06-19.16:49:11::SCWPlatform:: Platform Path C:/Harman/Verilog/SoC_06_19_UI/micBlazeAppTop/hw/micBlazeAppTop.xsa
TRACE::2024-06-19.16:49:11::SCWPlatform:: Unique name xilinx:basys3::0.0
TRACE::2024-06-19.16:49:11::SCWPlatform::Trying to set the existing hwdb with name micBlazeAppTop_0
TRACE::2024-06-19.16:49:11::SCWPlatform::Opened existing hwdb micBlazeAppTop_0
TRACE::2024-06-19.16:49:11::SCWPlatform::Found the Hw Db part of the input DSA
TRACE::2024-06-19.16:49:11::SCWMssOS::Checking the sw design at  C:/Harman/Verilog/SoC_06_19_UI/micBlazeAppTop/microblaze_0/standalone_microblaze_0/bsp/system.mss
TRACE::2024-06-19.16:49:11::SCWMssOS::DEBUG:  swdes dump  C:/Harman/Verilog/SoC_06_19_UI/micBlazeAppTop/microblaze_0/standalone_microblaze_0/bsp/system.mss|system||

TRACE::2024-06-19.16:49:11::SCWMssOS::Sw design exists and opened at  C:/Harman/Verilog/SoC_06_19_UI/micBlazeAppTop/microblaze_0/standalone_microblaze_0/bsp/system.mss
TRACE::2024-06-19.16:49:11::SCWPlatform::Trying to open the hw design at C:/Harman/Verilog/SoC_06_19_UI/micBlazeAppTop/hw/micBlazeAppTop.xsa
TRACE::2024-06-19.16:49:11::SCWPlatform::DSA given C:/Harman/Verilog/SoC_06_19_UI/micBlazeAppTop/hw/micBlazeAppTop.xsa
TRACE::2024-06-19.16:49:11::SCWPlatform::DSA absoulate path C:/Harman/Verilog/SoC_06_19_UI/micBlazeAppTop/hw/micBlazeAppTop.xsa
TRACE::2024-06-19.16:49:11::SCWPlatform::DSA directory C:/Harman/Verilog/SoC_06_19_UI/micBlazeAppTop/hw
TRACE::2024-06-19.16:49:11::SCWPlatform:: Platform Path C:/Harman/Verilog/SoC_06_19_UI/micBlazeAppTop/hw/micBlazeAppTop.xsa
TRACE::2024-06-19.16:49:11::SCWPlatform:: Unique name xilinx:basys3::0.0
TRACE::2024-06-19.16:49:11::SCWPlatform::Trying to set the existing hwdb with name micBlazeAppTop_0
TRACE::2024-06-19.16:49:11::SCWPlatform::Opened existing hwdb micBlazeAppTop_0
TRACE::2024-06-19.16:49:11::SCWPlatform::Found the Hw Db part of the input DSA
TRACE::2024-06-19.16:49:11::SCWMssOS::Checking the sw design at  C:/Harman/Verilog/SoC_06_19_UI/micBlazeAppTop/microblaze_0/standalone_microblaze_0/bsp/system.mss
TRACE::2024-06-19.16:49:11::SCWMssOS::DEBUG:  swdes dump  C:/Harman/Verilog/SoC_06_19_UI/micBlazeAppTop/microblaze_0/standalone_microblaze_0/bsp/system.mss|system||

TRACE::2024-06-19.16:49:11::SCWMssOS::Sw design exists and opened at  C:/Harman/Verilog/SoC_06_19_UI/micBlazeAppTop/microblaze_0/standalone_microblaze_0/bsp/system.mss
TRACE::2024-06-19.16:49:11::SCWPlatform::Trying to open the hw design at C:/Harman/Verilog/SoC_06_19_UI/micBlazeAppTop/hw/micBlazeAppTop.xsa
TRACE::2024-06-19.16:49:11::SCWPlatform::DSA given C:/Harman/Verilog/SoC_06_19_UI/micBlazeAppTop/hw/micBlazeAppTop.xsa
TRACE::2024-06-19.16:49:11::SCWPlatform::DSA absoulate path C:/Harman/Verilog/SoC_06_19_UI/micBlazeAppTop/hw/micBlazeAppTop.xsa
TRACE::2024-06-19.16:49:11::SCWPlatform::DSA directory C:/Harman/Verilog/SoC_06_19_UI/micBlazeAppTop/hw
TRACE::2024-06-19.16:49:11::SCWPlatform:: Platform Path C:/Harman/Verilog/SoC_06_19_UI/micBlazeAppTop/hw/micBlazeAppTop.xsa
TRACE::2024-06-19.16:49:11::SCWPlatform:: Unique name xilinx:basys3::0.0
TRACE::2024-06-19.16:49:11::SCWPlatform::Trying to set the existing hwdb with name micBlazeAppTop_0
TRACE::2024-06-19.16:49:11::SCWPlatform::Opened existing hwdb micBlazeAppTop_0
TRACE::2024-06-19.16:49:11::SCWPlatform::Found the Hw Db part of the input DSA
TRACE::2024-06-19.16:49:11::SCWMssOS::Checking the sw design at  C:/Harman/Verilog/SoC_06_19_UI/micBlazeAppTop/microblaze_0/standalone_microblaze_0/bsp/system.mss
TRACE::2024-06-19.16:49:11::SCWMssOS::DEBUG:  swdes dump  C:/Harman/Verilog/SoC_06_19_UI/micBlazeAppTop/microblaze_0/standalone_microblaze_0/bsp/system.mss|system||

TRACE::2024-06-19.16:49:11::SCWMssOS::Sw design exists and opened at  C:/Harman/Verilog/SoC_06_19_UI/micBlazeAppTop/microblaze_0/standalone_microblaze_0/bsp/system.mss
TRACE::2024-06-19.16:49:11::SCWWriter::formatted JSON is {
	"platformName":	"micBlazeAppTop",
	"sprVersion":	"2.0",
	"mode":	"gui",
	"dsaType":	"Fixed",
	"platformDesc":	"micBlazeAppTop",
	"platHandOff":	"<platformDir>.xsa",
	"platIntHandOff":	"<platformDir>/hw/micBlazeAppTop.xsa",
	"deviceType":	"FPGA",
	"platIsPrebuiltAutogen":	"false",
	"platIsNoBootBsp":	"false",
	"hasFsblMakeHasChanges":	"false",
	"hasPmufwMakeHasChanges":	"false",
	"platPreBuiltFlag":	false,
	"platformSamplesDir":	"",
	"platActiveSys":	"micBlazeAppTop",
	"systems":	[{
			"systemName":	"micBlazeAppTop",
			"systemDesc":	"micBlazeAppTop",
			"sysIsBootAutoGen":	"true",
			"systemDispName":	"micBlazeAppTop",
			"sysActiveDom":	"standalone_microblaze_0",
			"sysDefaultDom":	"standalone_microblaze_0",
			"domains":	[{
					"domainName":	"standalone_microblaze_0",
					"domainDispName":	"standalone_microblaze_0",
					"domainDesc":	"standalone_microblaze_0",
					"processors":	"microblaze_0",
					"os":	"standalone",
					"sdxOs":	"standalone",
					"debugEnable":	"False",
					"domRuntimes":	["cpp"],
					"swRepo":	"",
					"mssOsVer":	"9.1",
					"mssFile":	"",
					"md5Digest":	"a2455141f5301011804f02d6749894b1",
					"compatibleApp":	"hello_world",
					"domType":	"mssDomain",
					"arch":	"32-bit",
					"appSettings":	{
						"appCompilerFlags":	"",
						"appLinkerFlags":	""
					},
					"addedLibs":	[],
					"libOptions":	{
						"libsContainingOptions":	[]
					},
					"prebuiltLibs":	{
						"prebuiltIncPath":	[],
						"prebuiltLibPath":	[]
					},
					"isolation":	{
					}
				}]
		}]
}
TRACE::2024-06-19.16:49:11::SCWPlatform::Trying to open the hw design at C:/Harman/Verilog/SoC_06_19_UI/micBlazeAppTop/hw/micBlazeAppTop.xsa
TRACE::2024-06-19.16:49:11::SCWPlatform::DSA given C:/Harman/Verilog/SoC_06_19_UI/micBlazeAppTop/hw/micBlazeAppTop.xsa
TRACE::2024-06-19.16:49:11::SCWPlatform::DSA absoulate path C:/Harman/Verilog/SoC_06_19_UI/micBlazeAppTop/hw/micBlazeAppTop.xsa
TRACE::2024-06-19.16:49:11::SCWPlatform::DSA directory C:/Harman/Verilog/SoC_06_19_UI/micBlazeAppTop/hw
TRACE::2024-06-19.16:49:11::SCWPlatform:: Platform Path C:/Harman/Verilog/SoC_06_19_UI/micBlazeAppTop/hw/micBlazeAppTop.xsa
TRACE::2024-06-19.16:49:11::SCWPlatform:: Unique name xilinx:basys3::0.0
TRACE::2024-06-19.16:49:11::SCWPlatform::Trying to set the existing hwdb with name micBlazeAppTop_0
TRACE::2024-06-19.16:49:11::SCWPlatform::Opened existing hwdb micBlazeAppTop_0
TRACE::2024-06-19.16:49:11::SCWPlatform::Found the Hw Db part of the input DSA
TRACE::2024-06-19.16:49:11::SCWMssOS::Checking the sw design at  C:/Harman/Verilog/SoC_06_19_UI/micBlazeAppTop/microblaze_0/standalone_microblaze_0/bsp/system.mss
TRACE::2024-06-19.16:49:11::SCWMssOS::DEBUG:  swdes dump  C:/Harman/Verilog/SoC_06_19_UI/micBlazeAppTop/microblaze_0/standalone_microblaze_0/bsp/system.mss|system||

TRACE::2024-06-19.16:49:11::SCWMssOS::Sw design exists and opened at  C:/Harman/Verilog/SoC_06_19_UI/micBlazeAppTop/microblaze_0/standalone_microblaze_0/bsp/system.mss
TRACE::2024-06-19.16:49:11::SCWPlatform::Trying to open the hw design at C:/Harman/Verilog/SoC_06_19_UI/micBlazeAppTop/hw/micBlazeAppTop.xsa
TRACE::2024-06-19.16:49:11::SCWPlatform::DSA given C:/Harman/Verilog/SoC_06_19_UI/micBlazeAppTop/hw/micBlazeAppTop.xsa
TRACE::2024-06-19.16:49:11::SCWPlatform::DSA absoulate path C:/Harman/Verilog/SoC_06_19_UI/micBlazeAppTop/hw/micBlazeAppTop.xsa
TRACE::2024-06-19.16:49:11::SCWPlatform::DSA directory C:/Harman/Verilog/SoC_06_19_UI/micBlazeAppTop/hw
TRACE::2024-06-19.16:49:11::SCWPlatform:: Platform Path C:/Harman/Verilog/SoC_06_19_UI/micBlazeAppTop/hw/micBlazeAppTop.xsa
TRACE::2024-06-19.16:49:11::SCWPlatform:: Unique name xilinx:basys3::0.0
TRACE::2024-06-19.16:49:11::SCWPlatform::Trying to set the existing hwdb with name micBlazeAppTop_0
TRACE::2024-06-19.16:49:11::SCWPlatform::Opened existing hwdb micBlazeAppTop_0
TRACE::2024-06-19.16:49:11::SCWPlatform::Found the Hw Db part of the input DSA
TRACE::2024-06-19.16:49:11::SCWMssOS::Checking the sw design at  C:/Harman/Verilog/SoC_06_19_UI/micBlazeAppTop/microblaze_0/standalone_microblaze_0/bsp/system.mss
TRACE::2024-06-19.16:49:11::SCWMssOS::DEBUG:  swdes dump  C:/Harman/Verilog/SoC_06_19_UI/micBlazeAppTop/microblaze_0/standalone_microblaze_0/bsp/system.mss|system||

TRACE::2024-06-19.16:49:11::SCWMssOS::Sw design exists and opened at  C:/Harman/Verilog/SoC_06_19_UI/micBlazeAppTop/microblaze_0/standalone_microblaze_0/bsp/system.mss
TRACE::2024-06-19.16:49:11::SCWMssOS::Saving the mss changes C:/Harman/Verilog/SoC_06_19_UI/micBlazeAppTop/microblaze_0/standalone_microblaze_0/bsp/system.mss
TRACE::2024-06-19.16:49:11::SCWMssOS::Found a swdesign opened with the mssfile.
TRACE::2024-06-19.16:49:11::SCWMssOS::Completed writemss as part of save.
TRACE::2024-06-19.16:49:11::SCWMssOS::Commit changes completed.
TRACE::2024-06-19.16:49:11::SCWPlatform::Trying to open the hw design at C:/Harman/Verilog/SoC_06_19_UI/micBlazeAppTop/hw/micBlazeAppTop.xsa
TRACE::2024-06-19.16:49:11::SCWPlatform::DSA given C:/Harman/Verilog/SoC_06_19_UI/micBlazeAppTop/hw/micBlazeAppTop.xsa
TRACE::2024-06-19.16:49:11::SCWPlatform::DSA absoulate path C:/Harman/Verilog/SoC_06_19_UI/micBlazeAppTop/hw/micBlazeAppTop.xsa
TRACE::2024-06-19.16:49:11::SCWPlatform::DSA directory C:/Harman/Verilog/SoC_06_19_UI/micBlazeAppTop/hw
TRACE::2024-06-19.16:49:11::SCWPlatform:: Platform Path C:/Harman/Verilog/SoC_06_19_UI/micBlazeAppTop/hw/micBlazeAppTop.xsa
TRACE::2024-06-19.16:49:11::SCWPlatform:: Unique name xilinx:basys3::0.0
TRACE::2024-06-19.16:49:11::SCWPlatform::Trying to set the existing hwdb with name micBlazeAppTop_0
TRACE::2024-06-19.16:49:11::SCWPlatform::Opened existing hwdb micBlazeAppTop_0
TRACE::2024-06-19.16:49:11::SCWPlatform::Found the Hw Db part of the input DSA
TRACE::2024-06-19.16:49:11::SCWMssOS::Checking the sw design at  C:/Harman/Verilog/SoC_06_19_UI/micBlazeAppTop/microblaze_0/standalone_microblaze_0/bsp/system.mss
TRACE::2024-06-19.16:49:11::SCWMssOS::DEBUG:  swdes dump  C:/Harman/Verilog/SoC_06_19_UI/micBlazeAppTop/microblaze_0/standalone_microblaze_0/bsp/system.mss|system||

TRACE::2024-06-19.16:49:11::SCWMssOS::Sw design exists and opened at  C:/Harman/Verilog/SoC_06_19_UI/micBlazeAppTop/microblaze_0/standalone_microblaze_0/bsp/system.mss
TRACE::2024-06-19.16:49:11::SCWPlatform::Trying to open the hw design at C:/Harman/Verilog/SoC_06_19_UI/micBlazeAppTop/hw/micBlazeAppTop.xsa
TRACE::2024-06-19.16:49:11::SCWPlatform::DSA given C:/Harman/Verilog/SoC_06_19_UI/micBlazeAppTop/hw/micBlazeAppTop.xsa
TRACE::2024-06-19.16:49:11::SCWPlatform::DSA absoulate path C:/Harman/Verilog/SoC_06_19_UI/micBlazeAppTop/hw/micBlazeAppTop.xsa
TRACE::2024-06-19.16:49:11::SCWPlatform::DSA directory C:/Harman/Verilog/SoC_06_19_UI/micBlazeAppTop/hw
TRACE::2024-06-19.16:49:11::SCWPlatform:: Platform Path C:/Harman/Verilog/SoC_06_19_UI/micBlazeAppTop/hw/micBlazeAppTop.xsa
TRACE::2024-06-19.16:49:11::SCWPlatform:: Unique name xilinx:basys3::0.0
TRACE::2024-06-19.16:49:11::SCWPlatform::Trying to set the existing hwdb with name micBlazeAppTop_0
TRACE::2024-06-19.16:49:11::SCWPlatform::Opened existing hwdb micBlazeAppTop_0
TRACE::2024-06-19.16:49:11::SCWPlatform::Found the Hw Db part of the input DSA
TRACE::2024-06-19.16:49:11::SCWMssOS::Checking the sw design at  C:/Harman/Verilog/SoC_06_19_UI/micBlazeAppTop/microblaze_0/standalone_microblaze_0/bsp/system.mss
TRACE::2024-06-19.16:49:11::SCWMssOS::DEBUG:  swdes dump  C:/Harman/Verilog/SoC_06_19_UI/micBlazeAppTop/microblaze_0/standalone_microblaze_0/bsp/system.mss|system||

TRACE::2024-06-19.16:49:11::SCWMssOS::Sw design exists and opened at  C:/Harman/Verilog/SoC_06_19_UI/micBlazeAppTop/microblaze_0/standalone_microblaze_0/bsp/system.mss
TRACE::2024-06-19.16:49:11::SCWPlatform::Trying to open the hw design at C:/Harman/Verilog/SoC_06_19_UI/micBlazeAppTop/hw/micBlazeAppTop.xsa
TRACE::2024-06-19.16:49:11::SCWPlatform::DSA given C:/Harman/Verilog/SoC_06_19_UI/micBlazeAppTop/hw/micBlazeAppTop.xsa
TRACE::2024-06-19.16:49:11::SCWPlatform::DSA absoulate path C:/Harman/Verilog/SoC_06_19_UI/micBlazeAppTop/hw/micBlazeAppTop.xsa
TRACE::2024-06-19.16:49:11::SCWPlatform::DSA directory C:/Harman/Verilog/SoC_06_19_UI/micBlazeAppTop/hw
TRACE::2024-06-19.16:49:11::SCWPlatform:: Platform Path C:/Harman/Verilog/SoC_06_19_UI/micBlazeAppTop/hw/micBlazeAppTop.xsa
TRACE::2024-06-19.16:49:11::SCWPlatform:: Unique name xilinx:basys3::0.0
TRACE::2024-06-19.16:49:11::SCWPlatform::Trying to set the existing hwdb with name micBlazeAppTop_0
TRACE::2024-06-19.16:49:11::SCWPlatform::Opened existing hwdb micBlazeAppTop_0
TRACE::2024-06-19.16:49:11::SCWPlatform::Found the Hw Db part of the input DSA
TRACE::2024-06-19.16:49:11::SCWMssOS::Checking the sw design at  C:/Harman/Verilog/SoC_06_19_UI/micBlazeAppTop/microblaze_0/standalone_microblaze_0/bsp/system.mss
TRACE::2024-06-19.16:49:11::SCWMssOS::DEBUG:  swdes dump  C:/Harman/Verilog/SoC_06_19_UI/micBlazeAppTop/microblaze_0/standalone_microblaze_0/bsp/system.mss|system||

TRACE::2024-06-19.16:49:11::SCWMssOS::Sw design exists and opened at  C:/Harman/Verilog/SoC_06_19_UI/micBlazeAppTop/microblaze_0/standalone_microblaze_0/bsp/system.mss
TRACE::2024-06-19.16:49:11::SCWWriter::formatted JSON is {
	"platformName":	"micBlazeAppTop",
	"sprVersion":	"2.0",
	"mode":	"gui",
	"dsaType":	"Fixed",
	"platformDesc":	"micBlazeAppTop",
	"platHandOff":	"<platformDir>.xsa",
	"platIntHandOff":	"<platformDir>/hw/micBlazeAppTop.xsa",
	"deviceType":	"FPGA",
	"platIsPrebuiltAutogen":	"false",
	"platIsNoBootBsp":	"false",
	"hasFsblMakeHasChanges":	"false",
	"hasPmufwMakeHasChanges":	"false",
	"platPreBuiltFlag":	false,
	"platformSamplesDir":	"",
	"platActiveSys":	"micBlazeAppTop",
	"systems":	[{
			"systemName":	"micBlazeAppTop",
			"systemDesc":	"micBlazeAppTop",
			"sysIsBootAutoGen":	"true",
			"systemDispName":	"micBlazeAppTop",
			"sysActiveDom":	"standalone_microblaze_0",
			"sysDefaultDom":	"standalone_microblaze_0",
			"domains":	[{
					"domainName":	"standalone_microblaze_0",
					"domainDispName":	"standalone_microblaze_0",
					"domainDesc":	"standalone_microblaze_0",
					"processors":	"microblaze_0",
					"os":	"standalone",
					"sdxOs":	"standalone",
					"debugEnable":	"False",
					"domRuntimes":	["cpp"],
					"swRepo":	"",
					"mssOsVer":	"9.1",
					"mssFile":	"",
					"md5Digest":	"a2455141f5301011804f02d6749894b1",
					"compatibleApp":	"hello_world",
					"domType":	"mssDomain",
					"arch":	"32-bit",
					"appSettings":	{
						"appCompilerFlags":	"",
						"appLinkerFlags":	""
					},
					"addedLibs":	[],
					"libOptions":	{
						"libsContainingOptions":	[]
					},
					"prebuiltLibs":	{
						"prebuiltIncPath":	[],
						"prebuiltLibPath":	[]
					},
					"isolation":	{
					}
				}]
		}]
}
LOG::2024-06-19.16:49:11::SCWPlatform::Started generating the artifacts platform micBlazeAppTop
TRACE::2024-06-19.16:49:11::SCWPlatform::Sanity checking of platform is completed
LOG::2024-06-19.16:49:11::SCWPlatform::Started generating the artifacts for system configuration micBlazeAppTop
LOG::2024-06-19.16:49:11::SCWSystem::Started Processing the domain standalone_microblaze_0
TRACE::2024-06-19.16:49:11::SCWDomain::Generating domain artifcats
TRACE::2024-06-19.16:49:11::SCWMssOS::Generating standalone artifcats
TRACE::2024-06-19.16:49:11::SCWMssOS:: Copying the user libraries. 
TRACE::2024-06-19.16:49:11::SCWPlatform::Trying to open the hw design at C:/Harman/Verilog/SoC_06_19_UI/micBlazeAppTop/hw/micBlazeAppTop.xsa
TRACE::2024-06-19.16:49:11::SCWPlatform::DSA given C:/Harman/Verilog/SoC_06_19_UI/micBlazeAppTop/hw/micBlazeAppTop.xsa
TRACE::2024-06-19.16:49:11::SCWPlatform::DSA absoulate path C:/Harman/Verilog/SoC_06_19_UI/micBlazeAppTop/hw/micBlazeAppTop.xsa
TRACE::2024-06-19.16:49:11::SCWPlatform::DSA directory C:/Harman/Verilog/SoC_06_19_UI/micBlazeAppTop/hw
TRACE::2024-06-19.16:49:11::SCWPlatform:: Platform Path C:/Harman/Verilog/SoC_06_19_UI/micBlazeAppTop/hw/micBlazeAppTop.xsa
TRACE::2024-06-19.16:49:11::SCWPlatform:: Unique name xilinx:basys3::0.0
TRACE::2024-06-19.16:49:11::SCWPlatform::Trying to set the existing hwdb with name micBlazeAppTop_0
TRACE::2024-06-19.16:49:11::SCWPlatform::Opened existing hwdb micBlazeAppTop_0
TRACE::2024-06-19.16:49:11::SCWPlatform::Found the Hw Db part of the input DSA
TRACE::2024-06-19.16:49:11::SCWMssOS::Checking the sw design at  C:/Harman/Verilog/SoC_06_19_UI/micBlazeAppTop/microblaze_0/standalone_microblaze_0/bsp/system.mss
TRACE::2024-06-19.16:49:11::SCWMssOS::DEBUG:  swdes dump  C:/Harman/Verilog/SoC_06_19_UI/micBlazeAppTop/microblaze_0/standalone_microblaze_0/bsp/system.mss|system||

TRACE::2024-06-19.16:49:11::SCWMssOS::Sw design exists and opened at  C:/Harman/Verilog/SoC_06_19_UI/micBlazeAppTop/microblaze_0/standalone_microblaze_0/bsp/system.mss
TRACE::2024-06-19.16:49:11::SCWMssOS::Completed writing the mss file at C:/Harman/Verilog/SoC_06_19_UI/micBlazeAppTop/microblaze_0/standalone_microblaze_0/bsp
TRACE::2024-06-19.16:49:11::SCWMssOS::Mss edits present, copying mssfile into export location C:/Harman/Verilog/SoC_06_19_UI/micBlazeAppTop/microblaze_0/standalone_microblaze_0/bsp/system.mss
TRACE::2024-06-19.16:49:11::SCWMssOS::bsp generated is upto date with the mss file. Skipping bsp generation.
TRACE::2024-06-19.16:49:11::SCWMssOS::BSP is already built. skipping the bsp build ... 
TRACE::2024-06-19.16:49:11::SCWDomain::Building the domain as part of full build :  standalone_microblaze_0
TRACE::2024-06-19.16:49:11::SCWMssOS::skipping the bsp build ... 
TRACE::2024-06-19.16:49:11::SCWMssOS::Copying to export directory.
TRACE::2024-06-19.16:49:11::SCWMssOS:: Checking if to create the Supporting Applications
TRACE::2024-06-19.16:49:11::SCWMssOS:: No Linux domain exists, trying to generate FSBL 
LOG::2024-06-19.16:49:11::SCWSystem::Completed Processing the domain standalone_microblaze_0
LOG::2024-06-19.16:49:11::SCWSystem::Completed Processing the sysconfig micBlazeAppTop
LOG::2024-06-19.16:49:11::SCWPlatform::Completed generating the artifacts for system configuration micBlazeAppTop
TRACE::2024-06-19.16:49:11::SCWPlatform::Started preparing the platform 
TRACE::2024-06-19.16:49:11::SCWSystem::Writing the bif file for system config micBlazeAppTop
TRACE::2024-06-19.16:49:11::SCWSystem::dir created 
TRACE::2024-06-19.16:49:11::SCWSystem::Writing the bif 
TRACE::2024-06-19.16:49:11::SCWPlatform::Started writing the spfm file 
TRACE::2024-06-19.16:49:11::SCWPlatform::Started writing the xpfm file 
TRACE::2024-06-19.16:49:11::SCWPlatform::Completed generating the platform
TRACE::2024-06-19.16:49:11::SCWMssOS::Saving the mss changes C:/Harman/Verilog/SoC_06_19_UI/micBlazeAppTop/microblaze_0/standalone_microblaze_0/bsp/system.mss
TRACE::2024-06-19.16:49:11::SCWMssOS::Found a swdesign opened with the mssfile.
TRACE::2024-06-19.16:49:11::SCWMssOS::Completed writemss as part of save.
TRACE::2024-06-19.16:49:11::SCWMssOS::Commit changes completed.
TRACE::2024-06-19.16:49:11::SCWPlatform::Trying to open the hw design at C:/Harman/Verilog/SoC_06_19_UI/micBlazeAppTop/hw/micBlazeAppTop.xsa
TRACE::2024-06-19.16:49:11::SCWPlatform::DSA given C:/Harman/Verilog/SoC_06_19_UI/micBlazeAppTop/hw/micBlazeAppTop.xsa
TRACE::2024-06-19.16:49:11::SCWPlatform::DSA absoulate path C:/Harman/Verilog/SoC_06_19_UI/micBlazeAppTop/hw/micBlazeAppTop.xsa
TRACE::2024-06-19.16:49:11::SCWPlatform::DSA directory C:/Harman/Verilog/SoC_06_19_UI/micBlazeAppTop/hw
TRACE::2024-06-19.16:49:11::SCWPlatform:: Platform Path C:/Harman/Verilog/SoC_06_19_UI/micBlazeAppTop/hw/micBlazeAppTop.xsa
TRACE::2024-06-19.16:49:11::SCWPlatform:: Unique name xilinx:basys3::0.0
TRACE::2024-06-19.16:49:11::SCWPlatform::Trying to set the existing hwdb with name micBlazeAppTop_0
TRACE::2024-06-19.16:49:11::SCWPlatform::Opened existing hwdb micBlazeAppTop_0
TRACE::2024-06-19.16:49:11::SCWPlatform::Found the Hw Db part of the input DSA
TRACE::2024-06-19.16:49:11::SCWMssOS::Checking the sw design at  C:/Harman/Verilog/SoC_06_19_UI/micBlazeAppTop/microblaze_0/standalone_microblaze_0/bsp/system.mss
TRACE::2024-06-19.16:49:11::SCWMssOS::DEBUG:  swdes dump  C:/Harman/Verilog/SoC_06_19_UI/micBlazeAppTop/microblaze_0/standalone_microblaze_0/bsp/system.mss|system||

TRACE::2024-06-19.16:49:11::SCWMssOS::Sw design exists and opened at  C:/Harman/Verilog/SoC_06_19_UI/micBlazeAppTop/microblaze_0/standalone_microblaze_0/bsp/system.mss
TRACE::2024-06-19.16:49:11::SCWPlatform::Trying to open the hw design at C:/Harman/Verilog/SoC_06_19_UI/micBlazeAppTop/hw/micBlazeAppTop.xsa
TRACE::2024-06-19.16:49:11::SCWPlatform::DSA given C:/Harman/Verilog/SoC_06_19_UI/micBlazeAppTop/hw/micBlazeAppTop.xsa
TRACE::2024-06-19.16:49:11::SCWPlatform::DSA absoulate path C:/Harman/Verilog/SoC_06_19_UI/micBlazeAppTop/hw/micBlazeAppTop.xsa
TRACE::2024-06-19.16:49:11::SCWPlatform::DSA directory C:/Harman/Verilog/SoC_06_19_UI/micBlazeAppTop/hw
TRACE::2024-06-19.16:49:11::SCWPlatform:: Platform Path C:/Harman/Verilog/SoC_06_19_UI/micBlazeAppTop/hw/micBlazeAppTop.xsa
TRACE::2024-06-19.16:49:11::SCWPlatform:: Unique name xilinx:basys3::0.0
TRACE::2024-06-19.16:49:11::SCWPlatform::Trying to set the existing hwdb with name micBlazeAppTop_0
TRACE::2024-06-19.16:49:11::SCWPlatform::Opened existing hwdb micBlazeAppTop_0
TRACE::2024-06-19.16:49:11::SCWPlatform::Found the Hw Db part of the input DSA
TRACE::2024-06-19.16:49:11::SCWMssOS::Checking the sw design at  C:/Harman/Verilog/SoC_06_19_UI/micBlazeAppTop/microblaze_0/standalone_microblaze_0/bsp/system.mss
TRACE::2024-06-19.16:49:11::SCWMssOS::DEBUG:  swdes dump  C:/Harman/Verilog/SoC_06_19_UI/micBlazeAppTop/microblaze_0/standalone_microblaze_0/bsp/system.mss|system||

TRACE::2024-06-19.16:49:11::SCWMssOS::Sw design exists and opened at  C:/Harman/Verilog/SoC_06_19_UI/micBlazeAppTop/microblaze_0/standalone_microblaze_0/bsp/system.mss
TRACE::2024-06-19.16:49:11::SCWPlatform::Trying to open the hw design at C:/Harman/Verilog/SoC_06_19_UI/micBlazeAppTop/hw/micBlazeAppTop.xsa
TRACE::2024-06-19.16:49:11::SCWPlatform::DSA given C:/Harman/Verilog/SoC_06_19_UI/micBlazeAppTop/hw/micBlazeAppTop.xsa
TRACE::2024-06-19.16:49:11::SCWPlatform::DSA absoulate path C:/Harman/Verilog/SoC_06_19_UI/micBlazeAppTop/hw/micBlazeAppTop.xsa
TRACE::2024-06-19.16:49:11::SCWPlatform::DSA directory C:/Harman/Verilog/SoC_06_19_UI/micBlazeAppTop/hw
TRACE::2024-06-19.16:49:11::SCWPlatform:: Platform Path C:/Harman/Verilog/SoC_06_19_UI/micBlazeAppTop/hw/micBlazeAppTop.xsa
TRACE::2024-06-19.16:49:11::SCWPlatform:: Unique name xilinx:basys3::0.0
TRACE::2024-06-19.16:49:11::SCWPlatform::Trying to set the existing hwdb with name micBlazeAppTop_0
TRACE::2024-06-19.16:49:11::SCWPlatform::Opened existing hwdb micBlazeAppTop_0
TRACE::2024-06-19.16:49:11::SCWPlatform::Found the Hw Db part of the input DSA
TRACE::2024-06-19.16:49:11::SCWMssOS::Checking the sw design at  C:/Harman/Verilog/SoC_06_19_UI/micBlazeAppTop/microblaze_0/standalone_microblaze_0/bsp/system.mss
TRACE::2024-06-19.16:49:11::SCWMssOS::DEBUG:  swdes dump  C:/Harman/Verilog/SoC_06_19_UI/micBlazeAppTop/microblaze_0/standalone_microblaze_0/bsp/system.mss|system||

TRACE::2024-06-19.16:49:11::SCWMssOS::Sw design exists and opened at  C:/Harman/Verilog/SoC_06_19_UI/micBlazeAppTop/microblaze_0/standalone_microblaze_0/bsp/system.mss
TRACE::2024-06-19.16:49:11::SCWWriter::formatted JSON is {
	"platformName":	"micBlazeAppTop",
	"sprVersion":	"2.0",
	"mode":	"gui",
	"dsaType":	"Fixed",
	"platformDesc":	"micBlazeAppTop",
	"platHandOff":	"<platformDir>.xsa",
	"platIntHandOff":	"<platformDir>/hw/micBlazeAppTop.xsa",
	"deviceType":	"FPGA",
	"platIsPrebuiltAutogen":	"false",
	"platIsNoBootBsp":	"false",
	"hasFsblMakeHasChanges":	"false",
	"hasPmufwMakeHasChanges":	"false",
	"platPreBuiltFlag":	false,
	"platformSamplesDir":	"",
	"platActiveSys":	"micBlazeAppTop",
	"systems":	[{
			"systemName":	"micBlazeAppTop",
			"systemDesc":	"micBlazeAppTop",
			"sysIsBootAutoGen":	"true",
			"systemDispName":	"micBlazeAppTop",
			"sysActiveDom":	"standalone_microblaze_0",
			"sysDefaultDom":	"standalone_microblaze_0",
			"domains":	[{
					"domainName":	"standalone_microblaze_0",
					"domainDispName":	"standalone_microblaze_0",
					"domainDesc":	"standalone_microblaze_0",
					"processors":	"microblaze_0",
					"os":	"standalone",
					"sdxOs":	"standalone",
					"debugEnable":	"False",
					"domRuntimes":	["cpp"],
					"swRepo":	"",
					"mssOsVer":	"9.1",
					"mssFile":	"",
					"md5Digest":	"a2455141f5301011804f02d6749894b1",
					"compatibleApp":	"hello_world",
					"domType":	"mssDomain",
					"arch":	"32-bit",
					"appSettings":	{
						"appCompilerFlags":	"",
						"appLinkerFlags":	""
					},
					"addedLibs":	[],
					"libOptions":	{
						"libsContainingOptions":	[]
					},
					"prebuiltLibs":	{
						"prebuiltIncPath":	[],
						"prebuiltLibPath":	[]
					},
					"isolation":	{
					}
				}]
		}]
}
KEYINFO::2024-06-19.16:49:11::SCWPlatform::updated the xpfm file.
TRACE::2024-06-19.16:50:06::SCWPlatform::Clearing the existing platform
TRACE::2024-06-19.16:50:06::SCWSystem::Clearing the existing sysconfig
TRACE::2024-06-19.16:50:06::SCWMssOS::Removing the swdes entry for  C:/Harman/Verilog/SoC_06_19_UI/micBlazeAppTop/microblaze_0/standalone_microblaze_0/bsp/system.mss
TRACE::2024-06-19.16:50:06::SCWSystem::Clearing the domains completed.
TRACE::2024-06-19.16:50:06::SCWPlatform::Clearing the opened hw db.
TRACE::2024-06-19.16:50:06::SCWPlatform::DSA given C:/Harman/Verilog/SoC_06_19_UI/micBlazeAppTop/hw/micBlazeAppTop.xsa
TRACE::2024-06-19.16:50:06::SCWPlatform::DSA absoulate path C:/Harman/Verilog/SoC_06_19_UI/micBlazeAppTop/hw/micBlazeAppTop.xsa
TRACE::2024-06-19.16:50:06::SCWPlatform:: Platform location is C:/Harman/Verilog/SoC_06_19_UI/micBlazeAppTop/hw
TRACE::2024-06-19.16:50:06::SCWPlatform:: Platform Path C:/Harman/Verilog/SoC_06_19_UI/micBlazeAppTop/hw/micBlazeAppTop.xsa
TRACE::2024-06-19.16:50:06::SCWPlatform:: Unique name xilinx:basys3::0.0
TRACE::2024-06-19.16:50:06::SCWPlatform::Removing the HwDB with name C:/Harman/Verilog/SoC_06_19_UI/micBlazeAppTop/hw/micBlazeAppTop.xsa
TRACE::2024-06-19.16:50:06::SCWPlatform::Trying to open the hw design at C:/Harman/Verilog/SoC_06_19_UI/micBlazeAppTop/hw/micBlazeAppTop.xsa
TRACE::2024-06-19.16:50:06::SCWPlatform::DSA given C:/Harman/Verilog/SoC_06_19_UI/micBlazeAppTop/hw/micBlazeAppTop.xsa
TRACE::2024-06-19.16:50:06::SCWPlatform::DSA absoulate path C:/Harman/Verilog/SoC_06_19_UI/micBlazeAppTop/hw/micBlazeAppTop.xsa
TRACE::2024-06-19.16:50:06::SCWPlatform::DSA directory C:/Harman/Verilog/SoC_06_19_UI/micBlazeAppTop/hw
TRACE::2024-06-19.16:50:06::SCWPlatform:: Platform Path C:/Harman/Verilog/SoC_06_19_UI/micBlazeAppTop/hw/micBlazeAppTop.xsa
TRACE::2024-06-19.16:50:06::SCWPlatform:: Unique name xilinx:basys3::0.0
TRACE::2024-06-19.16:50:06::SCWPlatform::Do not have an existing db opened. 
TRACE::2024-06-19.16:50:07::SCWPlatform::Opened new HwDB with name micBlazeAppTop_2
TRACE::2024-06-19.16:50:07::SCWReader::Active system found as  micBlazeAppTop
TRACE::2024-06-19.16:50:07::SCWReader::Handling sysconfig micBlazeAppTop
TRACE::2024-06-19.16:50:07::SCWDomain::checking for install qemu data   : 
TRACE::2024-06-19.16:50:07::SCWPlatform::Trying to open the hw design at C:/Harman/Verilog/SoC_06_19_UI/micBlazeAppTop/hw/micBlazeAppTop.xsa
TRACE::2024-06-19.16:50:07::SCWPlatform::DSA given C:/Harman/Verilog/SoC_06_19_UI/micBlazeAppTop/hw/micBlazeAppTop.xsa
TRACE::2024-06-19.16:50:07::SCWPlatform::DSA absoulate path C:/Harman/Verilog/SoC_06_19_UI/micBlazeAppTop/hw/micBlazeAppTop.xsa
TRACE::2024-06-19.16:50:07::SCWPlatform::DSA directory C:/Harman/Verilog/SoC_06_19_UI/micBlazeAppTop/hw
TRACE::2024-06-19.16:50:07::SCWPlatform:: Platform Path C:/Harman/Verilog/SoC_06_19_UI/micBlazeAppTop/hw/micBlazeAppTop.xsa
TRACE::2024-06-19.16:50:07::SCWPlatform:: Unique name xilinx:basys3::0.0
TRACE::2024-06-19.16:50:07::SCWPlatform::Trying to set the existing hwdb with name micBlazeAppTop_2
TRACE::2024-06-19.16:50:07::SCWPlatform::Opened existing hwdb micBlazeAppTop_2
TRACE::2024-06-19.16:50:07::SCWPlatform::Found the Hw Db part of the input DSA
TRACE::2024-06-19.16:50:07::SCWPlatform::Trying to open the hw design at C:/Harman/Verilog/SoC_06_19_UI/micBlazeAppTop/hw/micBlazeAppTop.xsa
TRACE::2024-06-19.16:50:07::SCWPlatform::DSA given C:/Harman/Verilog/SoC_06_19_UI/micBlazeAppTop/hw/micBlazeAppTop.xsa
TRACE::2024-06-19.16:50:07::SCWPlatform::DSA absoulate path C:/Harman/Verilog/SoC_06_19_UI/micBlazeAppTop/hw/micBlazeAppTop.xsa
TRACE::2024-06-19.16:50:07::SCWPlatform::DSA directory C:/Harman/Verilog/SoC_06_19_UI/micBlazeAppTop/hw
TRACE::2024-06-19.16:50:07::SCWPlatform:: Platform Path C:/Harman/Verilog/SoC_06_19_UI/micBlazeAppTop/hw/micBlazeAppTop.xsa
TRACE::2024-06-19.16:50:07::SCWPlatform:: Unique name xilinx:basys3::0.0
TRACE::2024-06-19.16:50:07::SCWPlatform::Trying to set the existing hwdb with name micBlazeAppTop_2
TRACE::2024-06-19.16:50:07::SCWPlatform::Opened existing hwdb micBlazeAppTop_2
TRACE::2024-06-19.16:50:07::SCWPlatform::Found the Hw Db part of the input DSA
TRACE::2024-06-19.16:50:07::SCWPlatform::Trying to open the hw design at C:/Harman/Verilog/SoC_06_19_UI/micBlazeAppTop/hw/micBlazeAppTop.xsa
TRACE::2024-06-19.16:50:07::SCWPlatform::DSA given C:/Harman/Verilog/SoC_06_19_UI/micBlazeAppTop/hw/micBlazeAppTop.xsa
TRACE::2024-06-19.16:50:07::SCWPlatform::DSA absoulate path C:/Harman/Verilog/SoC_06_19_UI/micBlazeAppTop/hw/micBlazeAppTop.xsa
TRACE::2024-06-19.16:50:07::SCWPlatform::DSA directory C:/Harman/Verilog/SoC_06_19_UI/micBlazeAppTop/hw
TRACE::2024-06-19.16:50:07::SCWPlatform:: Platform Path C:/Harman/Verilog/SoC_06_19_UI/micBlazeAppTop/hw/micBlazeAppTop.xsa
TRACE::2024-06-19.16:50:07::SCWPlatform:: Unique name xilinx:basys3::0.0
TRACE::2024-06-19.16:50:07::SCWPlatform::Trying to set the existing hwdb with name micBlazeAppTop_2
TRACE::2024-06-19.16:50:07::SCWPlatform::Opened existing hwdb micBlazeAppTop_2
TRACE::2024-06-19.16:50:07::SCWPlatform::Found the Hw Db part of the input DSA
TRACE::2024-06-19.16:50:07::SCWPlatform::Trying to open the hw design at C:/Harman/Verilog/SoC_06_19_UI/micBlazeAppTop/hw/micBlazeAppTop.xsa
TRACE::2024-06-19.16:50:07::SCWPlatform::DSA given C:/Harman/Verilog/SoC_06_19_UI/micBlazeAppTop/hw/micBlazeAppTop.xsa
TRACE::2024-06-19.16:50:07::SCWPlatform::DSA absoulate path C:/Harman/Verilog/SoC_06_19_UI/micBlazeAppTop/hw/micBlazeAppTop.xsa
TRACE::2024-06-19.16:50:07::SCWPlatform::DSA directory C:/Harman/Verilog/SoC_06_19_UI/micBlazeAppTop/hw
TRACE::2024-06-19.16:50:07::SCWPlatform:: Platform Path C:/Harman/Verilog/SoC_06_19_UI/micBlazeAppTop/hw/micBlazeAppTop.xsa
TRACE::2024-06-19.16:50:07::SCWPlatform:: Unique name xilinx:basys3::0.0
TRACE::2024-06-19.16:50:07::SCWPlatform::Trying to set the existing hwdb with name micBlazeAppTop_2
TRACE::2024-06-19.16:50:07::SCWPlatform::Opened existing hwdb micBlazeAppTop_2
TRACE::2024-06-19.16:50:07::SCWPlatform::Found the Hw Db part of the input DSA
TRACE::2024-06-19.16:50:07::SCWMssOS::Checking the sw design at  C:/Harman/Verilog/SoC_06_19_UI/micBlazeAppTop/microblaze_0/standalone_microblaze_0/bsp/system.mss
TRACE::2024-06-19.16:50:07::SCWMssOS::DEBUG:  swdes dump  
TRACE::2024-06-19.16:50:07::SCWMssOS::No sw design opened at  C:/Harman/Verilog/SoC_06_19_UI/micBlazeAppTop/microblaze_0/standalone_microblaze_0/bsp/system.mss
TRACE::2024-06-19.16:50:07::SCWMssOS::mss exists loading the mss file  C:/Harman/Verilog/SoC_06_19_UI/micBlazeAppTop/microblaze_0/standalone_microblaze_0/bsp/system.mss
TRACE::2024-06-19.16:50:07::SCWMssOS::Opened the sw design from mss  C:/Harman/Verilog/SoC_06_19_UI/micBlazeAppTop/microblaze_0/standalone_microblaze_0/bsp/system.mss
TRACE::2024-06-19.16:50:07::SCWMssOS::Adding the swdes entry C:/Harman/Verilog/SoC_06_19_UI/micBlazeAppTop/microblaze_0/standalone_microblaze_0/bsp/system.mss with des name system
TRACE::2024-06-19.16:50:07::SCWMssOS::updating the scw layer about changes
TRACE::2024-06-19.16:50:07::SCWMssOS::Opened the sw design.  C:/Harman/Verilog/SoC_06_19_UI/micBlazeAppTop/microblaze_0/standalone_microblaze_0/bsp/system.mss
TRACE::2024-06-19.16:50:07::SCWMssOS::Saving the mss changes C:/Harman/Verilog/SoC_06_19_UI/micBlazeAppTop/microblaze_0/standalone_microblaze_0/bsp/system.mss
TRACE::2024-06-19.16:50:07::SCWMssOS::Found a swdesign opened with the mssfile.
TRACE::2024-06-19.16:50:07::SCWMssOS::Completed writemss as part of save.
TRACE::2024-06-19.16:50:07::SCWMssOS::Commit changes completed.
TRACE::2024-06-19.16:50:07::SCWReader::Adding prebuilt librarypaths as   
TRACE::2024-06-19.16:50:07::SCWReader::Adding prebuilt incpaths  as   
TRACE::2024-06-19.16:50:07::SCWPlatform::Trying to open the hw design at C:/Harman/Verilog/SoC_06_19_UI/micBlazeAppTop/hw/micBlazeAppTop.xsa
TRACE::2024-06-19.16:50:07::SCWPlatform::DSA given C:/Harman/Verilog/SoC_06_19_UI/micBlazeAppTop/hw/micBlazeAppTop.xsa
TRACE::2024-06-19.16:50:07::SCWPlatform::DSA absoulate path C:/Harman/Verilog/SoC_06_19_UI/micBlazeAppTop/hw/micBlazeAppTop.xsa
TRACE::2024-06-19.16:50:07::SCWPlatform::DSA directory C:/Harman/Verilog/SoC_06_19_UI/micBlazeAppTop/hw
TRACE::2024-06-19.16:50:07::SCWPlatform:: Platform Path C:/Harman/Verilog/SoC_06_19_UI/micBlazeAppTop/hw/micBlazeAppTop.xsa
TRACE::2024-06-19.16:50:07::SCWPlatform:: Unique name xilinx:basys3::0.0
TRACE::2024-06-19.16:50:07::SCWPlatform::Trying to set the existing hwdb with name micBlazeAppTop_2
TRACE::2024-06-19.16:50:07::SCWPlatform::Opened existing hwdb micBlazeAppTop_2
TRACE::2024-06-19.16:50:07::SCWPlatform::Found the Hw Db part of the input DSA
TRACE::2024-06-19.16:50:07::SCWMssOS::Checking the sw design at  C:/Harman/Verilog/SoC_06_19_UI/micBlazeAppTop/microblaze_0/standalone_microblaze_0/bsp/system.mss
TRACE::2024-06-19.16:50:07::SCWMssOS::DEBUG:  swdes dump  C:/Harman/Verilog/SoC_06_19_UI/micBlazeAppTop/microblaze_0/standalone_microblaze_0/bsp/system.mss|system||

TRACE::2024-06-19.16:50:07::SCWMssOS::Sw design exists and opened at  C:/Harman/Verilog/SoC_06_19_UI/micBlazeAppTop/microblaze_0/standalone_microblaze_0/bsp/system.mss
TRACE::2024-06-19.16:50:07::SCWReader::No isolation master present  
TRACE::2024-06-19.16:50:11::SCWPlatform::DSA given C:/Harman/Verilog/SoC_06_19_UI/micBlazeAppTop/tempdsa/micBlazeAppTop.xsa
TRACE::2024-06-19.16:50:11::SCWPlatform::DSA absoulate path C:/Harman/Verilog/SoC_06_19_UI/micBlazeAppTop/tempdsa/micBlazeAppTop.xsa
TRACE::2024-06-19.16:50:11::SCWPlatform:: Platform location is C:/Harman/Verilog/SoC_06_19_UI/micBlazeAppTop/tempdsa
TRACE::2024-06-19.16:50:11::SCWPlatform:: Platform Path C:/Harman/Verilog/SoC_06_19_UI/micBlazeAppTop/tempdsa/micBlazeAppTop.xsa
TRACE::2024-06-19.16:50:11::SCWPlatform:: Unique name xilinx:basys3::0.0
TRACE::2024-06-19.16:50:11::SCWPlatform::Found the Hw Db part of the input DSA
TRACE::2024-06-19.16:50:11::SCWMssOS::Doing hw sync for the mss in domain: standalone_microblaze_0
TRACE::2024-06-19.16:50:11::SCWPlatform::Trying to open the hw design at C:/Harman/Verilog/SoC_06_19_UI/micBlazeAppTop/hw/micBlazeAppTop.xsa
TRACE::2024-06-19.16:50:11::SCWPlatform::DSA given C:/Harman/Verilog/SoC_06_19_UI/micBlazeAppTop/hw/micBlazeAppTop.xsa
TRACE::2024-06-19.16:50:11::SCWPlatform::DSA absoulate path C:/Harman/Verilog/SoC_06_19_UI/micBlazeAppTop/hw/micBlazeAppTop.xsa
TRACE::2024-06-19.16:50:11::SCWPlatform::DSA directory C:/Harman/Verilog/SoC_06_19_UI/micBlazeAppTop/hw
TRACE::2024-06-19.16:50:11::SCWPlatform:: Platform Path C:/Harman/Verilog/SoC_06_19_UI/micBlazeAppTop/hw/micBlazeAppTop.xsa
TRACE::2024-06-19.16:50:11::SCWPlatform:: Unique name xilinx:basys3::0.0
TRACE::2024-06-19.16:50:11::SCWPlatform::Trying to set the existing hwdb with name micBlazeAppTop_2
TRACE::2024-06-19.16:50:11::SCWPlatform::Opened existing hwdb micBlazeAppTop_2
TRACE::2024-06-19.16:50:11::SCWPlatform::Found the Hw Db part of the input DSA
TRACE::2024-06-19.16:50:11::SCWPlatform::Trying to open the hw design at C:/Harman/Verilog/SoC_06_19_UI/micBlazeAppTop/hw/micBlazeAppTop.xsa
TRACE::2024-06-19.16:50:11::SCWPlatform::DSA given C:/Harman/Verilog/SoC_06_19_UI/micBlazeAppTop/hw/micBlazeAppTop.xsa
TRACE::2024-06-19.16:50:11::SCWPlatform::DSA absoulate path C:/Harman/Verilog/SoC_06_19_UI/micBlazeAppTop/hw/micBlazeAppTop.xsa
TRACE::2024-06-19.16:50:11::SCWPlatform::DSA directory C:/Harman/Verilog/SoC_06_19_UI/micBlazeAppTop/hw
TRACE::2024-06-19.16:50:11::SCWPlatform:: Platform Path C:/Harman/Verilog/SoC_06_19_UI/micBlazeAppTop/hw/micBlazeAppTop.xsa
TRACE::2024-06-19.16:50:11::SCWPlatform:: Unique name xilinx:basys3::0.0
TRACE::2024-06-19.16:50:11::SCWPlatform::Trying to set the existing hwdb with name micBlazeAppTop_2
TRACE::2024-06-19.16:50:11::SCWPlatform::Opened existing hwdb micBlazeAppTop_2
TRACE::2024-06-19.16:50:11::SCWPlatform::Found the Hw Db part of the input DSA
TRACE::2024-06-19.16:50:11::SCWMssOS::Checking the sw design at  C:/Harman/Verilog/SoC_06_19_UI/micBlazeAppTop/microblaze_0/standalone_microblaze_0/bsp/system.mss
TRACE::2024-06-19.16:50:11::SCWMssOS::DEBUG:  swdes dump  C:/Harman/Verilog/SoC_06_19_UI/micBlazeAppTop/microblaze_0/standalone_microblaze_0/bsp/system.mss|system||

TRACE::2024-06-19.16:50:11::SCWMssOS::Sw design exists and opened at  C:/Harman/Verilog/SoC_06_19_UI/micBlazeAppTop/microblaze_0/standalone_microblaze_0/bsp/system.mss
TRACE::2024-06-19.16:50:11::SCWPlatform::Trying to open the hw design at C:/Harman/Verilog/SoC_06_19_UI/micBlazeAppTop/tempdsa/micBlazeAppTop.xsa
TRACE::2024-06-19.16:50:11::SCWPlatform::DSA given C:/Harman/Verilog/SoC_06_19_UI/micBlazeAppTop/tempdsa/micBlazeAppTop.xsa
TRACE::2024-06-19.16:50:11::SCWPlatform::DSA absoulate path C:/Harman/Verilog/SoC_06_19_UI/micBlazeAppTop/tempdsa/micBlazeAppTop.xsa
TRACE::2024-06-19.16:50:11::SCWPlatform::DSA directory C:/Harman/Verilog/SoC_06_19_UI/micBlazeAppTop/tempdsa
TRACE::2024-06-19.16:50:11::SCWPlatform:: Platform Path C:/Harman/Verilog/SoC_06_19_UI/micBlazeAppTop/tempdsa/micBlazeAppTop.xsa
TRACE::2024-06-19.16:50:11::SCWPlatform:: Unique name xilinx:basys3::0.0
TRACE::2024-06-19.16:50:11::SCWPlatform::update - Opened existing hwdb micBlazeAppTop_3
TRACE::2024-06-19.16:50:11::SCWPlatform::Found the Hw Db part of the input DSA
TRACE::2024-06-19.16:50:11::SCWMssOS::Saving the mss changes C:/Harman/Verilog/SoC_06_19_UI/micBlazeAppTop/microblaze_0/standalone_microblaze_0/bsp/system.mss
TRACE::2024-06-19.16:50:11::SCWMssOS::Found a swdesign opened with the mssfile.
TRACE::2024-06-19.16:50:11::SCWMssOS::Completed writemss as part of save.
TRACE::2024-06-19.16:50:11::SCWMssOS::Commit changes completed.
TRACE::2024-06-19.16:50:11::SCWMssOS::Completed hw sync for the mss in domain: standalone_microblaze_0
TRACE::2024-06-19.16:50:11::SCWMssOS::Removing the swdes entry for  C:/Harman/Verilog/SoC_06_19_UI/micBlazeAppTop/microblaze_0/standalone_microblaze_0/bsp/system.mss
TRACE::2024-06-19.16:50:11::SCWPlatform::Trying to open the hw design at C:/Harman/Verilog/SoC_06_19_UI/micBlazeAppTop/hw/micBlazeAppTop.xsa
TRACE::2024-06-19.16:50:11::SCWPlatform::DSA given C:/Harman/Verilog/SoC_06_19_UI/micBlazeAppTop/hw/micBlazeAppTop.xsa
TRACE::2024-06-19.16:50:11::SCWPlatform::DSA absoulate path C:/Harman/Verilog/SoC_06_19_UI/micBlazeAppTop/hw/micBlazeAppTop.xsa
TRACE::2024-06-19.16:50:11::SCWPlatform::DSA directory C:/Harman/Verilog/SoC_06_19_UI/micBlazeAppTop/hw
TRACE::2024-06-19.16:50:11::SCWPlatform:: Platform Path C:/Harman/Verilog/SoC_06_19_UI/micBlazeAppTop/hw/micBlazeAppTop.xsa
TRACE::2024-06-19.16:50:11::SCWPlatform:: Unique name xilinx:basys3::0.0
TRACE::2024-06-19.16:50:11::SCWPlatform::Do not have an existing db opened. 
TRACE::2024-06-19.16:50:11::SCWPlatform::Opened new HwDB with name micBlazeAppTop_4
TRACE::2024-06-19.16:50:11::SCWMssOS::Saving the mss changes C:/Harman/Verilog/SoC_06_19_UI/micBlazeAppTop/microblaze_0/standalone_microblaze_0/bsp/system.mss
TRACE::2024-06-19.16:50:11::SCWMssOS::Adding the swdes entry, mss present, able to open swdb C:/Harman/Verilog/SoC_06_19_UI/micBlazeAppTop/microblaze_0/standalone_microblaze_0/bsp/system.mss with des name system
TRACE::2024-06-19.16:50:11::SCWMssOS::Writing the mss file completed C:/Harman/Verilog/SoC_06_19_UI/micBlazeAppTop/microblaze_0/standalone_microblaze_0/bsp/system.mss
TRACE::2024-06-19.16:50:11::SCWMssOS::Commit changes completed.
TRACE::2024-06-19.16:50:11::SCWPlatform::Trying to open the hw design at C:/Harman/Verilog/SoC_06_19_UI/micBlazeAppTop/hw/micBlazeAppTop.xsa
TRACE::2024-06-19.16:50:11::SCWPlatform::DSA given C:/Harman/Verilog/SoC_06_19_UI/micBlazeAppTop/hw/micBlazeAppTop.xsa
TRACE::2024-06-19.16:50:11::SCWPlatform::DSA absoulate path C:/Harman/Verilog/SoC_06_19_UI/micBlazeAppTop/hw/micBlazeAppTop.xsa
TRACE::2024-06-19.16:50:11::SCWPlatform::DSA directory C:/Harman/Verilog/SoC_06_19_UI/micBlazeAppTop/hw
TRACE::2024-06-19.16:50:11::SCWPlatform:: Platform Path C:/Harman/Verilog/SoC_06_19_UI/micBlazeAppTop/hw/micBlazeAppTop.xsa
TRACE::2024-06-19.16:50:11::SCWPlatform:: Unique name xilinx:basys3::0.0
TRACE::2024-06-19.16:50:11::SCWPlatform::Trying to set the existing hwdb with name micBlazeAppTop_4
TRACE::2024-06-19.16:50:11::SCWPlatform::Opened existing hwdb micBlazeAppTop_4
TRACE::2024-06-19.16:50:11::SCWPlatform::Found the Hw Db part of the input DSA
TRACE::2024-06-19.16:50:11::SCWMssOS::Checking the sw design at  C:/Harman/Verilog/SoC_06_19_UI/micBlazeAppTop/microblaze_0/standalone_microblaze_0/bsp/system.mss
TRACE::2024-06-19.16:50:11::SCWMssOS::DEBUG:  swdes dump  C:/Harman/Verilog/SoC_06_19_UI/micBlazeAppTop/microblaze_0/standalone_microblaze_0/bsp/system.mss|system||

TRACE::2024-06-19.16:50:11::SCWMssOS::Sw design exists and opened at  C:/Harman/Verilog/SoC_06_19_UI/micBlazeAppTop/microblaze_0/standalone_microblaze_0/bsp/system.mss
TRACE::2024-06-19.16:50:11::SCWWriter::formatted JSON is {
	"platformName":	"micBlazeAppTop",
	"sprVersion":	"2.0",
	"mode":	"gui",
	"dsaType":	"Fixed",
	"platformDesc":	"micBlazeAppTop",
	"platHandOff":	"<platformDir>.xsa",
	"platIntHandOff":	"<platformDir>/hw/micBlazeAppTop.xsa",
	"deviceType":	"FPGA",
	"platIsPrebuiltAutogen":	"false",
	"platIsNoBootBsp":	"false",
	"hasFsblMakeHasChanges":	"false",
	"hasPmufwMakeHasChanges":	"false",
	"platPreBuiltFlag":	false,
	"platformSamplesDir":	"",
	"platActiveSys":	"micBlazeAppTop",
	"systems":	[{
			"systemName":	"micBlazeAppTop",
			"systemDesc":	"micBlazeAppTop",
			"sysIsBootAutoGen":	"true",
			"systemDispName":	"micBlazeAppTop",
			"sysActiveDom":	"standalone_microblaze_0",
			"sysDefaultDom":	"standalone_microblaze_0",
			"domains":	[{
					"domainName":	"standalone_microblaze_0",
					"domainDispName":	"standalone_microblaze_0",
					"domainDesc":	"standalone_microblaze_0",
					"processors":	"microblaze_0",
					"os":	"standalone",
					"sdxOs":	"standalone",
					"debugEnable":	"False",
					"domRuntimes":	["cpp"],
					"swRepo":	"",
					"mssOsVer":	"9.1",
					"mssFile":	"",
					"md5Digest":	"a2455141f5301011804f02d6749894b11",
					"compatibleApp":	"",
					"domType":	"mssDomain",
					"arch":	"32-bit",
					"appSettings":	{
						"appCompilerFlags":	"",
						"appLinkerFlags":	""
					},
					"addedLibs":	[],
					"libOptions":	{
						"libsContainingOptions":	[]
					},
					"prebuiltLibs":	{
						"prebuiltIncPath":	[],
						"prebuiltLibPath":	[]
					},
					"isolation":	{
					}
				}]
		}]
}
LOG::2024-06-19.16:50:39::SCWPlatform::Started generating the artifacts platform micBlazeAppTop
TRACE::2024-06-19.16:50:39::SCWPlatform::Sanity checking of platform is completed
LOG::2024-06-19.16:50:39::SCWPlatform::Started generating the artifacts for system configuration micBlazeAppTop
LOG::2024-06-19.16:50:39::SCWSystem::Checking the domain standalone_microblaze_0
LOG::2024-06-19.16:50:39::SCWSystem::Not a boot domain 
LOG::2024-06-19.16:50:39::SCWSystem::Started Processing the domain standalone_microblaze_0
TRACE::2024-06-19.16:50:39::SCWDomain::Generating domain artifcats
TRACE::2024-06-19.16:50:39::SCWMssOS::Generating standalone artifcats
TRACE::2024-06-19.16:50:39::SCWMssOS:: Copying the user libraries. 
TRACE::2024-06-19.16:50:39::SCWPlatform::Trying to open the hw design at C:/Harman/Verilog/SoC_06_19_UI/micBlazeAppTop/hw/micBlazeAppTop.xsa
TRACE::2024-06-19.16:50:39::SCWPlatform::DSA given C:/Harman/Verilog/SoC_06_19_UI/micBlazeAppTop/hw/micBlazeAppTop.xsa
TRACE::2024-06-19.16:50:39::SCWPlatform::DSA absoulate path C:/Harman/Verilog/SoC_06_19_UI/micBlazeAppTop/hw/micBlazeAppTop.xsa
TRACE::2024-06-19.16:50:39::SCWPlatform::DSA directory C:/Harman/Verilog/SoC_06_19_UI/micBlazeAppTop/hw
TRACE::2024-06-19.16:50:39::SCWPlatform:: Platform Path C:/Harman/Verilog/SoC_06_19_UI/micBlazeAppTop/hw/micBlazeAppTop.xsa
TRACE::2024-06-19.16:50:39::SCWPlatform:: Unique name xilinx:basys3::0.0
TRACE::2024-06-19.16:50:39::SCWPlatform::Trying to set the existing hwdb with name micBlazeAppTop_4
TRACE::2024-06-19.16:50:39::SCWPlatform::Opened existing hwdb micBlazeAppTop_4
TRACE::2024-06-19.16:50:39::SCWPlatform::Found the Hw Db part of the input DSA
TRACE::2024-06-19.16:50:39::SCWMssOS::Checking the sw design at  C:/Harman/Verilog/SoC_06_19_UI/micBlazeAppTop/microblaze_0/standalone_microblaze_0/bsp/system.mss
TRACE::2024-06-19.16:50:39::SCWMssOS::DEBUG:  swdes dump  C:/Harman/Verilog/SoC_06_19_UI/micBlazeAppTop/microblaze_0/standalone_microblaze_0/bsp/system.mss|system||

TRACE::2024-06-19.16:50:39::SCWMssOS::Sw design exists and opened at  C:/Harman/Verilog/SoC_06_19_UI/micBlazeAppTop/microblaze_0/standalone_microblaze_0/bsp/system.mss
TRACE::2024-06-19.16:50:39::SCWMssOS::Completed writing the mss file at C:/Harman/Verilog/SoC_06_19_UI/micBlazeAppTop/microblaze_0/standalone_microblaze_0/bsp
TRACE::2024-06-19.16:50:39::SCWMssOS::Mss edits present, copying mssfile into export location C:/Harman/Verilog/SoC_06_19_UI/micBlazeAppTop/microblaze_0/standalone_microblaze_0/bsp/system.mss
TRACE::2024-06-19.16:50:39::SCWMssOS::bsp generated is stale removing and regenerating. 
TRACE::2024-06-19.16:50:41::SCWMssOS::doing bsp build ... 
TRACE::2024-06-19.16:50:41::SCWMssOS::System Command Ran  C: & cd  C:/Harman/Verilog/SoC_06_19_UI/micBlazeAppTop/microblaze_0/standalone_microblaze_0/bsp & make 
TRACE::2024-06-19.16:50:41::SCWMssOS::make --no-print-directory seq_libs

TRACE::2024-06-19.16:50:41::SCWMssOS::'Finished building libraries sequentially.'

TRACE::2024-06-19.16:50:41::SCWMssOS::make -j 6 --no-print-directory par_libs

TRACE::2024-06-19.16:50:41::SCWMssOS::"Running Make include in microblaze_0/libsrc/bram_v4_10/src"

TRACE::2024-06-19.16:50:41::SCWMssOS::make -C microblaze_0/libsrc/bram_v4_10/src -s include  "SHELL=CMD" "COMPILER=mb-gcc" "ASSEMBLER=mb-as" "ARCHIVER=mb-ar" "COMPIL
TRACE::2024-06-19.16:50:41::SCWMssOS::ER_FLAGS=  -O2 -c -mcpu=v11.0 -mlittle-endian -mxl-soft-mul" "EXTRA_COMPILER_FLAGS=-g -ffunction-sections -fdata-sections -Wall
TRACE::2024-06-19.16:50:41::SCWMssOS:: -Wextra -fno-tree-loop-distribute-patterns"

TRACE::2024-06-19.16:50:41::SCWMssOS::"Running Make include in microblaze_0/libsrc/cpu_v2_18/src"

TRACE::2024-06-19.16:50:41::SCWMssOS::make -C microblaze_0/libsrc/cpu_v2_18/src -s include  "SHELL=CMD" "COMPILER=mb-gcc" "ASSEMBLER=mb-as" "ARCHIVER=mb-ar" "COMPILE
TRACE::2024-06-19.16:50:41::SCWMssOS::R_FLAGS=  -O2 -c -mcpu=v11.0 -mlittle-endian -mxl-soft-mul" "EXTRA_COMPILER_FLAGS=-g -ffunction-sections -fdata-sections -Wall 
TRACE::2024-06-19.16:50:41::SCWMssOS::-Wextra -fno-tree-loop-distribute-patterns"

TRACE::2024-06-19.16:50:41::SCWMssOS::"Running Make include in microblaze_0/libsrc/gpio_v4_11/src"

TRACE::2024-06-19.16:50:41::SCWMssOS::make -C microblaze_0/libsrc/gpio_v4_11/src -s include  "SHELL=CMD" "COMPILER=mb-gcc" "ASSEMBLER=mb-as" "ARCHIVER=mb-ar" "COMPIL
TRACE::2024-06-19.16:50:41::SCWMssOS::ER_FLAGS=  -O2 -c -mcpu=v11.0 -mlittle-endian -mxl-soft-mul" "EXTRA_COMPILER_FLAGS=-g -ffunction-sections -fdata-sections -Wall
TRACE::2024-06-19.16:50:41::SCWMssOS:: -Wextra -fno-tree-loop-distribute-patterns"

TRACE::2024-06-19.16:50:41::SCWMssOS::"Running Make include in microblaze_0/libsrc/intc_v3_18/src"

TRACE::2024-06-19.16:50:41::SCWMssOS::make -C microblaze_0/libsrc/intc_v3_18/src -s include  "SHELL=CMD" "COMPILER=mb-gcc" "ASSEMBLER=mb-as" "ARCHIVER=mb-ar" "COMPIL
TRACE::2024-06-19.16:50:41::SCWMssOS::ER_FLAGS=  -O2 -c -mcpu=v11.0 -mlittle-endian -mxl-soft-mul" "EXTRA_COMPILER_FLAGS=-g -ffunction-sections -fdata-sections -Wall
TRACE::2024-06-19.16:50:41::SCWMssOS:: -Wextra -fno-tree-loop-distribute-patterns"

TRACE::2024-06-19.16:50:42::SCWMssOS::"Running Make include in microblaze_0/libsrc/spi_v4_12/src"

TRACE::2024-06-19.16:50:42::SCWMssOS::make -C microblaze_0/libsrc/spi_v4_12/src -s include  "SHELL=CMD" "COMPILER=mb-gcc" "ASSEMBLER=mb-as" "ARCHIVER=mb-ar" "COMPILE
TRACE::2024-06-19.16:50:42::SCWMssOS::R_FLAGS=  -O2 -c -mcpu=v11.0 -mlittle-endian -mxl-soft-mul" "EXTRA_COMPILER_FLAGS=-g -ffunction-sections -fdata-sections -Wall 
TRACE::2024-06-19.16:50:42::SCWMssOS::-Wextra -fno-tree-loop-distribute-patterns"

TRACE::2024-06-19.16:50:42::SCWMssOS::"Running Make include in microblaze_0/libsrc/standalone_v9_1/src"

TRACE::2024-06-19.16:50:42::SCWMssOS::make -C microblaze_0/libsrc/standalone_v9_1/src -s include  "SHELL=CMD" "COMPILER=mb-gcc" "ASSEMBLER=mb-as" "ARCHIVER=mb-ar" "C
TRACE::2024-06-19.16:50:42::SCWMssOS::OMPILER_FLAGS=  -O2 -c -mcpu=v11.0 -mlittle-endian -mxl-soft-mul" "EXTRA_COMPILER_FLAGS=-g -ffunction-sections -fdata-sections 
TRACE::2024-06-19.16:50:42::SCWMssOS::-Wall -Wextra -fno-tree-loop-distribute-patterns"

TRACE::2024-06-19.16:50:42::SCWMssOS::"Running Make include in microblaze_0/libsrc/tmrctr_v4_12/src"

TRACE::2024-06-19.16:50:42::SCWMssOS::make -C microblaze_0/libsrc/tmrctr_v4_12/src -s include  "SHELL=CMD" "COMPILER=mb-gcc" "ASSEMBLER=mb-as" "ARCHIVER=mb-ar" "COMP
TRACE::2024-06-19.16:50:42::SCWMssOS::ILER_FLAGS=  -O2 -c -mcpu=v11.0 -mlittle-endian -mxl-soft-mul" "EXTRA_COMPILER_FLAGS=-g -ffunction-sections -fdata-sections -Wa
TRACE::2024-06-19.16:50:42::SCWMssOS::ll -Wextra -fno-tree-loop-distribute-patterns"

TRACE::2024-06-19.16:50:42::SCWMssOS::"Running Make include in microblaze_0/libsrc/uartlite_v3_10/src"

TRACE::2024-06-19.16:50:42::SCWMssOS::make -C microblaze_0/libsrc/uartlite_v3_10/src -s include  "SHELL=CMD" "COMPILER=mb-gcc" "ASSEMBLER=mb-as" "ARCHIVER=mb-ar" "CO
TRACE::2024-06-19.16:50:42::SCWMssOS::MPILER_FLAGS=  -O2 -c -mcpu=v11.0 -mlittle-endian -mxl-soft-mul" "EXTRA_COMPILER_FLAGS=-g -ffunction-sections -fdata-sections -
TRACE::2024-06-19.16:50:42::SCWMssOS::Wall -Wextra -fno-tree-loop-distribute-patterns"

TRACE::2024-06-19.16:50:43::SCWMssOS::"Running Make libs in microblaze_0/libsrc/bram_v4_10/src"

TRACE::2024-06-19.16:50:43::SCWMssOS::make -C microblaze_0/libsrc/bram_v4_10/src -s libs  "SHELL=CMD" "COMPILER=mb-gcc" "ASSEMBLER=mb-as" "ARCHIVER=mb-ar" "COMPILER_
TRACE::2024-06-19.16:50:43::SCWMssOS::FLAGS=  -O2 -c -mcpu=v11.0 -mlittle-endian -mxl-soft-mul" "EXTRA_COMPILER_FLAGS=-g -ffunction-sections -fdata-sections -Wall -W
TRACE::2024-06-19.16:50:43::SCWMssOS::extra -fno-tree-loop-distribute-patterns"

TRACE::2024-06-19.16:50:43::SCWMssOS::"Running Make libs in microblaze_0/libsrc/cpu_v2_18/src"

TRACE::2024-06-19.16:50:43::SCWMssOS::make -C microblaze_0/libsrc/cpu_v2_18/src -s libs  "SHELL=CMD" "COMPILER=mb-gcc" "ASSEMBLER=mb-as" "ARCHIVER=mb-ar" "COMPILER_F
TRACE::2024-06-19.16:50:43::SCWMssOS::LAGS=  -O2 -c -mcpu=v11.0 -mlittle-endian -mxl-soft-mul" "EXTRA_COMPILER_FLAGS=-g -ffunction-sections -fdata-sections -Wall -We
TRACE::2024-06-19.16:50:43::SCWMssOS::xtra -fno-tree-loop-distribute-patterns"

TRACE::2024-06-19.16:50:43::SCWMssOS::"Running Make libs in microblaze_0/libsrc/gpio_v4_11/src"

TRACE::2024-06-19.16:50:43::SCWMssOS::make -C microblaze_0/libsrc/gpio_v4_11/src -s libs  "SHELL=CMD" "COMPILER=mb-gcc" "ASSEMBLER=mb-as" "ARCHIVER=mb-ar" "COMPILER_
TRACE::2024-06-19.16:50:43::SCWMssOS::FLAGS=  -O2 -c -mcpu=v11.0 -mlittle-endian -mxl-soft-mul" "EXTRA_COMPILER_FLAGS=-g -ffunction-sections -fdata-sections -Wall -W
TRACE::2024-06-19.16:50:43::SCWMssOS::extra -fno-tree-loop-distribute-patterns"

TRACE::2024-06-19.16:50:43::SCWMssOS::"Running Make libs in microblaze_0/libsrc/intc_v3_18/src"

TRACE::2024-06-19.16:50:43::SCWMssOS::make -C microblaze_0/libsrc/intc_v3_18/src -s libs  "SHELL=CMD" "COMPILER=mb-gcc" "ASSEMBLER=mb-as" "ARCHIVER=mb-ar" "COMPILER_
TRACE::2024-06-19.16:50:43::SCWMssOS::FLAGS=  -O2 -c -mcpu=v11.0 -mlittle-endian -mxl-soft-mul" "EXTRA_COMPILER_FLAGS=-g -ffunction-sections -fdata-sections -Wall -W
TRACE::2024-06-19.16:50:43::SCWMssOS::extra -fno-tree-loop-distribute-patterns"

TRACE::2024-06-19.16:50:43::SCWMssOS::"Running Make libs in microblaze_0/libsrc/spi_v4_12/src"

TRACE::2024-06-19.16:50:43::SCWMssOS::make -C microblaze_0/libsrc/spi_v4_12/src -s libs  "SHELL=CMD" "COMPILER=mb-gcc" "ASSEMBLER=mb-as" "ARCHIVER=mb-ar" "COMPILER_F
TRACE::2024-06-19.16:50:43::SCWMssOS::LAGS=  -O2 -c -mcpu=v11.0 -mlittle-endian -mxl-soft-mul" "EXTRA_COMPILER_FLAGS=-g -ffunction-sections -fdata-sections -Wall -We
TRACE::2024-06-19.16:50:43::SCWMssOS::xtra -fno-tree-loop-distribute-patterns"

TRACE::2024-06-19.16:50:43::SCWMssOS::"Running Make libs in microblaze_0/libsrc/standalone_v9_1/src"

TRACE::2024-06-19.16:50:43::SCWMssOS::make -C microblaze_0/libsrc/standalone_v9_1/src -s libs  "SHELL=CMD" "COMPILER=mb-gcc" "ASSEMBLER=mb-as" "ARCHIVER=mb-ar" "COMP
TRACE::2024-06-19.16:50:43::SCWMssOS::ILER_FLAGS=  -O2 -c -mcpu=v11.0 -mlittle-endian -mxl-soft-mul" "EXTRA_COMPILER_FLAGS=-g -ffunction-sections -fdata-sections -Wa
TRACE::2024-06-19.16:50:43::SCWMssOS::ll -Wextra -fno-tree-loop-distribute-patterns"

TRACE::2024-06-19.16:50:43::SCWMssOS::"Running Make libs in microblaze_0/libsrc/tmrctr_v4_12/src"

TRACE::2024-06-19.16:50:43::SCWMssOS::make -C microblaze_0/libsrc/tmrctr_v4_12/src -s libs  "SHELL=CMD" "COMPILER=mb-gcc" "ASSEMBLER=mb-as" "ARCHIVER=mb-ar" "COMPILE
TRACE::2024-06-19.16:50:43::SCWMssOS::R_FLAGS=  -O2 -c -mcpu=v11.0 -mlittle-endian -mxl-soft-mul" "EXTRA_COMPILER_FLAGS=-g -ffunction-sections -fdata-sections -Wall 
TRACE::2024-06-19.16:50:43::SCWMssOS::-Wextra -fno-tree-loop-distribute-patterns"

TRACE::2024-06-19.16:50:44::SCWMssOS::"Running Make libs in microblaze_0/libsrc/uartlite_v3_10/src"

TRACE::2024-06-19.16:50:44::SCWMssOS::make -C microblaze_0/libsrc/uartlite_v3_10/src -s libs  "SHELL=CMD" "COMPILER=mb-gcc" "ASSEMBLER=mb-as" "ARCHIVER=mb-ar" "COMPI
TRACE::2024-06-19.16:50:44::SCWMssOS::LER_FLAGS=  -O2 -c -mcpu=v11.0 -mlittle-endian -mxl-soft-mul" "EXTRA_COMPILER_FLAGS=-g -ffunction-sections -fdata-sections -Wal
TRACE::2024-06-19.16:50:44::SCWMssOS::l -Wextra -fno-tree-loop-distribute-patterns"

TRACE::2024-06-19.16:50:45::SCWMssOS::"DEBUG NON_LTO_OBJECTS is ../../../lib/microblaze_interrupt_handler.o"

TRACE::2024-06-19.16:50:45::SCWMssOS::'Finished building libraries parallelly.'

TRACE::2024-06-19.16:50:45::SCWMssOS::make --no-print-directory archive

TRACE::2024-06-19.16:50:45::SCWMssOS::mb-ar -r  microblaze_0/lib/libxil.a microblaze_0/lib/_exit.o microblaze_0/lib/errno.o microblaze_0/lib/fcntl.o microblaze_0/lib
TRACE::2024-06-19.16:50:45::SCWMssOS::/hw_exception_handler.o microblaze_0/lib/inbyte.o microblaze_0/lib/microblaze_disable_dcache.o microblaze_0/lib/microblaze_disa
TRACE::2024-06-19.16:50:45::SCWMssOS::ble_exceptions.o microblaze_0/lib/microblaze_disable_icache.o microblaze_0/lib/microblaze_disable_interrupts.o microblaze_0/lib
TRACE::2024-06-19.16:50:45::SCWMssOS::/microblaze_enable_dcache.o microblaze_0/lib/microblaze_enable_exceptions.o microblaze_0/lib/microblaze_enable_icache.o microbl
TRACE::2024-06-19.16:50:45::SCWMssOS::aze_0/lib/microblaze_enable_interrupts.o microblaze_0/lib/microblaze_exception_handler.o microblaze_0/lib/microblaze_flush_cach
TRACE::2024-06-19.16:50:45::SCWMssOS::e_ext.o microblaze_0/lib/microblaze_flush_cache_ext_range.o microblaze_0/lib/microblaze_flush_dcache.o microblaze_0/lib/microbl
TRACE::2024-06-19.16:50:45::SCWMssOS::aze_flush_dcache_range.o microblaze_0/lib/microblaze_init_dcache_range.o microblaze_0/lib/microblaze_init_icache_range.o microb
TRACE::2024-06-19.16:50:45::SCWMssOS::laze_0/lib/microblaze_interrupt_handler.o microblaze_0/lib/microblaze_interrupts_g.o microblaze_0/lib/microblaze_invalidate_cac
TRACE::2024-06-19.16:50:45::SCWMssOS::he_ext.o microblaze_0/lib/microblaze_invalidate_cache_ext_range.o microblaze_0/lib/microblaze_invalidate_dcache.o microblaze_0/
TRACE::2024-06-19.16:50:45::SCWMssOS::lib/microblaze_invalidate_dcache_range.o microblaze_0/lib/microblaze_invalidate_icache.o microblaze_0/lib/microblaze_invalidate
TRACE::2024-06-19.16:50:45::SCWMssOS::_icache_range.o microblaze_0/lib/microblaze_scrub.o microblaze_0/lib/microblaze_selftest.o microblaze_0/lib/microblaze_sleep.o 
TRACE::2024-06-19.16:50:45::SCWMssOS::microblaze_0/lib/microblaze_update_dcache.o microblaze_0/lib/microblaze_update_icache.o microblaze_0/lib/outbyte.o microblaze_0
TRACE::2024-06-19.16:50:45::SCWMssOS::/lib/print.o microblaze_0/lib/pvr.o microblaze_0/lib/xbram.o microblaze_0/lib/xbram_g.o microblaze_0/lib/xbram_intr.o microblaz
TRACE::2024-06-19.16:50:45::SCWMssOS::e_0/lib/xbram_selftest.o microblaze_0/lib/xbram_sinit.o microblaze_0/lib/xgpio.o microblaze_0/lib/xgpio_extra.o microblaze_0/li
TRACE::2024-06-19.16:50:45::SCWMssOS::b/xgpio_g.o microblaze_0/lib/xgpio_intr.o microblaze_0/lib/xgpio_selftest.o microblaze_0/lib/xgpio_sinit.o microblaze_0/lib/xil
TRACE::2024-06-19.16:50:45::SCWMssOS::_assert.o microblaze_0/lib/xil_cache.o microblaze_0/lib/xil_clocking.o microblaze_0/lib/xil_exception.o microblaze_0/lib/xil_me
TRACE::2024-06-19.16:50:45::SCWMssOS::m.o microblaze_0/lib/xil_misc_psreset_api.o microblaze_0/lib/xil_printf.o microblaze_0/lib/xil_sleepcommon.o microblaze_0/lib/x
TRACE::2024-06-19.16:50:45::SCWMssOS::il_testcache.o microblaze_0/lib/xil_testio.o microblaze_0/lib/xil_testmem.o microblaze_0/lib/xil_util.o microblaze_0/lib/xintc.
TRACE::2024-06-19.16:50:45::SCWMssOS::o microblaze_0/lib/xintc_g.o microblaze_0/lib/xintc_intr.o microblaze_0/lib/xintc_l.o microblaze_0/lib/xintc_options.o microbla
TRACE::2024-06-19.16:50:45::SCWMssOS::ze_0/lib/xintc_selftest.o microblaze_0/lib/xinterrupt_wrap.o microblaze_0/lib/xio.o microblaze_0/lib/xplatform_info.o microblaz
TRACE::2024-06-19.16:50:45::SCWMssOS::e_0/lib/xpm_init.o microblaze_0/lib/xspi.o microblaze_0/lib/xspi_g.o microblaze_0/lib/xspi_options.o microblaze_0/lib/xspi_self
TRACE::2024-06-19.16:50:45::SCWMssOS::test.o microblaze_0/lib/xspi_sinit.o microblaze_0/lib/xspi_stats.o microblaze_0/lib/xtmrctr.o microblaze_0/lib/xtmrctr_g.o micr
TRACE::2024-06-19.16:50:45::SCWMssOS::oblaze_0/lib/xtmrctr_intr.o microblaze_0/lib/xtmrctr_l.o microblaze_0/lib/xtmrctr_options.o microblaze_0/lib/xtmrctr_selftest.o
TRACE::2024-06-19.16:50:45::SCWMssOS:: microblaze_0/lib/xtmrctr_sinit.o microblaze_0/lib/xtmrctr_stats.o microblaze_0/lib/xuartlite.o microblaze_0/lib/xuartlite_g.o 
TRACE::2024-06-19.16:50:45::SCWMssOS::microblaze_0/lib/xuartlite_intr.o microblaze_0/lib/xuartlite_l.o microblaze_0/lib/xuartlite_selftest.o microblaze_0/lib/xuartli
TRACE::2024-06-19.16:50:45::SCWMssOS::te_sinit.o microblaze_0/lib/xuartlite_stats.o

TRACE::2024-06-19.16:50:45::SCWMssOS::'Finished building libraries'

TRACE::2024-06-19.16:50:45::SCWMssOS:: Checking if to create the Supporting Applications
TRACE::2024-06-19.16:50:45::SCWMssOS:: No Linux domain exists, trying to generate FSBL 
LOG::2024-06-19.16:50:45::SCWSystem::Completed Processing the domain standalone_microblaze_0
LOG::2024-06-19.16:50:45::SCWSystem::Completed Processing the sysconfig micBlazeAppTop
LOG::2024-06-19.16:50:45::SCWPlatform::Completed generating the artifacts for system configuration micBlazeAppTop
TRACE::2024-06-19.16:50:45::SCWPlatform::Started preparing the platform 
TRACE::2024-06-19.16:50:45::SCWSystem::Writing the bif file for system config micBlazeAppTop
TRACE::2024-06-19.16:50:45::SCWSystem::dir created 
TRACE::2024-06-19.16:50:45::SCWSystem::Writing the bif 
TRACE::2024-06-19.16:50:45::SCWPlatform::Started writing the spfm file 
TRACE::2024-06-19.16:50:45::SCWPlatform::Started writing the xpfm file 
TRACE::2024-06-19.16:50:45::SCWPlatform::Completed generating the platform
TRACE::2024-06-19.16:50:45::SCWMssOS::Saving the mss changes C:/Harman/Verilog/SoC_06_19_UI/micBlazeAppTop/microblaze_0/standalone_microblaze_0/bsp/system.mss
TRACE::2024-06-19.16:50:45::SCWMssOS::Adding the swdes entry, mss present, able to open swdb C:/Harman/Verilog/SoC_06_19_UI/micBlazeAppTop/microblaze_0/standalone_microblaze_0/bsp/system.mss with des name system
TRACE::2024-06-19.16:50:45::SCWMssOS::Writing the mss file completed C:/Harman/Verilog/SoC_06_19_UI/micBlazeAppTop/microblaze_0/standalone_microblaze_0/bsp/system.mss
TRACE::2024-06-19.16:50:45::SCWMssOS::Commit changes completed.
TRACE::2024-06-19.16:50:45::SCWPlatform::Trying to open the hw design at C:/Harman/Verilog/SoC_06_19_UI/micBlazeAppTop/hw/micBlazeAppTop.xsa
TRACE::2024-06-19.16:50:45::SCWPlatform::DSA given C:/Harman/Verilog/SoC_06_19_UI/micBlazeAppTop/hw/micBlazeAppTop.xsa
TRACE::2024-06-19.16:50:45::SCWPlatform::DSA absoulate path C:/Harman/Verilog/SoC_06_19_UI/micBlazeAppTop/hw/micBlazeAppTop.xsa
TRACE::2024-06-19.16:50:45::SCWPlatform::DSA directory C:/Harman/Verilog/SoC_06_19_UI/micBlazeAppTop/hw
TRACE::2024-06-19.16:50:45::SCWPlatform:: Platform Path C:/Harman/Verilog/SoC_06_19_UI/micBlazeAppTop/hw/micBlazeAppTop.xsa
TRACE::2024-06-19.16:50:45::SCWPlatform:: Unique name xilinx:basys3::0.0
TRACE::2024-06-19.16:50:45::SCWPlatform::Trying to set the existing hwdb with name micBlazeAppTop_4
TRACE::2024-06-19.16:50:45::SCWPlatform::Opened existing hwdb micBlazeAppTop_4
TRACE::2024-06-19.16:50:45::SCWPlatform::Found the Hw Db part of the input DSA
TRACE::2024-06-19.16:50:45::SCWMssOS::Checking the sw design at  C:/Harman/Verilog/SoC_06_19_UI/micBlazeAppTop/microblaze_0/standalone_microblaze_0/bsp/system.mss
TRACE::2024-06-19.16:50:45::SCWMssOS::DEBUG:  swdes dump  C:/Harman/Verilog/SoC_06_19_UI/micBlazeAppTop/microblaze_0/standalone_microblaze_0/bsp/system.mss|system||

TRACE::2024-06-19.16:50:45::SCWMssOS::Sw design exists and opened at  C:/Harman/Verilog/SoC_06_19_UI/micBlazeAppTop/microblaze_0/standalone_microblaze_0/bsp/system.mss
TRACE::2024-06-19.16:50:45::SCWWriter::formatted JSON is {
	"platformName":	"micBlazeAppTop",
	"sprVersion":	"2.0",
	"mode":	"gui",
	"dsaType":	"Fixed",
	"platformDesc":	"micBlazeAppTop",
	"platHandOff":	"<platformDir>.xsa",
	"platIntHandOff":	"<platformDir>/hw/micBlazeAppTop.xsa",
	"deviceType":	"FPGA",
	"platIsPrebuiltAutogen":	"false",
	"platIsNoBootBsp":	"false",
	"hasFsblMakeHasChanges":	"false",
	"hasPmufwMakeHasChanges":	"false",
	"platPreBuiltFlag":	false,
	"platformSamplesDir":	"",
	"platActiveSys":	"micBlazeAppTop",
	"systems":	[{
			"systemName":	"micBlazeAppTop",
			"systemDesc":	"micBlazeAppTop",
			"sysIsBootAutoGen":	"true",
			"systemDispName":	"micBlazeAppTop",
			"sysActiveDom":	"standalone_microblaze_0",
			"sysDefaultDom":	"standalone_microblaze_0",
			"domains":	[{
					"domainName":	"standalone_microblaze_0",
					"domainDispName":	"standalone_microblaze_0",
					"domainDesc":	"standalone_microblaze_0",
					"processors":	"microblaze_0",
					"os":	"standalone",
					"sdxOs":	"standalone",
					"debugEnable":	"False",
					"domRuntimes":	["cpp"],
					"swRepo":	"",
					"mssOsVer":	"9.1",
					"mssFile":	"",
					"md5Digest":	"a2455141f5301011804f02d6749894b1",
					"compatibleApp":	"",
					"domType":	"mssDomain",
					"arch":	"32-bit",
					"appSettings":	{
						"appCompilerFlags":	"",
						"appLinkerFlags":	""
					},
					"addedLibs":	[],
					"libOptions":	{
						"libsContainingOptions":	[]
					},
					"prebuiltLibs":	{
						"prebuiltIncPath":	[],
						"prebuiltLibPath":	[]
					},
					"isolation":	{
					}
				}]
		}]
}
KEYINFO::2024-06-19.16:50:45::SCWPlatform::updated the xpfm file.
TRACE::2024-06-19.16:50:47::SCWPlatform::Trying to open the hw design at C:/Harman/Verilog/SoC_06_19_UI/micBlazeAppTop/hw/micBlazeAppTop.xsa
TRACE::2024-06-19.16:50:47::SCWPlatform::DSA given C:/Harman/Verilog/SoC_06_19_UI/micBlazeAppTop/hw/micBlazeAppTop.xsa
TRACE::2024-06-19.16:50:47::SCWPlatform::DSA absoulate path C:/Harman/Verilog/SoC_06_19_UI/micBlazeAppTop/hw/micBlazeAppTop.xsa
TRACE::2024-06-19.16:50:47::SCWPlatform::DSA directory C:/Harman/Verilog/SoC_06_19_UI/micBlazeAppTop/hw
TRACE::2024-06-19.16:50:47::SCWPlatform:: Platform Path C:/Harman/Verilog/SoC_06_19_UI/micBlazeAppTop/hw/micBlazeAppTop.xsa
TRACE::2024-06-19.16:50:47::SCWPlatform:: Unique name xilinx:basys3::0.0
TRACE::2024-06-19.16:50:47::SCWPlatform::Trying to set the existing hwdb with name micBlazeAppTop_4
TRACE::2024-06-19.16:50:47::SCWPlatform::Opened existing hwdb micBlazeAppTop_4
TRACE::2024-06-19.16:50:47::SCWPlatform::Found the Hw Db part of the input DSA
TRACE::2024-06-19.16:50:47::SCWMssOS::Checking the sw design at  C:/Harman/Verilog/SoC_06_19_UI/micBlazeAppTop/microblaze_0/standalone_microblaze_0/bsp/system.mss
TRACE::2024-06-19.16:50:47::SCWMssOS::DEBUG:  swdes dump  C:/Harman/Verilog/SoC_06_19_UI/micBlazeAppTop/microblaze_0/standalone_microblaze_0/bsp/system.mss|system||

TRACE::2024-06-19.16:50:47::SCWMssOS::Sw design exists and opened at  C:/Harman/Verilog/SoC_06_19_UI/micBlazeAppTop/microblaze_0/standalone_microblaze_0/bsp/system.mss
