TRACE::2024-07-23.15:07:54::SCWPlatform::Trying to open the hw design at C:/Harman/Verilog/SoC_07_23_servo_axi/servo_new_vitis/servo_wrapper/hw/servo_wrapper.xsa
TRACE::2024-07-23.15:07:54::SCWPlatform::DSA given C:/Harman/Verilog/SoC_07_23_servo_axi/servo_new_vitis/servo_wrapper/hw/servo_wrapper.xsa
TRACE::2024-07-23.15:07:54::SCWPlatform::DSA absoulate path C:/Harman/Verilog/SoC_07_23_servo_axi/servo_new_vitis/servo_wrapper/hw/servo_wrapper.xsa
TRACE::2024-07-23.15:07:54::SCWPlatform::DSA directory C:/Harman/Verilog/SoC_07_23_servo_axi/servo_new_vitis/servo_wrapper/hw
TRACE::2024-07-23.15:07:54::SCWPlatform:: Platform Path C:/Harman/Verilog/SoC_07_23_servo_axi/servo_new_vitis/servo_wrapper/hw/servo_wrapper.xsa
TRACE::2024-07-23.15:07:54::SCWPlatform:: Unique name xilinx:basys3::0.0
TRACE::2024-07-23.15:07:54::SCWPlatform::Do not have an existing db opened. 
TRACE::2024-07-23.15:07:54::SCWPlatform::Opened new HwDB with name servo_wrapper_0
TRACE::2024-07-23.15:07:54::SCWWriter::formatted JSON is {
	"platformName":	"servo_wrapper",
	"sprVersion":	"2.0",
	"mode":	"gui",
	"dsaType":	"Fixed",
	"platformDesc":	"servo_wrapper",
	"platHandOff":	"C:/Harman/Verilog/SoC_07_23_servo_axi/servo_wrapper.xsa",
	"platIntHandOff":	"<platformDir>/hw/servo_wrapper.xsa",
	"deviceType":	"FPGA",
	"platIsPrebuiltAutogen":	"false",
	"platIsNoBootBsp":	"false",
	"hasFsblMakeHasChanges":	"false",
	"hasPmufwMakeHasChanges":	"false",
	"platPreBuiltFlag":	false,
	"platformSamplesDir":	""
}
TRACE::2024-07-23.15:07:54::SCWWriter::formatted JSON is {
	"platformName":	"servo_wrapper",
	"sprVersion":	"2.0",
	"mode":	"gui",
	"dsaType":	"Fixed",
	"platformDesc":	"servo_wrapper",
	"platHandOff":	"C:/Harman/Verilog/SoC_07_23_servo_axi/servo_wrapper.xsa",
	"platIntHandOff":	"<platformDir>/hw/servo_wrapper.xsa",
	"deviceType":	"FPGA",
	"platIsPrebuiltAutogen":	"false",
	"platIsNoBootBsp":	"false",
	"hasFsblMakeHasChanges":	"false",
	"hasPmufwMakeHasChanges":	"false",
	"platPreBuiltFlag":	false,
	"platformSamplesDir":	"",
	"platActiveSys":	"servo_wrapper",
	"systems":	[{
			"systemName":	"servo_wrapper",
			"systemDesc":	"servo_wrapper",
			"sysIsBootAutoGen":	"true",
			"systemDispName":	"servo_wrapper"
		}]
}
TRACE::2024-07-23.15:07:54::SCWPlatform::Boot application domains not present, creating them
TRACE::2024-07-23.15:07:54::SCWPlatform::Pure FPGA device, no boot application will be created.
TRACE::2024-07-23.15:07:54::SCWWriter::formatted JSON is {
	"platformName":	"servo_wrapper",
	"sprVersion":	"2.0",
	"mode":	"gui",
	"dsaType":	"Fixed",
	"platformDesc":	"servo_wrapper",
	"platHandOff":	"C:/Harman/Verilog/SoC_07_23_servo_axi/servo_wrapper.xsa",
	"platIntHandOff":	"<platformDir>/hw/servo_wrapper.xsa",
	"deviceType":	"FPGA",
	"platIsPrebuiltAutogen":	"false",
	"platIsNoBootBsp":	"false",
	"hasFsblMakeHasChanges":	"false",
	"hasPmufwMakeHasChanges":	"false",
	"platPreBuiltFlag":	false,
	"platformSamplesDir":	"",
	"platActiveSys":	"servo_wrapper",
	"systems":	[{
			"systemName":	"servo_wrapper",
			"systemDesc":	"servo_wrapper",
			"sysIsBootAutoGen":	"true",
			"systemDispName":	"servo_wrapper"
		}]
}
TRACE::2024-07-23.15:07:54::SCWWriter::formatted JSON is {
	"platformName":	"servo_wrapper",
	"sprVersion":	"2.0",
	"mode":	"gui",
	"dsaType":	"Fixed",
	"platformDesc":	"servo_wrapper",
	"platHandOff":	"C:/Harman/Verilog/SoC_07_23_servo_axi/servo_wrapper.xsa",
	"platIntHandOff":	"<platformDir>/hw/servo_wrapper.xsa",
	"deviceType":	"FPGA",
	"platIsPrebuiltAutogen":	"false",
	"platIsNoBootBsp":	"false",
	"hasFsblMakeHasChanges":	"false",
	"hasPmufwMakeHasChanges":	"false",
	"platPreBuiltFlag":	false,
	"platformSamplesDir":	"",
	"platActiveSys":	"servo_wrapper",
	"systems":	[{
			"systemName":	"servo_wrapper",
			"systemDesc":	"servo_wrapper",
			"sysIsBootAutoGen":	"true",
			"systemDispName":	"servo_wrapper"
		}]
}
TRACE::2024-07-23.15:07:54::SCWPlatform::Trying to open the hw design at C:/Harman/Verilog/SoC_07_23_servo_axi/servo_new_vitis/servo_wrapper/hw/servo_wrapper.xsa
TRACE::2024-07-23.15:07:54::SCWPlatform::DSA given C:/Harman/Verilog/SoC_07_23_servo_axi/servo_new_vitis/servo_wrapper/hw/servo_wrapper.xsa
TRACE::2024-07-23.15:07:54::SCWPlatform::DSA absoulate path C:/Harman/Verilog/SoC_07_23_servo_axi/servo_new_vitis/servo_wrapper/hw/servo_wrapper.xsa
TRACE::2024-07-23.15:07:54::SCWPlatform::DSA directory C:/Harman/Verilog/SoC_07_23_servo_axi/servo_new_vitis/servo_wrapper/hw
TRACE::2024-07-23.15:07:54::SCWPlatform:: Platform Path C:/Harman/Verilog/SoC_07_23_servo_axi/servo_new_vitis/servo_wrapper/hw/servo_wrapper.xsa
TRACE::2024-07-23.15:07:54::SCWPlatform:: Unique name xilinx:basys3::0.0
TRACE::2024-07-23.15:07:54::SCWPlatform::Trying to set the existing hwdb with name servo_wrapper_0
TRACE::2024-07-23.15:07:54::SCWPlatform::Opened existing hwdb servo_wrapper_0
TRACE::2024-07-23.15:07:54::SCWPlatform::Found the Hw Db part of the input DSA
TRACE::2024-07-23.15:07:54::SCWPlatform::Trying to open the hw design at C:/Harman/Verilog/SoC_07_23_servo_axi/servo_new_vitis/servo_wrapper/hw/servo_wrapper.xsa
TRACE::2024-07-23.15:07:54::SCWPlatform::DSA given C:/Harman/Verilog/SoC_07_23_servo_axi/servo_new_vitis/servo_wrapper/hw/servo_wrapper.xsa
TRACE::2024-07-23.15:07:54::SCWPlatform::DSA absoulate path C:/Harman/Verilog/SoC_07_23_servo_axi/servo_new_vitis/servo_wrapper/hw/servo_wrapper.xsa
TRACE::2024-07-23.15:07:54::SCWPlatform::DSA directory C:/Harman/Verilog/SoC_07_23_servo_axi/servo_new_vitis/servo_wrapper/hw
TRACE::2024-07-23.15:07:54::SCWPlatform:: Platform Path C:/Harman/Verilog/SoC_07_23_servo_axi/servo_new_vitis/servo_wrapper/hw/servo_wrapper.xsa
TRACE::2024-07-23.15:07:54::SCWPlatform:: Unique name xilinx:basys3::0.0
TRACE::2024-07-23.15:07:54::SCWPlatform::Trying to set the existing hwdb with name servo_wrapper_0
TRACE::2024-07-23.15:07:54::SCWPlatform::Opened existing hwdb servo_wrapper_0
TRACE::2024-07-23.15:07:54::SCWPlatform::Found the Hw Db part of the input DSA
TRACE::2024-07-23.15:07:54::SCWDomain::checking for install qemu data   : 
TRACE::2024-07-23.15:07:54::SCWPlatform::Trying to open the hw design at C:/Harman/Verilog/SoC_07_23_servo_axi/servo_new_vitis/servo_wrapper/hw/servo_wrapper.xsa
TRACE::2024-07-23.15:07:54::SCWPlatform::DSA given C:/Harman/Verilog/SoC_07_23_servo_axi/servo_new_vitis/servo_wrapper/hw/servo_wrapper.xsa
TRACE::2024-07-23.15:07:54::SCWPlatform::DSA absoulate path C:/Harman/Verilog/SoC_07_23_servo_axi/servo_new_vitis/servo_wrapper/hw/servo_wrapper.xsa
TRACE::2024-07-23.15:07:54::SCWPlatform::DSA directory C:/Harman/Verilog/SoC_07_23_servo_axi/servo_new_vitis/servo_wrapper/hw
TRACE::2024-07-23.15:07:54::SCWPlatform:: Platform Path C:/Harman/Verilog/SoC_07_23_servo_axi/servo_new_vitis/servo_wrapper/hw/servo_wrapper.xsa
TRACE::2024-07-23.15:07:54::SCWPlatform:: Unique name xilinx:basys3::0.0
TRACE::2024-07-23.15:07:54::SCWPlatform::Trying to set the existing hwdb with name servo_wrapper_0
TRACE::2024-07-23.15:07:54::SCWPlatform::Opened existing hwdb servo_wrapper_0
TRACE::2024-07-23.15:07:54::SCWPlatform::Found the Hw Db part of the input DSA
TRACE::2024-07-23.15:07:54::SCWPlatform::Trying to open the hw design at C:/Harman/Verilog/SoC_07_23_servo_axi/servo_new_vitis/servo_wrapper/hw/servo_wrapper.xsa
TRACE::2024-07-23.15:07:54::SCWPlatform::DSA given C:/Harman/Verilog/SoC_07_23_servo_axi/servo_new_vitis/servo_wrapper/hw/servo_wrapper.xsa
TRACE::2024-07-23.15:07:54::SCWPlatform::DSA absoulate path C:/Harman/Verilog/SoC_07_23_servo_axi/servo_new_vitis/servo_wrapper/hw/servo_wrapper.xsa
TRACE::2024-07-23.15:07:54::SCWPlatform::DSA directory C:/Harman/Verilog/SoC_07_23_servo_axi/servo_new_vitis/servo_wrapper/hw
TRACE::2024-07-23.15:07:54::SCWPlatform:: Platform Path C:/Harman/Verilog/SoC_07_23_servo_axi/servo_new_vitis/servo_wrapper/hw/servo_wrapper.xsa
TRACE::2024-07-23.15:07:54::SCWPlatform:: Unique name xilinx:basys3::0.0
TRACE::2024-07-23.15:07:54::SCWPlatform::Trying to set the existing hwdb with name servo_wrapper_0
TRACE::2024-07-23.15:07:54::SCWPlatform::Opened existing hwdb servo_wrapper_0
TRACE::2024-07-23.15:07:54::SCWPlatform::Found the Hw Db part of the input DSA
TRACE::2024-07-23.15:07:54::SCWPlatform::Trying to open the hw design at C:/Harman/Verilog/SoC_07_23_servo_axi/servo_new_vitis/servo_wrapper/hw/servo_wrapper.xsa
TRACE::2024-07-23.15:07:54::SCWPlatform::DSA given C:/Harman/Verilog/SoC_07_23_servo_axi/servo_new_vitis/servo_wrapper/hw/servo_wrapper.xsa
TRACE::2024-07-23.15:07:54::SCWPlatform::DSA absoulate path C:/Harman/Verilog/SoC_07_23_servo_axi/servo_new_vitis/servo_wrapper/hw/servo_wrapper.xsa
TRACE::2024-07-23.15:07:54::SCWPlatform::DSA directory C:/Harman/Verilog/SoC_07_23_servo_axi/servo_new_vitis/servo_wrapper/hw
TRACE::2024-07-23.15:07:54::SCWPlatform:: Platform Path C:/Harman/Verilog/SoC_07_23_servo_axi/servo_new_vitis/servo_wrapper/hw/servo_wrapper.xsa
TRACE::2024-07-23.15:07:54::SCWPlatform:: Unique name xilinx:basys3::0.0
TRACE::2024-07-23.15:07:54::SCWPlatform::Trying to set the existing hwdb with name servo_wrapper_0
TRACE::2024-07-23.15:07:54::SCWPlatform::Opened existing hwdb servo_wrapper_0
TRACE::2024-07-23.15:07:54::SCWPlatform::Found the Hw Db part of the input DSA
TRACE::2024-07-23.15:07:54::SCWMssOS::Checking the sw design at  C:/Harman/Verilog/SoC_07_23_servo_axi/servo_new_vitis/servo_wrapper/microblaze_0/standalone_microblaze_0/bsp/system.mss
TRACE::2024-07-23.15:07:54::SCWMssOS::DEBUG:  swdes dump  
TRACE::2024-07-23.15:07:54::SCWMssOS::No sw design opened at  C:/Harman/Verilog/SoC_07_23_servo_axi/servo_new_vitis/servo_wrapper/microblaze_0/standalone_microblaze_0/bsp/system.mss
TRACE::2024-07-23.15:07:54::SCWMssOS::mss does not exists at C:/Harman/Verilog/SoC_07_23_servo_axi/servo_new_vitis/servo_wrapper/microblaze_0/standalone_microblaze_0/bsp/system.mss
TRACE::2024-07-23.15:07:54::SCWMssOS::Creating sw design at  C:/Harman/Verilog/SoC_07_23_servo_axi/servo_new_vitis/servo_wrapper/microblaze_0/standalone_microblaze_0/bsp/system.mss
TRACE::2024-07-23.15:07:54::SCWMssOS::Adding the swdes entry, created swdb C:/Harman/Verilog/SoC_07_23_servo_axi/servo_new_vitis/servo_wrapper/microblaze_0/standalone_microblaze_0/bsp/system.mss with des name C:/Harman/Verilog/SoC_07_23_servo_axi/servo_new_vitis/servo_wrapper/microblaze_0/standalone_microblaze_0/bsp/system.mss
TRACE::2024-07-23.15:07:54::SCWMssOS::updating the scw layer changes to swdes at   C:/Harman/Verilog/SoC_07_23_servo_axi/servo_new_vitis/servo_wrapper/microblaze_0/standalone_microblaze_0/bsp/system.mss
TRACE::2024-07-23.15:07:54::SCWMssOS::Writing mss at C:/Harman/Verilog/SoC_07_23_servo_axi/servo_new_vitis/servo_wrapper/microblaze_0/standalone_microblaze_0/bsp/system.mss
TRACE::2024-07-23.15:07:54::SCWMssOS::Completed writing the mss file at C:/Harman/Verilog/SoC_07_23_servo_axi/servo_new_vitis/servo_wrapper/microblaze_0/standalone_microblaze_0/bsp
TRACE::2024-07-23.15:07:54::SCWMssOS::Picking up changes from newly written mss file into SCW Layer. 
TRACE::2024-07-23.15:07:54::SCWMssOS::Updated the changes from newly written mss file into SCW Layer. 
TRACE::2024-07-23.15:07:54::SCWMssOS::Completed writing the mss file at C:/Harman/Verilog/SoC_07_23_servo_axi/servo_new_vitis/servo_wrapper/microblaze_0/standalone_microblaze_0/bsp
TRACE::2024-07-23.15:07:54::SCWMssOS::Forcing BSP Sources regeneration.
TRACE::2024-07-23.15:08:00::SCWMssOS::Saving the mss changes C:/Harman/Verilog/SoC_07_23_servo_axi/servo_new_vitis/servo_wrapper/microblaze_0/standalone_microblaze_0/bsp/system.mss
TRACE::2024-07-23.15:08:00::SCWMssOS::Adding the swdes entry, mss present, able to open swdb C:/Harman/Verilog/SoC_07_23_servo_axi/servo_new_vitis/servo_wrapper/microblaze_0/standalone_microblaze_0/bsp/system.mss with des name system
TRACE::2024-07-23.15:08:00::SCWMssOS::Writing the mss file completed C:/Harman/Verilog/SoC_07_23_servo_axi/servo_new_vitis/servo_wrapper/microblaze_0/standalone_microblaze_0/bsp/system.mss
TRACE::2024-07-23.15:08:00::SCWMssOS::Commit changes completed.
TRACE::2024-07-23.15:08:00::SCWPlatform::Trying to open the hw design at C:/Harman/Verilog/SoC_07_23_servo_axi/servo_new_vitis/servo_wrapper/hw/servo_wrapper.xsa
TRACE::2024-07-23.15:08:00::SCWPlatform::DSA given C:/Harman/Verilog/SoC_07_23_servo_axi/servo_new_vitis/servo_wrapper/hw/servo_wrapper.xsa
TRACE::2024-07-23.15:08:00::SCWPlatform::DSA absoulate path C:/Harman/Verilog/SoC_07_23_servo_axi/servo_new_vitis/servo_wrapper/hw/servo_wrapper.xsa
TRACE::2024-07-23.15:08:00::SCWPlatform::DSA directory C:/Harman/Verilog/SoC_07_23_servo_axi/servo_new_vitis/servo_wrapper/hw
TRACE::2024-07-23.15:08:00::SCWPlatform:: Platform Path C:/Harman/Verilog/SoC_07_23_servo_axi/servo_new_vitis/servo_wrapper/hw/servo_wrapper.xsa
TRACE::2024-07-23.15:08:00::SCWPlatform:: Unique name xilinx:basys3::0.0
TRACE::2024-07-23.15:08:00::SCWPlatform::Trying to set the existing hwdb with name servo_wrapper_0
TRACE::2024-07-23.15:08:00::SCWPlatform::Opened existing hwdb servo_wrapper_0
TRACE::2024-07-23.15:08:00::SCWPlatform::Found the Hw Db part of the input DSA
TRACE::2024-07-23.15:08:00::SCWMssOS::Checking the sw design at  C:/Harman/Verilog/SoC_07_23_servo_axi/servo_new_vitis/servo_wrapper/microblaze_0/standalone_microblaze_0/bsp/system.mss
TRACE::2024-07-23.15:08:00::SCWMssOS::DEBUG:  swdes dump  C:/Harman/Verilog/SoC_07_23_servo_axi/servo_new_vitis/servo_wrapper/microblaze_0/standalone_microblaze_0/bsp/system.mss|system||

TRACE::2024-07-23.15:08:00::SCWMssOS::Sw design exists and opened at  C:/Harman/Verilog/SoC_07_23_servo_axi/servo_new_vitis/servo_wrapper/microblaze_0/standalone_microblaze_0/bsp/system.mss
TRACE::2024-07-23.15:08:00::SCWPlatform::Trying to open the hw design at C:/Harman/Verilog/SoC_07_23_servo_axi/servo_new_vitis/servo_wrapper/hw/servo_wrapper.xsa
TRACE::2024-07-23.15:08:00::SCWPlatform::DSA given C:/Harman/Verilog/SoC_07_23_servo_axi/servo_new_vitis/servo_wrapper/hw/servo_wrapper.xsa
TRACE::2024-07-23.15:08:00::SCWPlatform::DSA absoulate path C:/Harman/Verilog/SoC_07_23_servo_axi/servo_new_vitis/servo_wrapper/hw/servo_wrapper.xsa
TRACE::2024-07-23.15:08:00::SCWPlatform::DSA directory C:/Harman/Verilog/SoC_07_23_servo_axi/servo_new_vitis/servo_wrapper/hw
TRACE::2024-07-23.15:08:00::SCWPlatform:: Platform Path C:/Harman/Verilog/SoC_07_23_servo_axi/servo_new_vitis/servo_wrapper/hw/servo_wrapper.xsa
TRACE::2024-07-23.15:08:00::SCWPlatform:: Unique name xilinx:basys3::0.0
TRACE::2024-07-23.15:08:00::SCWPlatform::Trying to set the existing hwdb with name servo_wrapper_0
TRACE::2024-07-23.15:08:00::SCWPlatform::Opened existing hwdb servo_wrapper_0
TRACE::2024-07-23.15:08:00::SCWPlatform::Found the Hw Db part of the input DSA
TRACE::2024-07-23.15:08:00::SCWMssOS::Checking the sw design at  C:/Harman/Verilog/SoC_07_23_servo_axi/servo_new_vitis/servo_wrapper/microblaze_0/standalone_microblaze_0/bsp/system.mss
TRACE::2024-07-23.15:08:00::SCWMssOS::DEBUG:  swdes dump  C:/Harman/Verilog/SoC_07_23_servo_axi/servo_new_vitis/servo_wrapper/microblaze_0/standalone_microblaze_0/bsp/system.mss|system||

TRACE::2024-07-23.15:08:00::SCWMssOS::Sw design exists and opened at  C:/Harman/Verilog/SoC_07_23_servo_axi/servo_new_vitis/servo_wrapper/microblaze_0/standalone_microblaze_0/bsp/system.mss
TRACE::2024-07-23.15:08:00::SCWPlatform::Trying to open the hw design at C:/Harman/Verilog/SoC_07_23_servo_axi/servo_new_vitis/servo_wrapper/hw/servo_wrapper.xsa
TRACE::2024-07-23.15:08:00::SCWPlatform::DSA given C:/Harman/Verilog/SoC_07_23_servo_axi/servo_new_vitis/servo_wrapper/hw/servo_wrapper.xsa
TRACE::2024-07-23.15:08:00::SCWPlatform::DSA absoulate path C:/Harman/Verilog/SoC_07_23_servo_axi/servo_new_vitis/servo_wrapper/hw/servo_wrapper.xsa
TRACE::2024-07-23.15:08:00::SCWPlatform::DSA directory C:/Harman/Verilog/SoC_07_23_servo_axi/servo_new_vitis/servo_wrapper/hw
TRACE::2024-07-23.15:08:00::SCWPlatform:: Platform Path C:/Harman/Verilog/SoC_07_23_servo_axi/servo_new_vitis/servo_wrapper/hw/servo_wrapper.xsa
TRACE::2024-07-23.15:08:00::SCWPlatform:: Unique name xilinx:basys3::0.0
TRACE::2024-07-23.15:08:00::SCWPlatform::Trying to set the existing hwdb with name servo_wrapper_0
TRACE::2024-07-23.15:08:00::SCWPlatform::Opened existing hwdb servo_wrapper_0
TRACE::2024-07-23.15:08:00::SCWPlatform::Found the Hw Db part of the input DSA
TRACE::2024-07-23.15:08:00::SCWMssOS::Checking the sw design at  C:/Harman/Verilog/SoC_07_23_servo_axi/servo_new_vitis/servo_wrapper/microblaze_0/standalone_microblaze_0/bsp/system.mss
TRACE::2024-07-23.15:08:00::SCWMssOS::DEBUG:  swdes dump  C:/Harman/Verilog/SoC_07_23_servo_axi/servo_new_vitis/servo_wrapper/microblaze_0/standalone_microblaze_0/bsp/system.mss|system||

TRACE::2024-07-23.15:08:00::SCWMssOS::Sw design exists and opened at  C:/Harman/Verilog/SoC_07_23_servo_axi/servo_new_vitis/servo_wrapper/microblaze_0/standalone_microblaze_0/bsp/system.mss
TRACE::2024-07-23.15:08:00::SCWWriter::formatted JSON is {
	"platformName":	"servo_wrapper",
	"sprVersion":	"2.0",
	"mode":	"gui",
	"dsaType":	"Fixed",
	"platformDesc":	"servo_wrapper",
	"platHandOff":	"C:/Harman/Verilog/SoC_07_23_servo_axi/servo_wrapper.xsa",
	"platIntHandOff":	"<platformDir>/hw/servo_wrapper.xsa",
	"deviceType":	"FPGA",
	"platIsPrebuiltAutogen":	"false",
	"platIsNoBootBsp":	"false",
	"hasFsblMakeHasChanges":	"false",
	"hasPmufwMakeHasChanges":	"false",
	"platPreBuiltFlag":	false,
	"platformSamplesDir":	"",
	"platActiveSys":	"servo_wrapper",
	"systems":	[{
			"systemName":	"servo_wrapper",
			"systemDesc":	"servo_wrapper",
			"sysIsBootAutoGen":	"true",
			"systemDispName":	"servo_wrapper",
			"sysActiveDom":	"standalone_microblaze_0",
			"sysDefaultDom":	"standalone_microblaze_0",
			"domains":	[{
					"domainName":	"standalone_microblaze_0",
					"domainDispName":	"standalone_microblaze_0",
					"domainDesc":	"standalone_microblaze_0",
					"processors":	"microblaze_0",
					"os":	"standalone",
					"sdxOs":	"standalone",
					"debugEnable":	"False",
					"domRuntimes":	["cpp"],
					"swRepo":	"",
					"mssOsVer":	"7.7",
					"mssFile":	"",
					"md5Digest":	"2919511f43eb5aa30e6af7574c773dd6",
					"compatibleApp":	"hello_world",
					"domType":	"mssDomain",
					"arch":	"32-bit",
					"appSettings":	{
						"appCompilerFlags":	"",
						"appLinkerFlags":	""
					},
					"addedLibs":	[],
					"libOptions":	{
						"libsContainingOptions":	[]
					},
					"prebuiltLibs":	{
						"prebuiltIncPath":	[],
						"prebuiltLibPath":	[]
					},
					"isolation":	{
					}
				}]
		}]
}
LOG::2024-07-23.15:08:00::SCWPlatform::Started generating the artifacts platform servo_wrapper
TRACE::2024-07-23.15:08:00::SCWPlatform::Sanity checking of platform is completed
LOG::2024-07-23.15:08:00::SCWPlatform::Started generating the artifacts for system configuration servo_wrapper
LOG::2024-07-23.15:08:00::SCWSystem::Checking the domain standalone_microblaze_0
LOG::2024-07-23.15:08:00::SCWSystem::Not a boot domain 
LOG::2024-07-23.15:08:00::SCWSystem::Started Processing the domain standalone_microblaze_0
TRACE::2024-07-23.15:08:00::SCWDomain::Generating domain artifcats
TRACE::2024-07-23.15:08:00::SCWMssOS::Generating standalone artifcats
TRACE::2024-07-23.15:08:00::SCWMssOS:: Copying the user libraries. 
TRACE::2024-07-23.15:08:00::SCWPlatform::Trying to open the hw design at C:/Harman/Verilog/SoC_07_23_servo_axi/servo_new_vitis/servo_wrapper/hw/servo_wrapper.xsa
TRACE::2024-07-23.15:08:00::SCWPlatform::DSA given C:/Harman/Verilog/SoC_07_23_servo_axi/servo_new_vitis/servo_wrapper/hw/servo_wrapper.xsa
TRACE::2024-07-23.15:08:00::SCWPlatform::DSA absoulate path C:/Harman/Verilog/SoC_07_23_servo_axi/servo_new_vitis/servo_wrapper/hw/servo_wrapper.xsa
TRACE::2024-07-23.15:08:00::SCWPlatform::DSA directory C:/Harman/Verilog/SoC_07_23_servo_axi/servo_new_vitis/servo_wrapper/hw
TRACE::2024-07-23.15:08:00::SCWPlatform:: Platform Path C:/Harman/Verilog/SoC_07_23_servo_axi/servo_new_vitis/servo_wrapper/hw/servo_wrapper.xsa
TRACE::2024-07-23.15:08:00::SCWPlatform:: Unique name xilinx:basys3::0.0
TRACE::2024-07-23.15:08:00::SCWPlatform::Trying to set the existing hwdb with name servo_wrapper_0
TRACE::2024-07-23.15:08:00::SCWPlatform::Opened existing hwdb servo_wrapper_0
TRACE::2024-07-23.15:08:00::SCWPlatform::Found the Hw Db part of the input DSA
TRACE::2024-07-23.15:08:00::SCWMssOS::Checking the sw design at  C:/Harman/Verilog/SoC_07_23_servo_axi/servo_new_vitis/servo_wrapper/microblaze_0/standalone_microblaze_0/bsp/system.mss
TRACE::2024-07-23.15:08:00::SCWMssOS::DEBUG:  swdes dump  C:/Harman/Verilog/SoC_07_23_servo_axi/servo_new_vitis/servo_wrapper/microblaze_0/standalone_microblaze_0/bsp/system.mss|system||

TRACE::2024-07-23.15:08:00::SCWMssOS::Sw design exists and opened at  C:/Harman/Verilog/SoC_07_23_servo_axi/servo_new_vitis/servo_wrapper/microblaze_0/standalone_microblaze_0/bsp/system.mss
TRACE::2024-07-23.15:08:00::SCWMssOS::Completed writing the mss file at C:/Harman/Verilog/SoC_07_23_servo_axi/servo_new_vitis/servo_wrapper/microblaze_0/standalone_microblaze_0/bsp
TRACE::2024-07-23.15:08:00::SCWMssOS::Mss edits present, copying mssfile into export location C:/Harman/Verilog/SoC_07_23_servo_axi/servo_new_vitis/servo_wrapper/microblaze_0/standalone_microblaze_0/bsp/system.mss
TRACE::2024-07-23.15:08:00::SCWMssOS::bsp generated is upto date with the mss file. Skipping bsp generation.
TRACE::2024-07-23.15:08:00::SCWMssOS::BSP is already built. skipping the bsp build ... 
TRACE::2024-07-23.15:08:00::SCWDomain::Skipping the build for domain :  standalone_microblaze_0
TRACE::2024-07-23.15:08:00::SCWMssOS::skipping the bsp build ... 
TRACE::2024-07-23.15:08:00::SCWMssOS::Copying to export directory.
TRACE::2024-07-23.15:08:00::SCWMssOS:: Checking if to create the Supporting Applications
TRACE::2024-07-23.15:08:00::SCWMssOS:: No Linux domain exists, trying to generate FSBL 
LOG::2024-07-23.15:08:00::SCWSystem::Completed Processing the domain standalone_microblaze_0
LOG::2024-07-23.15:08:00::SCWSystem::Completed Processing the sysconfig servo_wrapper
LOG::2024-07-23.15:08:00::SCWPlatform::Completed generating the artifacts for system configuration servo_wrapper
TRACE::2024-07-23.15:08:00::SCWPlatform::Started preparing the platform 
TRACE::2024-07-23.15:08:00::SCWSystem::Writing the bif file for system config servo_wrapper
TRACE::2024-07-23.15:08:00::SCWSystem::dir created 
TRACE::2024-07-23.15:08:00::SCWSystem::Writing the bif 
TRACE::2024-07-23.15:08:00::SCWPlatform::Started writing the spfm file 
TRACE::2024-07-23.15:08:00::SCWPlatform::Started writing the xpfm file 
TRACE::2024-07-23.15:08:00::SCWPlatform::Completed generating the platform
TRACE::2024-07-23.15:08:00::SCWMssOS::Saving the mss changes C:/Harman/Verilog/SoC_07_23_servo_axi/servo_new_vitis/servo_wrapper/microblaze_0/standalone_microblaze_0/bsp/system.mss
TRACE::2024-07-23.15:08:00::SCWMssOS::Found a swdesign opened with the mssfile.
TRACE::2024-07-23.15:08:00::SCWMssOS::Completed writemss as part of save.
TRACE::2024-07-23.15:08:00::SCWMssOS::Commit changes completed.
TRACE::2024-07-23.15:08:00::SCWPlatform::Trying to open the hw design at C:/Harman/Verilog/SoC_07_23_servo_axi/servo_new_vitis/servo_wrapper/hw/servo_wrapper.xsa
TRACE::2024-07-23.15:08:00::SCWPlatform::DSA given C:/Harman/Verilog/SoC_07_23_servo_axi/servo_new_vitis/servo_wrapper/hw/servo_wrapper.xsa
TRACE::2024-07-23.15:08:00::SCWPlatform::DSA absoulate path C:/Harman/Verilog/SoC_07_23_servo_axi/servo_new_vitis/servo_wrapper/hw/servo_wrapper.xsa
TRACE::2024-07-23.15:08:00::SCWPlatform::DSA directory C:/Harman/Verilog/SoC_07_23_servo_axi/servo_new_vitis/servo_wrapper/hw
TRACE::2024-07-23.15:08:00::SCWPlatform:: Platform Path C:/Harman/Verilog/SoC_07_23_servo_axi/servo_new_vitis/servo_wrapper/hw/servo_wrapper.xsa
TRACE::2024-07-23.15:08:00::SCWPlatform:: Unique name xilinx:basys3::0.0
TRACE::2024-07-23.15:08:00::SCWPlatform::Trying to set the existing hwdb with name servo_wrapper_0
TRACE::2024-07-23.15:08:00::SCWPlatform::Opened existing hwdb servo_wrapper_0
TRACE::2024-07-23.15:08:00::SCWPlatform::Found the Hw Db part of the input DSA
TRACE::2024-07-23.15:08:00::SCWMssOS::Checking the sw design at  C:/Harman/Verilog/SoC_07_23_servo_axi/servo_new_vitis/servo_wrapper/microblaze_0/standalone_microblaze_0/bsp/system.mss
TRACE::2024-07-23.15:08:00::SCWMssOS::DEBUG:  swdes dump  C:/Harman/Verilog/SoC_07_23_servo_axi/servo_new_vitis/servo_wrapper/microblaze_0/standalone_microblaze_0/bsp/system.mss|system||

TRACE::2024-07-23.15:08:00::SCWMssOS::Sw design exists and opened at  C:/Harman/Verilog/SoC_07_23_servo_axi/servo_new_vitis/servo_wrapper/microblaze_0/standalone_microblaze_0/bsp/system.mss
TRACE::2024-07-23.15:08:00::SCWPlatform::Trying to open the hw design at C:/Harman/Verilog/SoC_07_23_servo_axi/servo_new_vitis/servo_wrapper/hw/servo_wrapper.xsa
TRACE::2024-07-23.15:08:00::SCWPlatform::DSA given C:/Harman/Verilog/SoC_07_23_servo_axi/servo_new_vitis/servo_wrapper/hw/servo_wrapper.xsa
TRACE::2024-07-23.15:08:00::SCWPlatform::DSA absoulate path C:/Harman/Verilog/SoC_07_23_servo_axi/servo_new_vitis/servo_wrapper/hw/servo_wrapper.xsa
TRACE::2024-07-23.15:08:00::SCWPlatform::DSA directory C:/Harman/Verilog/SoC_07_23_servo_axi/servo_new_vitis/servo_wrapper/hw
TRACE::2024-07-23.15:08:00::SCWPlatform:: Platform Path C:/Harman/Verilog/SoC_07_23_servo_axi/servo_new_vitis/servo_wrapper/hw/servo_wrapper.xsa
TRACE::2024-07-23.15:08:00::SCWPlatform:: Unique name xilinx:basys3::0.0
TRACE::2024-07-23.15:08:00::SCWPlatform::Trying to set the existing hwdb with name servo_wrapper_0
TRACE::2024-07-23.15:08:00::SCWPlatform::Opened existing hwdb servo_wrapper_0
TRACE::2024-07-23.15:08:00::SCWPlatform::Found the Hw Db part of the input DSA
TRACE::2024-07-23.15:08:00::SCWMssOS::Checking the sw design at  C:/Harman/Verilog/SoC_07_23_servo_axi/servo_new_vitis/servo_wrapper/microblaze_0/standalone_microblaze_0/bsp/system.mss
TRACE::2024-07-23.15:08:00::SCWMssOS::DEBUG:  swdes dump  C:/Harman/Verilog/SoC_07_23_servo_axi/servo_new_vitis/servo_wrapper/microblaze_0/standalone_microblaze_0/bsp/system.mss|system||

TRACE::2024-07-23.15:08:00::SCWMssOS::Sw design exists and opened at  C:/Harman/Verilog/SoC_07_23_servo_axi/servo_new_vitis/servo_wrapper/microblaze_0/standalone_microblaze_0/bsp/system.mss
TRACE::2024-07-23.15:08:00::SCWPlatform::Trying to open the hw design at C:/Harman/Verilog/SoC_07_23_servo_axi/servo_new_vitis/servo_wrapper/hw/servo_wrapper.xsa
TRACE::2024-07-23.15:08:00::SCWPlatform::DSA given C:/Harman/Verilog/SoC_07_23_servo_axi/servo_new_vitis/servo_wrapper/hw/servo_wrapper.xsa
TRACE::2024-07-23.15:08:00::SCWPlatform::DSA absoulate path C:/Harman/Verilog/SoC_07_23_servo_axi/servo_new_vitis/servo_wrapper/hw/servo_wrapper.xsa
TRACE::2024-07-23.15:08:00::SCWPlatform::DSA directory C:/Harman/Verilog/SoC_07_23_servo_axi/servo_new_vitis/servo_wrapper/hw
TRACE::2024-07-23.15:08:00::SCWPlatform:: Platform Path C:/Harman/Verilog/SoC_07_23_servo_axi/servo_new_vitis/servo_wrapper/hw/servo_wrapper.xsa
TRACE::2024-07-23.15:08:00::SCWPlatform:: Unique name xilinx:basys3::0.0
TRACE::2024-07-23.15:08:00::SCWPlatform::Trying to set the existing hwdb with name servo_wrapper_0
TRACE::2024-07-23.15:08:00::SCWPlatform::Opened existing hwdb servo_wrapper_0
TRACE::2024-07-23.15:08:00::SCWPlatform::Found the Hw Db part of the input DSA
TRACE::2024-07-23.15:08:00::SCWMssOS::Checking the sw design at  C:/Harman/Verilog/SoC_07_23_servo_axi/servo_new_vitis/servo_wrapper/microblaze_0/standalone_microblaze_0/bsp/system.mss
TRACE::2024-07-23.15:08:00::SCWMssOS::DEBUG:  swdes dump  C:/Harman/Verilog/SoC_07_23_servo_axi/servo_new_vitis/servo_wrapper/microblaze_0/standalone_microblaze_0/bsp/system.mss|system||

TRACE::2024-07-23.15:08:00::SCWMssOS::Sw design exists and opened at  C:/Harman/Verilog/SoC_07_23_servo_axi/servo_new_vitis/servo_wrapper/microblaze_0/standalone_microblaze_0/bsp/system.mss
TRACE::2024-07-23.15:08:00::SCWWriter::formatted JSON is {
	"platformName":	"servo_wrapper",
	"sprVersion":	"2.0",
	"mode":	"gui",
	"dsaType":	"Fixed",
	"platformDesc":	"servo_wrapper",
	"platHandOff":	"C:/Harman/Verilog/SoC_07_23_servo_axi/servo_wrapper.xsa",
	"platIntHandOff":	"<platformDir>/hw/servo_wrapper.xsa",
	"deviceType":	"FPGA",
	"platIsPrebuiltAutogen":	"false",
	"platIsNoBootBsp":	"false",
	"hasFsblMakeHasChanges":	"false",
	"hasPmufwMakeHasChanges":	"false",
	"platPreBuiltFlag":	false,
	"platformSamplesDir":	"",
	"platActiveSys":	"servo_wrapper",
	"systems":	[{
			"systemName":	"servo_wrapper",
			"systemDesc":	"servo_wrapper",
			"sysIsBootAutoGen":	"true",
			"systemDispName":	"servo_wrapper",
			"sysActiveDom":	"standalone_microblaze_0",
			"sysDefaultDom":	"standalone_microblaze_0",
			"domains":	[{
					"domainName":	"standalone_microblaze_0",
					"domainDispName":	"standalone_microblaze_0",
					"domainDesc":	"standalone_microblaze_0",
					"processors":	"microblaze_0",
					"os":	"standalone",
					"sdxOs":	"standalone",
					"debugEnable":	"False",
					"domRuntimes":	["cpp"],
					"swRepo":	"",
					"mssOsVer":	"7.7",
					"mssFile":	"",
					"md5Digest":	"2919511f43eb5aa30e6af7574c773dd6",
					"compatibleApp":	"hello_world",
					"domType":	"mssDomain",
					"arch":	"32-bit",
					"appSettings":	{
						"appCompilerFlags":	"",
						"appLinkerFlags":	""
					},
					"addedLibs":	[],
					"libOptions":	{
						"libsContainingOptions":	[]
					},
					"prebuiltLibs":	{
						"prebuiltIncPath":	[],
						"prebuiltLibPath":	[]
					},
					"isolation":	{
					}
				}]
		}]
}
KEYINFO::2024-07-23.15:08:00::SCWPlatform::updated the xpfm file.
TRACE::2024-07-23.15:08:01::SCWPlatform::Trying to open the hw design at C:/Harman/Verilog/SoC_07_23_servo_axi/servo_new_vitis/servo_wrapper/hw/servo_wrapper.xsa
TRACE::2024-07-23.15:08:01::SCWPlatform::DSA given C:/Harman/Verilog/SoC_07_23_servo_axi/servo_new_vitis/servo_wrapper/hw/servo_wrapper.xsa
TRACE::2024-07-23.15:08:01::SCWPlatform::DSA absoulate path C:/Harman/Verilog/SoC_07_23_servo_axi/servo_new_vitis/servo_wrapper/hw/servo_wrapper.xsa
TRACE::2024-07-23.15:08:01::SCWPlatform::DSA directory C:/Harman/Verilog/SoC_07_23_servo_axi/servo_new_vitis/servo_wrapper/hw
TRACE::2024-07-23.15:08:01::SCWPlatform:: Platform Path C:/Harman/Verilog/SoC_07_23_servo_axi/servo_new_vitis/servo_wrapper/hw/servo_wrapper.xsa
TRACE::2024-07-23.15:08:01::SCWPlatform:: Unique name xilinx:basys3::0.0
TRACE::2024-07-23.15:08:01::SCWPlatform::Trying to set the existing hwdb with name servo_wrapper_0
TRACE::2024-07-23.15:08:01::SCWPlatform::Opened existing hwdb servo_wrapper_0
TRACE::2024-07-23.15:08:01::SCWPlatform::Found the Hw Db part of the input DSA
TRACE::2024-07-23.15:08:01::SCWMssOS::Checking the sw design at  C:/Harman/Verilog/SoC_07_23_servo_axi/servo_new_vitis/servo_wrapper/microblaze_0/standalone_microblaze_0/bsp/system.mss
TRACE::2024-07-23.15:08:01::SCWMssOS::DEBUG:  swdes dump  C:/Harman/Verilog/SoC_07_23_servo_axi/servo_new_vitis/servo_wrapper/microblaze_0/standalone_microblaze_0/bsp/system.mss|system||

TRACE::2024-07-23.15:08:01::SCWMssOS::Sw design exists and opened at  C:/Harman/Verilog/SoC_07_23_servo_axi/servo_new_vitis/servo_wrapper/microblaze_0/standalone_microblaze_0/bsp/system.mss
TRACE::2024-07-23.15:08:01::SCWMssOS::Saving the mss changes C:/Harman/Verilog/SoC_07_23_servo_axi/servo_new_vitis/servo_wrapper/microblaze_0/standalone_microblaze_0/bsp/system.mss
TRACE::2024-07-23.15:08:01::SCWMssOS::Found a swdesign opened with the mssfile.
TRACE::2024-07-23.15:08:01::SCWMssOS::Completed writemss as part of save.
TRACE::2024-07-23.15:08:01::SCWMssOS::Commit changes completed.
TRACE::2024-07-23.15:08:01::SCWPlatform::Trying to open the hw design at C:/Harman/Verilog/SoC_07_23_servo_axi/servo_new_vitis/servo_wrapper/hw/servo_wrapper.xsa
TRACE::2024-07-23.15:08:01::SCWPlatform::DSA given C:/Harman/Verilog/SoC_07_23_servo_axi/servo_new_vitis/servo_wrapper/hw/servo_wrapper.xsa
TRACE::2024-07-23.15:08:01::SCWPlatform::DSA absoulate path C:/Harman/Verilog/SoC_07_23_servo_axi/servo_new_vitis/servo_wrapper/hw/servo_wrapper.xsa
TRACE::2024-07-23.15:08:01::SCWPlatform::DSA directory C:/Harman/Verilog/SoC_07_23_servo_axi/servo_new_vitis/servo_wrapper/hw
TRACE::2024-07-23.15:08:01::SCWPlatform:: Platform Path C:/Harman/Verilog/SoC_07_23_servo_axi/servo_new_vitis/servo_wrapper/hw/servo_wrapper.xsa
TRACE::2024-07-23.15:08:01::SCWPlatform:: Unique name xilinx:basys3::0.0
TRACE::2024-07-23.15:08:01::SCWPlatform::Trying to set the existing hwdb with name servo_wrapper_0
TRACE::2024-07-23.15:08:01::SCWPlatform::Opened existing hwdb servo_wrapper_0
TRACE::2024-07-23.15:08:01::SCWPlatform::Found the Hw Db part of the input DSA
TRACE::2024-07-23.15:08:01::SCWMssOS::Checking the sw design at  C:/Harman/Verilog/SoC_07_23_servo_axi/servo_new_vitis/servo_wrapper/microblaze_0/standalone_microblaze_0/bsp/system.mss
TRACE::2024-07-23.15:08:01::SCWMssOS::DEBUG:  swdes dump  C:/Harman/Verilog/SoC_07_23_servo_axi/servo_new_vitis/servo_wrapper/microblaze_0/standalone_microblaze_0/bsp/system.mss|system||

TRACE::2024-07-23.15:08:01::SCWMssOS::Sw design exists and opened at  C:/Harman/Verilog/SoC_07_23_servo_axi/servo_new_vitis/servo_wrapper/microblaze_0/standalone_microblaze_0/bsp/system.mss
TRACE::2024-07-23.15:08:01::SCWPlatform::Trying to open the hw design at C:/Harman/Verilog/SoC_07_23_servo_axi/servo_new_vitis/servo_wrapper/hw/servo_wrapper.xsa
TRACE::2024-07-23.15:08:01::SCWPlatform::DSA given C:/Harman/Verilog/SoC_07_23_servo_axi/servo_new_vitis/servo_wrapper/hw/servo_wrapper.xsa
TRACE::2024-07-23.15:08:01::SCWPlatform::DSA absoulate path C:/Harman/Verilog/SoC_07_23_servo_axi/servo_new_vitis/servo_wrapper/hw/servo_wrapper.xsa
TRACE::2024-07-23.15:08:01::SCWPlatform::DSA directory C:/Harman/Verilog/SoC_07_23_servo_axi/servo_new_vitis/servo_wrapper/hw
TRACE::2024-07-23.15:08:01::SCWPlatform:: Platform Path C:/Harman/Verilog/SoC_07_23_servo_axi/servo_new_vitis/servo_wrapper/hw/servo_wrapper.xsa
TRACE::2024-07-23.15:08:01::SCWPlatform:: Unique name xilinx:basys3::0.0
TRACE::2024-07-23.15:08:01::SCWPlatform::Trying to set the existing hwdb with name servo_wrapper_0
TRACE::2024-07-23.15:08:01::SCWPlatform::Opened existing hwdb servo_wrapper_0
TRACE::2024-07-23.15:08:01::SCWPlatform::Found the Hw Db part of the input DSA
TRACE::2024-07-23.15:08:01::SCWMssOS::Checking the sw design at  C:/Harman/Verilog/SoC_07_23_servo_axi/servo_new_vitis/servo_wrapper/microblaze_0/standalone_microblaze_0/bsp/system.mss
TRACE::2024-07-23.15:08:01::SCWMssOS::DEBUG:  swdes dump  C:/Harman/Verilog/SoC_07_23_servo_axi/servo_new_vitis/servo_wrapper/microblaze_0/standalone_microblaze_0/bsp/system.mss|system||

TRACE::2024-07-23.15:08:01::SCWMssOS::Sw design exists and opened at  C:/Harman/Verilog/SoC_07_23_servo_axi/servo_new_vitis/servo_wrapper/microblaze_0/standalone_microblaze_0/bsp/system.mss
TRACE::2024-07-23.15:08:01::SCWPlatform::Trying to open the hw design at C:/Harman/Verilog/SoC_07_23_servo_axi/servo_new_vitis/servo_wrapper/hw/servo_wrapper.xsa
TRACE::2024-07-23.15:08:01::SCWPlatform::DSA given C:/Harman/Verilog/SoC_07_23_servo_axi/servo_new_vitis/servo_wrapper/hw/servo_wrapper.xsa
TRACE::2024-07-23.15:08:01::SCWPlatform::DSA absoulate path C:/Harman/Verilog/SoC_07_23_servo_axi/servo_new_vitis/servo_wrapper/hw/servo_wrapper.xsa
TRACE::2024-07-23.15:08:01::SCWPlatform::DSA directory C:/Harman/Verilog/SoC_07_23_servo_axi/servo_new_vitis/servo_wrapper/hw
TRACE::2024-07-23.15:08:01::SCWPlatform:: Platform Path C:/Harman/Verilog/SoC_07_23_servo_axi/servo_new_vitis/servo_wrapper/hw/servo_wrapper.xsa
TRACE::2024-07-23.15:08:01::SCWPlatform:: Unique name xilinx:basys3::0.0
TRACE::2024-07-23.15:08:01::SCWPlatform::Trying to set the existing hwdb with name servo_wrapper_0
TRACE::2024-07-23.15:08:01::SCWPlatform::Opened existing hwdb servo_wrapper_0
TRACE::2024-07-23.15:08:01::SCWPlatform::Found the Hw Db part of the input DSA
TRACE::2024-07-23.15:08:01::SCWMssOS::Checking the sw design at  C:/Harman/Verilog/SoC_07_23_servo_axi/servo_new_vitis/servo_wrapper/microblaze_0/standalone_microblaze_0/bsp/system.mss
TRACE::2024-07-23.15:08:01::SCWMssOS::DEBUG:  swdes dump  C:/Harman/Verilog/SoC_07_23_servo_axi/servo_new_vitis/servo_wrapper/microblaze_0/standalone_microblaze_0/bsp/system.mss|system||

TRACE::2024-07-23.15:08:01::SCWMssOS::Sw design exists and opened at  C:/Harman/Verilog/SoC_07_23_servo_axi/servo_new_vitis/servo_wrapper/microblaze_0/standalone_microblaze_0/bsp/system.mss
TRACE::2024-07-23.15:08:01::SCWWriter::formatted JSON is {
	"platformName":	"servo_wrapper",
	"sprVersion":	"2.0",
	"mode":	"gui",
	"dsaType":	"Fixed",
	"platformDesc":	"servo_wrapper",
	"platHandOff":	"C:/Harman/Verilog/SoC_07_23_servo_axi/servo_wrapper.xsa",
	"platIntHandOff":	"<platformDir>/hw/servo_wrapper.xsa",
	"deviceType":	"FPGA",
	"platIsPrebuiltAutogen":	"false",
	"platIsNoBootBsp":	"false",
	"hasFsblMakeHasChanges":	"false",
	"hasPmufwMakeHasChanges":	"false",
	"platPreBuiltFlag":	false,
	"platformSamplesDir":	"",
	"platActiveSys":	"servo_wrapper",
	"systems":	[{
			"systemName":	"servo_wrapper",
			"systemDesc":	"servo_wrapper",
			"sysIsBootAutoGen":	"true",
			"systemDispName":	"servo_wrapper",
			"sysActiveDom":	"standalone_microblaze_0",
			"sysDefaultDom":	"standalone_microblaze_0",
			"domains":	[{
					"domainName":	"standalone_microblaze_0",
					"domainDispName":	"standalone_microblaze_0",
					"domainDesc":	"standalone_microblaze_0",
					"processors":	"microblaze_0",
					"os":	"standalone",
					"sdxOs":	"standalone",
					"debugEnable":	"False",
					"domRuntimes":	["cpp"],
					"swRepo":	"",
					"mssOsVer":	"7.7",
					"mssFile":	"",
					"md5Digest":	"2919511f43eb5aa30e6af7574c773dd6",
					"compatibleApp":	"hello_world",
					"domType":	"mssDomain",
					"arch":	"32-bit",
					"appSettings":	{
						"appCompilerFlags":	"",
						"appLinkerFlags":	""
					},
					"addedLibs":	[],
					"libOptions":	{
						"libsContainingOptions":	[]
					},
					"prebuiltLibs":	{
						"prebuiltIncPath":	[],
						"prebuiltLibPath":	[]
					},
					"isolation":	{
					}
				}]
		}]
}
TRACE::2024-07-23.15:08:01::SCWPlatform::Trying to open the hw design at C:/Harman/Verilog/SoC_07_23_servo_axi/servo_new_vitis/servo_wrapper/hw/servo_wrapper.xsa
TRACE::2024-07-23.15:08:01::SCWPlatform::DSA given C:/Harman/Verilog/SoC_07_23_servo_axi/servo_new_vitis/servo_wrapper/hw/servo_wrapper.xsa
TRACE::2024-07-23.15:08:01::SCWPlatform::DSA absoulate path C:/Harman/Verilog/SoC_07_23_servo_axi/servo_new_vitis/servo_wrapper/hw/servo_wrapper.xsa
TRACE::2024-07-23.15:08:01::SCWPlatform::DSA directory C:/Harman/Verilog/SoC_07_23_servo_axi/servo_new_vitis/servo_wrapper/hw
TRACE::2024-07-23.15:08:01::SCWPlatform:: Platform Path C:/Harman/Verilog/SoC_07_23_servo_axi/servo_new_vitis/servo_wrapper/hw/servo_wrapper.xsa
TRACE::2024-07-23.15:08:01::SCWPlatform:: Unique name xilinx:basys3::0.0
TRACE::2024-07-23.15:08:01::SCWPlatform::Trying to set the existing hwdb with name servo_wrapper_0
TRACE::2024-07-23.15:08:01::SCWPlatform::Opened existing hwdb servo_wrapper_0
TRACE::2024-07-23.15:08:01::SCWPlatform::Found the Hw Db part of the input DSA
TRACE::2024-07-23.15:08:01::SCWMssOS::Checking the sw design at  C:/Harman/Verilog/SoC_07_23_servo_axi/servo_new_vitis/servo_wrapper/microblaze_0/standalone_microblaze_0/bsp/system.mss
TRACE::2024-07-23.15:08:01::SCWMssOS::DEBUG:  swdes dump  C:/Harman/Verilog/SoC_07_23_servo_axi/servo_new_vitis/servo_wrapper/microblaze_0/standalone_microblaze_0/bsp/system.mss|system||

TRACE::2024-07-23.15:08:01::SCWMssOS::Sw design exists and opened at  C:/Harman/Verilog/SoC_07_23_servo_axi/servo_new_vitis/servo_wrapper/microblaze_0/standalone_microblaze_0/bsp/system.mss
TRACE::2024-07-23.15:08:01::SCWPlatform::Trying to open the hw design at C:/Harman/Verilog/SoC_07_23_servo_axi/servo_new_vitis/servo_wrapper/hw/servo_wrapper.xsa
TRACE::2024-07-23.15:08:01::SCWPlatform::DSA given C:/Harman/Verilog/SoC_07_23_servo_axi/servo_new_vitis/servo_wrapper/hw/servo_wrapper.xsa
TRACE::2024-07-23.15:08:01::SCWPlatform::DSA absoulate path C:/Harman/Verilog/SoC_07_23_servo_axi/servo_new_vitis/servo_wrapper/hw/servo_wrapper.xsa
TRACE::2024-07-23.15:08:01::SCWPlatform::DSA directory C:/Harman/Verilog/SoC_07_23_servo_axi/servo_new_vitis/servo_wrapper/hw
TRACE::2024-07-23.15:08:01::SCWPlatform:: Platform Path C:/Harman/Verilog/SoC_07_23_servo_axi/servo_new_vitis/servo_wrapper/hw/servo_wrapper.xsa
TRACE::2024-07-23.15:08:01::SCWPlatform:: Unique name xilinx:basys3::0.0
TRACE::2024-07-23.15:08:01::SCWPlatform::Trying to set the existing hwdb with name servo_wrapper_0
TRACE::2024-07-23.15:08:01::SCWPlatform::Opened existing hwdb servo_wrapper_0
TRACE::2024-07-23.15:08:01::SCWPlatform::Found the Hw Db part of the input DSA
TRACE::2024-07-23.15:08:01::SCWMssOS::Checking the sw design at  C:/Harman/Verilog/SoC_07_23_servo_axi/servo_new_vitis/servo_wrapper/microblaze_0/standalone_microblaze_0/bsp/system.mss
TRACE::2024-07-23.15:08:01::SCWMssOS::DEBUG:  swdes dump  C:/Harman/Verilog/SoC_07_23_servo_axi/servo_new_vitis/servo_wrapper/microblaze_0/standalone_microblaze_0/bsp/system.mss|system||

TRACE::2024-07-23.15:08:01::SCWMssOS::Sw design exists and opened at  C:/Harman/Verilog/SoC_07_23_servo_axi/servo_new_vitis/servo_wrapper/microblaze_0/standalone_microblaze_0/bsp/system.mss
TRACE::2024-07-23.15:08:01::SCWMssOS::Saving the mss changes C:/Harman/Verilog/SoC_07_23_servo_axi/servo_new_vitis/servo_wrapper/microblaze_0/standalone_microblaze_0/bsp/system.mss
TRACE::2024-07-23.15:08:01::SCWMssOS::Found a swdesign opened with the mssfile.
TRACE::2024-07-23.15:08:01::SCWMssOS::Completed writemss as part of save.
TRACE::2024-07-23.15:08:01::SCWMssOS::Commit changes completed.
TRACE::2024-07-23.15:08:01::SCWPlatform::Trying to open the hw design at C:/Harman/Verilog/SoC_07_23_servo_axi/servo_new_vitis/servo_wrapper/hw/servo_wrapper.xsa
TRACE::2024-07-23.15:08:01::SCWPlatform::DSA given C:/Harman/Verilog/SoC_07_23_servo_axi/servo_new_vitis/servo_wrapper/hw/servo_wrapper.xsa
TRACE::2024-07-23.15:08:01::SCWPlatform::DSA absoulate path C:/Harman/Verilog/SoC_07_23_servo_axi/servo_new_vitis/servo_wrapper/hw/servo_wrapper.xsa
TRACE::2024-07-23.15:08:01::SCWPlatform::DSA directory C:/Harman/Verilog/SoC_07_23_servo_axi/servo_new_vitis/servo_wrapper/hw
TRACE::2024-07-23.15:08:01::SCWPlatform:: Platform Path C:/Harman/Verilog/SoC_07_23_servo_axi/servo_new_vitis/servo_wrapper/hw/servo_wrapper.xsa
TRACE::2024-07-23.15:08:01::SCWPlatform:: Unique name xilinx:basys3::0.0
TRACE::2024-07-23.15:08:01::SCWPlatform::Trying to set the existing hwdb with name servo_wrapper_0
TRACE::2024-07-23.15:08:01::SCWPlatform::Opened existing hwdb servo_wrapper_0
TRACE::2024-07-23.15:08:01::SCWPlatform::Found the Hw Db part of the input DSA
TRACE::2024-07-23.15:08:01::SCWMssOS::Checking the sw design at  C:/Harman/Verilog/SoC_07_23_servo_axi/servo_new_vitis/servo_wrapper/microblaze_0/standalone_microblaze_0/bsp/system.mss
TRACE::2024-07-23.15:08:01::SCWMssOS::DEBUG:  swdes dump  C:/Harman/Verilog/SoC_07_23_servo_axi/servo_new_vitis/servo_wrapper/microblaze_0/standalone_microblaze_0/bsp/system.mss|system||

TRACE::2024-07-23.15:08:01::SCWMssOS::Sw design exists and opened at  C:/Harman/Verilog/SoC_07_23_servo_axi/servo_new_vitis/servo_wrapper/microblaze_0/standalone_microblaze_0/bsp/system.mss
TRACE::2024-07-23.15:08:01::SCWPlatform::Trying to open the hw design at C:/Harman/Verilog/SoC_07_23_servo_axi/servo_new_vitis/servo_wrapper/hw/servo_wrapper.xsa
TRACE::2024-07-23.15:08:01::SCWPlatform::DSA given C:/Harman/Verilog/SoC_07_23_servo_axi/servo_new_vitis/servo_wrapper/hw/servo_wrapper.xsa
TRACE::2024-07-23.15:08:01::SCWPlatform::DSA absoulate path C:/Harman/Verilog/SoC_07_23_servo_axi/servo_new_vitis/servo_wrapper/hw/servo_wrapper.xsa
TRACE::2024-07-23.15:08:01::SCWPlatform::DSA directory C:/Harman/Verilog/SoC_07_23_servo_axi/servo_new_vitis/servo_wrapper/hw
TRACE::2024-07-23.15:08:01::SCWPlatform:: Platform Path C:/Harman/Verilog/SoC_07_23_servo_axi/servo_new_vitis/servo_wrapper/hw/servo_wrapper.xsa
TRACE::2024-07-23.15:08:01::SCWPlatform:: Unique name xilinx:basys3::0.0
TRACE::2024-07-23.15:08:01::SCWPlatform::Trying to set the existing hwdb with name servo_wrapper_0
TRACE::2024-07-23.15:08:01::SCWPlatform::Opened existing hwdb servo_wrapper_0
TRACE::2024-07-23.15:08:01::SCWPlatform::Found the Hw Db part of the input DSA
TRACE::2024-07-23.15:08:01::SCWMssOS::Checking the sw design at  C:/Harman/Verilog/SoC_07_23_servo_axi/servo_new_vitis/servo_wrapper/microblaze_0/standalone_microblaze_0/bsp/system.mss
TRACE::2024-07-23.15:08:01::SCWMssOS::DEBUG:  swdes dump  C:/Harman/Verilog/SoC_07_23_servo_axi/servo_new_vitis/servo_wrapper/microblaze_0/standalone_microblaze_0/bsp/system.mss|system||

TRACE::2024-07-23.15:08:01::SCWMssOS::Sw design exists and opened at  C:/Harman/Verilog/SoC_07_23_servo_axi/servo_new_vitis/servo_wrapper/microblaze_0/standalone_microblaze_0/bsp/system.mss
TRACE::2024-07-23.15:08:01::SCWPlatform::Trying to open the hw design at C:/Harman/Verilog/SoC_07_23_servo_axi/servo_new_vitis/servo_wrapper/hw/servo_wrapper.xsa
TRACE::2024-07-23.15:08:01::SCWPlatform::DSA given C:/Harman/Verilog/SoC_07_23_servo_axi/servo_new_vitis/servo_wrapper/hw/servo_wrapper.xsa
TRACE::2024-07-23.15:08:01::SCWPlatform::DSA absoulate path C:/Harman/Verilog/SoC_07_23_servo_axi/servo_new_vitis/servo_wrapper/hw/servo_wrapper.xsa
TRACE::2024-07-23.15:08:01::SCWPlatform::DSA directory C:/Harman/Verilog/SoC_07_23_servo_axi/servo_new_vitis/servo_wrapper/hw
TRACE::2024-07-23.15:08:01::SCWPlatform:: Platform Path C:/Harman/Verilog/SoC_07_23_servo_axi/servo_new_vitis/servo_wrapper/hw/servo_wrapper.xsa
TRACE::2024-07-23.15:08:01::SCWPlatform:: Unique name xilinx:basys3::0.0
TRACE::2024-07-23.15:08:01::SCWPlatform::Trying to set the existing hwdb with name servo_wrapper_0
TRACE::2024-07-23.15:08:01::SCWPlatform::Opened existing hwdb servo_wrapper_0
TRACE::2024-07-23.15:08:01::SCWPlatform::Found the Hw Db part of the input DSA
TRACE::2024-07-23.15:08:01::SCWMssOS::Checking the sw design at  C:/Harman/Verilog/SoC_07_23_servo_axi/servo_new_vitis/servo_wrapper/microblaze_0/standalone_microblaze_0/bsp/system.mss
TRACE::2024-07-23.15:08:01::SCWMssOS::DEBUG:  swdes dump  C:/Harman/Verilog/SoC_07_23_servo_axi/servo_new_vitis/servo_wrapper/microblaze_0/standalone_microblaze_0/bsp/system.mss|system||

TRACE::2024-07-23.15:08:01::SCWMssOS::Sw design exists and opened at  C:/Harman/Verilog/SoC_07_23_servo_axi/servo_new_vitis/servo_wrapper/microblaze_0/standalone_microblaze_0/bsp/system.mss
TRACE::2024-07-23.15:08:01::SCWWriter::formatted JSON is {
	"platformName":	"servo_wrapper",
	"sprVersion":	"2.0",
	"mode":	"gui",
	"dsaType":	"Fixed",
	"platformDesc":	"servo_wrapper",
	"platHandOff":	"C:/Harman/Verilog/SoC_07_23_servo_axi/servo_wrapper.xsa",
	"platIntHandOff":	"<platformDir>/hw/servo_wrapper.xsa",
	"deviceType":	"FPGA",
	"platIsPrebuiltAutogen":	"false",
	"platIsNoBootBsp":	"false",
	"hasFsblMakeHasChanges":	"false",
	"hasPmufwMakeHasChanges":	"false",
	"platPreBuiltFlag":	false,
	"platformSamplesDir":	"",
	"platActiveSys":	"servo_wrapper",
	"systems":	[{
			"systemName":	"servo_wrapper",
			"systemDesc":	"servo_wrapper",
			"sysIsBootAutoGen":	"true",
			"systemDispName":	"servo_wrapper",
			"sysActiveDom":	"standalone_microblaze_0",
			"sysDefaultDom":	"standalone_microblaze_0",
			"domains":	[{
					"domainName":	"standalone_microblaze_0",
					"domainDispName":	"standalone_microblaze_0",
					"domainDesc":	"standalone_microblaze_0",
					"processors":	"microblaze_0",
					"os":	"standalone",
					"sdxOs":	"standalone",
					"debugEnable":	"False",
					"domRuntimes":	["cpp"],
					"swRepo":	"",
					"mssOsVer":	"7.7",
					"mssFile":	"",
					"md5Digest":	"2919511f43eb5aa30e6af7574c773dd6",
					"compatibleApp":	"hello_world",
					"domType":	"mssDomain",
					"arch":	"32-bit",
					"appSettings":	{
						"appCompilerFlags":	"",
						"appLinkerFlags":	""
					},
					"addedLibs":	[],
					"libOptions":	{
						"libsContainingOptions":	[]
					},
					"prebuiltLibs":	{
						"prebuiltIncPath":	[],
						"prebuiltLibPath":	[]
					},
					"isolation":	{
					}
				}]
		}]
}
LOG::2024-07-23.15:08:01::SCWPlatform::Started generating the artifacts platform servo_wrapper
TRACE::2024-07-23.15:08:01::SCWPlatform::Sanity checking of platform is completed
LOG::2024-07-23.15:08:01::SCWPlatform::Started generating the artifacts for system configuration servo_wrapper
LOG::2024-07-23.15:08:01::SCWSystem::Started Processing the domain standalone_microblaze_0
TRACE::2024-07-23.15:08:01::SCWDomain::Generating domain artifcats
TRACE::2024-07-23.15:08:01::SCWMssOS::Generating standalone artifcats
TRACE::2024-07-23.15:08:01::SCWMssOS:: Copying the user libraries. 
TRACE::2024-07-23.15:08:01::SCWPlatform::Trying to open the hw design at C:/Harman/Verilog/SoC_07_23_servo_axi/servo_new_vitis/servo_wrapper/hw/servo_wrapper.xsa
TRACE::2024-07-23.15:08:01::SCWPlatform::DSA given C:/Harman/Verilog/SoC_07_23_servo_axi/servo_new_vitis/servo_wrapper/hw/servo_wrapper.xsa
TRACE::2024-07-23.15:08:01::SCWPlatform::DSA absoulate path C:/Harman/Verilog/SoC_07_23_servo_axi/servo_new_vitis/servo_wrapper/hw/servo_wrapper.xsa
TRACE::2024-07-23.15:08:01::SCWPlatform::DSA directory C:/Harman/Verilog/SoC_07_23_servo_axi/servo_new_vitis/servo_wrapper/hw
TRACE::2024-07-23.15:08:01::SCWPlatform:: Platform Path C:/Harman/Verilog/SoC_07_23_servo_axi/servo_new_vitis/servo_wrapper/hw/servo_wrapper.xsa
TRACE::2024-07-23.15:08:01::SCWPlatform:: Unique name xilinx:basys3::0.0
TRACE::2024-07-23.15:08:01::SCWPlatform::Trying to set the existing hwdb with name servo_wrapper_0
TRACE::2024-07-23.15:08:01::SCWPlatform::Opened existing hwdb servo_wrapper_0
TRACE::2024-07-23.15:08:01::SCWPlatform::Found the Hw Db part of the input DSA
TRACE::2024-07-23.15:08:01::SCWMssOS::Checking the sw design at  C:/Harman/Verilog/SoC_07_23_servo_axi/servo_new_vitis/servo_wrapper/microblaze_0/standalone_microblaze_0/bsp/system.mss
TRACE::2024-07-23.15:08:01::SCWMssOS::DEBUG:  swdes dump  C:/Harman/Verilog/SoC_07_23_servo_axi/servo_new_vitis/servo_wrapper/microblaze_0/standalone_microblaze_0/bsp/system.mss|system||

TRACE::2024-07-23.15:08:01::SCWMssOS::Sw design exists and opened at  C:/Harman/Verilog/SoC_07_23_servo_axi/servo_new_vitis/servo_wrapper/microblaze_0/standalone_microblaze_0/bsp/system.mss
TRACE::2024-07-23.15:08:01::SCWMssOS::Completed writing the mss file at C:/Harman/Verilog/SoC_07_23_servo_axi/servo_new_vitis/servo_wrapper/microblaze_0/standalone_microblaze_0/bsp
TRACE::2024-07-23.15:08:01::SCWMssOS::Mss edits present, copying mssfile into export location C:/Harman/Verilog/SoC_07_23_servo_axi/servo_new_vitis/servo_wrapper/microblaze_0/standalone_microblaze_0/bsp/system.mss
TRACE::2024-07-23.15:08:01::SCWMssOS::bsp generated is upto date with the mss file. Skipping bsp generation.
TRACE::2024-07-23.15:08:01::SCWMssOS::BSP is already built. skipping the bsp build ... 
TRACE::2024-07-23.15:08:01::SCWDomain::Building the domain as part of full build :  standalone_microblaze_0
TRACE::2024-07-23.15:08:01::SCWMssOS::skipping the bsp build ... 
TRACE::2024-07-23.15:08:01::SCWMssOS::Copying to export directory.
TRACE::2024-07-23.15:08:01::SCWMssOS:: Checking if to create the Supporting Applications
TRACE::2024-07-23.15:08:01::SCWMssOS:: No Linux domain exists, trying to generate FSBL 
LOG::2024-07-23.15:08:01::SCWSystem::Completed Processing the domain standalone_microblaze_0
LOG::2024-07-23.15:08:01::SCWSystem::Completed Processing the sysconfig servo_wrapper
LOG::2024-07-23.15:08:01::SCWPlatform::Completed generating the artifacts for system configuration servo_wrapper
TRACE::2024-07-23.15:08:01::SCWPlatform::Started preparing the platform 
TRACE::2024-07-23.15:08:01::SCWSystem::Writing the bif file for system config servo_wrapper
TRACE::2024-07-23.15:08:01::SCWSystem::dir created 
TRACE::2024-07-23.15:08:01::SCWSystem::Writing the bif 
TRACE::2024-07-23.15:08:01::SCWPlatform::Started writing the spfm file 
TRACE::2024-07-23.15:08:01::SCWPlatform::Started writing the xpfm file 
TRACE::2024-07-23.15:08:01::SCWPlatform::Completed generating the platform
TRACE::2024-07-23.15:08:01::SCWMssOS::Saving the mss changes C:/Harman/Verilog/SoC_07_23_servo_axi/servo_new_vitis/servo_wrapper/microblaze_0/standalone_microblaze_0/bsp/system.mss
TRACE::2024-07-23.15:08:01::SCWMssOS::Found a swdesign opened with the mssfile.
TRACE::2024-07-23.15:08:01::SCWMssOS::Completed writemss as part of save.
TRACE::2024-07-23.15:08:01::SCWMssOS::Commit changes completed.
TRACE::2024-07-23.15:08:01::SCWPlatform::Trying to open the hw design at C:/Harman/Verilog/SoC_07_23_servo_axi/servo_new_vitis/servo_wrapper/hw/servo_wrapper.xsa
TRACE::2024-07-23.15:08:01::SCWPlatform::DSA given C:/Harman/Verilog/SoC_07_23_servo_axi/servo_new_vitis/servo_wrapper/hw/servo_wrapper.xsa
TRACE::2024-07-23.15:08:01::SCWPlatform::DSA absoulate path C:/Harman/Verilog/SoC_07_23_servo_axi/servo_new_vitis/servo_wrapper/hw/servo_wrapper.xsa
TRACE::2024-07-23.15:08:01::SCWPlatform::DSA directory C:/Harman/Verilog/SoC_07_23_servo_axi/servo_new_vitis/servo_wrapper/hw
TRACE::2024-07-23.15:08:01::SCWPlatform:: Platform Path C:/Harman/Verilog/SoC_07_23_servo_axi/servo_new_vitis/servo_wrapper/hw/servo_wrapper.xsa
TRACE::2024-07-23.15:08:01::SCWPlatform:: Unique name xilinx:basys3::0.0
TRACE::2024-07-23.15:08:01::SCWPlatform::Trying to set the existing hwdb with name servo_wrapper_0
TRACE::2024-07-23.15:08:01::SCWPlatform::Opened existing hwdb servo_wrapper_0
TRACE::2024-07-23.15:08:01::SCWPlatform::Found the Hw Db part of the input DSA
TRACE::2024-07-23.15:08:01::SCWMssOS::Checking the sw design at  C:/Harman/Verilog/SoC_07_23_servo_axi/servo_new_vitis/servo_wrapper/microblaze_0/standalone_microblaze_0/bsp/system.mss
TRACE::2024-07-23.15:08:01::SCWMssOS::DEBUG:  swdes dump  C:/Harman/Verilog/SoC_07_23_servo_axi/servo_new_vitis/servo_wrapper/microblaze_0/standalone_microblaze_0/bsp/system.mss|system||

TRACE::2024-07-23.15:08:01::SCWMssOS::Sw design exists and opened at  C:/Harman/Verilog/SoC_07_23_servo_axi/servo_new_vitis/servo_wrapper/microblaze_0/standalone_microblaze_0/bsp/system.mss
TRACE::2024-07-23.15:08:01::SCWPlatform::Trying to open the hw design at C:/Harman/Verilog/SoC_07_23_servo_axi/servo_new_vitis/servo_wrapper/hw/servo_wrapper.xsa
TRACE::2024-07-23.15:08:01::SCWPlatform::DSA given C:/Harman/Verilog/SoC_07_23_servo_axi/servo_new_vitis/servo_wrapper/hw/servo_wrapper.xsa
TRACE::2024-07-23.15:08:01::SCWPlatform::DSA absoulate path C:/Harman/Verilog/SoC_07_23_servo_axi/servo_new_vitis/servo_wrapper/hw/servo_wrapper.xsa
TRACE::2024-07-23.15:08:01::SCWPlatform::DSA directory C:/Harman/Verilog/SoC_07_23_servo_axi/servo_new_vitis/servo_wrapper/hw
TRACE::2024-07-23.15:08:01::SCWPlatform:: Platform Path C:/Harman/Verilog/SoC_07_23_servo_axi/servo_new_vitis/servo_wrapper/hw/servo_wrapper.xsa
TRACE::2024-07-23.15:08:01::SCWPlatform:: Unique name xilinx:basys3::0.0
TRACE::2024-07-23.15:08:01::SCWPlatform::Trying to set the existing hwdb with name servo_wrapper_0
TRACE::2024-07-23.15:08:01::SCWPlatform::Opened existing hwdb servo_wrapper_0
TRACE::2024-07-23.15:08:01::SCWPlatform::Found the Hw Db part of the input DSA
TRACE::2024-07-23.15:08:01::SCWMssOS::Checking the sw design at  C:/Harman/Verilog/SoC_07_23_servo_axi/servo_new_vitis/servo_wrapper/microblaze_0/standalone_microblaze_0/bsp/system.mss
TRACE::2024-07-23.15:08:01::SCWMssOS::DEBUG:  swdes dump  C:/Harman/Verilog/SoC_07_23_servo_axi/servo_new_vitis/servo_wrapper/microblaze_0/standalone_microblaze_0/bsp/system.mss|system||

TRACE::2024-07-23.15:08:01::SCWMssOS::Sw design exists and opened at  C:/Harman/Verilog/SoC_07_23_servo_axi/servo_new_vitis/servo_wrapper/microblaze_0/standalone_microblaze_0/bsp/system.mss
TRACE::2024-07-23.15:08:01::SCWPlatform::Trying to open the hw design at C:/Harman/Verilog/SoC_07_23_servo_axi/servo_new_vitis/servo_wrapper/hw/servo_wrapper.xsa
TRACE::2024-07-23.15:08:01::SCWPlatform::DSA given C:/Harman/Verilog/SoC_07_23_servo_axi/servo_new_vitis/servo_wrapper/hw/servo_wrapper.xsa
TRACE::2024-07-23.15:08:01::SCWPlatform::DSA absoulate path C:/Harman/Verilog/SoC_07_23_servo_axi/servo_new_vitis/servo_wrapper/hw/servo_wrapper.xsa
TRACE::2024-07-23.15:08:01::SCWPlatform::DSA directory C:/Harman/Verilog/SoC_07_23_servo_axi/servo_new_vitis/servo_wrapper/hw
TRACE::2024-07-23.15:08:01::SCWPlatform:: Platform Path C:/Harman/Verilog/SoC_07_23_servo_axi/servo_new_vitis/servo_wrapper/hw/servo_wrapper.xsa
TRACE::2024-07-23.15:08:01::SCWPlatform:: Unique name xilinx:basys3::0.0
TRACE::2024-07-23.15:08:01::SCWPlatform::Trying to set the existing hwdb with name servo_wrapper_0
TRACE::2024-07-23.15:08:01::SCWPlatform::Opened existing hwdb servo_wrapper_0
TRACE::2024-07-23.15:08:01::SCWPlatform::Found the Hw Db part of the input DSA
TRACE::2024-07-23.15:08:01::SCWMssOS::Checking the sw design at  C:/Harman/Verilog/SoC_07_23_servo_axi/servo_new_vitis/servo_wrapper/microblaze_0/standalone_microblaze_0/bsp/system.mss
TRACE::2024-07-23.15:08:01::SCWMssOS::DEBUG:  swdes dump  C:/Harman/Verilog/SoC_07_23_servo_axi/servo_new_vitis/servo_wrapper/microblaze_0/standalone_microblaze_0/bsp/system.mss|system||

TRACE::2024-07-23.15:08:01::SCWMssOS::Sw design exists and opened at  C:/Harman/Verilog/SoC_07_23_servo_axi/servo_new_vitis/servo_wrapper/microblaze_0/standalone_microblaze_0/bsp/system.mss
TRACE::2024-07-23.15:08:01::SCWWriter::formatted JSON is {
	"platformName":	"servo_wrapper",
	"sprVersion":	"2.0",
	"mode":	"gui",
	"dsaType":	"Fixed",
	"platformDesc":	"servo_wrapper",
	"platHandOff":	"C:/Harman/Verilog/SoC_07_23_servo_axi/servo_wrapper.xsa",
	"platIntHandOff":	"<platformDir>/hw/servo_wrapper.xsa",
	"deviceType":	"FPGA",
	"platIsPrebuiltAutogen":	"false",
	"platIsNoBootBsp":	"false",
	"hasFsblMakeHasChanges":	"false",
	"hasPmufwMakeHasChanges":	"false",
	"platPreBuiltFlag":	false,
	"platformSamplesDir":	"",
	"platActiveSys":	"servo_wrapper",
	"systems":	[{
			"systemName":	"servo_wrapper",
			"systemDesc":	"servo_wrapper",
			"sysIsBootAutoGen":	"true",
			"systemDispName":	"servo_wrapper",
			"sysActiveDom":	"standalone_microblaze_0",
			"sysDefaultDom":	"standalone_microblaze_0",
			"domains":	[{
					"domainName":	"standalone_microblaze_0",
					"domainDispName":	"standalone_microblaze_0",
					"domainDesc":	"standalone_microblaze_0",
					"processors":	"microblaze_0",
					"os":	"standalone",
					"sdxOs":	"standalone",
					"debugEnable":	"False",
					"domRuntimes":	["cpp"],
					"swRepo":	"",
					"mssOsVer":	"7.7",
					"mssFile":	"",
					"md5Digest":	"2919511f43eb5aa30e6af7574c773dd6",
					"compatibleApp":	"hello_world",
					"domType":	"mssDomain",
					"arch":	"32-bit",
					"appSettings":	{
						"appCompilerFlags":	"",
						"appLinkerFlags":	""
					},
					"addedLibs":	[],
					"libOptions":	{
						"libsContainingOptions":	[]
					},
					"prebuiltLibs":	{
						"prebuiltIncPath":	[],
						"prebuiltLibPath":	[]
					},
					"isolation":	{
					}
				}]
		}]
}
KEYINFO::2024-07-23.15:08:01::SCWPlatform::updated the xpfm file.
LOG::2024-07-23.15:08:21::SCWPlatform::Started generating the artifacts platform servo_wrapper
TRACE::2024-07-23.15:08:21::SCWPlatform::Sanity checking of platform is completed
LOG::2024-07-23.15:08:21::SCWPlatform::Started generating the artifacts for system configuration servo_wrapper
LOG::2024-07-23.15:08:21::SCWSystem::Checking the domain standalone_microblaze_0
LOG::2024-07-23.15:08:21::SCWSystem::Not a boot domain 
LOG::2024-07-23.15:08:21::SCWSystem::Started Processing the domain standalone_microblaze_0
TRACE::2024-07-23.15:08:21::SCWDomain::Generating domain artifcats
TRACE::2024-07-23.15:08:21::SCWMssOS::Generating standalone artifcats
TRACE::2024-07-23.15:08:21::SCWMssOS:: Copying the user libraries. 
TRACE::2024-07-23.15:08:21::SCWPlatform::Trying to open the hw design at C:/Harman/Verilog/SoC_07_23_servo_axi/servo_new_vitis/servo_wrapper/hw/servo_wrapper.xsa
TRACE::2024-07-23.15:08:21::SCWPlatform::DSA given C:/Harman/Verilog/SoC_07_23_servo_axi/servo_new_vitis/servo_wrapper/hw/servo_wrapper.xsa
TRACE::2024-07-23.15:08:21::SCWPlatform::DSA absoulate path C:/Harman/Verilog/SoC_07_23_servo_axi/servo_new_vitis/servo_wrapper/hw/servo_wrapper.xsa
TRACE::2024-07-23.15:08:21::SCWPlatform::DSA directory C:/Harman/Verilog/SoC_07_23_servo_axi/servo_new_vitis/servo_wrapper/hw
TRACE::2024-07-23.15:08:21::SCWPlatform:: Platform Path C:/Harman/Verilog/SoC_07_23_servo_axi/servo_new_vitis/servo_wrapper/hw/servo_wrapper.xsa
TRACE::2024-07-23.15:08:21::SCWPlatform:: Unique name xilinx:basys3::0.0
TRACE::2024-07-23.15:08:21::SCWPlatform::Trying to set the existing hwdb with name servo_wrapper_0
TRACE::2024-07-23.15:08:21::SCWPlatform::Opened existing hwdb servo_wrapper_0
TRACE::2024-07-23.15:08:21::SCWPlatform::Found the Hw Db part of the input DSA
TRACE::2024-07-23.15:08:21::SCWMssOS::Checking the sw design at  C:/Harman/Verilog/SoC_07_23_servo_axi/servo_new_vitis/servo_wrapper/microblaze_0/standalone_microblaze_0/bsp/system.mss
TRACE::2024-07-23.15:08:21::SCWMssOS::DEBUG:  swdes dump  C:/Harman/Verilog/SoC_07_23_servo_axi/servo_new_vitis/servo_wrapper/microblaze_0/standalone_microblaze_0/bsp/system.mss|system||

TRACE::2024-07-23.15:08:21::SCWMssOS::Sw design exists and opened at  C:/Harman/Verilog/SoC_07_23_servo_axi/servo_new_vitis/servo_wrapper/microblaze_0/standalone_microblaze_0/bsp/system.mss
TRACE::2024-07-23.15:08:21::SCWMssOS::Completed writing the mss file at C:/Harman/Verilog/SoC_07_23_servo_axi/servo_new_vitis/servo_wrapper/microblaze_0/standalone_microblaze_0/bsp
TRACE::2024-07-23.15:08:21::SCWMssOS::Mss edits present, copying mssfile into export location C:/Harman/Verilog/SoC_07_23_servo_axi/servo_new_vitis/servo_wrapper/microblaze_0/standalone_microblaze_0/bsp/system.mss
TRACE::2024-07-23.15:08:21::SCWMssOS::bsp generated is upto date with the mss file. Skipping bsp generation.
TRACE::2024-07-23.15:08:21::SCWMssOS::BSP is already built. skipping the bsp build ... 
TRACE::2024-07-23.15:08:21::SCWDomain::Building the domain as part of full build :  standalone_microblaze_0
TRACE::2024-07-23.15:08:21::SCWMssOS::doing bsp build ... 
TRACE::2024-07-23.15:08:21::SCWMssOS::System Command Ran  C: & cd  C:/Harman/Verilog/SoC_07_23_servo_axi/servo_new_vitis/servo_wrapper/microblaze_0/standalone_microblaze_0/bsp & make 
TRACE::2024-07-23.15:08:21::SCWMssOS::make --no-print-directory seq_libs

TRACE::2024-07-23.15:08:21::SCWMssOS::"Running Make include in microblaze_0/libsrc/bram_v4_7/src"

TRACE::2024-07-23.15:08:21::SCWMssOS::make -C microblaze_0/libsrc/bram_v4_7/src -s include  "SHELL=CMD" "COMPILER=mb-gcc" "ASSEMBLER=mb-as" "ARCHIVER=mb-ar" "COMPILE
TRACE::2024-07-23.15:08:21::SCWMssOS::R_FLAGS=  -O2 -c -mcpu=v11.0 -mlittle-endian -mxl-soft-mul" "EXTRA_COMPILER_FLAGS=-g -ffunction-sections -fdata-sections -Wall 
TRACE::2024-07-23.15:08:21::SCWMssOS::-Wextra -fno-tree-loop-distribute-patterns"

TRACE::2024-07-23.15:08:21::SCWMssOS::"Running Make include in microblaze_0/libsrc/cpu_v2_15/src"

TRACE::2024-07-23.15:08:21::SCWMssOS::make -C microblaze_0/libsrc/cpu_v2_15/src -s include  "SHELL=CMD" "COMPILER=mb-gcc" "ASSEMBLER=mb-as" "ARCHIVER=mb-ar" "COMPILE
TRACE::2024-07-23.15:08:21::SCWMssOS::R_FLAGS=  -O2 -c -mcpu=v11.0 -mlittle-endian -mxl-soft-mul" "EXTRA_COMPILER_FLAGS=-g -ffunction-sections -fdata-sections -Wall 
TRACE::2024-07-23.15:08:21::SCWMssOS::-Wextra -fno-tree-loop-distribute-patterns"

TRACE::2024-07-23.15:08:21::SCWMssOS::"Running Make include in microblaze_0/libsrc/gpio_v4_9/src"

TRACE::2024-07-23.15:08:21::SCWMssOS::make -C microblaze_0/libsrc/gpio_v4_9/src -s include  "SHELL=CMD" "COMPILER=mb-gcc" "ASSEMBLER=mb-as" "ARCHIVER=mb-ar" "COMPILE
TRACE::2024-07-23.15:08:21::SCWMssOS::R_FLAGS=  -O2 -c -mcpu=v11.0 -mlittle-endian -mxl-soft-mul" "EXTRA_COMPILER_FLAGS=-g -ffunction-sections -fdata-sections -Wall 
TRACE::2024-07-23.15:08:21::SCWMssOS::-Wextra -fno-tree-loop-distribute-patterns"

TRACE::2024-07-23.15:08:22::SCWMssOS::"Running Make include in microblaze_0/libsrc/servo_axi_v1_0/src"

TRACE::2024-07-23.15:08:22::SCWMssOS::make -C microblaze_0/libsrc/servo_axi_v1_0/src -s include  "SHELL=CMD" "COMPILER=mb-gcc" "ASSEMBLER=mb-as" "ARCHIVER=mb-ar" "CO
TRACE::2024-07-23.15:08:22::SCWMssOS::MPILER_FLAGS=  -O2 -c -mcpu=v11.0 -mlittle-endian -mxl-soft-mul" "EXTRA_COMPILER_FLAGS=-g -ffunction-sections -fdata-sections -
TRACE::2024-07-23.15:08:22::SCWMssOS::Wall -Wextra -fno-tree-loop-distribute-patterns"

TRACE::2024-07-23.15:08:22::SCWMssOS::"Running Make include in microblaze_0/libsrc/standalone_v7_7/src"

TRACE::2024-07-23.15:08:22::SCWMssOS::make -C microblaze_0/libsrc/standalone_v7_7/src -s include  "SHELL=CMD" "COMPILER=mb-gcc" "ASSEMBLER=mb-as" "ARCHIVER=mb-ar" "C
TRACE::2024-07-23.15:08:22::SCWMssOS::OMPILER_FLAGS=  -O2 -c -mcpu=v11.0 -mlittle-endian -mxl-soft-mul" "EXTRA_COMPILER_FLAGS=-g -ffunction-sections -fdata-sections 
TRACE::2024-07-23.15:08:22::SCWMssOS::-Wall -Wextra -fno-tree-loop-distribute-patterns"

TRACE::2024-07-23.15:08:23::SCWMssOS::"Running Make include in microblaze_0/libsrc/uartlite_v3_7/src"

TRACE::2024-07-23.15:08:23::SCWMssOS::make -C microblaze_0/libsrc/uartlite_v3_7/src -s include  "SHELL=CMD" "COMPILER=mb-gcc" "ASSEMBLER=mb-as" "ARCHIVER=mb-ar" "COM
TRACE::2024-07-23.15:08:23::SCWMssOS::PILER_FLAGS=  -O2 -c -mcpu=v11.0 -mlittle-endian -mxl-soft-mul" "EXTRA_COMPILER_FLAGS=-g -ffunction-sections -fdata-sections -W
TRACE::2024-07-23.15:08:23::SCWMssOS::all -Wextra -fno-tree-loop-distribute-patterns"

TRACE::2024-07-23.15:08:23::SCWMssOS::"Running Make libs in microblaze_0/libsrc/servo_axi_v1_0/src"

TRACE::2024-07-23.15:08:23::SCWMssOS::make -C microblaze_0/libsrc/servo_axi_v1_0/src -s libs  "SHELL=CMD" "COMPILER=mb-gcc" "ASSEMBLER=mb-as" "ARCHIVER=mb-ar" "COMPI
TRACE::2024-07-23.15:08:23::SCWMssOS::LER_FLAGS=  -O2 -c -mcpu=v11.0 -mlittle-endian -mxl-soft-mul" "EXTRA_COMPILER_FLAGS=-g -ffunction-sections -fdata-sections -Wal
TRACE::2024-07-23.15:08:23::SCWMssOS::l -Wextra -fno-tree-loop-distribute-patterns"

TRACE::2024-07-23.15:08:23::SCWMssOS::"Compiling servo_axi..."

ERROR::2024-07-23.15:08:23::SCWMssOS::Failed to build  the bsp sources for domain - standalone_microblaze_0
ERROR::2024-07-23.15:08:23::SCWSystem::Error in Processing the domain standalone_microblaze_0
TRACE::2024-07-23.16:25:27::SCWMssOS::cleaning the bsp 
TRACE::2024-07-23.16:25:27::SCWMssOS::System Command Ran  C: & cd  C:/Harman/Verilog/SoC_07_23_servo_axi/servo_new_vitis/servo_wrapper/microblaze_0/standalone_microblaze_0/bsp & make clean 
TRACE::2024-07-23.16:25:27::SCWMssOS::make -C microblaze_0/libsrc/bram_v4_7/src -s clean 

TRACE::2024-07-23.16:25:27::SCWMssOS::make -C microblaze_0/libsrc/cpu_v2_15/src -s clean 

TRACE::2024-07-23.16:25:28::SCWMssOS::make -C microblaze_0/libsrc/gpio_v4_9/src -s clean 

TRACE::2024-07-23.16:25:28::SCWMssOS::make -C microblaze_0/libsrc/servo_axi_v1_0/src -s clean 

TRACE::2024-07-23.16:25:28::SCWMssOS::make -C microblaze_0/libsrc/standalone_v7_7/src -s clean 

TRACE::2024-07-23.16:25:28::SCWMssOS::make -C microblaze_0/libsrc/uartlite_v3_7/src -s clean 

TRACE::2024-07-23.16:25:28::SCWMssOS::rm -f microblaze_0/lib/libxil.a

LOG::2024-07-23.16:25:37::SCWPlatform::Started generating the artifacts platform servo_wrapper
TRACE::2024-07-23.16:25:37::SCWPlatform::Sanity checking of platform is completed
LOG::2024-07-23.16:25:37::SCWPlatform::Started generating the artifacts for system configuration servo_wrapper
LOG::2024-07-23.16:25:37::SCWSystem::Checking the domain standalone_microblaze_0
LOG::2024-07-23.16:25:37::SCWSystem::Not a boot domain 
LOG::2024-07-23.16:25:37::SCWSystem::Started Processing the domain standalone_microblaze_0
TRACE::2024-07-23.16:25:37::SCWDomain::Generating domain artifcats
TRACE::2024-07-23.16:25:37::SCWMssOS::Generating standalone artifcats
TRACE::2024-07-23.16:25:37::SCWMssOS:: Copying the user libraries. 
TRACE::2024-07-23.16:25:37::SCWPlatform::Trying to open the hw design at C:/Harman/Verilog/SoC_07_23_servo_axi/servo_new_vitis/servo_wrapper/hw/servo_wrapper.xsa
TRACE::2024-07-23.16:25:37::SCWPlatform::DSA given C:/Harman/Verilog/SoC_07_23_servo_axi/servo_new_vitis/servo_wrapper/hw/servo_wrapper.xsa
TRACE::2024-07-23.16:25:37::SCWPlatform::DSA absoulate path C:/Harman/Verilog/SoC_07_23_servo_axi/servo_new_vitis/servo_wrapper/hw/servo_wrapper.xsa
TRACE::2024-07-23.16:25:37::SCWPlatform::DSA directory C:/Harman/Verilog/SoC_07_23_servo_axi/servo_new_vitis/servo_wrapper/hw
TRACE::2024-07-23.16:25:37::SCWPlatform:: Platform Path C:/Harman/Verilog/SoC_07_23_servo_axi/servo_new_vitis/servo_wrapper/hw/servo_wrapper.xsa
TRACE::2024-07-23.16:25:37::SCWPlatform:: Unique name xilinx:basys3::0.0
TRACE::2024-07-23.16:25:37::SCWPlatform::Trying to set the existing hwdb with name servo_wrapper_0
TRACE::2024-07-23.16:25:37::SCWPlatform::Opened existing hwdb servo_wrapper_0
TRACE::2024-07-23.16:25:37::SCWPlatform::Found the Hw Db part of the input DSA
TRACE::2024-07-23.16:25:37::SCWMssOS::Checking the sw design at  C:/Harman/Verilog/SoC_07_23_servo_axi/servo_new_vitis/servo_wrapper/microblaze_0/standalone_microblaze_0/bsp/system.mss
TRACE::2024-07-23.16:25:37::SCWMssOS::DEBUG:  swdes dump  C:/Harman/Verilog/SoC_07_23_servo_axi/servo_new_vitis/servo_wrapper/microblaze_0/standalone_microblaze_0/bsp/system.mss|system||

TRACE::2024-07-23.16:25:37::SCWMssOS::Sw design exists and opened at  C:/Harman/Verilog/SoC_07_23_servo_axi/servo_new_vitis/servo_wrapper/microblaze_0/standalone_microblaze_0/bsp/system.mss
TRACE::2024-07-23.16:25:37::SCWMssOS::Completed writing the mss file at C:/Harman/Verilog/SoC_07_23_servo_axi/servo_new_vitis/servo_wrapper/microblaze_0/standalone_microblaze_0/bsp
TRACE::2024-07-23.16:25:37::SCWMssOS::Mss edits present, copying mssfile into export location C:/Harman/Verilog/SoC_07_23_servo_axi/servo_new_vitis/servo_wrapper/microblaze_0/standalone_microblaze_0/bsp/system.mss
TRACE::2024-07-23.16:25:37::SCWMssOS::bsp generated is upto date with the mss file. Skipping bsp generation.
TRACE::2024-07-23.16:25:37::SCWMssOS::BSP is already built. skipping the bsp build ... 
TRACE::2024-07-23.16:25:37::SCWDomain::Building the domain as part of full build :  standalone_microblaze_0
TRACE::2024-07-23.16:25:37::SCWMssOS::doing bsp build ... 
TRACE::2024-07-23.16:25:37::SCWMssOS::System Command Ran  C: & cd  C:/Harman/Verilog/SoC_07_23_servo_axi/servo_new_vitis/servo_wrapper/microblaze_0/standalone_microblaze_0/bsp & make 
TRACE::2024-07-23.16:25:37::SCWMssOS::make --no-print-directory seq_libs

TRACE::2024-07-23.16:25:37::SCWMssOS::"Running Make include in microblaze_0/libsrc/bram_v4_7/src"

TRACE::2024-07-23.16:25:37::SCWMssOS::make -C microblaze_0/libsrc/bram_v4_7/src -s include  "SHELL=CMD" "COMPILER=mb-gcc" "ASSEMBLER=mb-as" "ARCHIVER=mb-ar" "COMPILE
TRACE::2024-07-23.16:25:37::SCWMssOS::R_FLAGS=  -O2 -c -mcpu=v11.0 -mlittle-endian -mxl-soft-mul" "EXTRA_COMPILER_FLAGS=-g -ffunction-sections -fdata-sections -Wall 
TRACE::2024-07-23.16:25:37::SCWMssOS::-Wextra -fno-tree-loop-distribute-patterns"

TRACE::2024-07-23.16:25:37::SCWMssOS::"Running Make include in microblaze_0/libsrc/cpu_v2_15/src"

TRACE::2024-07-23.16:25:37::SCWMssOS::make -C microblaze_0/libsrc/cpu_v2_15/src -s include  "SHELL=CMD" "COMPILER=mb-gcc" "ASSEMBLER=mb-as" "ARCHIVER=mb-ar" "COMPILE
TRACE::2024-07-23.16:25:37::SCWMssOS::R_FLAGS=  -O2 -c -mcpu=v11.0 -mlittle-endian -mxl-soft-mul" "EXTRA_COMPILER_FLAGS=-g -ffunction-sections -fdata-sections -Wall 
TRACE::2024-07-23.16:25:37::SCWMssOS::-Wextra -fno-tree-loop-distribute-patterns"

TRACE::2024-07-23.16:25:37::SCWMssOS::"Running Make include in microblaze_0/libsrc/gpio_v4_9/src"

TRACE::2024-07-23.16:25:37::SCWMssOS::make -C microblaze_0/libsrc/gpio_v4_9/src -s include  "SHELL=CMD" "COMPILER=mb-gcc" "ASSEMBLER=mb-as" "ARCHIVER=mb-ar" "COMPILE
TRACE::2024-07-23.16:25:37::SCWMssOS::R_FLAGS=  -O2 -c -mcpu=v11.0 -mlittle-endian -mxl-soft-mul" "EXTRA_COMPILER_FLAGS=-g -ffunction-sections -fdata-sections -Wall 
TRACE::2024-07-23.16:25:37::SCWMssOS::-Wextra -fno-tree-loop-distribute-patterns"

TRACE::2024-07-23.16:25:38::SCWMssOS::"Running Make include in microblaze_0/libsrc/servo_axi_v1_0/src"

TRACE::2024-07-23.16:25:38::SCWMssOS::make -C microblaze_0/libsrc/servo_axi_v1_0/src -s include  "SHELL=CMD" "COMPILER=mb-gcc" "ASSEMBLER=mb-as" "ARCHIVER=mb-ar" "CO
TRACE::2024-07-23.16:25:38::SCWMssOS::MPILER_FLAGS=  -O2 -c -mcpu=v11.0 -mlittle-endian -mxl-soft-mul" "EXTRA_COMPILER_FLAGS=-g -ffunction-sections -fdata-sections -
TRACE::2024-07-23.16:25:38::SCWMssOS::Wall -Wextra -fno-tree-loop-distribute-patterns"

ERROR::2024-07-23.16:25:38::SCWMssOS::Failed to build  the bsp sources for domain - standalone_microblaze_0
ERROR::2024-07-23.16:25:38::SCWSystem::Error in Processing the domain standalone_microblaze_0
