
*** Running vivado
    with args -log mb1_dlmb_v10_0.vds -m64 -product Vivado -mode batch -messageDb vivado.pb -notrace -source mb1_dlmb_v10_0.tcl



****** Vivado v2024.1 (64-bit)
  **** SW Build 5076996 on Wed May 22 18:37:14 MDT 2024
  **** IP Build 5075265 on Wed May 22 21:45:21 MDT 2024
  **** SharedData Build 5076995 on Wed May 22 18:29:18 MDT 2024
  **** Start of session at: Sun Jun 23 10:50:04 2024
    ** Copyright 1986-2022 Xilinx, Inc. All Rights Reserved.
    ** Copyright 2022-2024 Advanced Micro Devices, Inc. All Rights Reserved.

source mb1_dlmb_v10_0.tcl -notrace
create_project: Time (s): cpu = 00:00:04 ; elapsed = 00:00:06 . Memory (MB): peak = 611.613 ; gain = 198.387
INFO: [IP_Flow 19-6924] IPCACHE: Running cache check for IP inst: mb1_dlmb_v10_0
INFO: [IP_Flow 19-6922] IPCACHE: Exporting cached entry 946579cc9e208a21 to dir: C:/Harman/Verilog/SoC_06_23_HelloWorld/SoC_06_23_HelloWorld.runs/mb1_dlmb_v10_0_synth_1
INFO: [IP_Flow 19-6928] IPCACHE: copied cached file c:/Harman/Verilog/SoC_06_23_HelloWorld/SoC_06_23_HelloWorld.cache/ip/2024.1/9/4/946579cc9e208a21/mb1_ilmb_v10_0.dcp to C:/Harman/Verilog/SoC_06_23_HelloWorld/SoC_06_23_HelloWorld.runs/mb1_dlmb_v10_0_synth_1/mb1_dlmb_v10_0.dcp.
INFO: [IP_Flow 19-6928] IPCACHE: copied cached file c:/Harman/Verilog/SoC_06_23_HelloWorld/SoC_06_23_HelloWorld.cache/ip/2024.1/9/4/946579cc9e208a21/mb1_ilmb_v10_0_sim_netlist.v to C:/Harman/Verilog/SoC_06_23_HelloWorld/SoC_06_23_HelloWorld.runs/mb1_dlmb_v10_0_synth_1/mb1_dlmb_v10_0_sim_netlist.v.
INFO: [IP_Flow 19-6928] IPCACHE: copied cached file c:/Harman/Verilog/SoC_06_23_HelloWorld/SoC_06_23_HelloWorld.cache/ip/2024.1/9/4/946579cc9e208a21/mb1_ilmb_v10_0_sim_netlist.vhdl to C:/Harman/Verilog/SoC_06_23_HelloWorld/SoC_06_23_HelloWorld.runs/mb1_dlmb_v10_0_synth_1/mb1_dlmb_v10_0_sim_netlist.vhdl.
INFO: [IP_Flow 19-6928] IPCACHE: copied cached file c:/Harman/Verilog/SoC_06_23_HelloWorld/SoC_06_23_HelloWorld.cache/ip/2024.1/9/4/946579cc9e208a21/mb1_ilmb_v10_0_stub.v to C:/Harman/Verilog/SoC_06_23_HelloWorld/SoC_06_23_HelloWorld.runs/mb1_dlmb_v10_0_synth_1/mb1_dlmb_v10_0_stub.v.
INFO: [IP_Flow 19-6928] IPCACHE: copied cached file c:/Harman/Verilog/SoC_06_23_HelloWorld/SoC_06_23_HelloWorld.cache/ip/2024.1/9/4/946579cc9e208a21/mb1_ilmb_v10_0_stub.vhdl to C:/Harman/Verilog/SoC_06_23_HelloWorld/SoC_06_23_HelloWorld.runs/mb1_dlmb_v10_0_synth_1/mb1_dlmb_v10_0_stub.vhdl.
INFO: [IP_Flow 19-4838] Using cached IP synthesis design for IP mb1_dlmb_v10_0, cache-ID = 946579cc9e208a21.
INFO: [Common 17-206] Exiting Vivado at Sun Jun 23 10:50:14 2024...
