
*** Running vivado
    with args -log system_ilmb_v10_0.vds -m64 -product Vivado -mode batch -messageDb vivado.pb -notrace -source system_ilmb_v10_0.tcl



****** Vivado v2024.1 (64-bit)
  **** SW Build 5076996 on Wed May 22 18:37:14 MDT 2024
  **** IP Build 5075265 on Wed May 22 21:45:21 MDT 2024
  **** SharedData Build 5076995 on Wed May 22 18:29:18 MDT 2024
  **** Start of session at: Mon Jul 15 14:12:55 2024
    ** Copyright 1986-2022 Xilinx, Inc. All Rights Reserved.
    ** Copyright 2022-2024 Advanced Micro Devices, Inc. All Rights Reserved.

source system_ilmb_v10_0.tcl -notrace
create_project: Time (s): cpu = 00:00:11 ; elapsed = 00:00:13 . Memory (MB): peak = 665.234 ; gain = 235.715
INFO: [IP_Flow 19-6924] IPCACHE: Running cache check for IP inst: system_ilmb_v10_0
INFO: [IP_Flow 19-6922] IPCACHE: Exporting cached entry 06acd73fbbb54101 to dir: C:/Harman/Verilog/SoC_07_15_blaze_w5500_rev/SoC_07_15_blaze_w5500_rev.runs/system_ilmb_v10_0_synth_1
INFO: [IP_Flow 19-6928] IPCACHE: copied cached file c:/Harman/Verilog/SoC_07_15_blaze_w5500_rev/SoC_07_15_blaze_w5500_rev.cache/ip/2024.1/0/6/06acd73fbbb54101/system_dlmb_v10_0.dcp to C:/Harman/Verilog/SoC_07_15_blaze_w5500_rev/SoC_07_15_blaze_w5500_rev.runs/system_ilmb_v10_0_synth_1/system_ilmb_v10_0.dcp.
INFO: [IP_Flow 19-6928] IPCACHE: copied cached file c:/Harman/Verilog/SoC_07_15_blaze_w5500_rev/SoC_07_15_blaze_w5500_rev.cache/ip/2024.1/0/6/06acd73fbbb54101/system_dlmb_v10_0_sim_netlist.v to C:/Harman/Verilog/SoC_07_15_blaze_w5500_rev/SoC_07_15_blaze_w5500_rev.runs/system_ilmb_v10_0_synth_1/system_ilmb_v10_0_sim_netlist.v.
INFO: [IP_Flow 19-6928] IPCACHE: copied cached file c:/Harman/Verilog/SoC_07_15_blaze_w5500_rev/SoC_07_15_blaze_w5500_rev.cache/ip/2024.1/0/6/06acd73fbbb54101/system_dlmb_v10_0_sim_netlist.vhdl to C:/Harman/Verilog/SoC_07_15_blaze_w5500_rev/SoC_07_15_blaze_w5500_rev.runs/system_ilmb_v10_0_synth_1/system_ilmb_v10_0_sim_netlist.vhdl.
INFO: [IP_Flow 19-6928] IPCACHE: copied cached file c:/Harman/Verilog/SoC_07_15_blaze_w5500_rev/SoC_07_15_blaze_w5500_rev.cache/ip/2024.1/0/6/06acd73fbbb54101/system_dlmb_v10_0_stub.v to C:/Harman/Verilog/SoC_07_15_blaze_w5500_rev/SoC_07_15_blaze_w5500_rev.runs/system_ilmb_v10_0_synth_1/system_ilmb_v10_0_stub.v.
INFO: [IP_Flow 19-6928] IPCACHE: copied cached file c:/Harman/Verilog/SoC_07_15_blaze_w5500_rev/SoC_07_15_blaze_w5500_rev.cache/ip/2024.1/0/6/06acd73fbbb54101/system_dlmb_v10_0_stub.vhdl to C:/Harman/Verilog/SoC_07_15_blaze_w5500_rev/SoC_07_15_blaze_w5500_rev.runs/system_ilmb_v10_0_synth_1/system_ilmb_v10_0_stub.vhdl.
INFO: [IP_Flow 19-4838] Using cached IP synthesis design for IP system_ilmb_v10_0, cache-ID = 06acd73fbbb54101.
INFO: [Common 17-206] Exiting Vivado at Mon Jul 15 14:13:19 2024...
