12:36:43 DEBUG : Logs will be stored at 'C:/Harman/Verilog/SoC_07_15_blaze_w5500/IDE.log'.
12:36:58 INFO  : Launching XSCT server: xsct.bat -n  -interactive C:\Harman\Verilog\SoC_07_15_blaze_w5500\temp_xsdb_launch_script.tcl
12:36:58 INFO  : Registering command handlers for Vitis TCF services
12:36:58 ERROR : (XSDB Server)'\gnu\microblaze\lin\bin\'은(는) 내부 또는 외부 명령, 실행할 수 있는 프로그램, 또는
배치 파일이 아닙니다.

12:36:58 ERROR : (XSDB Server)'\gnu\microblaze\nt\bin\'은(는) 내부 또는 외부 명령, 실행할 수 있는 프로그램, 또는
배치 파일이 아닙니다.

12:36:58 ERROR : (XSDB Server)'\gnuwin\bin\'은(는) 내부 또는 외부 명령, 실행할 수 있는 프로그램, 또는
배치 파일이 아닙니다.

12:37:02 INFO  : Platform repository initialization has completed.
12:37:02 INFO  : XSCT server has started successfully.
12:37:02 INFO  : plnx-install-location is set to ''
12:37:02 INFO  : Successfully done setting XSCT server connection channel  
12:37:02 INFO  : Successfully done query RDI_DATADIR 
12:37:02 INFO  : Successfully done setting workspace for the tool. 
12:37:53 INFO  : Result from executing command 'getProjects': bramW5500Top
12:37:53 INFO  : Result from executing command 'getPlatforms': xilinx_vck190_base_202410_1|C:/Xilinx/Vitis/2024.1/base_platforms/xilinx_vck190_base_202410_1/xilinx_vck190_base_202410_1.xpfm;xilinx_vck190_base_dfx_202410_1|C:/Xilinx/Vitis/2024.1/base_platforms/xilinx_vck190_base_dfx_202410_1/xilinx_vck190_base_dfx_202410_1.xpfm;xilinx_vek280_base_202410_1|C:/Xilinx/Vitis/2024.1/base_platforms/xilinx_vek280_base_202410_1/xilinx_vek280_base_202410_1.xpfm;xilinx_vek280_base_bdc_202410_1|C:/Xilinx/Vitis/2024.1/base_platforms/xilinx_vek280_base_bdc_202410_1/xilinx_vek280_base_bdc_202410_1.xpfm;xilinx_vmk180_base_202410_1|C:/Xilinx/Vitis/2024.1/base_platforms/xilinx_vmk180_base_202410_1/xilinx_vmk180_base_202410_1.xpfm;xilinx_zcu102_base_202410_1|C:/Xilinx/Vitis/2024.1/base_platforms/xilinx_zcu102_base_202410_1/xilinx_zcu102_base_202410_1.xpfm;xilinx_zcu102_base_dfx_202410_1|C:/Xilinx/Vitis/2024.1/base_platforms/xilinx_zcu102_base_dfx_202410_1/xilinx_zcu102_base_dfx_202410_1.xpfm;xilinx_zcu104_base_202410_1|C:/Xilinx/Vitis/2024.1/base_platforms/xilinx_zcu104_base_202410_1/xilinx_zcu104_base_202410_1.xpfm
12:37:54 WARN  : An unexpected exception occurred in the module 'platform project logging'
12:37:56 INFO  : Platform 'bramW5500Top' is added to custom repositories.
12:37:59 INFO  : Platform 'bramW5500Top' is added to custom repositories.
12:39:35 INFO  : Result from executing command 'getProjects': bramW5500Top
12:39:35 INFO  : Result from executing command 'getPlatforms': bramW5500Top|C:/Harman/Verilog/SoC_07_15_blaze_w5500/bramW5500Top/export/bramW5500Top/bramW5500Top.xpfm;xilinx_vck190_base_202410_1|C:/Xilinx/Vitis/2024.1/base_platforms/xilinx_vck190_base_202410_1/xilinx_vck190_base_202410_1.xpfm;xilinx_vck190_base_dfx_202410_1|C:/Xilinx/Vitis/2024.1/base_platforms/xilinx_vck190_base_dfx_202410_1/xilinx_vck190_base_dfx_202410_1.xpfm;xilinx_vek280_base_202410_1|C:/Xilinx/Vitis/2024.1/base_platforms/xilinx_vek280_base_202410_1/xilinx_vek280_base_202410_1.xpfm;xilinx_vek280_base_bdc_202410_1|C:/Xilinx/Vitis/2024.1/base_platforms/xilinx_vek280_base_bdc_202410_1/xilinx_vek280_base_bdc_202410_1.xpfm;xilinx_vmk180_base_202410_1|C:/Xilinx/Vitis/2024.1/base_platforms/xilinx_vmk180_base_202410_1/xilinx_vmk180_base_202410_1.xpfm;xilinx_zcu102_base_202410_1|C:/Xilinx/Vitis/2024.1/base_platforms/xilinx_zcu102_base_202410_1/xilinx_zcu102_base_202410_1.xpfm;xilinx_zcu102_base_dfx_202410_1|C:/Xilinx/Vitis/2024.1/base_platforms/xilinx_zcu102_base_dfx_202410_1/xilinx_zcu102_base_dfx_202410_1.xpfm;xilinx_zcu104_base_202410_1|C:/Xilinx/Vitis/2024.1/base_platforms/xilinx_zcu104_base_202410_1/xilinx_zcu104_base_202410_1.xpfm
12:39:37 INFO  : Checking for BSP changes to sync application flags for project 'bramW5500App'...
12:42:54 INFO  : Checking for BSP changes to sync application flags for project 'bramW5500App'...
12:43:39 INFO  : Checking for BSP changes to sync application flags for project 'bramW5500App'...
12:50:17 INFO  : Checking for BSP changes to sync application flags for project 'bramW5500App'...
12:50:25 INFO  : Checking for BSP changes to sync application flags for project 'bramW5500App'...
12:53:52 INFO  : Checking for BSP changes to sync application flags for project 'bramW5500App'...
