14:36:00 DEBUG : Logs will be stored at 'C:/Harman/Verilog/SoC_07_23_servo_axi/IDE.log'.
14:36:07 INFO  : Launching XSCT server: xsct.bat -n  -interactive C:\Harman\Verilog\SoC_07_23_servo_axi\temp_xsdb_launch_script.tcl
14:36:08 INFO  : Registering command handlers for Vitis TCF services
14:36:11 INFO  : Platform repository initialization has completed.
14:36:15 INFO  : XSCT server has started successfully.
14:36:19 INFO  : plnx-install-location is set to ''
14:36:19 INFO  : Successfully done setting XSCT server connection channel  
14:36:19 INFO  : Successfully done query RDI_DATADIR 
14:36:19 INFO  : Successfully done setting workspace for the tool. 
14:36:52 INFO  : Result from executing command 'getProjects': servo_wrapper
14:36:52 INFO  : Result from executing command 'getPlatforms': xilinx_vck190_base_202210_1|D:/Xilinx/Vitis/2022.1/base_platforms/xilinx_vck190_base_202210_1/xilinx_vck190_base_202210_1.xpfm;xilinx_vck190_base_dfx_202210_1|D:/Xilinx/Vitis/2022.1/base_platforms/xilinx_vck190_base_dfx_202210_1/xilinx_vck190_base_dfx_202210_1.xpfm;xilinx_vmk180_base_202210_1|D:/Xilinx/Vitis/2022.1/base_platforms/xilinx_vmk180_base_202210_1/xilinx_vmk180_base_202210_1.xpfm;xilinx_zcu102_base_202210_1|D:/Xilinx/Vitis/2022.1/base_platforms/xilinx_zcu102_base_202210_1/xilinx_zcu102_base_202210_1.xpfm;xilinx_zcu102_base_dfx_202210_1|D:/Xilinx/Vitis/2022.1/base_platforms/xilinx_zcu102_base_dfx_202210_1/xilinx_zcu102_base_dfx_202210_1.xpfm;xilinx_zcu104_base_202210_1|D:/Xilinx/Vitis/2022.1/base_platforms/xilinx_zcu104_base_202210_1/xilinx_zcu104_base_202210_1.xpfm
14:36:53 WARN  : An unexpected exception occurred in the module 'platform project logging'
14:36:55 INFO  : Platform 'servo_wrapper' is added to custom repositories.
14:36:59 INFO  : Platform 'servo_wrapper' is added to custom repositories.
14:46:20 INFO  : Checking for BSP changes to sync application flags for project 'servo'...
14:46:20 INFO  : Result from executing command 'getProjects': RemoteSystemsTempFiles;servo;servo_system;servo_wrapper
14:46:20 WARN  : Failed to closehw "C:/Harman/Verilog/SoC_07_23_servo_axi/servo_wrapper/export/servo_wrapper/hw/servo_wrapper.xsa"
Reason: C:/Harman/Verilog/SoC_07_23_servo_axi/servo_wrapper/export/servo_wrapper/hw/servo_wrapper.xsa is not available in the current workspace
use 'getprojects' command to see list of available projects in current workspace
14:46:20 INFO  : Result from executing command 'getProjects': RemoteSystemsTempFiles;servo;servo_system;servo_wrapper
14:46:20 ERROR : Failed to openhw "C:/Harman/Verilog/SoC_07_23_servo_axi/servo_wrapper/export/servo_wrapper/hw/servo_wrapper.xsa"
Reason: C:/Harman/Verilog/SoC_07_23_servo_axi/servo_wrapper/export/servo_wrapper/hw/servo_wrapper.xsa is not available in the current workspace
use 'getprojects' command to see list of available projects in current workspace
14:46:20 ERROR : Failed to update application flags from BSP for 'servo'. Reason: null
java.lang.NullPointerException: null
	at com.xilinx.sdx.sw.internal.SDxSwPlatform.<init>(SDxSwPlatform.java:305) ~[com.xilinx.sdx.sw_1.0.0.202204140305.jar:?]
	at com.xilinx.sdx.sw.internal.SDxSwPlatform.create(SDxSwPlatform.java:214) ~[com.xilinx.sdx.sw_1.0.0.202204140305.jar:?]
	at com.xilinx.sdx.sdk.core.util.SdkPlatformHelper.getSwPlatform(SdkPlatformHelper.java:64) ~[com.xilinx.sdx.sdk.core_1.0.0.202204140305.jar:?]
	at com.xilinx.sdx.sdk.core.build.SdkMakefileGenerationListener.getSwPlatform(SdkMakefileGenerationListener.java:160) ~[com.xilinx.sdx.sdk.core_1.0.0.202204140305.jar:?]
	at com.xilinx.sdx.sdk.core.build.SdkMakefileGenerationListener.syncAppFlags(SdkMakefileGenerationListener.java:78) [com.xilinx.sdx.sdk.core_1.0.0.202204140305.jar:?]
	at com.xilinx.sdx.sdk.core.build.SdkMakefileGenerationListener.preMakefileGeneration(SdkMakefileGenerationListener.java:48) [com.xilinx.sdx.sdk.core_1.0.0.202204140305.jar:?]
	at com.xilinx.sdk.managedbuilder.XilinxGnuMakefileGenerator.notifyPreMakefileGenerationListeners(XilinxGnuMakefileGenerator.java:91) [com.xilinx.sdk.managedbuilder_1.0.0.202204140305.jar:?]
	at com.xilinx.sdk.managedbuilder.XilinxGnuMakefileGenerator.regenerateMakefiles(XilinxGnuMakefileGenerator.java:75) [com.xilinx.sdk.managedbuilder_1.0.0.202204140305.jar:?]
	at org.eclipse.cdt.managedbuilder.internal.core.CommonBuilder.performMakefileGeneration(CommonBuilder.java:1006) [org.eclipse.cdt.managedbuilder.core_8.6.0.201802261533.jar:?]
	at org.eclipse.cdt.managedbuilder.internal.core.CommonBuilder.performPrebuildGeneration(CommonBuilder.java:873) [org.eclipse.cdt.managedbuilder.core_8.6.0.201802261533.jar:?]
	at org.eclipse.cdt.managedbuilder.internal.core.CommonBuilder.build(CommonBuilder.java:748) [org.eclipse.cdt.managedbuilder.core_8.6.0.201802261533.jar:?]
	at org.eclipse.cdt.managedbuilder.internal.core.CommonBuilder.build(CommonBuilder.java:513) [org.eclipse.cdt.managedbuilder.core_8.6.0.201802261533.jar:?]
	at org.eclipse.cdt.managedbuilder.internal.core.CommonBuilder.build(CommonBuilder.java:459) [org.eclipse.cdt.managedbuilder.core_8.6.0.201802261533.jar:?]
	at org.eclipse.core.internal.events.BuildManager$2.run(BuildManager.java:832) [org.eclipse.core.resources_3.13.700.v20200209-1624.jar:?]
	at org.eclipse.core.runtime.SafeRunner.run(SafeRunner.java:45) [org.eclipse.equinox.common_3.11.0.v20200206-0817.jar:?]
	at org.eclipse.core.internal.events.BuildManager.basicBuild(BuildManager.java:220) [org.eclipse.core.resources_3.13.700.v20200209-1624.jar:?]
	at org.eclipse.core.internal.events.BuildManager.basicBuild(BuildManager.java:263) [org.eclipse.core.resources_3.13.700.v20200209-1624.jar:?]
	at org.eclipse.core.internal.events.BuildManager$1.run(BuildManager.java:316) [org.eclipse.core.resources_3.13.700.v20200209-1624.jar:?]
	at org.eclipse.core.runtime.SafeRunner.run(SafeRunner.java:45) [org.eclipse.equinox.common_3.11.0.v20200206-0817.jar:?]
	at org.eclipse.core.internal.events.BuildManager.basicBuild(BuildManager.java:319) [org.eclipse.core.resources_3.13.700.v20200209-1624.jar:?]
	at org.eclipse.core.internal.events.BuildManager.basicBuildLoop(BuildManager.java:371) [org.eclipse.core.resources_3.13.700.v20200209-1624.jar:?]
	at org.eclipse.core.internal.events.BuildManager.build(BuildManager.java:392) [org.eclipse.core.resources_3.13.700.v20200209-1624.jar:?]
	at org.eclipse.core.internal.resources.Workspace.buildInternal(Workspace.java:515) [org.eclipse.core.resources_3.13.700.v20200209-1624.jar:?]
	at org.eclipse.core.internal.resources.Workspace.build(Workspace.java:412) [org.eclipse.core.resources_3.13.700.v20200209-1624.jar:?]
	at org.eclipse.ui.actions.BuildAction$1.runInWorkspace(BuildAction.java:291) [org.eclipse.ui.ide_3.17.0.v20200217-1511.jar:?]
	at org.eclipse.core.internal.resources.InternalWorkspaceJob.run(InternalWorkspaceJob.java:42) [org.eclipse.core.resources_3.13.700.v20200209-1624.jar:?]
	at org.eclipse.core.internal.jobs.Worker.run(Worker.java:63) [org.eclipse.core.jobs_3.10.700.v20200106-1020.jar:?]
14:46:21 ERROR : Failed to compute checksum of hardware specification file used by project 'servo'
14:46:21 INFO  : Result from executing command 'getProjects': RemoteSystemsTempFiles;servo;servo_system;servo_wrapper
14:46:21 ERROR : Failed to openhw "C:/Harman/Verilog/SoC_07_23_servo_axi/servo_wrapper/export/servo_wrapper/hw/servo_wrapper.xsa"
Reason: C:/Harman/Verilog/SoC_07_23_servo_axi/servo_wrapper/export/servo_wrapper/hw/servo_wrapper.xsa is not available in the current workspace
use 'getprojects' command to see list of available projects in current workspace
14:46:21 INFO  : Result from executing command 'getProjects': RemoteSystemsTempFiles;servo;servo_system;servo_wrapper
14:46:21 ERROR : Failed to openhw "C:/Harman/Verilog/SoC_07_23_servo_axi/servo_wrapper/export/servo_wrapper/hw/servo_wrapper.xsa"
Reason: C:/Harman/Verilog/SoC_07_23_servo_axi/servo_wrapper/export/servo_wrapper/hw/servo_wrapper.xsa is not available in the current workspace
use 'getprojects' command to see list of available projects in current workspace
14:46:21 INFO  : Result from executing command 'getProjects': RemoteSystemsTempFiles;servo;servo_system;servo_wrapper
14:46:21 ERROR : Failed to openhw "C:/Harman/Verilog/SoC_07_23_servo_axi/servo_wrapper/export/servo_wrapper/hw/servo_wrapper.xsa"
Reason: C:/Harman/Verilog/SoC_07_23_servo_axi/servo_wrapper/export/servo_wrapper/hw/servo_wrapper.xsa is not available in the current workspace
use 'getprojects' command to see list of available projects in current workspace
14:49:49 DEBUG : Logs will be stored at 'C:/Harman/Verilog/SoC_07_23_servo_axi/IDE.log'.
14:49:50 INFO  : Launching XSCT server: xsct.bat -n  -interactive C:\Harman\Verilog\SoC_07_23_servo_axi\temp_xsdb_launch_script.tcl
14:49:50 ERROR : (XSDB Server)'\gnu\microblaze\lin\bin\'은(는) 내부 또는 외부 명령, 실행할 수 있는 프로그램, 또는
배치 파일이 아닙니다.

14:49:50 ERROR : (XSDB Server)'\gnu\microblaze\nt\bin\'은(는) 내부 또는 외부 명령, 실행할 수 있는 프로그램, 또는
배치 파일이 아닙니다.

14:49:50 ERROR : (XSDB Server)'\gnuwin\bin\'은(는) 내부 또는 외부 명령, 실행할 수 있는 프로그램, 또는
배치 파일이 아닙니다.

14:49:54 INFO  : XSCT server has started successfully.
14:49:54 INFO  : Successfully done setting XSCT server connection channel  
14:49:54 INFO  : plnx-install-location is set to ''
14:49:54 INFO  : Successfully done setting workspace for the tool. 
14:49:58 INFO  : Platform repository initialization has completed.
14:53:05 INFO  : Registering command handlers for Vitis TCF services
14:53:05 INFO  : Successfully done query RDI_DATADIR 
14:53:05 WARN  : Failed to identify the type of project 'RemoteSystemsTempFiles'. Skipping...
14:53:05 WARN  : The following projects could not be identified as Vitis projects and will not be managed by the tool:
	RemoteSystemsTempFiles
14:53:20 INFO  : Checking for BSP changes to sync application flags for project 'servo'...
14:53:20 ERROR : Failed to get platform details for the project 'servo'. Cannot sync application flags.
14:53:59 INFO  : Checking for BSP changes to sync application flags for project 'servo'...
14:53:59 ERROR : Failed to get platform details for the project 'servo'. Cannot sync application flags.
14:54:17 INFO  : Checking for BSP changes to sync application flags for project 'servo'...
14:54:17 ERROR : Failed to get platform details for the project 'servo'. Cannot sync application flags.
14:55:10 INFO  : Result from executing command 'getProjects': servo_wrapper;servo_wrapper_1
14:55:10 INFO  : Result from executing command 'getPlatforms': xilinx_vck190_base_202410_1|C:/Xilinx/Vitis/2024.1/base_platforms/xilinx_vck190_base_202410_1/xilinx_vck190_base_202410_1.xpfm;xilinx_vck190_base_dfx_202410_1|C:/Xilinx/Vitis/2024.1/base_platforms/xilinx_vck190_base_dfx_202410_1/xilinx_vck190_base_dfx_202410_1.xpfm;xilinx_vek280_base_202410_1|C:/Xilinx/Vitis/2024.1/base_platforms/xilinx_vek280_base_202410_1/xilinx_vek280_base_202410_1.xpfm;xilinx_vek280_base_bdc_202410_1|C:/Xilinx/Vitis/2024.1/base_platforms/xilinx_vek280_base_bdc_202410_1/xilinx_vek280_base_bdc_202410_1.xpfm;xilinx_vmk180_base_202410_1|C:/Xilinx/Vitis/2024.1/base_platforms/xilinx_vmk180_base_202410_1/xilinx_vmk180_base_202410_1.xpfm;xilinx_zcu102_base_202410_1|C:/Xilinx/Vitis/2024.1/base_platforms/xilinx_zcu102_base_202410_1/xilinx_zcu102_base_202410_1.xpfm;xilinx_zcu102_base_dfx_202410_1|C:/Xilinx/Vitis/2024.1/base_platforms/xilinx_zcu102_base_dfx_202410_1/xilinx_zcu102_base_dfx_202410_1.xpfm;xilinx_zcu104_base_202410_1|C:/Xilinx/Vitis/2024.1/base_platforms/xilinx_zcu104_base_202410_1/xilinx_zcu104_base_202410_1.xpfm
14:55:12 WARN  : An unexpected exception occurred in the module 'platform project logging'
14:55:13 INFO  : Platform 'servo_wrapper_1' is added to custom repositories.
14:55:16 INFO  : Platform 'servo_wrapper_1' is added to custom repositories.
14:55:53 INFO  : Checking for BSP changes to sync application flags for project 'servo_rev'...
14:55:53 INFO  : Result from executing command 'getProjects': RemoteSystemsTempFiles;servo_rev;servo_rev_system;servo_wrapper_1
14:55:53 WARN  : Failed to closehw "C:/Harman/Verilog/SoC_07_23_servo_axi/servo_wrapper_1/export/servo_wrapper_1/hw/servo_wrapper.xsa"
Reason: C:/Harman/Verilog/SoC_07_23_servo_axi/servo_wrapper_1/export/servo_wrapper_1/hw/servo_wrapper.xsa is not available in the current workspace
use 'getprojects' command to see list of available projects in current workspace
14:55:53 INFO  : Result from executing command 'getProjects': RemoteSystemsTempFiles;servo_rev;servo_rev_system;servo_wrapper_1
14:55:53 ERROR : Failed to openhw "C:/Harman/Verilog/SoC_07_23_servo_axi/servo_wrapper_1/export/servo_wrapper_1/hw/servo_wrapper.xsa"
Reason: C:/Harman/Verilog/SoC_07_23_servo_axi/servo_wrapper_1/export/servo_wrapper_1/hw/servo_wrapper.xsa is not available in the current workspace
use 'getprojects' command to see list of available projects in current workspace
14:55:53 ERROR : Failed to update application flags from BSP for 'servo_rev'. Reason: null
java.lang.NullPointerException: null
	at com.xilinx.sdx.sw.internal.SDxSwPlatform.<init>(SDxSwPlatform.java:305) ~[com.xilinx.sdx.sw_1.0.0.202404291623.jar:?]
	at com.xilinx.sdx.sw.internal.SDxSwPlatform.create(SDxSwPlatform.java:214) ~[com.xilinx.sdx.sw_1.0.0.202404291623.jar:?]
	at com.xilinx.sdx.sdk.core.util.SdkPlatformHelper.getSwPlatform(SdkPlatformHelper.java:64) ~[com.xilinx.sdx.sdk.core_1.0.0.202404291623.jar:?]
	at com.xilinx.sdx.sdk.core.build.SdkMakefileGenerationListener.getSwPlatform(SdkMakefileGenerationListener.java:160) ~[com.xilinx.sdx.sdk.core_1.0.0.202404291623.jar:?]
	at com.xilinx.sdx.sdk.core.build.SdkMakefileGenerationListener.syncAppFlags(SdkMakefileGenerationListener.java:78) [com.xilinx.sdx.sdk.core_1.0.0.202404291623.jar:?]
	at com.xilinx.sdx.sdk.core.build.SdkMakefileGenerationListener.preMakefileGeneration(SdkMakefileGenerationListener.java:48) [com.xilinx.sdx.sdk.core_1.0.0.202404291623.jar:?]
	at com.xilinx.sdk.managedbuilder.XilinxGnuMakefileGenerator.notifyPreMakefileGenerationListeners(XilinxGnuMakefileGenerator.java:91) [com.xilinx.sdk.managedbuilder_1.0.0.202404291623.jar:?]
	at com.xilinx.sdk.managedbuilder.XilinxGnuMakefileGenerator.regenerateMakefiles(XilinxGnuMakefileGenerator.java:75) [com.xilinx.sdk.managedbuilder_1.0.0.202404291623.jar:?]
	at org.eclipse.cdt.managedbuilder.internal.core.CommonBuilder.performMakefileGeneration(CommonBuilder.java:1006) [org.eclipse.cdt.managedbuilder.core_8.6.0.201802261533.jar:?]
	at org.eclipse.cdt.managedbuilder.internal.core.CommonBuilder.performPrebuildGeneration(CommonBuilder.java:873) [org.eclipse.cdt.managedbuilder.core_8.6.0.201802261533.jar:?]
	at org.eclipse.cdt.managedbuilder.internal.core.CommonBuilder.build(CommonBuilder.java:748) [org.eclipse.cdt.managedbuilder.core_8.6.0.201802261533.jar:?]
	at org.eclipse.cdt.managedbuilder.internal.core.CommonBuilder.build(CommonBuilder.java:513) [org.eclipse.cdt.managedbuilder.core_8.6.0.201802261533.jar:?]
	at org.eclipse.cdt.managedbuilder.internal.core.CommonBuilder.build(CommonBuilder.java:459) [org.eclipse.cdt.managedbuilder.core_8.6.0.201802261533.jar:?]
	at org.eclipse.core.internal.events.BuildManager$2.run(BuildManager.java:832) [org.eclipse.core.resources_3.13.700.v20200209-1624.jar:?]
	at org.eclipse.core.runtime.SafeRunner.run(SafeRunner.java:45) [org.eclipse.equinox.common_3.11.0.v20200206-0817.jar:?]
	at org.eclipse.core.internal.events.BuildManager.basicBuild(BuildManager.java:220) [org.eclipse.core.resources_3.13.700.v20200209-1624.jar:?]
	at org.eclipse.core.internal.events.BuildManager.basicBuild(BuildManager.java:263) [org.eclipse.core.resources_3.13.700.v20200209-1624.jar:?]
	at org.eclipse.core.internal.events.BuildManager$1.run(BuildManager.java:316) [org.eclipse.core.resources_3.13.700.v20200209-1624.jar:?]
	at org.eclipse.core.runtime.SafeRunner.run(SafeRunner.java:45) [org.eclipse.equinox.common_3.11.0.v20200206-0817.jar:?]
	at org.eclipse.core.internal.events.BuildManager.basicBuild(BuildManager.java:319) [org.eclipse.core.resources_3.13.700.v20200209-1624.jar:?]
	at org.eclipse.core.internal.events.BuildManager.basicBuildLoop(BuildManager.java:371) [org.eclipse.core.resources_3.13.700.v20200209-1624.jar:?]
	at org.eclipse.core.internal.events.BuildManager.build(BuildManager.java:392) [org.eclipse.core.resources_3.13.700.v20200209-1624.jar:?]
	at org.eclipse.core.internal.resources.Workspace.buildInternal(Workspace.java:515) [org.eclipse.core.resources_3.13.700.v20200209-1624.jar:?]
	at org.eclipse.core.internal.resources.Workspace.build(Workspace.java:412) [org.eclipse.core.resources_3.13.700.v20200209-1624.jar:?]
	at org.eclipse.ui.actions.BuildAction$1.runInWorkspace(BuildAction.java:291) [org.eclipse.ui.ide_3.17.0.v20200217-1511.jar:?]
	at org.eclipse.core.internal.resources.InternalWorkspaceJob.run(InternalWorkspaceJob.java:42) [org.eclipse.core.resources_3.13.700.v20200209-1624.jar:?]
	at org.eclipse.core.internal.jobs.Worker.run(Worker.java:63) [org.eclipse.core.jobs_3.10.700.v20200106-1020.jar:?]
14:55:54 ERROR : Failed to compute checksum of hardware specification file used by project 'servo_rev'
14:55:54 INFO  : Result from executing command 'getProjects': RemoteSystemsTempFiles;servo_rev;servo_rev_system;servo_wrapper_1
14:55:54 ERROR : Failed to openhw "C:/Harman/Verilog/SoC_07_23_servo_axi/servo_wrapper_1/export/servo_wrapper_1/hw/servo_wrapper.xsa"
Reason: C:/Harman/Verilog/SoC_07_23_servo_axi/servo_wrapper_1/export/servo_wrapper_1/hw/servo_wrapper.xsa is not available in the current workspace
use 'getprojects' command to see list of available projects in current workspace
14:55:54 INFO  : Result from executing command 'getProjects': RemoteSystemsTempFiles;servo_rev;servo_rev_system;servo_wrapper_1
14:55:54 ERROR : Failed to openhw "C:/Harman/Verilog/SoC_07_23_servo_axi/servo_wrapper_1/export/servo_wrapper_1/hw/servo_wrapper.xsa"
Reason: C:/Harman/Verilog/SoC_07_23_servo_axi/servo_wrapper_1/export/servo_wrapper_1/hw/servo_wrapper.xsa is not available in the current workspace
use 'getprojects' command to see list of available projects in current workspace
14:55:54 INFO  : Result from executing command 'getProjects': RemoteSystemsTempFiles;servo_rev;servo_rev_system;servo_wrapper_1
14:55:54 ERROR : Failed to openhw "C:/Harman/Verilog/SoC_07_23_servo_axi/servo_wrapper_1/export/servo_wrapper_1/hw/servo_wrapper.xsa"
Reason: C:/Harman/Verilog/SoC_07_23_servo_axi/servo_wrapper_1/export/servo_wrapper_1/hw/servo_wrapper.xsa is not available in the current workspace
use 'getprojects' command to see list of available projects in current workspace
14:57:10 INFO  : Result from executing command 'removePlatformRepo': 
14:57:28 INFO  : Checking for BSP changes to sync application flags for project 'servo_rev'...
14:57:28 ERROR : Failed to get platform details for the project 'servo_rev'. Cannot sync application flags.
