14:23:17 DEBUG : Logs will be stored at 'C:/Harman/Verilog/SoC_07_15_blaze_w5500_rev/IDE.log'.
14:23:59 INFO  : Launching XSCT server: xsct.bat -n  -interactive C:\Harman\Verilog\SoC_07_15_blaze_w5500_rev\temp_xsdb_launch_script.tcl
14:23:59 INFO  : Registering command handlers for Vitis TCF services
14:23:59 ERROR : (XSDB Server)'\gnu\microblaze\lin\bin\'은(는) 내부 또는 외부 명령, 실행할 수 있는 프로그램, 또는
배치 파일이 아닙니다.

14:23:59 ERROR : (XSDB Server)'\gnu\microblaze\nt\bin\'은(는) 내부 또는 외부 명령, 실행할 수 있는 프로그램, 또는
배치 파일이 아닙니다.

14:23:59 ERROR : (XSDB Server)'\gnuwin\bin\'은(는) 내부 또는 외부 명령, 실행할 수 있는 프로그램, 또는
배치 파일이 아닙니다.

14:24:03 INFO  : Platform repository initialization has completed.
14:24:03 INFO  : XSCT server has started successfully.
14:24:04 INFO  : Successfully done setting XSCT server connection channel  
14:24:04 INFO  : plnx-install-location is set to ''
14:24:04 INFO  : Successfully done query RDI_DATADIR 
14:24:04 INFO  : Successfully done setting workspace for the tool. 
14:24:47 INFO  : Result from executing command 'getProjects': bramW5500Top
14:24:47 INFO  : Result from executing command 'getPlatforms': xilinx_vck190_base_202410_1|C:/Xilinx/Vitis/2024.1/base_platforms/xilinx_vck190_base_202410_1/xilinx_vck190_base_202410_1.xpfm;xilinx_vck190_base_dfx_202410_1|C:/Xilinx/Vitis/2024.1/base_platforms/xilinx_vck190_base_dfx_202410_1/xilinx_vck190_base_dfx_202410_1.xpfm;xilinx_vek280_base_202410_1|C:/Xilinx/Vitis/2024.1/base_platforms/xilinx_vek280_base_202410_1/xilinx_vek280_base_202410_1.xpfm;xilinx_vek280_base_bdc_202410_1|C:/Xilinx/Vitis/2024.1/base_platforms/xilinx_vek280_base_bdc_202410_1/xilinx_vek280_base_bdc_202410_1.xpfm;xilinx_vmk180_base_202410_1|C:/Xilinx/Vitis/2024.1/base_platforms/xilinx_vmk180_base_202410_1/xilinx_vmk180_base_202410_1.xpfm;xilinx_zcu102_base_202410_1|C:/Xilinx/Vitis/2024.1/base_platforms/xilinx_zcu102_base_202410_1/xilinx_zcu102_base_202410_1.xpfm;xilinx_zcu102_base_dfx_202410_1|C:/Xilinx/Vitis/2024.1/base_platforms/xilinx_zcu102_base_dfx_202410_1/xilinx_zcu102_base_dfx_202410_1.xpfm;xilinx_zcu104_base_202410_1|C:/Xilinx/Vitis/2024.1/base_platforms/xilinx_zcu104_base_202410_1/xilinx_zcu104_base_202410_1.xpfm
14:24:49 WARN  : An unexpected exception occurred in the module 'platform project logging'
14:24:50 INFO  : Platform 'bramW5500Top' is added to custom repositories.
14:24:54 INFO  : Platform 'bramW5500Top' is added to custom repositories.
14:47:43 INFO  : Result from executing command 'getProjects': bramW5500Top
14:47:43 INFO  : Result from executing command 'getPlatforms': bramW5500Top|C:/Harman/Verilog/SoC_07_15_blaze_w5500_rev/bramW5500Top/export/bramW5500Top/bramW5500Top.xpfm;xilinx_vck190_base_202410_1|C:/Xilinx/Vitis/2024.1/base_platforms/xilinx_vck190_base_202410_1/xilinx_vck190_base_202410_1.xpfm;xilinx_vck190_base_dfx_202410_1|C:/Xilinx/Vitis/2024.1/base_platforms/xilinx_vck190_base_dfx_202410_1/xilinx_vck190_base_dfx_202410_1.xpfm;xilinx_vek280_base_202410_1|C:/Xilinx/Vitis/2024.1/base_platforms/xilinx_vek280_base_202410_1/xilinx_vek280_base_202410_1.xpfm;xilinx_vek280_base_bdc_202410_1|C:/Xilinx/Vitis/2024.1/base_platforms/xilinx_vek280_base_bdc_202410_1/xilinx_vek280_base_bdc_202410_1.xpfm;xilinx_vmk180_base_202410_1|C:/Xilinx/Vitis/2024.1/base_platforms/xilinx_vmk180_base_202410_1/xilinx_vmk180_base_202410_1.xpfm;xilinx_zcu102_base_202410_1|C:/Xilinx/Vitis/2024.1/base_platforms/xilinx_zcu102_base_202410_1/xilinx_zcu102_base_202410_1.xpfm;xilinx_zcu102_base_dfx_202410_1|C:/Xilinx/Vitis/2024.1/base_platforms/xilinx_zcu102_base_dfx_202410_1/xilinx_zcu102_base_dfx_202410_1.xpfm;xilinx_zcu104_base_202410_1|C:/Xilinx/Vitis/2024.1/base_platforms/xilinx_zcu104_base_202410_1/xilinx_zcu104_base_202410_1.xpfm
14:47:45 INFO  : Checking for BSP changes to sync application flags for project 'blazeW5500App'...
14:58:19 INFO  : Bit file 'C:/Harman/Verilog/SoC_07_15_blaze_w5500_rev/blazeW5500App/_ide/bitstream/download.bit' is generated.
14:58:22 INFO  : Connected to target on host '127.0.0.1' and port '3121'.
14:58:23 INFO  : 'targets -set -filter {jtag_cable_name =~ "Digilent Basys3 210183B9A60DA" && level==0 && jtag_device_ctx=="jsn-Basys3-210183B9A60DA-0362d093-0"}' command is executed.
14:58:24 INFO  : Device configured successfully with "C:/Harman/Verilog/SoC_07_15_blaze_w5500_rev/blazeW5500App/_ide/bitstream/download.bit"
