
*** Running vivado
    with args -log top_fndcontrol2_0.vds -m64 -product Vivado -mode batch -messageDb vivado.pb -notrace -source top_fndcontrol2_0.tcl


ECHO가 설정되어 있지 않습니다.
ECHO가 설정되어 있지 않습니다.

****** Vivado v2023.2 (64-bit)
  **** SW Build 4029153 on Fri Oct 13 20:14:34 MDT 2023
  **** IP Build 4028589 on Sat Oct 14 00:45:43 MDT 2023
  **** SharedData Build 4025554 on Tue Oct 10 17:18:54 MDT 2023
    ** Copyright 1986-2022 Xilinx, Inc. All Rights Reserved.
    ** Copyright 2022-2023 Advanced Micro Devices, Inc. All Rights Reserved.

source top_fndcontrol2_0.tcl -notrace
create_project: Time (s): cpu = 00:00:07 ; elapsed = 00:00:08 . Memory (MB): peak = 474.211 ; gain = 179.523
INFO: [IP_Flow 19-234] Refreshing IP repositories
INFO: [IP_Flow 19-1700] Loaded user IP repository 'c:/Users/SAMSUNG/AppData/Roaming/Xilinx/ip_repo'.
INFO: [IP_Flow 19-2313] Loaded Vivado IP repository 'C:/Xilinx/Vivado/2023.2/data/ip'.
INFO: [IP_Flow 19-6924] IPCACHE: Running cache check for IP inst: top_fndcontrol2_0
Command: synth_design -top top_fndcontrol2_0 -part xc7a35tcpg236-1 -incremental_mode off -mode out_of_context
Starting synth_design
Attempting to get a license for feature 'Synthesis' and/or device 'xc7a35t'
INFO: [Common 17-349] Got license for feature 'Synthesis' and/or device 'xc7a35t'
INFO: [Designutils 20-5008] Incremental synthesis strategy off
INFO: [Synth 8-7079] Multithreading enabled for synth_design using a maximum of 2 processes.
INFO: [Synth 8-7078] Launching helper process for spawning children vivado processes
INFO: [Synth 8-7075] Helper process launched with PID 17772
---------------------------------------------------------------------------------
Starting Synthesize : Time (s): cpu = 00:00:07 ; elapsed = 00:00:07 . Memory (MB): peak = 932.504 ; gain = 438.840
---------------------------------------------------------------------------------
INFO: [Synth 8-6157] synthesizing module 'top_fndcontrol2_0' [c:/Harman/Verilog/SoC_06_14/SoC_06_14.gen/sources_1/ip/top_fndcontrol2_0/synth/top_fndcontrol2_0.v:53]
INFO: [Synth 8-6157] synthesizing module 'top_fndcontrol2' [c:/Harman/Verilog/SoC_06_14/SoC_06_14.gen/sources_1/ip/top_fndcontrol2_0/src/top_fndcontrol2.v:3]
INFO: [Synth 8-6157] synthesizing module 'spi_task' [c:/Harman/Verilog/SoC_06_14/SoC_06_14.gen/sources_1/ip/top_fndcontrol2_0/src/spi_task.v:3]
ERROR: [Synth 8-439] module 'btn_in' not found [c:/Harman/Verilog/SoC_06_14/SoC_06_14.gen/sources_1/ip/top_fndcontrol2_0/src/spi_task.v:47]
ERROR: [Synth 8-6156] failed synthesizing module 'spi_task' [c:/Harman/Verilog/SoC_06_14/SoC_06_14.gen/sources_1/ip/top_fndcontrol2_0/src/spi_task.v:3]
ERROR: [Synth 8-6156] failed synthesizing module 'top_fndcontrol2' [c:/Harman/Verilog/SoC_06_14/SoC_06_14.gen/sources_1/ip/top_fndcontrol2_0/src/top_fndcontrol2.v:3]
ERROR: [Synth 8-6156] failed synthesizing module 'top_fndcontrol2_0' [c:/Harman/Verilog/SoC_06_14/SoC_06_14.gen/sources_1/ip/top_fndcontrol2_0/synth/top_fndcontrol2_0.v:53]
---------------------------------------------------------------------------------
Finished Synthesize : Time (s): cpu = 00:00:08 ; elapsed = 00:00:09 . Memory (MB): peak = 1040.070 ; gain = 546.406
---------------------------------------------------------------------------------
synthesize failed
INFO: [Common 17-83] Releasing license: Synthesis
13 Infos, 0 Warnings, 0 Critical Warnings and 5 Errors encountered.
synth_design failed
ERROR: [Common 17-69] Command failed: Vivado Synthesis failed
INFO: [Common 17-206] Exiting Vivado at Fri Jun 14 15:39:23 2024...
