12:53:52 **** Incremental Build of configuration Debug for project bramW5500App ****
make all 
'Building target: bramW5500App.elf'
'Invoking: MicroBlaze gcc linker'
mb-gcc -Wl,-T -Wl,../src/lscript.ld -LC:/Harman/Verilog/SoC_07_15_blaze_w5500/bramW5500Top/export/bramW5500Top/sw/bramW5500Top/standalone_microblaze_0/bsplib/lib -mlittle-endian -mcpu=v11.0 -mxl-soft-mul -Wl,--no-relax -Wl,--gc-sections -o "bramW5500App.elf"  ./src/helloworld.o ./src/platform.o ./src/w5500.o ./src/w5500_loopback.o ./src/w5500_socket.o ./src/w5500_task.o   -Wl,--start-group,-lxil,-lgcc,-lc,--end-group
c:/xilinx/vitis/2024.1/gnu/microblaze/nt/x86_64-oesdk-mingw32/usr/bin/microblaze-xilinx-elf/../../libexec/microblaze-xilinx-elf/gcc/microblaze-xilinx-elf/12.2.0/ld.exe: ./src/w5500.o: in function `main':
C:\Harman\Verilog\SoC_07_15_blaze_w5500\bramW5500App\Debug/../src/w5500.c:66: multiple definition of `main'; ./src/helloworld.o:C:\Harman\Verilog\SoC_07_15_blaze_w5500\bramW5500App\Debug/../src/helloworld.c:66: first defined here
c:/xilinx/vitis/2024.1/gnu/microblaze/nt/x86_64-oesdk-mingw32/usr/bin/microblaze-xilinx-elf/../../libexec/microblaze-xilinx-elf/gcc/microblaze-xilinx-elf/12.2.0/ld.exe: ./src/w5500.o: in function `Net_Conf':
C:\Harman\Verilog\SoC_07_15_blaze_w5500\bramW5500App\Debug/../src/w5500.c:142: multiple definition of `Net_Conf'; ./src/helloworld.o:C:\Harman\Verilog\SoC_07_15_blaze_w5500\bramW5500App\Debug/../src/helloworld.c:142: first defined here
c:/xilinx/vitis/2024.1/gnu/microblaze/nt/x86_64-oesdk-mingw32/usr/bin/microblaze-xilinx-elf/../../libexec/microblaze-xilinx-elf/gcc/microblaze-xilinx-elf/12.2.0/ld.exe: ./src/w5500.o: in function `Display_Net_Conf':
C:\Harman\Verilog\SoC_07_15_blaze_w5500\bramW5500App\Debug/../src/w5500.c:109: multiple definition of `Display_Net_Conf'; ./src/helloworld.o:C:\Harman\Verilog\SoC_07_15_blaze_w5500\bramW5500App\Debug/../src/helloworld.c:109: first defined here
c:/xilinx/vitis/2024.1/gnu/microblaze/nt/x86_64-oesdk-mingw32/usr/bin/microblaze-xilinx-elf/../../libexec/microblaze-xilinx-elf/gcc/microblaze-xilinx-elf/12.2.0/ld.exe: ./src/helloworld.o: in function `main':
C:\Harman\Verilog\SoC_07_15_blaze_w5500\bramW5500App\Debug/../src/helloworld.c:96: undefined reference to `tcpRxBuffer'
c:/xilinx/vitis/2024.1/gnu/microblaze/nt/x86_64-oesdk-mingw32/usr/bin/microblaze-xilinx-elf/../../libexec/microblaze-xilinx-elf/gcc/microblaze-xilinx-elf/12.2.0/ld.exe: ./src/helloworld.o: in function `Display_Net_Conf':
C:\Harman\Verilog\SoC_07_15_blaze_w5500\bramW5500App\Debug/../src/helloworld.c:110: undefined reference to `gWIZNETINFO'
c:/xilinx/vitis/2024.1/gnu/microblaze/nt/x86_64-oesdk-mingw32/usr/bin/microblaze-xilinx-elf/../../libexec/microblaze-xilinx-elf/gcc/microblaze-xilinx-elf/12.2.0/ld.exe: C:\Harman\Verilog\SoC_07_15_blaze_w5500\bramW5500App\Debug/../src/helloworld.c:110: undefined reference to `WIZCHIP_READ_BUF'
c:/xilinx/vitis/2024.1/gnu/microblaze/nt/x86_64-oesdk-mingw32/usr/bin/microblaze-xilinx-elf/../../libexec/microblaze-xilinx-elf/gcc/microblaze-xilinx-elf/12.2.0/ld.exe: C:\Harman\Verilog\SoC_07_15_blaze_w5500\bramW5500App\Debug/../src/helloworld.c:111: undefined reference to `gWIZNETINFO'
c:/xilinx/vitis/2024.1/gnu/microblaze/nt/x86_64-oesdk-mingw32/usr/bin/microblaze-xilinx-elf/../../libexec/microblaze-xilinx-elf/gcc/microblaze-xilinx-elf/12.2.0/ld.exe: C:\Harman\Verilog\SoC_07_15_blaze_w5500\bramW5500App\Debug/../src/helloworld.c:111: undefined reference to `WIZCHIP_READ_BUF'
c:/xilinx/vitis/2024.1/gnu/microblaze/nt/x86_64-oesdk-mingw32/usr/bin/microblaze-xilinx-elf/../../libexec/microblaze-xilinx-elf/gcc/microblaze-xilinx-elf/12.2.0/ld.exe: C:\Harman\Verilog\SoC_07_15_blaze_w5500\bramW5500App\Debug/../src/helloworld.c:112: undefined reference to `gWIZNETINFO'
c:/xilinx/vitis/2024.1/gnu/microblaze/nt/x86_64-oesdk-mingw32/usr/bin/microblaze-xilinx-elf/../../libexec/microblaze-xilinx-elf/gcc/microblaze-xilinx-elf/12.2.0/ld.exe: C:\Harman\Verilog\SoC_07_15_blaze_w5500\bramW5500App\Debug/../src/helloworld.c:112: undefined reference to `WIZCHIP_READ_BUF'
c:/xilinx/vitis/2024.1/gnu/microblaze/nt/x86_64-oesdk-mingw32/usr/bin/microblaze-xilinx-elf/../../libexec/microblaze-xilinx-elf/gcc/microblaze-xilinx-elf/12.2.0/ld.exe: C:\Harman\Verilog\SoC_07_15_blaze_w5500\bramW5500App\Debug/../src/helloworld.c:113: undefined reference to `gWIZNETINFO'
c:/xilinx/vitis/2024.1/gnu/microblaze/nt/x86_64-oesdk-mingw32/usr/bin/microblaze-xilinx-elf/../../libexec/microblaze-xilinx-elf/gcc/microblaze-xilinx-elf/12.2.0/ld.exe: C:\Harman\Verilog\SoC_07_15_blaze_w5500\bramW5500App\Debug/../src/helloworld.c:113: undefined reference to `WIZCHIP_READ_BUF'
c:/xilinx/vitis/2024.1/gnu/microblaze/nt/x86_64-oesdk-mingw32/usr/bin/microblaze-xilinx-elf/../../libexec/microblaze-xilinx-elf/gcc/microblaze-xilinx-elf/12.2.0/ld.exe: C:\Harman\Verilog\SoC_07_15_blaze_w5500\bramW5500App\Debug/../src/helloworld.c:114: undefined reference to `_DNS_'
c:/xilinx/vitis/2024.1/gnu/microblaze/nt/x86_64-oesdk-mingw32/usr/bin/microblaze-xilinx-elf/../../libexec/microblaze-xilinx-elf/gcc/microblaze-xilinx-elf/12.2.0/ld.exe: C:\Harman\Verilog\SoC_07_15_blaze_w5500\bramW5500App\Debug/../src/helloworld.c:114: undefined reference to `gWIZNETINFO'
c:/xilinx/vitis/2024.1/gnu/microblaze/nt/x86_64-oesdk-mingw32/usr/bin/microblaze-xilinx-elf/../../libexec/microblaze-xilinx-elf/gcc/microblaze-xilinx-elf/12.2.0/ld.exe: C:\Harman\Verilog\SoC_07_15_blaze_w5500\bramW5500App\Debug/../src/helloworld.c:115: undefined reference to `_DNS_'
c:/xilinx/vitis/2024.1/gnu/microblaze/nt/x86_64-oesdk-mingw32/usr/bin/microblaze-xilinx-elf/../../libexec/microblaze-xilinx-elf/gcc/microblaze-xilinx-elf/12.2.0/ld.exe: C:\Harman\Verilog\SoC_07_15_blaze_w5500\bramW5500App\Debug/../src/helloworld.c:115: undefined reference to `gWIZNETINFO'
c:/xilinx/vitis/2024.1/gnu/microblaze/nt/x86_64-oesdk-mingw32/usr/bin/microblaze-xilinx-elf/../../libexec/microblaze-xilinx-elf/gcc/microblaze-xilinx-elf/12.2.0/ld.exe: C:\Harman\Verilog\SoC_07_15_blaze_w5500\bramW5500App\Debug/../src/helloworld.c:116: undefined reference to `_DNS_'
c:/xilinx/vitis/2024.1/gnu/microblaze/nt/x86_64-oesdk-mingw32/usr/bin/microblaze-xilinx-elf/../../libexec/microblaze-xilinx-elf/gcc/microblaze-xilinx-elf/12.2.0/ld.exe: C:\Harman\Verilog\SoC_07_15_blaze_w5500\bramW5500App\Debug/../src/helloworld.c:116: undefined reference to `gWIZNETINFO'
c:/xilinx/vitis/2024.1/gnu/microblaze/nt/x86_64-oesdk-mingw32/usr/bin/microblaze-xilinx-elf/../../libexec/microblaze-xilinx-elf/gcc/microblaze-xilinx-elf/12.2.0/ld.exe: C:\Harman\Verilog\SoC_07_15_blaze_w5500\bramW5500App\Debug/../src/helloworld.c:117: undefined reference to `_DNS_'
c:/xilinx/vitis/2024.1/gnu/microblaze/nt/x86_64-oesdk-mingw32/usr/bin/microblaze-xilinx-elf/../../libexec/microblaze-xilinx-elf/gcc/microblaze-xilinx-elf/12.2.0/ld.exe: C:\Harman\Verilog\SoC_07_15_blaze_w5500\bramW5500App\Debug/../src/helloworld.c:117: undefined reference to `gWIZNETINFO'
c:/xilinx/vitis/2024.1/gnu/microblaze/nt/x86_64-oesdk-mingw32/usr/bin/microblaze-xilinx-elf/../../libexec/microblaze-xilinx-elf/gcc/microblaze-xilinx-elf/12.2.0/ld.exe: C:\Harman\Verilog\SoC_07_15_blaze_w5500\bramW5500App\Debug/../src/helloworld.c:118: undefined reference to `_DHCP_'
c:/xilinx/vitis/2024.1/gnu/microblaze/nt/x86_64-oesdk-mingw32/usr/bin/microblaze-xilinx-elf/../../libexec/microblaze-xilinx-elf/gcc/microblaze-xilinx-elf/12.2.0/ld.exe: C:\Harman\Verilog\SoC_07_15_blaze_w5500\bramW5500App\Debug/../src/helloworld.c:118: undefined reference to `gWIZNETINFO'
c:/xilinx/vitis/2024.1/gnu/microblaze/nt/x86_64-oesdk-mingw32/usr/bin/microblaze-xilinx-elf/../../libexec/microblaze-xilinx-elf/gcc/microblaze-xilinx-elf/12.2.0/ld.exe: C:\Harman\Verilog\SoC_07_15_blaze_w5500\bramW5500App\Debug/../src/helloworld.c:121: undefined reference to `gWIZNETINFO'
c:/xilinx/vitis/2024.1/gnu/microblaze/nt/x86_64-oesdk-mingw32/usr/bin/microblaze-xilinx-elf/../../libexec/microblaze-xilinx-elf/gcc/microblaze-xilinx-elf/12.2.0/ld.exe: C:\Harman\Verilog\SoC_07_15_blaze_w5500\bramW5500App\Debug/../src/helloworld.c:126: undefined reference to `gWIZNETINFO'
c:/xilinx/vitis/2024.1/gnu/microblaze/nt/x86_64-oesdk-mingw32/usr/bin/microblaze-xilinx-elf/../../libexec/microblaze-xilinx-elf/gcc/microblaze-xilinx-elf/12.2.0/ld.exe: C:\Harman\Verilog\SoC_07_15_blaze_w5500\bramW5500App\Debug/../src/helloworld.c:126: undefined reference to `gWIZNETINFO'
c:/xilinx/vitis/2024.1/gnu/microblaze/nt/x86_64-oesdk-mingw32/usr/bin/microblaze-xilinx-elf/../../libexec/microblaze-xilinx-elf/gcc/microblaze-xilinx-elf/12.2.0/ld.exe: C:\Harman\Verilog\SoC_07_15_blaze_w5500\bramW5500App\Debug/../src/helloworld.c:126: undefined reference to `gWIZNETINFO'
c:/xilinx/vitis/2024.1/gnu/microblaze/nt/x86_64-oesdk-mingw32/usr/bin/microblaze-xilinx-elf/../../libexec/microblaze-xilinx-elf/gcc/microblaze-xilinx-elf/12.2.0/ld.exe: ./src/helloworld.o:C:\Harman\Verilog\SoC_07_15_blaze_w5500\bramW5500App\Debug/../src/helloworld.c:127: more undefined references to `gWIZNETINFO' follow
c:/xilinx/vitis/2024.1/gnu/microblaze/nt/x86_64-oesdk-mingw32/usr/bin/microblaze-xilinx-elf/../../libexec/microblaze-xilinx-elf/gcc/microblaze-xilinx-elf/12.2.0/ld.exe: ./src/helloworld.o: in function `Net_Conf':
C:\Harman\Verilog\SoC_07_15_blaze_w5500\bramW5500App\Debug/../src/helloworld.c:143: undefined reference to `WIZCHIP_WRITE_BUF'
c:/xilinx/vitis/2024.1/gnu/microblaze/nt/x86_64-oesdk-mingw32/usr/bin/microblaze-xilinx-elf/../../libexec/microblaze-xilinx-elf/gcc/microblaze-xilinx-elf/12.2.0/ld.exe: C:\Harman\Verilog\SoC_07_15_blaze_w5500\bramW5500App\Debug/../src/helloworld.c:144: undefined reference to `gWIZNETINFO'
c:/xilinx/vitis/2024.1/gnu/microblaze/nt/x86_64-oesdk-mingw32/usr/bin/microblaze-xilinx-elf/../../libexec/microblaze-xilinx-elf/gcc/microblaze-xilinx-elf/12.2.0/ld.exe: C:\Harman\Verilog\SoC_07_15_blaze_w5500\bramW5500App\Debug/../src/helloworld.c:144: undefined reference to `WIZCHIP_WRITE_BUF'
c:/xilinx/vitis/2024.1/gnu/microblaze/nt/x86_64-oesdk-mingw32/usr/bin/microblaze-xilinx-elf/../../libexec/microblaze-xilinx-elf/gcc/microblaze-xilinx-elf/12.2.0/ld.exe: C:\Harman\Verilog\SoC_07_15_blaze_w5500\bramW5500App\Debug/../src/helloworld.c:145: undefined reference to `gWIZNETINFO'
c:/xilinx/vitis/2024.1/gnu/microblaze/nt/x86_64-oesdk-mingw32/usr/bin/microblaze-xilinx-elf/../../libexec/microblaze-xilinx-elf/gcc/microblaze-xilinx-elf/12.2.0/ld.exe: C:\Harman\Verilog\SoC_07_15_blaze_w5500\bramW5500App\Debug/../src/helloworld.c:145: undefined reference to `WIZCHIP_WRITE_BUF'
c:/xilinx/vitis/2024.1/gnu/microblaze/nt/x86_64-oesdk-mingw32/usr/bin/microblaze-xilinx-elf/../../libexec/microblaze-xilinx-elf/gcc/microblaze-xilinx-elf/12.2.0/ld.exe: C:\Harman\Verilog\SoC_07_15_blaze_w5500\bramW5500App\Debug/../src/helloworld.c:146: undefined reference to `gWIZNETINFO'
c:/xilinx/vitis/2024.1/gnu/microblaze/nt/x86_64-oesdk-mingw32/usr/bin/microblaze-xilinx-elf/../../libexec/microblaze-xilinx-elf/gcc/microblaze-xilinx-elf/12.2.0/ld.exe: C:\Harman\Verilog\SoC_07_15_blaze_w5500\bramW5500App\Debug/../src/helloworld.c:146: undefined reference to `WIZCHIP_WRITE_BUF'
c:/xilinx/vitis/2024.1/gnu/microblaze/nt/x86_64-oesdk-mingw32/usr/bin/microblaze-xilinx-elf/../../libexec/microblaze-xilinx-elf/gcc/microblaze-xilinx-elf/12.2.0/ld.exe: C:\Harman\Verilog\SoC_07_15_blaze_w5500\bramW5500App\Debug/../src/helloworld.c:148: undefined reference to `gWIZNETINFO'
c:/xilinx/vitis/2024.1/gnu/microblaze/nt/x86_64-oesdk-mingw32/usr/bin/microblaze-xilinx-elf/../../libexec/microblaze-xilinx-elf/gcc/microblaze-xilinx-elf/12.2.0/ld.exe: C:\Harman\Verilog\SoC_07_15_blaze_w5500\bramW5500App\Debug/../src/helloworld.c:148: undefined reference to `_DNS_'
c:/xilinx/vitis/2024.1/gnu/microblaze/nt/x86_64-oesdk-mingw32/usr/bin/microblaze-xilinx-elf/../../libexec/microblaze-xilinx-elf/gcc/microblaze-xilinx-elf/12.2.0/ld.exe: C:\Harman\Verilog\SoC_07_15_blaze_w5500\bramW5500App\Debug/../src/helloworld.c:149: undefined reference to `gWIZNETINFO'
c:/xilinx/vitis/2024.1/gnu/microblaze/nt/x86_64-oesdk-mingw32/usr/bin/microblaze-xilinx-elf/../../libexec/microblaze-xilinx-elf/gcc/microblaze-xilinx-elf/12.2.0/ld.exe: C:\Harman\Verilog\SoC_07_15_blaze_w5500\bramW5500App\Debug/../src/helloworld.c:149: undefined reference to `_DNS_'
c:/xilinx/vitis/2024.1/gnu/microblaze/nt/x86_64-oesdk-mingw32/usr/bin/microblaze-xilinx-elf/../../libexec/microblaze-xilinx-elf/gcc/microblaze-xilinx-elf/12.2.0/ld.exe: C:\Harman\Verilog\SoC_07_15_blaze_w5500\bramW5500App\Debug/../src/helloworld.c:150: undefined reference to `gWIZNETINFO'
c:/xilinx/vitis/2024.1/gnu/microblaze/nt/x86_64-oesdk-mingw32/usr/bin/microblaze-xilinx-elf/../../libexec/microblaze-xilinx-elf/gcc/microblaze-xilinx-elf/12.2.0/ld.exe: C:\Harman\Verilog\SoC_07_15_blaze_w5500\bramW5500App\Debug/../src/helloworld.c:150: undefined reference to `_DNS_'
c:/xilinx/vitis/2024.1/gnu/microblaze/nt/x86_64-oesdk-mingw32/usr/bin/microblaze-xilinx-elf/../../libexec/microblaze-xilinx-elf/gcc/microblaze-xilinx-elf/12.2.0/ld.exe: C:\Harman\Verilog\SoC_07_15_blaze_w5500\bramW5500App\Debug/../src/helloworld.c:151: undefined reference to `gWIZNETINFO'
c:/xilinx/vitis/2024.1/gnu/microblaze/nt/x86_64-oesdk-mingw32/usr/bin/microblaze-xilinx-elf/../../libexec/microblaze-xilinx-elf/gcc/microblaze-xilinx-elf/12.2.0/ld.exe: C:\Harman\Verilog\SoC_07_15_blaze_w5500\bramW5500App\Debug/../src/helloworld.c:151: undefined reference to `_DNS_'
c:/xilinx/vitis/2024.1/gnu/microblaze/nt/x86_64-oesdk-mingw32/usr/bin/microblaze-xilinx-elf/../../libexec/microblaze-xilinx-elf/gcc/microblaze-xilinx-elf/12.2.0/ld.exe: C:\Harman\Verilog\SoC_07_15_blaze_w5500\bramW5500App\Debug/../src/helloworld.c:152: undefined reference to `gWIZNETINFO'
c:/xilinx/vitis/2024.1/gnu/microblaze/nt/x86_64-oesdk-mingw32/usr/bin/microblaze-xilinx-elf/../../libexec/microblaze-xilinx-elf/gcc/microblaze-xilinx-elf/12.2.0/ld.exe: C:\Harman\Verilog\SoC_07_15_blaze_w5500\bramW5500App\Debug/../src/helloworld.c:152: undefined reference to `_DHCP_'
c:/xilinx/vitis/2024.1/gnu/microblaze/nt/x86_64-oesdk-mingw32/usr/bin/microblaze-xilinx-elf/../../libexec/microblaze-xilinx-elf/gcc/microblaze-xilinx-elf/12.2.0/ld.exe: ./src/w5500_loopback.o: in function `loopback_tcps':
C:\Harman\Verilog\SoC_07_15_blaze_w5500\bramW5500App\Debug/../src/w5500_loopback.c:24: undefined reference to `WIZCHIP_READ'
c:/xilinx/vitis/2024.1/gnu/microblaze/nt/x86_64-oesdk-mingw32/usr/bin/microblaze-xilinx-elf/../../libexec/microblaze-xilinx-elf/gcc/microblaze-xilinx-elf/12.2.0/ld.exe: C:\Harman\Verilog\SoC_07_15_blaze_w5500\bramW5500App\Debug/../src/w5500_loopback.c:29: undefined reference to `WIZCHIP_READ'
c:/xilinx/vitis/2024.1/gnu/microblaze/nt/x86_64-oesdk-mingw32/usr/bin/microblaze-xilinx-elf/../../libexec/microblaze-xilinx-elf/gcc/microblaze-xilinx-elf/12.2.0/ld.exe: C:\Harman\Verilog\SoC_07_15_blaze_w5500\bramW5500App\Debug/../src/w5500_loopback.c:31: undefined reference to `WIZCHIP_READ_BUF'
c:/xilinx/vitis/2024.1/gnu/microblaze/nt/x86_64-oesdk-mingw32/usr/bin/microblaze-xilinx-elf/../../libexec/microblaze-xilinx-elf/gcc/microblaze-xilinx-elf/12.2.0/ld.exe: C:\Harman\Verilog\SoC_07_15_blaze_w5500\bramW5500App\Debug/../src/w5500_loopback.c:32: undefined reference to `WIZCHIP_READ'
c:/xilinx/vitis/2024.1/gnu/microblaze/nt/x86_64-oesdk-mingw32/usr/bin/microblaze-xilinx-elf/../../libexec/microblaze-xilinx-elf/gcc/microblaze-xilinx-elf/12.2.0/ld.exe: C:\Harman\Verilog\SoC_07_15_blaze_w5500\bramW5500App\Debug/../src/w5500_loopback.c:32: undefined reference to `WIZCHIP_READ'
c:/xilinx/vitis/2024.1/gnu/microblaze/nt/x86_64-oesdk-mingw32/usr/bin/microblaze-xilinx-elf/../../libexec/microblaze-xilinx-elf/gcc/microblaze-xilinx-elf/12.2.0/ld.exe: C:\Harman\Verilog\SoC_07_15_blaze_w5500\bramW5500App\Debug/../src/w5500_loopback.c:35: undefined reference to `WIZCHIP_WRITE'
c:/xilinx/vitis/2024.1/gnu/microblaze/nt/x86_64-oesdk-mingw32/usr/bin/microblaze-xilinx-elf/../../libexec/microblaze-xilinx-elf/gcc/microblaze-xilinx-elf/12.2.0/ld.exe: C:\Harman\Verilog\SoC_07_15_blaze_w5500\bramW5500App\Debug/../src/w5500_loopback.c:37: undefined reference to `getSn_RX_RSR'
c:/xilinx/vitis/2024.1/gnu/microblaze/nt/x86_64-oesdk-mingw32/usr/bin/microblaze-xilinx-elf/../../libexec/microblaze-xilinx-elf/gcc/microblaze-xilinx-elf/12.2.0/ld.exe: ./src/w5500_socket.o: in function `socket':
C:\Harman\Verilog\SoC_07_15_blaze_w5500\bramW5500App\Debug/../src/w5500_socket.c:72: undefined reference to `WIZCHIP_WRITE'
c:/xilinx/vitis/2024.1/gnu/microblaze/nt/x86_64-oesdk-mingw32/usr/bin/microblaze-xilinx-elf/../../libexec/microblaze-xilinx-elf/gcc/microblaze-xilinx-elf/12.2.0/ld.exe: C:\Harman\Verilog\SoC_07_15_blaze_w5500\bramW5500App\Debug/../src/w5500_socket.c:78: undefined reference to `WIZCHIP_WRITE'
c:/xilinx/vitis/2024.1/gnu/microblaze/nt/x86_64-oesdk-mingw32/usr/bin/microblaze-xilinx-elf/../../libexec/microblaze-xilinx-elf/gcc/microblaze-xilinx-elf/12.2.0/ld.exe: C:\Harman\Verilog\SoC_07_15_blaze_w5500\bramW5500App\Debug/../src/w5500_socket.c:78: undefined reference to `WIZCHIP_WRITE'
c:/xilinx/vitis/2024.1/gnu/microblaze/nt/x86_64-oesdk-mingw32/usr/bin/microblaze-xilinx-elf/../../libexec/microblaze-xilinx-elf/gcc/microblaze-xilinx-elf/12.2.0/ld.exe: C:\Harman\Verilog\SoC_07_15_blaze_w5500\bramW5500App\Debug/../src/w5500_socket.c:79: undefined reference to `WIZCHIP_WRITE'
c:/xilinx/vitis/2024.1/gnu/microblaze/nt/x86_64-oesdk-mingw32/usr/bin/microblaze-xilinx-elf/../../libexec/microblaze-xilinx-elf/gcc/microblaze-xilinx-elf/12.2.0/ld.exe: C:\Harman\Verilog\SoC_07_15_blaze_w5500\bramW5500App\Debug/../src/w5500_socket.c:80: undefined reference to `WIZCHIP_READ'
c:/xilinx/vitis/2024.1/gnu/microblaze/nt/x86_64-oesdk-mingw32/usr/bin/microblaze-xilinx-elf/../../libexec/microblaze-xilinx-elf/gcc/microblaze-xilinx-elf/12.2.0/ld.exe: C:\Harman\Verilog\SoC_07_15_blaze_w5500\bramW5500App\Debug/../src/w5500_socket.c:86: undefined reference to `WIZCHIP_READ'
c:/xilinx/vitis/2024.1/gnu/microblaze/nt/x86_64-oesdk-mingw32/usr/bin/microblaze-xilinx-elf/../../libexec/microblaze-xilinx-elf/gcc/microblaze-xilinx-elf/12.2.0/ld.exe: ./src/w5500_socket.o: in function `close':
C:\Harman\Verilog\SoC_07_15_blaze_w5500\bramW5500App\Debug/../src/w5500_socket.c:93: undefined reference to `WIZCHIP_WRITE'
c:/xilinx/vitis/2024.1/gnu/microblaze/nt/x86_64-oesdk-mingw32/usr/bin/microblaze-xilinx-elf/../../libexec/microblaze-xilinx-elf/gcc/microblaze-xilinx-elf/12.2.0/ld.exe: C:\Harman\Verilog\SoC_07_15_blaze_w5500\bramW5500App\Debug/../src/w5500_socket.c:96: undefined reference to `WIZCHIP_READ'
c:/xilinx/vitis/2024.1/gnu/microblaze/nt/x86_64-oesdk-mingw32/usr/bin/microblaze-xilinx-elf/../../libexec/microblaze-xilinx-elf/gcc/microblaze-xilinx-elf/12.2.0/ld.exe: C:\Harman\Verilog\SoC_07_15_blaze_w5500\bramW5500App\Debug/../src/w5500_socket.c:99: undefined reference to `WIZCHIP_WRITE'
c:/xilinx/vitis/2024.1/gnu/microblaze/nt/x86_64-oesdk-mingw32/usr/bin/microblaze-xilinx-elf/../../libexec/microblaze-xilinx-elf/gcc/microblaze-xilinx-elf/12.2.0/ld.exe: C:\Harman\Verilog\SoC_07_15_blaze_w5500\bramW5500App\Debug/../src/w5500_socket.c:103: undefined reference to `WIZCHIP_READ'
c:/xilinx/vitis/2024.1/gnu/microblaze/nt/x86_64-oesdk-mingw32/usr/bin/microblaze-xilinx-elf/../../libexec/microblaze-xilinx-elf/gcc/microblaze-xilinx-elf/12.2.0/ld.exe: ./src/w5500_socket.o: in function `listen':
C:\Harman\Verilog\SoC_07_15_blaze_w5500\bramW5500App\Debug/../src/w5500_socket.c:110: undefined reference to `WIZCHIP_READ'
c:/xilinx/vitis/2024.1/gnu/microblaze/nt/x86_64-oesdk-mingw32/usr/bin/microblaze-xilinx-elf/../../libexec/microblaze-xilinx-elf/gcc/microblaze-xilinx-elf/12.2.0/ld.exe: C:\Harman\Verilog\SoC_07_15_blaze_w5500\bramW5500App\Debug/../src/w5500_socket.c:111: undefined reference to `WIZCHIP_READ'
c:/xilinx/vitis/2024.1/gnu/microblaze/nt/x86_64-oesdk-mingw32/usr/bin/microblaze-xilinx-elf/../../libexec/microblaze-xilinx-elf/gcc/microblaze-xilinx-elf/12.2.0/ld.exe: C:\Harman\Verilog\SoC_07_15_blaze_w5500\bramW5500App\Debug/../src/w5500_socket.c:112: undefined reference to `WIZCHIP_WRITE'
c:/xilinx/vitis/2024.1/gnu/microblaze/nt/x86_64-oesdk-mingw32/usr/bin/microblaze-xilinx-elf/../../libexec/microblaze-xilinx-elf/gcc/microblaze-xilinx-elf/12.2.0/ld.exe: C:\Harman\Verilog\SoC_07_15_blaze_w5500\bramW5500App\Debug/../src/w5500_socket.c:113: undefined reference to `WIZCHIP_READ'
c:/xilinx/vitis/2024.1/gnu/microblaze/nt/x86_64-oesdk-mingw32/usr/bin/microblaze-xilinx-elf/../../libexec/microblaze-xilinx-elf/gcc/microblaze-xilinx-elf/12.2.0/ld.exe: C:\Harman\Verilog\SoC_07_15_blaze_w5500\bramW5500App\Debug/../src/w5500_socket.c:117: undefined reference to `WIZCHIP_READ'
c:/xilinx/vitis/2024.1/gnu/microblaze/nt/x86_64-oesdk-mingw32/usr/bin/microblaze-xilinx-elf/../../libexec/microblaze-xilinx-elf/gcc/microblaze-xilinx-elf/12.2.0/ld.exe: C:\Harman\Verilog\SoC_07_15_blaze_w5500\bramW5500App\Debug/../src/w5500_socket.c:115: undefined reference to `WIZCHIP_READ'
c:/xilinx/vitis/2024.1/gnu/microblaze/nt/x86_64-oesdk-mingw32/usr/bin/microblaze-xilinx-elf/../../libexec/microblaze-xilinx-elf/gcc/microblaze-xilinx-elf/12.2.0/ld.exe: ./src/w5500_socket.o: in function `disconnect':
C:\Harman\Verilog\SoC_07_15_blaze_w5500\bramW5500App\Debug/../src/w5500_socket.c:164: undefined reference to `WIZCHIP_READ'
c:/xilinx/vitis/2024.1/gnu/microblaze/nt/x86_64-oesdk-mingw32/usr/bin/microblaze-xilinx-elf/../../libexec/microblaze-xilinx-elf/gcc/microblaze-xilinx-elf/12.2.0/ld.exe: C:\Harman\Verilog\SoC_07_15_blaze_w5500\bramW5500App\Debug/../src/w5500_socket.c:165: undefined reference to `WIZCHIP_WRITE'
c:/xilinx/vitis/2024.1/gnu/microblaze/nt/x86_64-oesdk-mingw32/usr/bin/microblaze-xilinx-elf/../../libexec/microblaze-xilinx-elf/gcc/microblaze-xilinx-elf/12.2.0/ld.exe: C:\Harman\Verilog\SoC_07_15_blaze_w5500\bramW5500App\Debug/../src/w5500_socket.c:167: undefined reference to `WIZCHIP_READ'
c:/xilinx/vitis/2024.1/gnu/microblaze/nt/x86_64-oesdk-mingw32/usr/bin/microblaze-xilinx-elf/../../libexec/microblaze-xilinx-elf/gcc/microblaze-xilinx-elf/12.2.0/ld.exe: C:\Harman\Verilog\SoC_07_15_blaze_w5500\bramW5500App\Debug/../src/w5500_socket.c:173: undefined reference to `WIZCHIP_READ'
c:/xilinx/vitis/2024.1/gnu/microblaze/nt/x86_64-oesdk-mingw32/usr/bin/microblaze-xilinx-elf/../../libexec/microblaze-xilinx-elf/gcc/microblaze-xilinx-elf/12.2.0/ld.exe: C:\Harman\Verilog\SoC_07_15_blaze_w5500\bramW5500App\Debug/../src/w5500_socket.c:171: undefined reference to `WIZCHIP_READ'
c:/xilinx/vitis/2024.1/gnu/microblaze/nt/x86_64-oesdk-mingw32/usr/bin/microblaze-xilinx-elf/../../libexec/microblaze-xilinx-elf/gcc/microblaze-xilinx-elf/12.2.0/ld.exe: ./src/w5500_socket.o: in function `send':
C:\Harman\Verilog\SoC_07_15_blaze_w5500\bramW5500App\Debug/../src/w5500_socket.c:187: undefined reference to `WIZCHIP_READ'
c:/xilinx/vitis/2024.1/gnu/microblaze/nt/x86_64-oesdk-mingw32/usr/bin/microblaze-xilinx-elf/../../libexec/microblaze-xilinx-elf/gcc/microblaze-xilinx-elf/12.2.0/ld.exe: C:\Harman\Verilog\SoC_07_15_blaze_w5500\bramW5500App\Debug/../src/w5500_socket.c:189: undefined reference to `WIZCHIP_READ'
c:/xilinx/vitis/2024.1/gnu/microblaze/nt/x86_64-oesdk-mingw32/usr/bin/microblaze-xilinx-elf/../../libexec/microblaze-xilinx-elf/gcc/microblaze-xilinx-elf/12.2.0/ld.exe: ./src/w5500_socket.o:C:\Harman\Verilog\SoC_07_15_blaze_w5500\bramW5500App\Debug/../src/w5500_socket.c:193: more undefined references to `WIZCHIP_READ' follow
c:/xilinx/vitis/2024.1/gnu/microblaze/nt/x86_64-oesdk-mingw32/usr/bin/microblaze-xilinx-elf/../../libexec/microblaze-xilinx-elf/gcc/microblaze-xilinx-elf/12.2.0/ld.exe: ./src/w5500_socket.o: in function `send':
C:\Harman\Verilog\SoC_07_15_blaze_w5500\bramW5500App\Debug/../src/w5500_socket.c:196: undefined reference to `WIZCHIP_WRITE'
c:/xilinx/vitis/2024.1/gnu/microblaze/nt/x86_64-oesdk-mingw32/usr/bin/microblaze-xilinx-elf/../../libexec/microblaze-xilinx-elf/gcc/microblaze-xilinx-elf/12.2.0/ld.exe: C:\Harman\Verilog\SoC_07_15_blaze_w5500\bramW5500App\Debug/../src/w5500_socket.c:207: undefined reference to `WIZCHIP_READ'
c:/xilinx/vitis/2024.1/gnu/microblaze/nt/x86_64-oesdk-mingw32/usr/bin/microblaze-xilinx-elf/../../libexec/microblaze-xilinx-elf/gcc/microblaze-xilinx-elf/12.2.0/ld.exe: C:\Harman\Verilog\SoC_07_15_blaze_w5500\bramW5500App\Debug/../src/w5500_socket.c:211: undefined reference to `getSn_TX_FSR'
c:/xilinx/vitis/2024.1/gnu/microblaze/nt/x86_64-oesdk-mingw32/usr/bin/microblaze-xilinx-elf/../../libexec/microblaze-xilinx-elf/gcc/microblaze-xilinx-elf/12.2.0/ld.exe: C:\Harman\Verilog\SoC_07_15_blaze_w5500\bramW5500App\Debug/../src/w5500_socket.c:212: undefined reference to `WIZCHIP_READ'
c:/xilinx/vitis/2024.1/gnu/microblaze/nt/x86_64-oesdk-mingw32/usr/bin/microblaze-xilinx-elf/../../libexec/microblaze-xilinx-elf/gcc/microblaze-xilinx-elf/12.2.0/ld.exe: C:\Harman\Verilog\SoC_07_15_blaze_w5500\bramW5500App\Debug/../src/w5500_socket.c:222: undefined reference to `wiz_send_data'
c:/xilinx/vitis/2024.1/gnu/microblaze/nt/x86_64-oesdk-mingw32/usr/bin/microblaze-xilinx-elf/../../libexec/microblaze-xilinx-elf/gcc/microblaze-xilinx-elf/12.2.0/ld.exe: C:\Harman\Verilog\SoC_07_15_blaze_w5500\bramW5500App\Debug/../src/w5500_socket.c:223: undefined reference to `WIZCHIP_WRITE'
c:/xilinx/vitis/2024.1/gnu/microblaze/nt/x86_64-oesdk-mingw32/usr/bin/microblaze-xilinx-elf/../../libexec/microblaze-xilinx-elf/gcc/microblaze-xilinx-elf/12.2.0/ld.exe: C:\Harman\Verilog\SoC_07_15_blaze_w5500\bramW5500App\Debug/../src/w5500_socket.c:225: undefined reference to `WIZCHIP_READ'
c:/xilinx/vitis/2024.1/gnu/microblaze/nt/x86_64-oesdk-mingw32/usr/bin/microblaze-xilinx-elf/../../libexec/microblaze-xilinx-elf/gcc/microblaze-xilinx-elf/12.2.0/ld.exe: ./src/w5500_socket.o: in function `recv':
C:\Harman\Verilog\SoC_07_15_blaze_w5500\bramW5500App\Debug/../src/w5500_socket.c:237: undefined reference to `WIZCHIP_READ'
c:/xilinx/vitis/2024.1/gnu/microblaze/nt/x86_64-oesdk-mingw32/usr/bin/microblaze-xilinx-elf/../../libexec/microblaze-xilinx-elf/gcc/microblaze-xilinx-elf/12.2.0/ld.exe: C:\Harman\Verilog\SoC_07_15_blaze_w5500\bramW5500App\Debug/../src/w5500_socket.c:240: undefined reference to `WIZCHIP_READ'
c:/xilinx/vitis/2024.1/gnu/microblaze/nt/x86_64-oesdk-mingw32/usr/bin/microblaze-xilinx-elf/../../libexec/microblaze-xilinx-elf/gcc/microblaze-xilinx-elf/12.2.0/ld.exe: C:\Harman\Verilog\SoC_07_15_blaze_w5500\bramW5500App\Debug/../src/w5500_socket.c:244: undefined reference to `getSn_RX_RSR'
c:/xilinx/vitis/2024.1/gnu/microblaze/nt/x86_64-oesdk-mingw32/usr/bin/microblaze-xilinx-elf/../../libexec/microblaze-xilinx-elf/gcc/microblaze-xilinx-elf/12.2.0/ld.exe: C:\Harman\Verilog\SoC_07_15_blaze_w5500\bramW5500App\Debug/../src/w5500_socket.c:245: undefined reference to `WIZCHIP_READ'
c:/xilinx/vitis/2024.1/gnu/microblaze/nt/x86_64-oesdk-mingw32/usr/bin/microblaze-xilinx-elf/../../libexec/microblaze-xilinx-elf/gcc/microblaze-xilinx-elf/12.2.0/ld.exe: C:\Harman\Verilog\SoC_07_15_blaze_w5500\bramW5500App\Debug/../src/w5500_socket.c:251: undefined reference to `getSn_TX_FSR'
c:/xilinx/vitis/2024.1/gnu/microblaze/nt/x86_64-oesdk-mingw32/usr/bin/microblaze-xilinx-elf/../../libexec/microblaze-xilinx-elf/gcc/microblaze-xilinx-elf/12.2.0/ld.exe: C:\Harman\Verilog\SoC_07_15_blaze_w5500\bramW5500App\Debug/../src/w5500_socket.c:251: undefined reference to `WIZCHIP_READ'
c:/xilinx/vitis/2024.1/gnu/microblaze/nt/x86_64-oesdk-mingw32/usr/bin/microblaze-xilinx-elf/../../libexec/microblaze-xilinx-elf/gcc/microblaze-xilinx-elf/12.2.0/ld.exe: C:\Harman\Verilog\SoC_07_15_blaze_w5500\bramW5500App\Debug/../src/w5500_socket.c:267: undefined reference to `wiz_recv_data'
c:/xilinx/vitis/2024.1/gnu/microblaze/nt/x86_64-oesdk-mingw32/usr/bin/microblaze-xilinx-elf/../../libexec/microblaze-xilinx-elf/gcc/microblaze-xilinx-elf/12.2.0/ld.exe: C:\Harman\Verilog\SoC_07_15_blaze_w5500\bramW5500App\Debug/../src/w5500_socket.c:268: undefined reference to `WIZCHIP_WRITE'
c:/xilinx/vitis/2024.1/gnu/microblaze/nt/x86_64-oesdk-mingw32/usr/bin/microblaze-xilinx-elf/../../libexec/microblaze-xilinx-elf/gcc/microblaze-xilinx-elf/12.2.0/ld.exe: C:\Harman\Verilog\SoC_07_15_blaze_w5500\bramW5500App\Debug/../src/w5500_socket.c:269: undefined reference to `WIZCHIP_READ'
c:/xilinx/vitis/2024.1/gnu/microblaze/nt/x86_64-oesdk-mingw32/usr/bin/microblaze-xilinx-elf/../../libexec/microblaze-xilinx-elf/gcc/microblaze-xilinx-elf/12.2.0/ld.exe: ./src/w5500_task.o: in function `w5500_sw_reset':
C:\Harman\Verilog\SoC_07_15_blaze_w5500\bramW5500App\Debug/../src/w5500_task.c:27: undefined reference to `WIZCHIP_READ_BUF'
c:/xilinx/vitis/2024.1/gnu/microblaze/nt/x86_64-oesdk-mingw32/usr/bin/microblaze-xilinx-elf/../../libexec/microblaze-xilinx-elf/gcc/microblaze-xilinx-elf/12.2.0/ld.exe: C:\Harman\Verilog\SoC_07_15_blaze_w5500\bramW5500App\Debug/../src/w5500_task.c:28: undefined reference to `WIZCHIP_READ_BUF'
c:/xilinx/vitis/2024.1/gnu/microblaze/nt/x86_64-oesdk-mingw32/usr/bin/microblaze-xilinx-elf/../../libexec/microblaze-xilinx-elf/gcc/microblaze-xilinx-elf/12.2.0/ld.exe: C:\Harman\Verilog\SoC_07_15_blaze_w5500\bramW5500App\Debug/../src/w5500_task.c:28: undefined reference to `WIZCHIP_READ_BUF'
c:/xilinx/vitis/2024.1/gnu/microblaze/nt/x86_64-oesdk-mingw32/usr/bin/microblaze-xilinx-elf/../../libexec/microblaze-xilinx-elf/gcc/microblaze-xilinx-elf/12.2.0/ld.exe: C:\Harman\Verilog\SoC_07_15_blaze_w5500\bramW5500App\Debug/../src/w5500_task.c:28: undefined reference to `WIZCHIP_READ_BUF'
c:/xilinx/vitis/2024.1/gnu/microblaze/nt/x86_64-oesdk-mingw32/usr/bin/microblaze-xilinx-elf/../../libexec/microblaze-xilinx-elf/gcc/microblaze-xilinx-elf/12.2.0/ld.exe: C:\Harman\Verilog\SoC_07_15_blaze_w5500\bramW5500App\Debug/../src/w5500_task.c:29: undefined reference to `WIZCHIP_WRITE'
c:/xilinx/vitis/2024.1/gnu/microblaze/nt/x86_64-oesdk-mingw32/usr/bin/microblaze-xilinx-elf/../../libexec/microblaze-xilinx-elf/gcc/microblaze-xilinx-elf/12.2.0/ld.exe: C:\Harman\Verilog\SoC_07_15_blaze_w5500\bramW5500App\Debug/../src/w5500_task.c:30: undefined reference to `WIZCHIP_READ'
c:/xilinx/vitis/2024.1/gnu/microblaze/nt/x86_64-oesdk-mingw32/usr/bin/microblaze-xilinx-elf/../../libexec/microblaze-xilinx-elf/gcc/microblaze-xilinx-elf/12.2.0/ld.exe: C:\Harman\Verilog\SoC_07_15_blaze_w5500\bramW5500App\Debug/../src/w5500_task.c:31: undefined reference to `WIZCHIP_WRITE_BUF'
c:/xilinx/vitis/2024.1/gnu/microblaze/nt/x86_64-oesdk-mingw32/usr/bin/microblaze-xilinx-elf/../../libexec/microblaze-xilinx-elf/gcc/microblaze-xilinx-elf/12.2.0/ld.exe: C:\Harman\Verilog\SoC_07_15_blaze_w5500\bramW5500App\Debug/../src/w5500_task.c:32: undefined reference to `WIZCHIP_WRITE_BUF'
c:/xilinx/vitis/2024.1/gnu/microblaze/nt/x86_64-oesdk-mingw32/usr/bin/microblaze-xilinx-elf/../../libexec/microblaze-xilinx-elf/gcc/microblaze-xilinx-elf/12.2.0/ld.exe: C:\Harman\Verilog\SoC_07_15_blaze_w5500\bramW5500App\Debug/../src/w5500_task.c:33: undefined reference to `WIZCHIP_WRITE_BUF'
c:/xilinx/vitis/2024.1/gnu/microblaze/nt/x86_64-oesdk-mingw32/usr/bin/microblaze-xilinx-elf/../../libexec/microblaze-xilinx-elf/gcc/microblaze-xilinx-elf/12.2.0/ld.exe: C:\Harman\Verilog\SoC_07_15_blaze_w5500\bramW5500App\Debug/../src/w5500_task.c:34: undefined reference to `WIZCHIP_WRITE_BUF'
c:/xilinx/vitis/2024.1/gnu/microblaze/nt/x86_64-oesdk-mingw32/usr/bin/microblaze-xilinx-elf/../../libexec/microblaze-xilinx-elf/gcc/microblaze-xilinx-elf/12.2.0/ld.exe: ./src/w5500_task.o: in function `w5500_init':
C:\Harman\Verilog\SoC_07_15_blaze_w5500\bramW5500App\Debug/../src/w5500_task.c:49: undefined reference to `WIZCHIP_WRITE'
c:/xilinx/vitis/2024.1/gnu/microblaze/nt/x86_64-oesdk-mingw32/usr/bin/microblaze-xilinx-elf/../../libexec/microblaze-xilinx-elf/gcc/microblaze-xilinx-elf/12.2.0/ld.exe: C:\Harman\Verilog\SoC_07_15_blaze_w5500\bramW5500App\Debug/../src/w5500_task.c:52: undefined reference to `WIZCHIP_WRITE'
c:/xilinx/vitis/2024.1/gnu/microblaze/nt/x86_64-oesdk-mingw32/usr/bin/microblaze-xilinx-elf/../../libexec/microblaze-xilinx-elf/gcc/microblaze-xilinx-elf/12.2.0/ld.exe: ./src/w5500_task.o: in function `w5500_getphylink':
C:\Harman\Verilog\SoC_07_15_blaze_w5500\bramW5500App\Debug/../src/w5500_task.c:63: undefined reference to `WIZCHIP_READ'
collect2.exe: error: ld returned 1 exit status
make: *** [makefile:38: bramW5500App.elf] Error 1

12:53:53 Build Finished (took 523ms)

