D:\EBOOK\FPGA_MICROBLAZE\WINIDT\WINIDT17\RELEASE\WINIDT.EXE
D:\EBOOK\FPGA_MICROBLAZE\WINIDT\WINIDT17\RELEASE\WINIDT.PDB
D:\ebook\fpga_Microblaze\WinIDT\WinIDT17\WinIDT\Release\cl.command.1.tlog
D:\ebook\fpga_Microblaze\WinIDT\WinIDT17\WinIDT\Release\CL.read.1.tlog
D:\ebook\fpga_Microblaze\WinIDT\WinIDT17\WinIDT\Release\CL.write.1.tlog
D:\EBOOK\FPGA_MICROBLAZE\WINIDT\WINIDT17\WINIDT\RELEASE\COMMTHREAD.OBJ
D:\EBOOK\FPGA_MICROBLAZE\WINIDT\WINIDT17\WINIDT\RELEASE\CONNECTSOCKET.OBJ
D:\ebook\fpga_Microblaze\WinIDT\WinIDT17\WinIDT\Release\link.command.1.tlog
D:\ebook\fpga_Microblaze\WinIDT\WinIDT17\WinIDT\Release\link.read.1.tlog
D:\ebook\fpga_Microblaze\WinIDT\WinIDT17\WinIDT\Release\link.write.1.tlog
D:\ebook\fpga_Microblaze\WinIDT\WinIDT17\WinIDT\Release\link-cvtres.read.1.tlog
D:\ebook\fpga_Microblaze\WinIDT\WinIDT17\WinIDT\Release\link-cvtres.write.1.tlog
D:\EBOOK\FPGA_MICROBLAZE\WINIDT\WINIDT17\WINIDT\RELEASE\MAINFRM.OBJ
D:\ebook\fpga_Microblaze\WinIDT\WinIDT17\WinIDT\Release\mt.command.1.tlog
D:\ebook\fpga_Microblaze\WinIDT\WinIDT17\WinIDT\Release\mt.read.1.tlog
D:\ebook\fpga_Microblaze\WinIDT\WinIDT17\WinIDT\Release\mt.write.1.tlog
D:\ebook\fpga_Microblaze\WinIDT\WinIDT17\WinIDT\Release\rc.command.1.tlog
D:\ebook\fpga_Microblaze\WinIDT\WinIDT17\WinIDT\Release\rc.read.1.tlog
D:\ebook\fpga_Microblaze\WinIDT\WinIDT17\WinIDT\Release\rc.write.1.tlog
D:\EBOOK\FPGA_MICROBLAZE\WINIDT\WINIDT17\WINIDT\RELEASE\STDAFX.OBJ
D:\EBOOK\FPGA_MICROBLAZE\WINIDT\WINIDT17\WINIDT\RELEASE\VC100.PDB
D:\EBOOK\FPGA_MICROBLAZE\WINIDT\WINIDT17\WINIDT\RELEASE\WINIDT.EXE.INTERMEDIATE.MANIFEST
D:\EBOOK\FPGA_MICROBLAZE\WINIDT\WINIDT17\WINIDT\RELEASE\WINIDT.OBJ
D:\EBOOK\FPGA_MICROBLAZE\WINIDT\WINIDT17\WINIDT\RELEASE\WINIDT.PCH
D:\EBOOK\FPGA_MICROBLAZE\WINIDT\WINIDT17\WINIDT\RELEASE\WINIDT.RES
D:\ebook\fpga_Microblaze\WinIDT\WinIDT17\WinIDT\Release\WinIDT.vcxprojResolveAssemblyReference.cache
D:\ebook\fpga_Microblaze\WinIDT\WinIDT17\WinIDT\Release\WinIDT.write.1.tlog
D:\EBOOK\FPGA_MICROBLAZE\WINIDT\WINIDT17\WINIDT\RELEASE\WINIDTDOC.OBJ
D:\EBOOK\FPGA_MICROBLAZE\WINIDT\WINIDT17\WINIDT\RELEASE\WINIDTVIEW.OBJ
D:\EBOOK\FPGAMCU_W5500\WINIDT\WINIDT16\RELEASE\WINIDT.EXE
D:\EBOOK\FPGAMCU_W5500\WINIDT\WINIDT16\RELEASE\WINIDT.PDB
D:\EBOOK\FPGAMCU_W5500\WINIDT\WINIDT16\WINIDT\RELEASE\COMMTHREAD.OBJ
D:\EBOOK\FPGAMCU_W5500\WINIDT\WINIDT16\WINIDT\RELEASE\CONNECTSOCKET.OBJ
D:\EBOOK\FPGAMCU_W5500\WINIDT\WINIDT16\WINIDT\RELEASE\MAINFRM.OBJ
D:\EBOOK\FPGAMCU_W5500\WINIDT\WINIDT16\WINIDT\RELEASE\STDAFX.OBJ
D:\EBOOK\FPGAMCU_W5500\WINIDT\WINIDT16\WINIDT\RELEASE\VC100.PDB
D:\EBOOK\FPGAMCU_W5500\WINIDT\WINIDT16\WINIDT\RELEASE\WINIDT.EXE.INTERMEDIATE.MANIFEST
D:\EBOOK\FPGAMCU_W5500\WINIDT\WINIDT16\WINIDT\RELEASE\WINIDT.OBJ
D:\EBOOK\FPGAMCU_W5500\WINIDT\WINIDT16\WINIDT\RELEASE\WINIDT.PCH
D:\EBOOK\FPGAMCU_W5500\WINIDT\WINIDT16\WINIDT\RELEASE\WINIDT.RES
D:\EBOOK\FPGAMCU_W5500\WINIDT\WINIDT16\WINIDT\RELEASE\WINIDTDOC.OBJ
D:\EBOOK\FPGAMCU_W5500\WINIDT\WINIDT16\WINIDT\RELEASE\WINIDTVIEW.OBJ
