D:\PROJ_PNC\WINIDT\WINIDT01\DEBUG\WINIDT.EXE
D:\PROJ_PNC\WINIDT\WINIDT01\DEBUG\WINIDT.ILK
D:\PROJ_PNC\WINIDT\WINIDT01\DEBUG\WINIDT.PDB
D:\proj_pnc\WinIDT\WinIDT01\WinIDT\Debug\cl.command.1.tlog
D:\proj_pnc\WinIDT\WinIDT01\WinIDT\Debug\CL.read.1.tlog
D:\proj_pnc\WinIDT\WinIDT01\WinIDT\Debug\CL.write.1.tlog
D:\PROJ_PNC\WINIDT\WINIDT01\WINIDT\DEBUG\COMMTHREAD.OBJ
D:\proj_pnc\WinIDT\WinIDT01\WinIDT\Debug\link.command.1.tlog
D:\proj_pnc\WinIDT\WinIDT01\WinIDT\Debug\link.read.1.tlog
D:\proj_pnc\WinIDT\WinIDT01\WinIDT\Debug\link.write.1.tlog
D:\proj_pnc\WinIDT\WinIDT01\WinIDT\Debug\link-cvtres.read.1.tlog
D:\proj_pnc\WinIDT\WinIDT01\WinIDT\Debug\link-cvtres.write.1.tlog
D:\PROJ_PNC\WINIDT\WINIDT01\WINIDT\DEBUG\MAINFRM.OBJ
D:\proj_pnc\WinIDT\WinIDT01\WinIDT\Debug\mt.command.1.tlog
D:\proj_pnc\WinIDT\WinIDT01\WinIDT\Debug\mt.read.1.tlog
D:\proj_pnc\WinIDT\WinIDT01\WinIDT\Debug\mt.write.1.tlog
D:\proj_pnc\WinIDT\WinIDT01\WinIDT\Debug\rc.command.1.tlog
D:\proj_pnc\WinIDT\WinIDT01\WinIDT\Debug\rc.read.1.tlog
D:\proj_pnc\WinIDT\WinIDT01\WinIDT\Debug\rc.write.1.tlog
D:\PROJ_PNC\WINIDT\WINIDT01\WINIDT\DEBUG\STDAFX.OBJ
D:\proj_pnc\WinIDT\WinIDT01\WinIDT\Debug\vc100.idb
D:\PROJ_PNC\WINIDT\WINIDT01\WINIDT\DEBUG\VC100.PDB
D:\PROJ_PNC\WINIDT\WINIDT01\WINIDT\DEBUG\WINIDT.EXE.EMBED.MANIFEST
D:\PROJ_PNC\WINIDT\WINIDT01\WINIDT\DEBUG\WINIDT.EXE.EMBED.MANIFEST.RES
D:\PROJ_PNC\WINIDT\WINIDT01\WINIDT\DEBUG\WINIDT.EXE.INTERMEDIATE.MANIFEST
D:\PROJ_PNC\WINIDT\WINIDT01\WINIDT\DEBUG\WINIDT.OBJ
D:\PROJ_PNC\WINIDT\WINIDT01\WINIDT\DEBUG\WINIDT.PCH
D:\PROJ_PNC\WINIDT\WINIDT01\WINIDT\DEBUG\WINIDT.RES
D:\proj_pnc\WinIDT\WinIDT01\WinIDT\Debug\WinIDT.write.1.tlog
D:\proj_pnc\WinIDT\WinIDT01\WinIDT\Debug\WinIDT_manifest.rc
D:\PROJ_PNC\WINIDT\WINIDT01\WINIDT\DEBUG\WINIDTDOC.OBJ
D:\PROJ_PNC\WINIDT\WINIDT01\WINIDT\DEBUG\WINIDTVIEW.OBJ
