16:25:45 DEBUG : Logs will be stored at 'C:/Harman/Verilog/SoC_06_21_userMap_rev01/IDE.log'.
16:26:32 INFO  : Launching XSCT server: xsct.bat -n  -interactive C:\Harman\Verilog\SoC_06_21_userMap_rev01\temp_xsdb_launch_script.tcl
16:26:32 ERROR : (XSDB Server)'\gnu\microblaze\lin\bin\'은(는) 내부 또는 외부 명령, 실행할 수 있는 프로그램, 또는
배치 파일이 아닙니다.

16:26:32 ERROR : (XSDB Server)'\gnu\microblaze\nt\bin\'은(는) 내부 또는 외부 명령, 실행할 수 있는 프로그램, 또는
배치 파일이 아닙니다.

16:26:32 ERROR : (XSDB Server)'\gnuwin\bin\'은(는) 내부 또는 외부 명령, 실행할 수 있는 프로그램, 또는
배치 파일이 아닙니다.

16:26:32 INFO  : Registering command handlers for Vitis TCF services
16:26:36 INFO  : XSCT server has started successfully.
16:26:36 INFO  : Platform repository initialization has completed.
16:26:36 INFO  : Successfully done setting XSCT server connection channel  
16:26:36 INFO  : plnx-install-location is set to ''
16:26:37 INFO  : Successfully done setting workspace for the tool. 
16:26:37 INFO  : Successfully done query RDI_DATADIR 
16:27:12 INFO  : Result from executing command 'getProjects': userMapTop
16:27:12 INFO  : Result from executing command 'getPlatforms': xilinx_vck190_base_202410_1|C:/Xilinx/Vitis/2024.1/base_platforms/xilinx_vck190_base_202410_1/xilinx_vck190_base_202410_1.xpfm;xilinx_vck190_base_dfx_202410_1|C:/Xilinx/Vitis/2024.1/base_platforms/xilinx_vck190_base_dfx_202410_1/xilinx_vck190_base_dfx_202410_1.xpfm;xilinx_vek280_base_202410_1|C:/Xilinx/Vitis/2024.1/base_platforms/xilinx_vek280_base_202410_1/xilinx_vek280_base_202410_1.xpfm;xilinx_vek280_base_bdc_202410_1|C:/Xilinx/Vitis/2024.1/base_platforms/xilinx_vek280_base_bdc_202410_1/xilinx_vek280_base_bdc_202410_1.xpfm;xilinx_vmk180_base_202410_1|C:/Xilinx/Vitis/2024.1/base_platforms/xilinx_vmk180_base_202410_1/xilinx_vmk180_base_202410_1.xpfm;xilinx_zcu102_base_202410_1|C:/Xilinx/Vitis/2024.1/base_platforms/xilinx_zcu102_base_202410_1/xilinx_zcu102_base_202410_1.xpfm;xilinx_zcu102_base_dfx_202410_1|C:/Xilinx/Vitis/2024.1/base_platforms/xilinx_zcu102_base_dfx_202410_1/xilinx_zcu102_base_dfx_202410_1.xpfm;xilinx_zcu104_base_202410_1|C:/Xilinx/Vitis/2024.1/base_platforms/xilinx_zcu104_base_202410_1/xilinx_zcu104_base_202410_1.xpfm
16:27:13 WARN  : An unexpected exception occurred in the module 'platform project logging'
16:27:15 INFO  : Platform 'userMapTop' is added to custom repositories.
16:27:18 INFO  : Platform 'userMapTop' is added to custom repositories.
16:27:50 INFO  : Result from executing command 'getProjects': userMapTop
16:27:50 INFO  : Result from executing command 'getPlatforms': userMapTop|C:/Harman/Verilog/SoC_06_21_userMap_rev01/userMapTop/export/userMapTop/userMapTop.xpfm;xilinx_vck190_base_202410_1|C:/Xilinx/Vitis/2024.1/base_platforms/xilinx_vck190_base_202410_1/xilinx_vck190_base_202410_1.xpfm;xilinx_vck190_base_dfx_202410_1|C:/Xilinx/Vitis/2024.1/base_platforms/xilinx_vck190_base_dfx_202410_1/xilinx_vck190_base_dfx_202410_1.xpfm;xilinx_vek280_base_202410_1|C:/Xilinx/Vitis/2024.1/base_platforms/xilinx_vek280_base_202410_1/xilinx_vek280_base_202410_1.xpfm;xilinx_vek280_base_bdc_202410_1|C:/Xilinx/Vitis/2024.1/base_platforms/xilinx_vek280_base_bdc_202410_1/xilinx_vek280_base_bdc_202410_1.xpfm;xilinx_vmk180_base_202410_1|C:/Xilinx/Vitis/2024.1/base_platforms/xilinx_vmk180_base_202410_1/xilinx_vmk180_base_202410_1.xpfm;xilinx_zcu102_base_202410_1|C:/Xilinx/Vitis/2024.1/base_platforms/xilinx_zcu102_base_202410_1/xilinx_zcu102_base_202410_1.xpfm;xilinx_zcu102_base_dfx_202410_1|C:/Xilinx/Vitis/2024.1/base_platforms/xilinx_zcu102_base_dfx_202410_1/xilinx_zcu102_base_dfx_202410_1.xpfm;xilinx_zcu104_base_202410_1|C:/Xilinx/Vitis/2024.1/base_platforms/xilinx_zcu104_base_202410_1/xilinx_zcu104_base_202410_1.xpfm
16:27:52 INFO  : Checking for BSP changes to sync application flags for project 'userMapApp'...
16:29:24 INFO  : Bit file 'C:/Harman/Verilog/SoC_06_21_userMap_rev01/userMapApp/_ide/bitstream/download.bit' is generated.
16:29:27 INFO  : Connected to target on host '127.0.0.1' and port '3121'.
16:29:28 INFO  : 'targets -set -filter {jtag_cable_name =~ "Digilent Basys3 210183B9A60DA" && level==0 && jtag_device_ctx=="jsn-Basys3-210183B9A60DA-0362d093-0"}' command is executed.
16:29:28 INFO  : Device configured successfully with "C:/Harman/Verilog/SoC_06_21_userMap_rev01/userMapApp/_ide/bitstream/download.bit"
16:31:48 INFO  : Checking for BSP changes to sync application flags for project 'userMapApp'...
16:32:17 INFO  : Bit file 'C:/Harman/Verilog/SoC_06_21_userMap_rev01/userMapApp/_ide/bitstream/download.bit' is generated.
16:32:17 INFO  : Connected to target on host '127.0.0.1' and port '3121'.
16:32:17 INFO  : 'targets -set -filter {jtag_cable_name =~ "Digilent Basys3 210183B9A60DA" && level==0 && jtag_device_ctx=="jsn-Basys3-210183B9A60DA-0362d093-0"}' command is executed.
16:32:17 INFO  : Device configured successfully with "C:/Harman/Verilog/SoC_06_21_userMap_rev01/userMapApp/_ide/bitstream/download.bit"
