10:54:27 DEBUG : Logs will be stored at 'C:/Harman/Verilog/SoC_06_23_HelloWorld/IDE.log'.
10:54:30 INFO  : Launching XSCT server: xsct.bat -n  -interactive C:\Harman\Verilog\SoC_06_23_HelloWorld\temp_xsdb_launch_script.tcl
10:54:30 INFO  : Registering command handlers for Vitis TCF services
10:54:31 ERROR : (XSDB Server)'\gnu\microblaze\lin\bin\'은(는) 내부 또는 외부 명령, 실행할 수 있는 프로그램, 또는
배치 파일이 아닙니다.

10:54:31 ERROR : (XSDB Server)'\gnu\microblaze\nt\bin\'은(는) 내부 또는 외부 명령, 실행할 수 있는 프로그램, 또는
배치 파일이 아닙니다.

10:54:31 ERROR : (XSDB Server)'\gnuwin\bin\'은(는) 내부 또는 외부 명령, 실행할 수 있는 프로그램, 또는
배치 파일이 아닙니다.

10:54:32 INFO  : Platform repository initialization has completed.
10:54:32 INFO  : XSCT server has started successfully.
10:54:33 INFO  : Successfully done setting XSCT server connection channel  
10:54:33 INFO  : plnx-install-location is set to ''
10:54:33 INFO  : Successfully done query RDI_DATADIR 
10:54:33 INFO  : Successfully done setting workspace for the tool. 
10:56:02 INFO  : Result from executing command 'getProjects': mb1_wrapper
10:56:02 INFO  : Result from executing command 'getPlatforms': xilinx_vck190_base_202410_1|C:/Xilinx/Vitis/2024.1/base_platforms/xilinx_vck190_base_202410_1/xilinx_vck190_base_202410_1.xpfm;xilinx_vck190_base_dfx_202410_1|C:/Xilinx/Vitis/2024.1/base_platforms/xilinx_vck190_base_dfx_202410_1/xilinx_vck190_base_dfx_202410_1.xpfm;xilinx_vek280_base_202410_1|C:/Xilinx/Vitis/2024.1/base_platforms/xilinx_vek280_base_202410_1/xilinx_vek280_base_202410_1.xpfm;xilinx_vek280_base_bdc_202410_1|C:/Xilinx/Vitis/2024.1/base_platforms/xilinx_vek280_base_bdc_202410_1/xilinx_vek280_base_bdc_202410_1.xpfm;xilinx_vmk180_base_202410_1|C:/Xilinx/Vitis/2024.1/base_platforms/xilinx_vmk180_base_202410_1/xilinx_vmk180_base_202410_1.xpfm;xilinx_zcu102_base_202410_1|C:/Xilinx/Vitis/2024.1/base_platforms/xilinx_zcu102_base_202410_1/xilinx_zcu102_base_202410_1.xpfm;xilinx_zcu102_base_dfx_202410_1|C:/Xilinx/Vitis/2024.1/base_platforms/xilinx_zcu102_base_dfx_202410_1/xilinx_zcu102_base_dfx_202410_1.xpfm;xilinx_zcu104_base_202410_1|C:/Xilinx/Vitis/2024.1/base_platforms/xilinx_zcu104_base_202410_1/xilinx_zcu104_base_202410_1.xpfm
10:56:02 WARN  : An unexpected exception occurred in the module 'platform project logging'
10:56:03 INFO  : Platform 'mb1_wrapper' is added to custom repositories.
10:56:05 INFO  : Platform 'mb1_wrapper' is added to custom repositories.
10:57:39 DEBUG : Logs will be stored at 'C:/Harman/Verilog/SoC_06_23_HelloWorld/IDE.log'.
10:57:40 INFO  : Launching XSCT server: xsct.bat -n  -interactive C:\Harman\Verilog\SoC_06_23_HelloWorld\temp_xsdb_launch_script.tcl
10:57:40 ERROR : (XSDB Server)'\gnu\microblaze\lin\bin\'은(는) 내부 또는 외부 명령, 실행할 수 있는 프로그램, 또는
배치 파일이 아닙니다.

10:57:40 ERROR : (XSDB Server)'\gnu\microblaze\nt\bin\'은(는) 내부 또는 외부 명령, 실행할 수 있는 프로그램, 또는
배치 파일이 아닙니다.

10:57:40 ERROR : (XSDB Server)'\gnuwin\bin\'은(는) 내부 또는 외부 명령, 실행할 수 있는 프로그램, 또는
배치 파일이 아닙니다.

10:57:42 INFO  : XSCT server has started successfully.
10:57:42 INFO  : plnx-install-location is set to ''
10:57:42 INFO  : Successfully done setting XSCT server connection channel  
10:57:42 INFO  : Successfully done setting workspace for the tool. 
10:57:44 INFO  : Successfully done query RDI_DATADIR 
10:57:44 INFO  : Registering command handlers for Vitis TCF services
10:57:44 INFO  : Platform repository initialization has completed.
10:58:37 DEBUG : Logs will be stored at 'C:/Harman/Verilog/SoC_06_23_HelloWorld/IDE.log'.
10:58:37 INFO  : Launching XSCT server: xsct.bat -n  -interactive C:\Harman\Verilog\SoC_06_23_HelloWorld\temp_xsdb_launch_script.tcl
10:58:37 ERROR : (XSDB Server)'\gnu\microblaze\lin\bin\'은(는) 내부 또는 외부 명령, 실행할 수 있는 프로그램, 또는
배치 파일이 아닙니다.

10:58:37 ERROR : (XSDB Server)'\gnu\microblaze\nt\bin\'은(는) 내부 또는 외부 명령, 실행할 수 있는 프로그램, 또는
배치 파일이 아닙니다.

10:58:37 ERROR : (XSDB Server)'\gnuwin\bin\'은(는) 내부 또는 외부 명령, 실행할 수 있는 프로그램, 또는
배치 파일이 아닙니다.

10:58:39 INFO  : XSCT server has started successfully.
10:58:39 INFO  : plnx-install-location is set to ''
10:58:39 INFO  : Successfully done setting XSCT server connection channel  
10:58:39 INFO  : Successfully done setting workspace for the tool. 
10:58:41 INFO  : Successfully done query RDI_DATADIR 
10:58:41 INFO  : Registering command handlers for Vitis TCF services
10:58:42 INFO  : Platform repository initialization has completed.
11:27:36 DEBUG : Logs will be stored at 'C:/Harman/Verilog/SoC_06_23_HelloWorld/IDE.log'.
11:27:37 INFO  : Launching XSCT server: xsct.bat -n  -interactive C:\Harman\Verilog\SoC_06_23_HelloWorld\temp_xsdb_launch_script.tcl
11:27:37 ERROR : (XSDB Server)'\gnu\microblaze\lin\bin\'은(는) 내부 또는 외부 명령, 실행할 수 있는 프로그램, 또는
배치 파일이 아닙니다.

11:27:37 ERROR : (XSDB Server)'\gnu\microblaze\nt\bin\'은(는) 내부 또는 외부 명령, 실행할 수 있는 프로그램, 또는
배치 파일이 아닙니다.

11:27:37 ERROR : (XSDB Server)'\gnuwin\bin\'은(는) 내부 또는 외부 명령, 실행할 수 있는 프로그램, 또는
배치 파일이 아닙니다.

11:27:39 INFO  : XSCT server has started successfully.
11:27:39 INFO  : Successfully done setting XSCT server connection channel  
11:27:39 INFO  : plnx-install-location is set to ''
11:27:39 INFO  : Successfully done setting workspace for the tool. 
11:27:41 INFO  : Successfully done query RDI_DATADIR 
11:27:41 INFO  : Registering command handlers for Vitis TCF services
11:27:41 INFO  : Platform repository initialization has completed.
11:28:52 DEBUG : Logs will be stored at 'C:/Harman/Verilog/SoC_06_23_HelloWorld/IDE.log'.
11:28:52 INFO  : Launching XSCT server: xsct.bat -n  -interactive C:\Harman\Verilog\SoC_06_23_HelloWorld\temp_xsdb_launch_script.tcl
11:28:52 ERROR : (XSDB Server)'\gnu\microblaze\lin\bin\'은(는) 내부 또는 외부 명령, 실행할 수 있는 프로그램, 또는
배치 파일이 아닙니다.

11:28:52 ERROR : (XSDB Server)'\gnu\microblaze\nt\bin\'은(는) 내부 또는 외부 명령, 실행할 수 있는 프로그램, 또는
배치 파일이 아닙니다.

11:28:52 ERROR : (XSDB Server)'\gnuwin\bin\'은(는) 내부 또는 외부 명령, 실행할 수 있는 프로그램, 또는
배치 파일이 아닙니다.

11:28:54 INFO  : XSCT server has started successfully.
11:28:54 INFO  : Successfully done setting XSCT server connection channel  
11:28:54 INFO  : plnx-install-location is set to ''
11:28:54 INFO  : Successfully done setting workspace for the tool. 
11:28:56 INFO  : Successfully done query RDI_DATADIR 
11:28:56 INFO  : Registering command handlers for Vitis TCF services
11:28:57 INFO  : Platform repository initialization has completed.
11:52:33 DEBUG : Logs will be stored at 'C:/Harman/Verilog/SoC_06_23_HelloWorld/IDE.log'.
11:52:33 INFO  : Launching XSCT server: xsct.bat -n  -interactive C:\Harman\Verilog\SoC_06_23_HelloWorld\temp_xsdb_launch_script.tcl
11:52:33 ERROR : (XSDB Server)'\gnu\microblaze\lin\bin\'은(는) 내부 또는 외부 명령, 실행할 수 있는 프로그램, 또는
배치 파일이 아닙니다.

11:52:33 ERROR : (XSDB Server)'\gnu\microblaze\nt\bin\'은(는) 내부 또는 외부 명령, 실행할 수 있는 프로그램, 또는
배치 파일이 아닙니다.

11:52:33 ERROR : (XSDB Server)'\gnuwin\bin\'은(는) 내부 또는 외부 명령, 실행할 수 있는 프로그램, 또는
배치 파일이 아닙니다.

11:52:35 INFO  : XSCT server has started successfully.
11:52:35 INFO  : Successfully done setting XSCT server connection channel  
11:52:35 INFO  : plnx-install-location is set to ''
11:52:35 INFO  : Successfully done setting workspace for the tool. 
11:52:37 INFO  : Registering command handlers for Vitis TCF services
11:52:37 INFO  : Successfully done query RDI_DATADIR 
11:52:38 INFO  : Platform repository initialization has completed.
12:05:45 DEBUG : Logs will be stored at 'C:/Harman/Verilog/SoC_06_23_HelloWorld/IDE.log'.
12:05:46 INFO  : Launching XSCT server: xsct.bat -n  -interactive C:\Harman\Verilog\SoC_06_23_HelloWorld\temp_xsdb_launch_script.tcl
12:05:46 ERROR : (XSDB Server)'\gnu\microblaze\lin\bin\'은(는) 내부 또는 외부 명령, 실행할 수 있는 프로그램, 또는
배치 파일이 아닙니다.

12:05:46 ERROR : (XSDB Server)'\gnu\microblaze\nt\bin\'은(는) 내부 또는 외부 명령, 실행할 수 있는 프로그램, 또는
배치 파일이 아닙니다.
'\gnuwin\bin\'은(는) 내부 또는 외부 명령, 실행할 수 있는 프로그램, 또는
배치 파일이 아닙니다.

12:05:48 INFO  : XSCT server has started successfully.
12:05:48 INFO  : Successfully done setting XSCT server connection channel  
12:05:48 INFO  : plnx-install-location is set to ''
12:05:48 INFO  : Successfully done setting workspace for the tool. 
12:05:51 INFO  : Platform repository initialization has completed.
12:05:53 INFO  : Registering command handlers for Vitis TCF services
12:05:53 INFO  : Successfully done query RDI_DATADIR 
12:14:09 DEBUG : Logs will be stored at 'C:/Harman/Verilog/SoC_06_23_HelloWorld/IDE.log'.
12:14:10 INFO  : Launching XSCT server: xsct.bat -n  -interactive C:\Harman\Verilog\SoC_06_23_HelloWorld\temp_xsdb_launch_script.tcl
12:14:10 ERROR : (XSDB Server)'\gnu\microblaze\lin\bin\'은(는) 내부 또는 외부 명령, 실행할 수 있는 프로그램, 또는
배치 파일이 아닙니다.

12:14:10 ERROR : (XSDB Server)'\gnu\microblaze\nt\bin\'은(는) 내부 또는 외부 명령, 실행할 수 있는 프로그램, 또는
배치 파일이 아닙니다.

12:14:10 ERROR : (XSDB Server)'\gnuwin\bin\'은(는) 내부 또는 외부 명령, 실행할 수 있는 프로그램, 또는
배치 파일이 아닙니다.

12:14:12 INFO  : XSCT server has started successfully.
12:14:12 INFO  : Successfully done setting XSCT server connection channel  
12:14:12 INFO  : plnx-install-location is set to ''
12:14:12 INFO  : Successfully done setting workspace for the tool. 
12:14:14 INFO  : Registering command handlers for Vitis TCF services
12:14:14 INFO  : Successfully done query RDI_DATADIR 
12:14:14 INFO  : Platform repository initialization has completed.
12:15:59 INFO  : Result from executing command 'getProjects': mb1_wrapper
12:15:59 INFO  : Result from executing command 'getPlatforms': mb1_wrapper|C:/Harman/Verilog/SoC_06_23_HelloWorld/mb1_wrapper/export/mb1_wrapper/mb1_wrapper.xpfm;xilinx_vck190_base_202410_1|C:/Xilinx/Vitis/2024.1/base_platforms/xilinx_vck190_base_202410_1/xilinx_vck190_base_202410_1.xpfm;xilinx_vck190_base_dfx_202410_1|C:/Xilinx/Vitis/2024.1/base_platforms/xilinx_vck190_base_dfx_202410_1/xilinx_vck190_base_dfx_202410_1.xpfm;xilinx_vek280_base_202410_1|C:/Xilinx/Vitis/2024.1/base_platforms/xilinx_vek280_base_202410_1/xilinx_vek280_base_202410_1.xpfm;xilinx_vek280_base_bdc_202410_1|C:/Xilinx/Vitis/2024.1/base_platforms/xilinx_vek280_base_bdc_202410_1/xilinx_vek280_base_bdc_202410_1.xpfm;xilinx_vmk180_base_202410_1|C:/Xilinx/Vitis/2024.1/base_platforms/xilinx_vmk180_base_202410_1/xilinx_vmk180_base_202410_1.xpfm;xilinx_zcu102_base_202410_1|C:/Xilinx/Vitis/2024.1/base_platforms/xilinx_zcu102_base_202410_1/xilinx_zcu102_base_202410_1.xpfm;xilinx_zcu102_base_dfx_202410_1|C:/Xilinx/Vitis/2024.1/base_platforms/xilinx_zcu102_base_dfx_202410_1/xilinx_zcu102_base_dfx_202410_1.xpfm;xilinx_zcu104_base_202410_1|C:/Xilinx/Vitis/2024.1/base_platforms/xilinx_zcu104_base_202410_1/xilinx_zcu104_base_202410_1.xpfm
12:16:00 INFO  : Checking for BSP changes to sync application flags for project 'mymb0App'...
12:17:16 INFO  : Bit file 'C:/Harman/Verilog/SoC_06_23_HelloWorld/mymb0App/_ide/bitstream/download.bit' is generated.
12:17:18 INFO  : Connected to target on host '127.0.0.1' and port '3121'.
12:17:20 INFO  : 'targets -set -filter {jtag_cable_name =~ "Digilent Basys3 210183B9A60DA" && level==0 && jtag_device_ctx=="jsn-Basys3-210183B9A60DA-0362d093-0"}' command is executed.
12:17:21 INFO  : Device configured successfully with "C:/Harman/Verilog/SoC_06_23_HelloWorld/mymb0App/_ide/bitstream/download.bit"
12:18:17 INFO  : Checking for BSP changes to sync application flags for project 'mymb0App'...
12:29:25 WARN  : An unexpected exception occurred in the module 'platform project logging'
12:29:56 INFO  : Result from executing command 'getProjects': mb1_wrapper
12:29:56 INFO  : Result from executing command 'getPlatforms': xilinx_vck190_base_202410_1|C:/Xilinx/Vitis/2024.1/base_platforms/xilinx_vck190_base_202410_1/xilinx_vck190_base_202410_1.xpfm;xilinx_vck190_base_dfx_202410_1|C:/Xilinx/Vitis/2024.1/base_platforms/xilinx_vck190_base_dfx_202410_1/xilinx_vck190_base_dfx_202410_1.xpfm;xilinx_vek280_base_202410_1|C:/Xilinx/Vitis/2024.1/base_platforms/xilinx_vek280_base_202410_1/xilinx_vek280_base_202410_1.xpfm;xilinx_vek280_base_bdc_202410_1|C:/Xilinx/Vitis/2024.1/base_platforms/xilinx_vek280_base_bdc_202410_1/xilinx_vek280_base_bdc_202410_1.xpfm;xilinx_vmk180_base_202410_1|C:/Xilinx/Vitis/2024.1/base_platforms/xilinx_vmk180_base_202410_1/xilinx_vmk180_base_202410_1.xpfm;xilinx_zcu102_base_202410_1|C:/Xilinx/Vitis/2024.1/base_platforms/xilinx_zcu102_base_202410_1/xilinx_zcu102_base_202410_1.xpfm;xilinx_zcu102_base_dfx_202410_1|C:/Xilinx/Vitis/2024.1/base_platforms/xilinx_zcu102_base_dfx_202410_1/xilinx_zcu102_base_dfx_202410_1.xpfm;xilinx_zcu104_base_202410_1|C:/Xilinx/Vitis/2024.1/base_platforms/xilinx_zcu104_base_202410_1/xilinx_zcu104_base_202410_1.xpfm
12:29:56 WARN  : An unexpected exception occurred in the module 'platform project logging'
12:29:57 INFO  : Platform 'mb1_wrapper' is added to custom repositories.
12:29:59 INFO  : Platform 'mb1_wrapper' is added to custom repositories.
12:30:27 INFO  : Result from executing command 'getProjects': mb1_wrapper
12:30:27 INFO  : Result from executing command 'getPlatforms': mb1_wrapper|C:/Harman/Verilog/SoC_06_23_HelloWorld/mb1_wrapper/export/mb1_wrapper/mb1_wrapper.xpfm;xilinx_vck190_base_202410_1|C:/Xilinx/Vitis/2024.1/base_platforms/xilinx_vck190_base_202410_1/xilinx_vck190_base_202410_1.xpfm;xilinx_vck190_base_dfx_202410_1|C:/Xilinx/Vitis/2024.1/base_platforms/xilinx_vck190_base_dfx_202410_1/xilinx_vck190_base_dfx_202410_1.xpfm;xilinx_vek280_base_202410_1|C:/Xilinx/Vitis/2024.1/base_platforms/xilinx_vek280_base_202410_1/xilinx_vek280_base_202410_1.xpfm;xilinx_vek280_base_bdc_202410_1|C:/Xilinx/Vitis/2024.1/base_platforms/xilinx_vek280_base_bdc_202410_1/xilinx_vek280_base_bdc_202410_1.xpfm;xilinx_vmk180_base_202410_1|C:/Xilinx/Vitis/2024.1/base_platforms/xilinx_vmk180_base_202410_1/xilinx_vmk180_base_202410_1.xpfm;xilinx_zcu102_base_202410_1|C:/Xilinx/Vitis/2024.1/base_platforms/xilinx_zcu102_base_202410_1/xilinx_zcu102_base_202410_1.xpfm;xilinx_zcu102_base_dfx_202410_1|C:/Xilinx/Vitis/2024.1/base_platforms/xilinx_zcu102_base_dfx_202410_1/xilinx_zcu102_base_dfx_202410_1.xpfm;xilinx_zcu104_base_202410_1|C:/Xilinx/Vitis/2024.1/base_platforms/xilinx_zcu104_base_202410_1/xilinx_zcu104_base_202410_1.xpfm
12:30:28 INFO  : Checking for BSP changes to sync application flags for project 'mymb1App'...
12:30:57 INFO  : Bit file 'C:/Harman/Verilog/SoC_06_23_HelloWorld/mymb1App/_ide/bitstream/download.bit' is generated.
12:30:57 INFO  : Connected to target on host '127.0.0.1' and port '3121'.
12:30:57 INFO  : 'targets -set -filter {jtag_cable_name =~ "Digilent Basys3 210183B9A60DA" && level==0 && jtag_device_ctx=="jsn-Basys3-210183B9A60DA-0362d093-0"}' command is executed.
12:30:59 INFO  : Device configured successfully with "C:/Harman/Verilog/SoC_06_23_HelloWorld/mymb1App/_ide/bitstream/download.bit"
12:36:35 INFO  : Result from executing command 'getProjects': mb1_wrapper
12:36:35 INFO  : Result from executing command 'getPlatforms': xilinx_vck190_base_202410_1|C:/Xilinx/Vitis/2024.1/base_platforms/xilinx_vck190_base_202410_1/xilinx_vck190_base_202410_1.xpfm;xilinx_vck190_base_dfx_202410_1|C:/Xilinx/Vitis/2024.1/base_platforms/xilinx_vck190_base_dfx_202410_1/xilinx_vck190_base_dfx_202410_1.xpfm;xilinx_vek280_base_202410_1|C:/Xilinx/Vitis/2024.1/base_platforms/xilinx_vek280_base_202410_1/xilinx_vek280_base_202410_1.xpfm;xilinx_vek280_base_bdc_202410_1|C:/Xilinx/Vitis/2024.1/base_platforms/xilinx_vek280_base_bdc_202410_1/xilinx_vek280_base_bdc_202410_1.xpfm;xilinx_vmk180_base_202410_1|C:/Xilinx/Vitis/2024.1/base_platforms/xilinx_vmk180_base_202410_1/xilinx_vmk180_base_202410_1.xpfm;xilinx_zcu102_base_202410_1|C:/Xilinx/Vitis/2024.1/base_platforms/xilinx_zcu102_base_202410_1/xilinx_zcu102_base_202410_1.xpfm;xilinx_zcu102_base_dfx_202410_1|C:/Xilinx/Vitis/2024.1/base_platforms/xilinx_zcu102_base_dfx_202410_1/xilinx_zcu102_base_dfx_202410_1.xpfm;xilinx_zcu104_base_202410_1|C:/Xilinx/Vitis/2024.1/base_platforms/xilinx_zcu104_base_202410_1/xilinx_zcu104_base_202410_1.xpfm
12:36:36 INFO  : Platform 'mb1_wrapper' is added to custom repositories.
12:36:38 INFO  : Platform 'mb1_wrapper' is added to custom repositories.
12:36:48 INFO  : Result from executing command 'getProjects': mb1_wrapper
12:36:48 INFO  : Result from executing command 'getPlatforms': mb1_wrapper|C:/Harman/Verilog/SoC_06_23_HelloWorld/mb1_wrapper/export/mb1_wrapper/mb1_wrapper.xpfm;xilinx_vck190_base_202410_1|C:/Xilinx/Vitis/2024.1/base_platforms/xilinx_vck190_base_202410_1/xilinx_vck190_base_202410_1.xpfm;xilinx_vck190_base_dfx_202410_1|C:/Xilinx/Vitis/2024.1/base_platforms/xilinx_vck190_base_dfx_202410_1/xilinx_vck190_base_dfx_202410_1.xpfm;xilinx_vek280_base_202410_1|C:/Xilinx/Vitis/2024.1/base_platforms/xilinx_vek280_base_202410_1/xilinx_vek280_base_202410_1.xpfm;xilinx_vek280_base_bdc_202410_1|C:/Xilinx/Vitis/2024.1/base_platforms/xilinx_vek280_base_bdc_202410_1/xilinx_vek280_base_bdc_202410_1.xpfm;xilinx_vmk180_base_202410_1|C:/Xilinx/Vitis/2024.1/base_platforms/xilinx_vmk180_base_202410_1/xilinx_vmk180_base_202410_1.xpfm;xilinx_zcu102_base_202410_1|C:/Xilinx/Vitis/2024.1/base_platforms/xilinx_zcu102_base_202410_1/xilinx_zcu102_base_202410_1.xpfm;xilinx_zcu102_base_dfx_202410_1|C:/Xilinx/Vitis/2024.1/base_platforms/xilinx_zcu102_base_dfx_202410_1/xilinx_zcu102_base_dfx_202410_1.xpfm;xilinx_zcu104_base_202410_1|C:/Xilinx/Vitis/2024.1/base_platforms/xilinx_zcu104_base_202410_1/xilinx_zcu104_base_202410_1.xpfm
12:36:49 INFO  : Checking for BSP changes to sync application flags for project 'mymb1App'...
12:36:52 INFO  : Checking for BSP changes to sync application flags for project 'mymb1App'...
12:37:24 INFO  : Bit file 'C:/Harman/Verilog/SoC_06_23_HelloWorld/mymb1App/_ide/bitstream/download.bit' is generated.
12:37:24 INFO  : Connected to target on host '127.0.0.1' and port '3121'.
12:37:24 INFO  : 'targets -set -filter {jtag_cable_name =~ "Digilent Basys3 210183B9A60DA" && level==0 && jtag_device_ctx=="jsn-Basys3-210183B9A60DA-0362d093-0"}' command is executed.
12:37:25 INFO  : Device configured successfully with "C:/Harman/Verilog/SoC_06_23_HelloWorld/mymb1App/_ide/bitstream/download.bit"
12:39:10 INFO  : Checking for BSP changes to sync application flags for project 'mymb1App'...
12:39:29 INFO  : Checking for BSP changes to sync application flags for project 'mymb1App'...
