TRACE::2024-06-23.12:36:34::SCWPlatform::Trying to open the hw design at C:/Harman/Verilog/SoC_06_23_HelloWorld/mb1_wrapper/hw/mb1_wrapper.xsa
TRACE::2024-06-23.12:36:34::SCWPlatform::DSA given C:/Harman/Verilog/SoC_06_23_HelloWorld/mb1_wrapper/hw/mb1_wrapper.xsa
TRACE::2024-06-23.12:36:34::SCWPlatform::DSA absoulate path C:/Harman/Verilog/SoC_06_23_HelloWorld/mb1_wrapper/hw/mb1_wrapper.xsa
TRACE::2024-06-23.12:36:34::SCWPlatform::DSA directory C:/Harman/Verilog/SoC_06_23_HelloWorld/mb1_wrapper/hw
TRACE::2024-06-23.12:36:34::SCWPlatform:: Platform Path C:/Harman/Verilog/SoC_06_23_HelloWorld/mb1_wrapper/hw/mb1_wrapper.xsa
TRACE::2024-06-23.12:36:34::SCWPlatform:: Unique name xilinx:basys3::0.0
TRACE::2024-06-23.12:36:34::SCWPlatform::Do not have an existing db opened. 
TRACE::2024-06-23.12:36:34::SCWPlatform::Opened new HwDB with name mb1_wrapper_5
TRACE::2024-06-23.12:36:34::SCWWriter::formatted JSON is {
	"platformName":	"mb1_wrapper",
	"sprVersion":	"2.0",
	"mode":	"gui",
	"dsaType":	"Fixed",
	"platformDesc":	"mb1_wrapper",
	"platHandOff":	"<platformDir>.xsa",
	"platIntHandOff":	"<platformDir>/hw/mb1_wrapper.xsa",
	"deviceType":	"FPGA",
	"platIsPrebuiltAutogen":	"false",
	"platIsNoBootBsp":	"false",
	"hasFsblMakeHasChanges":	"false",
	"hasPmufwMakeHasChanges":	"false",
	"platPreBuiltFlag":	false,
	"platformSamplesDir":	""
}
TRACE::2024-06-23.12:36:34::SCWWriter::formatted JSON is {
	"platformName":	"mb1_wrapper",
	"sprVersion":	"2.0",
	"mode":	"gui",
	"dsaType":	"Fixed",
	"platformDesc":	"mb1_wrapper",
	"platHandOff":	"<platformDir>.xsa",
	"platIntHandOff":	"<platformDir>/hw/mb1_wrapper.xsa",
	"deviceType":	"FPGA",
	"platIsPrebuiltAutogen":	"false",
	"platIsNoBootBsp":	"false",
	"hasFsblMakeHasChanges":	"false",
	"hasPmufwMakeHasChanges":	"false",
	"platPreBuiltFlag":	false,
	"platformSamplesDir":	"",
	"platActiveSys":	"mb1_wrapper",
	"systems":	[{
			"systemName":	"mb1_wrapper",
			"systemDesc":	"mb1_wrapper",
			"sysIsBootAutoGen":	"true",
			"systemDispName":	"mb1_wrapper"
		}]
}
TRACE::2024-06-23.12:36:34::SCWPlatform::Boot application domains not present, creating them
TRACE::2024-06-23.12:36:34::SCWPlatform::Pure FPGA device, no boot application will be created.
TRACE::2024-06-23.12:36:34::SCWWriter::formatted JSON is {
	"platformName":	"mb1_wrapper",
	"sprVersion":	"2.0",
	"mode":	"gui",
	"dsaType":	"Fixed",
	"platformDesc":	"mb1_wrapper",
	"platHandOff":	"<platformDir>.xsa",
	"platIntHandOff":	"<platformDir>/hw/mb1_wrapper.xsa",
	"deviceType":	"FPGA",
	"platIsPrebuiltAutogen":	"false",
	"platIsNoBootBsp":	"false",
	"hasFsblMakeHasChanges":	"false",
	"hasPmufwMakeHasChanges":	"false",
	"platPreBuiltFlag":	false,
	"platformSamplesDir":	"",
	"platActiveSys":	"mb1_wrapper",
	"systems":	[{
			"systemName":	"mb1_wrapper",
			"systemDesc":	"mb1_wrapper",
			"sysIsBootAutoGen":	"true",
			"systemDispName":	"mb1_wrapper"
		}]
}
TRACE::2024-06-23.12:36:34::SCWWriter::formatted JSON is {
	"platformName":	"mb1_wrapper",
	"sprVersion":	"2.0",
	"mode":	"gui",
	"dsaType":	"Fixed",
	"platformDesc":	"mb1_wrapper",
	"platHandOff":	"<platformDir>.xsa",
	"platIntHandOff":	"<platformDir>/hw/mb1_wrapper.xsa",
	"deviceType":	"FPGA",
	"platIsPrebuiltAutogen":	"false",
	"platIsNoBootBsp":	"false",
	"hasFsblMakeHasChanges":	"false",
	"hasPmufwMakeHasChanges":	"false",
	"platPreBuiltFlag":	false,
	"platformSamplesDir":	"",
	"platActiveSys":	"mb1_wrapper",
	"systems":	[{
			"systemName":	"mb1_wrapper",
			"systemDesc":	"mb1_wrapper",
			"sysIsBootAutoGen":	"true",
			"systemDispName":	"mb1_wrapper"
		}]
}
TRACE::2024-06-23.12:36:34::SCWPlatform::Trying to open the hw design at C:/Harman/Verilog/SoC_06_23_HelloWorld/mb1_wrapper/hw/mb1_wrapper.xsa
TRACE::2024-06-23.12:36:34::SCWPlatform::DSA given C:/Harman/Verilog/SoC_06_23_HelloWorld/mb1_wrapper/hw/mb1_wrapper.xsa
TRACE::2024-06-23.12:36:34::SCWPlatform::DSA absoulate path C:/Harman/Verilog/SoC_06_23_HelloWorld/mb1_wrapper/hw/mb1_wrapper.xsa
TRACE::2024-06-23.12:36:34::SCWPlatform::DSA directory C:/Harman/Verilog/SoC_06_23_HelloWorld/mb1_wrapper/hw
TRACE::2024-06-23.12:36:34::SCWPlatform:: Platform Path C:/Harman/Verilog/SoC_06_23_HelloWorld/mb1_wrapper/hw/mb1_wrapper.xsa
TRACE::2024-06-23.12:36:34::SCWPlatform:: Unique name xilinx:basys3::0.0
TRACE::2024-06-23.12:36:34::SCWPlatform::Trying to set the existing hwdb with name mb1_wrapper_5
TRACE::2024-06-23.12:36:34::SCWPlatform::Opened existing hwdb mb1_wrapper_5
TRACE::2024-06-23.12:36:34::SCWPlatform::Found the Hw Db part of the input DSA
TRACE::2024-06-23.12:36:34::SCWPlatform::Trying to open the hw design at C:/Harman/Verilog/SoC_06_23_HelloWorld/mb1_wrapper/hw/mb1_wrapper.xsa
TRACE::2024-06-23.12:36:34::SCWPlatform::DSA given C:/Harman/Verilog/SoC_06_23_HelloWorld/mb1_wrapper/hw/mb1_wrapper.xsa
TRACE::2024-06-23.12:36:34::SCWPlatform::DSA absoulate path C:/Harman/Verilog/SoC_06_23_HelloWorld/mb1_wrapper/hw/mb1_wrapper.xsa
TRACE::2024-06-23.12:36:34::SCWPlatform::DSA directory C:/Harman/Verilog/SoC_06_23_HelloWorld/mb1_wrapper/hw
TRACE::2024-06-23.12:36:34::SCWPlatform:: Platform Path C:/Harman/Verilog/SoC_06_23_HelloWorld/mb1_wrapper/hw/mb1_wrapper.xsa
TRACE::2024-06-23.12:36:34::SCWPlatform:: Unique name xilinx:basys3::0.0
TRACE::2024-06-23.12:36:34::SCWPlatform::Trying to set the existing hwdb with name mb1_wrapper_5
TRACE::2024-06-23.12:36:34::SCWPlatform::Opened existing hwdb mb1_wrapper_5
TRACE::2024-06-23.12:36:34::SCWPlatform::Found the Hw Db part of the input DSA
TRACE::2024-06-23.12:36:34::SCWDomain::checking for install qemu data   : 
TRACE::2024-06-23.12:36:34::SCWPlatform::Trying to open the hw design at C:/Harman/Verilog/SoC_06_23_HelloWorld/mb1_wrapper/hw/mb1_wrapper.xsa
TRACE::2024-06-23.12:36:34::SCWPlatform::DSA given C:/Harman/Verilog/SoC_06_23_HelloWorld/mb1_wrapper/hw/mb1_wrapper.xsa
TRACE::2024-06-23.12:36:34::SCWPlatform::DSA absoulate path C:/Harman/Verilog/SoC_06_23_HelloWorld/mb1_wrapper/hw/mb1_wrapper.xsa
TRACE::2024-06-23.12:36:34::SCWPlatform::DSA directory C:/Harman/Verilog/SoC_06_23_HelloWorld/mb1_wrapper/hw
TRACE::2024-06-23.12:36:34::SCWPlatform:: Platform Path C:/Harman/Verilog/SoC_06_23_HelloWorld/mb1_wrapper/hw/mb1_wrapper.xsa
TRACE::2024-06-23.12:36:34::SCWPlatform:: Unique name xilinx:basys3::0.0
TRACE::2024-06-23.12:36:34::SCWPlatform::Trying to set the existing hwdb with name mb1_wrapper_5
TRACE::2024-06-23.12:36:34::SCWPlatform::Opened existing hwdb mb1_wrapper_5
TRACE::2024-06-23.12:36:34::SCWPlatform::Found the Hw Db part of the input DSA
TRACE::2024-06-23.12:36:34::SCWPlatform::Trying to open the hw design at C:/Harman/Verilog/SoC_06_23_HelloWorld/mb1_wrapper/hw/mb1_wrapper.xsa
TRACE::2024-06-23.12:36:34::SCWPlatform::DSA given C:/Harman/Verilog/SoC_06_23_HelloWorld/mb1_wrapper/hw/mb1_wrapper.xsa
TRACE::2024-06-23.12:36:34::SCWPlatform::DSA absoulate path C:/Harman/Verilog/SoC_06_23_HelloWorld/mb1_wrapper/hw/mb1_wrapper.xsa
TRACE::2024-06-23.12:36:34::SCWPlatform::DSA directory C:/Harman/Verilog/SoC_06_23_HelloWorld/mb1_wrapper/hw
TRACE::2024-06-23.12:36:34::SCWPlatform:: Platform Path C:/Harman/Verilog/SoC_06_23_HelloWorld/mb1_wrapper/hw/mb1_wrapper.xsa
TRACE::2024-06-23.12:36:34::SCWPlatform:: Unique name xilinx:basys3::0.0
TRACE::2024-06-23.12:36:34::SCWPlatform::Trying to set the existing hwdb with name mb1_wrapper_5
TRACE::2024-06-23.12:36:34::SCWPlatform::Opened existing hwdb mb1_wrapper_5
TRACE::2024-06-23.12:36:34::SCWPlatform::Found the Hw Db part of the input DSA
TRACE::2024-06-23.12:36:34::SCWPlatform::Trying to open the hw design at C:/Harman/Verilog/SoC_06_23_HelloWorld/mb1_wrapper/hw/mb1_wrapper.xsa
TRACE::2024-06-23.12:36:34::SCWPlatform::DSA given C:/Harman/Verilog/SoC_06_23_HelloWorld/mb1_wrapper/hw/mb1_wrapper.xsa
TRACE::2024-06-23.12:36:34::SCWPlatform::DSA absoulate path C:/Harman/Verilog/SoC_06_23_HelloWorld/mb1_wrapper/hw/mb1_wrapper.xsa
TRACE::2024-06-23.12:36:34::SCWPlatform::DSA directory C:/Harman/Verilog/SoC_06_23_HelloWorld/mb1_wrapper/hw
TRACE::2024-06-23.12:36:34::SCWPlatform:: Platform Path C:/Harman/Verilog/SoC_06_23_HelloWorld/mb1_wrapper/hw/mb1_wrapper.xsa
TRACE::2024-06-23.12:36:34::SCWPlatform:: Unique name xilinx:basys3::0.0
TRACE::2024-06-23.12:36:34::SCWPlatform::Trying to set the existing hwdb with name mb1_wrapper_5
TRACE::2024-06-23.12:36:34::SCWPlatform::Opened existing hwdb mb1_wrapper_5
TRACE::2024-06-23.12:36:34::SCWPlatform::Found the Hw Db part of the input DSA
TRACE::2024-06-23.12:36:34::SCWMssOS::Checking the sw design at  C:/Harman/Verilog/SoC_06_23_HelloWorld/mb1_wrapper/microblaze_0/standalone_microblaze_0/bsp/system.mss
TRACE::2024-06-23.12:36:34::SCWMssOS::DEBUG:  swdes dump  
TRACE::2024-06-23.12:36:34::SCWMssOS::No sw design opened at  C:/Harman/Verilog/SoC_06_23_HelloWorld/mb1_wrapper/microblaze_0/standalone_microblaze_0/bsp/system.mss
TRACE::2024-06-23.12:36:34::SCWMssOS::mss does not exists at C:/Harman/Verilog/SoC_06_23_HelloWorld/mb1_wrapper/microblaze_0/standalone_microblaze_0/bsp/system.mss
TRACE::2024-06-23.12:36:34::SCWMssOS::Creating sw design at  C:/Harman/Verilog/SoC_06_23_HelloWorld/mb1_wrapper/microblaze_0/standalone_microblaze_0/bsp/system.mss
TRACE::2024-06-23.12:36:34::SCWMssOS::Adding the swdes entry, created swdb C:/Harman/Verilog/SoC_06_23_HelloWorld/mb1_wrapper/microblaze_0/standalone_microblaze_0/bsp/system.mss with des name C:/Harman/Verilog/SoC_06_23_HelloWorld/mb1_wrapper/microblaze_0/standalone_microblaze_0/bsp/system.mss
TRACE::2024-06-23.12:36:34::SCWMssOS::updating the scw layer changes to swdes at   C:/Harman/Verilog/SoC_06_23_HelloWorld/mb1_wrapper/microblaze_0/standalone_microblaze_0/bsp/system.mss
TRACE::2024-06-23.12:36:34::SCWMssOS::Writing mss at C:/Harman/Verilog/SoC_06_23_HelloWorld/mb1_wrapper/microblaze_0/standalone_microblaze_0/bsp/system.mss
TRACE::2024-06-23.12:36:34::SCWMssOS::Completed writing the mss file at C:/Harman/Verilog/SoC_06_23_HelloWorld/mb1_wrapper/microblaze_0/standalone_microblaze_0/bsp
TRACE::2024-06-23.12:36:34::SCWMssOS::Picking up changes from newly written mss file into SCW Layer. 
TRACE::2024-06-23.12:36:34::SCWMssOS::Updated the changes from newly written mss file into SCW Layer. 
TRACE::2024-06-23.12:36:34::SCWMssOS::Completed writing the mss file at C:/Harman/Verilog/SoC_06_23_HelloWorld/mb1_wrapper/microblaze_0/standalone_microblaze_0/bsp
TRACE::2024-06-23.12:36:34::SCWMssOS::Forcing BSP Sources regeneration.
TRACE::2024-06-23.12:36:35::SCWMssOS::Saving the mss changes C:/Harman/Verilog/SoC_06_23_HelloWorld/mb1_wrapper/microblaze_0/standalone_microblaze_0/bsp/system.mss
TRACE::2024-06-23.12:36:35::SCWMssOS::Adding the swdes entry, mss present, able to open swdb C:/Harman/Verilog/SoC_06_23_HelloWorld/mb1_wrapper/microblaze_0/standalone_microblaze_0/bsp/system.mss with des name system
TRACE::2024-06-23.12:36:35::SCWMssOS::Writing the mss file completed C:/Harman/Verilog/SoC_06_23_HelloWorld/mb1_wrapper/microblaze_0/standalone_microblaze_0/bsp/system.mss
TRACE::2024-06-23.12:36:35::SCWMssOS::Commit changes completed.
TRACE::2024-06-23.12:36:35::SCWPlatform::Trying to open the hw design at C:/Harman/Verilog/SoC_06_23_HelloWorld/mb1_wrapper/hw/mb1_wrapper.xsa
TRACE::2024-06-23.12:36:35::SCWPlatform::DSA given C:/Harman/Verilog/SoC_06_23_HelloWorld/mb1_wrapper/hw/mb1_wrapper.xsa
TRACE::2024-06-23.12:36:35::SCWPlatform::DSA absoulate path C:/Harman/Verilog/SoC_06_23_HelloWorld/mb1_wrapper/hw/mb1_wrapper.xsa
TRACE::2024-06-23.12:36:35::SCWPlatform::DSA directory C:/Harman/Verilog/SoC_06_23_HelloWorld/mb1_wrapper/hw
TRACE::2024-06-23.12:36:35::SCWPlatform:: Platform Path C:/Harman/Verilog/SoC_06_23_HelloWorld/mb1_wrapper/hw/mb1_wrapper.xsa
TRACE::2024-06-23.12:36:35::SCWPlatform:: Unique name xilinx:basys3::0.0
TRACE::2024-06-23.12:36:35::SCWPlatform::Trying to set the existing hwdb with name mb1_wrapper_5
TRACE::2024-06-23.12:36:35::SCWPlatform::Opened existing hwdb mb1_wrapper_5
TRACE::2024-06-23.12:36:35::SCWPlatform::Found the Hw Db part of the input DSA
TRACE::2024-06-23.12:36:35::SCWMssOS::Checking the sw design at  C:/Harman/Verilog/SoC_06_23_HelloWorld/mb1_wrapper/microblaze_0/standalone_microblaze_0/bsp/system.mss
TRACE::2024-06-23.12:36:35::SCWMssOS::DEBUG:  swdes dump  C:/Harman/Verilog/SoC_06_23_HelloWorld/mb1_wrapper/microblaze_0/standalone_microblaze_0/bsp/system.mss|system||

TRACE::2024-06-23.12:36:35::SCWMssOS::Sw design exists and opened at  C:/Harman/Verilog/SoC_06_23_HelloWorld/mb1_wrapper/microblaze_0/standalone_microblaze_0/bsp/system.mss
TRACE::2024-06-23.12:36:35::SCWPlatform::Trying to open the hw design at C:/Harman/Verilog/SoC_06_23_HelloWorld/mb1_wrapper/hw/mb1_wrapper.xsa
TRACE::2024-06-23.12:36:35::SCWPlatform::DSA given C:/Harman/Verilog/SoC_06_23_HelloWorld/mb1_wrapper/hw/mb1_wrapper.xsa
TRACE::2024-06-23.12:36:35::SCWPlatform::DSA absoulate path C:/Harman/Verilog/SoC_06_23_HelloWorld/mb1_wrapper/hw/mb1_wrapper.xsa
TRACE::2024-06-23.12:36:35::SCWPlatform::DSA directory C:/Harman/Verilog/SoC_06_23_HelloWorld/mb1_wrapper/hw
TRACE::2024-06-23.12:36:35::SCWPlatform:: Platform Path C:/Harman/Verilog/SoC_06_23_HelloWorld/mb1_wrapper/hw/mb1_wrapper.xsa
TRACE::2024-06-23.12:36:35::SCWPlatform:: Unique name xilinx:basys3::0.0
TRACE::2024-06-23.12:36:35::SCWPlatform::Trying to set the existing hwdb with name mb1_wrapper_5
TRACE::2024-06-23.12:36:35::SCWPlatform::Opened existing hwdb mb1_wrapper_5
TRACE::2024-06-23.12:36:35::SCWPlatform::Found the Hw Db part of the input DSA
TRACE::2024-06-23.12:36:35::SCWMssOS::Checking the sw design at  C:/Harman/Verilog/SoC_06_23_HelloWorld/mb1_wrapper/microblaze_0/standalone_microblaze_0/bsp/system.mss
TRACE::2024-06-23.12:36:35::SCWMssOS::DEBUG:  swdes dump  C:/Harman/Verilog/SoC_06_23_HelloWorld/mb1_wrapper/microblaze_0/standalone_microblaze_0/bsp/system.mss|system||

TRACE::2024-06-23.12:36:35::SCWMssOS::Sw design exists and opened at  C:/Harman/Verilog/SoC_06_23_HelloWorld/mb1_wrapper/microblaze_0/standalone_microblaze_0/bsp/system.mss
TRACE::2024-06-23.12:36:35::SCWPlatform::Trying to open the hw design at C:/Harman/Verilog/SoC_06_23_HelloWorld/mb1_wrapper/hw/mb1_wrapper.xsa
TRACE::2024-06-23.12:36:35::SCWPlatform::DSA given C:/Harman/Verilog/SoC_06_23_HelloWorld/mb1_wrapper/hw/mb1_wrapper.xsa
TRACE::2024-06-23.12:36:35::SCWPlatform::DSA absoulate path C:/Harman/Verilog/SoC_06_23_HelloWorld/mb1_wrapper/hw/mb1_wrapper.xsa
TRACE::2024-06-23.12:36:35::SCWPlatform::DSA directory C:/Harman/Verilog/SoC_06_23_HelloWorld/mb1_wrapper/hw
TRACE::2024-06-23.12:36:35::SCWPlatform:: Platform Path C:/Harman/Verilog/SoC_06_23_HelloWorld/mb1_wrapper/hw/mb1_wrapper.xsa
TRACE::2024-06-23.12:36:35::SCWPlatform:: Unique name xilinx:basys3::0.0
TRACE::2024-06-23.12:36:35::SCWPlatform::Trying to set the existing hwdb with name mb1_wrapper_5
TRACE::2024-06-23.12:36:35::SCWPlatform::Opened existing hwdb mb1_wrapper_5
TRACE::2024-06-23.12:36:35::SCWPlatform::Found the Hw Db part of the input DSA
TRACE::2024-06-23.12:36:35::SCWMssOS::Checking the sw design at  C:/Harman/Verilog/SoC_06_23_HelloWorld/mb1_wrapper/microblaze_0/standalone_microblaze_0/bsp/system.mss
TRACE::2024-06-23.12:36:35::SCWMssOS::DEBUG:  swdes dump  C:/Harman/Verilog/SoC_06_23_HelloWorld/mb1_wrapper/microblaze_0/standalone_microblaze_0/bsp/system.mss|system||

TRACE::2024-06-23.12:36:35::SCWMssOS::Sw design exists and opened at  C:/Harman/Verilog/SoC_06_23_HelloWorld/mb1_wrapper/microblaze_0/standalone_microblaze_0/bsp/system.mss
TRACE::2024-06-23.12:36:35::SCWWriter::formatted JSON is {
	"platformName":	"mb1_wrapper",
	"sprVersion":	"2.0",
	"mode":	"gui",
	"dsaType":	"Fixed",
	"platformDesc":	"mb1_wrapper",
	"platHandOff":	"<platformDir>.xsa",
	"platIntHandOff":	"<platformDir>/hw/mb1_wrapper.xsa",
	"deviceType":	"FPGA",
	"platIsPrebuiltAutogen":	"false",
	"platIsNoBootBsp":	"false",
	"hasFsblMakeHasChanges":	"false",
	"hasPmufwMakeHasChanges":	"false",
	"platPreBuiltFlag":	false,
	"platformSamplesDir":	"",
	"platActiveSys":	"mb1_wrapper",
	"systems":	[{
			"systemName":	"mb1_wrapper",
			"systemDesc":	"mb1_wrapper",
			"sysIsBootAutoGen":	"true",
			"systemDispName":	"mb1_wrapper",
			"sysActiveDom":	"standalone_microblaze_0",
			"sysDefaultDom":	"standalone_microblaze_0",
			"domains":	[{
					"domainName":	"standalone_microblaze_0",
					"domainDispName":	"standalone_microblaze_0",
					"domainDesc":	"standalone_microblaze_0",
					"processors":	"microblaze_0",
					"os":	"standalone",
					"sdxOs":	"standalone",
					"debugEnable":	"False",
					"domRuntimes":	["cpp"],
					"swRepo":	"",
					"mssOsVer":	"9.1",
					"mssFile":	"",
					"md5Digest":	"b218992a47ef94dcb91866925243c166",
					"compatibleApp":	"hello_world",
					"domType":	"mssDomain",
					"arch":	"32-bit",
					"appSettings":	{
						"appCompilerFlags":	"",
						"appLinkerFlags":	""
					},
					"addedLibs":	[],
					"libOptions":	{
						"libsContainingOptions":	[]
					},
					"prebuiltLibs":	{
						"prebuiltIncPath":	[],
						"prebuiltLibPath":	[]
					},
					"isolation":	{
					}
				}]
		}]
}
LOG::2024-06-23.12:36:35::SCWPlatform::Started generating the artifacts platform mb1_wrapper
TRACE::2024-06-23.12:36:35::SCWPlatform::Sanity checking of platform is completed
LOG::2024-06-23.12:36:35::SCWPlatform::Started generating the artifacts for system configuration mb1_wrapper
LOG::2024-06-23.12:36:35::SCWSystem::Checking the domain standalone_microblaze_0
LOG::2024-06-23.12:36:35::SCWSystem::Not a boot domain 
LOG::2024-06-23.12:36:35::SCWSystem::Started Processing the domain standalone_microblaze_0
TRACE::2024-06-23.12:36:35::SCWDomain::Generating domain artifcats
TRACE::2024-06-23.12:36:35::SCWMssOS::Generating standalone artifcats
TRACE::2024-06-23.12:36:35::SCWMssOS:: Copying the user libraries. 
TRACE::2024-06-23.12:36:35::SCWPlatform::Trying to open the hw design at C:/Harman/Verilog/SoC_06_23_HelloWorld/mb1_wrapper/hw/mb1_wrapper.xsa
TRACE::2024-06-23.12:36:35::SCWPlatform::DSA given C:/Harman/Verilog/SoC_06_23_HelloWorld/mb1_wrapper/hw/mb1_wrapper.xsa
TRACE::2024-06-23.12:36:35::SCWPlatform::DSA absoulate path C:/Harman/Verilog/SoC_06_23_HelloWorld/mb1_wrapper/hw/mb1_wrapper.xsa
TRACE::2024-06-23.12:36:35::SCWPlatform::DSA directory C:/Harman/Verilog/SoC_06_23_HelloWorld/mb1_wrapper/hw
TRACE::2024-06-23.12:36:35::SCWPlatform:: Platform Path C:/Harman/Verilog/SoC_06_23_HelloWorld/mb1_wrapper/hw/mb1_wrapper.xsa
TRACE::2024-06-23.12:36:35::SCWPlatform:: Unique name xilinx:basys3::0.0
TRACE::2024-06-23.12:36:35::SCWPlatform::Trying to set the existing hwdb with name mb1_wrapper_5
TRACE::2024-06-23.12:36:35::SCWPlatform::Opened existing hwdb mb1_wrapper_5
TRACE::2024-06-23.12:36:35::SCWPlatform::Found the Hw Db part of the input DSA
TRACE::2024-06-23.12:36:35::SCWMssOS::Checking the sw design at  C:/Harman/Verilog/SoC_06_23_HelloWorld/mb1_wrapper/microblaze_0/standalone_microblaze_0/bsp/system.mss
TRACE::2024-06-23.12:36:35::SCWMssOS::DEBUG:  swdes dump  C:/Harman/Verilog/SoC_06_23_HelloWorld/mb1_wrapper/microblaze_0/standalone_microblaze_0/bsp/system.mss|system||

TRACE::2024-06-23.12:36:35::SCWMssOS::Sw design exists and opened at  C:/Harman/Verilog/SoC_06_23_HelloWorld/mb1_wrapper/microblaze_0/standalone_microblaze_0/bsp/system.mss
TRACE::2024-06-23.12:36:35::SCWMssOS::Completed writing the mss file at C:/Harman/Verilog/SoC_06_23_HelloWorld/mb1_wrapper/microblaze_0/standalone_microblaze_0/bsp
TRACE::2024-06-23.12:36:35::SCWMssOS::Mss edits present, copying mssfile into export location C:/Harman/Verilog/SoC_06_23_HelloWorld/mb1_wrapper/microblaze_0/standalone_microblaze_0/bsp/system.mss
TRACE::2024-06-23.12:36:35::SCWMssOS::bsp generated is upto date with the mss file. Skipping bsp generation.
TRACE::2024-06-23.12:36:35::SCWMssOS::BSP is already built. skipping the bsp build ... 
TRACE::2024-06-23.12:36:35::SCWDomain::Skipping the build for domain :  standalone_microblaze_0
TRACE::2024-06-23.12:36:35::SCWMssOS::skipping the bsp build ... 
TRACE::2024-06-23.12:36:35::SCWMssOS::Copying to export directory.
TRACE::2024-06-23.12:36:35::SCWMssOS:: Checking if to create the Supporting Applications
TRACE::2024-06-23.12:36:35::SCWMssOS:: No Linux domain exists, trying to generate FSBL 
LOG::2024-06-23.12:36:35::SCWSystem::Completed Processing the domain standalone_microblaze_0
LOG::2024-06-23.12:36:35::SCWSystem::Completed Processing the sysconfig mb1_wrapper
LOG::2024-06-23.12:36:35::SCWPlatform::Completed generating the artifacts for system configuration mb1_wrapper
TRACE::2024-06-23.12:36:35::SCWPlatform::Started preparing the platform 
TRACE::2024-06-23.12:36:35::SCWSystem::Writing the bif file for system config mb1_wrapper
TRACE::2024-06-23.12:36:35::SCWSystem::dir created 
TRACE::2024-06-23.12:36:35::SCWSystem::Writing the bif 
TRACE::2024-06-23.12:36:35::SCWPlatform::Started writing the spfm file 
TRACE::2024-06-23.12:36:35::SCWPlatform::Started writing the xpfm file 
TRACE::2024-06-23.12:36:35::SCWPlatform::Completed generating the platform
TRACE::2024-06-23.12:36:35::SCWMssOS::Saving the mss changes C:/Harman/Verilog/SoC_06_23_HelloWorld/mb1_wrapper/microblaze_0/standalone_microblaze_0/bsp/system.mss
TRACE::2024-06-23.12:36:35::SCWMssOS::Found a swdesign opened with the mssfile.
TRACE::2024-06-23.12:36:35::SCWMssOS::Completed writemss as part of save.
TRACE::2024-06-23.12:36:35::SCWMssOS::Commit changes completed.
TRACE::2024-06-23.12:36:35::SCWPlatform::Trying to open the hw design at C:/Harman/Verilog/SoC_06_23_HelloWorld/mb1_wrapper/hw/mb1_wrapper.xsa
TRACE::2024-06-23.12:36:35::SCWPlatform::DSA given C:/Harman/Verilog/SoC_06_23_HelloWorld/mb1_wrapper/hw/mb1_wrapper.xsa
TRACE::2024-06-23.12:36:35::SCWPlatform::DSA absoulate path C:/Harman/Verilog/SoC_06_23_HelloWorld/mb1_wrapper/hw/mb1_wrapper.xsa
TRACE::2024-06-23.12:36:35::SCWPlatform::DSA directory C:/Harman/Verilog/SoC_06_23_HelloWorld/mb1_wrapper/hw
TRACE::2024-06-23.12:36:35::SCWPlatform:: Platform Path C:/Harman/Verilog/SoC_06_23_HelloWorld/mb1_wrapper/hw/mb1_wrapper.xsa
TRACE::2024-06-23.12:36:35::SCWPlatform:: Unique name xilinx:basys3::0.0
TRACE::2024-06-23.12:36:35::SCWPlatform::Trying to set the existing hwdb with name mb1_wrapper_5
TRACE::2024-06-23.12:36:35::SCWPlatform::Opened existing hwdb mb1_wrapper_5
TRACE::2024-06-23.12:36:35::SCWPlatform::Found the Hw Db part of the input DSA
TRACE::2024-06-23.12:36:35::SCWMssOS::Checking the sw design at  C:/Harman/Verilog/SoC_06_23_HelloWorld/mb1_wrapper/microblaze_0/standalone_microblaze_0/bsp/system.mss
TRACE::2024-06-23.12:36:35::SCWMssOS::DEBUG:  swdes dump  C:/Harman/Verilog/SoC_06_23_HelloWorld/mb1_wrapper/microblaze_0/standalone_microblaze_0/bsp/system.mss|system||

TRACE::2024-06-23.12:36:35::SCWMssOS::Sw design exists and opened at  C:/Harman/Verilog/SoC_06_23_HelloWorld/mb1_wrapper/microblaze_0/standalone_microblaze_0/bsp/system.mss
TRACE::2024-06-23.12:36:35::SCWPlatform::Trying to open the hw design at C:/Harman/Verilog/SoC_06_23_HelloWorld/mb1_wrapper/hw/mb1_wrapper.xsa
TRACE::2024-06-23.12:36:35::SCWPlatform::DSA given C:/Harman/Verilog/SoC_06_23_HelloWorld/mb1_wrapper/hw/mb1_wrapper.xsa
TRACE::2024-06-23.12:36:35::SCWPlatform::DSA absoulate path C:/Harman/Verilog/SoC_06_23_HelloWorld/mb1_wrapper/hw/mb1_wrapper.xsa
TRACE::2024-06-23.12:36:35::SCWPlatform::DSA directory C:/Harman/Verilog/SoC_06_23_HelloWorld/mb1_wrapper/hw
TRACE::2024-06-23.12:36:35::SCWPlatform:: Platform Path C:/Harman/Verilog/SoC_06_23_HelloWorld/mb1_wrapper/hw/mb1_wrapper.xsa
TRACE::2024-06-23.12:36:35::SCWPlatform:: Unique name xilinx:basys3::0.0
TRACE::2024-06-23.12:36:35::SCWPlatform::Trying to set the existing hwdb with name mb1_wrapper_5
TRACE::2024-06-23.12:36:35::SCWPlatform::Opened existing hwdb mb1_wrapper_5
TRACE::2024-06-23.12:36:35::SCWPlatform::Found the Hw Db part of the input DSA
TRACE::2024-06-23.12:36:35::SCWMssOS::Checking the sw design at  C:/Harman/Verilog/SoC_06_23_HelloWorld/mb1_wrapper/microblaze_0/standalone_microblaze_0/bsp/system.mss
TRACE::2024-06-23.12:36:35::SCWMssOS::DEBUG:  swdes dump  C:/Harman/Verilog/SoC_06_23_HelloWorld/mb1_wrapper/microblaze_0/standalone_microblaze_0/bsp/system.mss|system||

TRACE::2024-06-23.12:36:35::SCWMssOS::Sw design exists and opened at  C:/Harman/Verilog/SoC_06_23_HelloWorld/mb1_wrapper/microblaze_0/standalone_microblaze_0/bsp/system.mss
TRACE::2024-06-23.12:36:35::SCWPlatform::Trying to open the hw design at C:/Harman/Verilog/SoC_06_23_HelloWorld/mb1_wrapper/hw/mb1_wrapper.xsa
TRACE::2024-06-23.12:36:35::SCWPlatform::DSA given C:/Harman/Verilog/SoC_06_23_HelloWorld/mb1_wrapper/hw/mb1_wrapper.xsa
TRACE::2024-06-23.12:36:35::SCWPlatform::DSA absoulate path C:/Harman/Verilog/SoC_06_23_HelloWorld/mb1_wrapper/hw/mb1_wrapper.xsa
TRACE::2024-06-23.12:36:35::SCWPlatform::DSA directory C:/Harman/Verilog/SoC_06_23_HelloWorld/mb1_wrapper/hw
TRACE::2024-06-23.12:36:35::SCWPlatform:: Platform Path C:/Harman/Verilog/SoC_06_23_HelloWorld/mb1_wrapper/hw/mb1_wrapper.xsa
TRACE::2024-06-23.12:36:35::SCWPlatform:: Unique name xilinx:basys3::0.0
TRACE::2024-06-23.12:36:35::SCWPlatform::Trying to set the existing hwdb with name mb1_wrapper_5
TRACE::2024-06-23.12:36:35::SCWPlatform::Opened existing hwdb mb1_wrapper_5
TRACE::2024-06-23.12:36:35::SCWPlatform::Found the Hw Db part of the input DSA
TRACE::2024-06-23.12:36:35::SCWMssOS::Checking the sw design at  C:/Harman/Verilog/SoC_06_23_HelloWorld/mb1_wrapper/microblaze_0/standalone_microblaze_0/bsp/system.mss
TRACE::2024-06-23.12:36:35::SCWMssOS::DEBUG:  swdes dump  C:/Harman/Verilog/SoC_06_23_HelloWorld/mb1_wrapper/microblaze_0/standalone_microblaze_0/bsp/system.mss|system||

TRACE::2024-06-23.12:36:35::SCWMssOS::Sw design exists and opened at  C:/Harman/Verilog/SoC_06_23_HelloWorld/mb1_wrapper/microblaze_0/standalone_microblaze_0/bsp/system.mss
TRACE::2024-06-23.12:36:35::SCWWriter::formatted JSON is {
	"platformName":	"mb1_wrapper",
	"sprVersion":	"2.0",
	"mode":	"gui",
	"dsaType":	"Fixed",
	"platformDesc":	"mb1_wrapper",
	"platHandOff":	"<platformDir>.xsa",
	"platIntHandOff":	"<platformDir>/hw/mb1_wrapper.xsa",
	"deviceType":	"FPGA",
	"platIsPrebuiltAutogen":	"false",
	"platIsNoBootBsp":	"false",
	"hasFsblMakeHasChanges":	"false",
	"hasPmufwMakeHasChanges":	"false",
	"platPreBuiltFlag":	false,
	"platformSamplesDir":	"",
	"platActiveSys":	"mb1_wrapper",
	"systems":	[{
			"systemName":	"mb1_wrapper",
			"systemDesc":	"mb1_wrapper",
			"sysIsBootAutoGen":	"true",
			"systemDispName":	"mb1_wrapper",
			"sysActiveDom":	"standalone_microblaze_0",
			"sysDefaultDom":	"standalone_microblaze_0",
			"domains":	[{
					"domainName":	"standalone_microblaze_0",
					"domainDispName":	"standalone_microblaze_0",
					"domainDesc":	"standalone_microblaze_0",
					"processors":	"microblaze_0",
					"os":	"standalone",
					"sdxOs":	"standalone",
					"debugEnable":	"False",
					"domRuntimes":	["cpp"],
					"swRepo":	"",
					"mssOsVer":	"9.1",
					"mssFile":	"",
					"md5Digest":	"b218992a47ef94dcb91866925243c166",
					"compatibleApp":	"hello_world",
					"domType":	"mssDomain",
					"arch":	"32-bit",
					"appSettings":	{
						"appCompilerFlags":	"",
						"appLinkerFlags":	""
					},
					"addedLibs":	[],
					"libOptions":	{
						"libsContainingOptions":	[]
					},
					"prebuiltLibs":	{
						"prebuiltIncPath":	[],
						"prebuiltLibPath":	[]
					},
					"isolation":	{
					}
				}]
		}]
}
KEYINFO::2024-06-23.12:36:35::SCWPlatform::updated the xpfm file.
TRACE::2024-06-23.12:36:35::SCWPlatform::Trying to open the hw design at C:/Harman/Verilog/SoC_06_23_HelloWorld/mb1_wrapper/hw/mb1_wrapper.xsa
TRACE::2024-06-23.12:36:35::SCWPlatform::DSA given C:/Harman/Verilog/SoC_06_23_HelloWorld/mb1_wrapper/hw/mb1_wrapper.xsa
TRACE::2024-06-23.12:36:35::SCWPlatform::DSA absoulate path C:/Harman/Verilog/SoC_06_23_HelloWorld/mb1_wrapper/hw/mb1_wrapper.xsa
TRACE::2024-06-23.12:36:35::SCWPlatform::DSA directory C:/Harman/Verilog/SoC_06_23_HelloWorld/mb1_wrapper/hw
TRACE::2024-06-23.12:36:35::SCWPlatform:: Platform Path C:/Harman/Verilog/SoC_06_23_HelloWorld/mb1_wrapper/hw/mb1_wrapper.xsa
TRACE::2024-06-23.12:36:35::SCWPlatform:: Unique name xilinx:basys3::0.0
TRACE::2024-06-23.12:36:35::SCWPlatform::Trying to set the existing hwdb with name mb1_wrapper_5
TRACE::2024-06-23.12:36:35::SCWPlatform::Opened existing hwdb mb1_wrapper_5
TRACE::2024-06-23.12:36:35::SCWPlatform::Found the Hw Db part of the input DSA
TRACE::2024-06-23.12:36:35::SCWMssOS::Checking the sw design at  C:/Harman/Verilog/SoC_06_23_HelloWorld/mb1_wrapper/microblaze_0/standalone_microblaze_0/bsp/system.mss
TRACE::2024-06-23.12:36:35::SCWMssOS::DEBUG:  swdes dump  C:/Harman/Verilog/SoC_06_23_HelloWorld/mb1_wrapper/microblaze_0/standalone_microblaze_0/bsp/system.mss|system||

TRACE::2024-06-23.12:36:35::SCWMssOS::Sw design exists and opened at  C:/Harman/Verilog/SoC_06_23_HelloWorld/mb1_wrapper/microblaze_0/standalone_microblaze_0/bsp/system.mss
TRACE::2024-06-23.12:36:35::SCWMssOS::Saving the mss changes C:/Harman/Verilog/SoC_06_23_HelloWorld/mb1_wrapper/microblaze_0/standalone_microblaze_0/bsp/system.mss
TRACE::2024-06-23.12:36:35::SCWMssOS::Found a swdesign opened with the mssfile.
TRACE::2024-06-23.12:36:35::SCWMssOS::Completed writemss as part of save.
TRACE::2024-06-23.12:36:35::SCWMssOS::Commit changes completed.
TRACE::2024-06-23.12:36:35::SCWPlatform::Trying to open the hw design at C:/Harman/Verilog/SoC_06_23_HelloWorld/mb1_wrapper/hw/mb1_wrapper.xsa
TRACE::2024-06-23.12:36:35::SCWPlatform::DSA given C:/Harman/Verilog/SoC_06_23_HelloWorld/mb1_wrapper/hw/mb1_wrapper.xsa
TRACE::2024-06-23.12:36:35::SCWPlatform::DSA absoulate path C:/Harman/Verilog/SoC_06_23_HelloWorld/mb1_wrapper/hw/mb1_wrapper.xsa
TRACE::2024-06-23.12:36:35::SCWPlatform::DSA directory C:/Harman/Verilog/SoC_06_23_HelloWorld/mb1_wrapper/hw
TRACE::2024-06-23.12:36:35::SCWPlatform:: Platform Path C:/Harman/Verilog/SoC_06_23_HelloWorld/mb1_wrapper/hw/mb1_wrapper.xsa
TRACE::2024-06-23.12:36:35::SCWPlatform:: Unique name xilinx:basys3::0.0
TRACE::2024-06-23.12:36:35::SCWPlatform::Trying to set the existing hwdb with name mb1_wrapper_5
TRACE::2024-06-23.12:36:35::SCWPlatform::Opened existing hwdb mb1_wrapper_5
TRACE::2024-06-23.12:36:35::SCWPlatform::Found the Hw Db part of the input DSA
TRACE::2024-06-23.12:36:35::SCWMssOS::Checking the sw design at  C:/Harman/Verilog/SoC_06_23_HelloWorld/mb1_wrapper/microblaze_0/standalone_microblaze_0/bsp/system.mss
TRACE::2024-06-23.12:36:35::SCWMssOS::DEBUG:  swdes dump  C:/Harman/Verilog/SoC_06_23_HelloWorld/mb1_wrapper/microblaze_0/standalone_microblaze_0/bsp/system.mss|system||

TRACE::2024-06-23.12:36:35::SCWMssOS::Sw design exists and opened at  C:/Harman/Verilog/SoC_06_23_HelloWorld/mb1_wrapper/microblaze_0/standalone_microblaze_0/bsp/system.mss
TRACE::2024-06-23.12:36:35::SCWPlatform::Trying to open the hw design at C:/Harman/Verilog/SoC_06_23_HelloWorld/mb1_wrapper/hw/mb1_wrapper.xsa
TRACE::2024-06-23.12:36:35::SCWPlatform::DSA given C:/Harman/Verilog/SoC_06_23_HelloWorld/mb1_wrapper/hw/mb1_wrapper.xsa
TRACE::2024-06-23.12:36:35::SCWPlatform::DSA absoulate path C:/Harman/Verilog/SoC_06_23_HelloWorld/mb1_wrapper/hw/mb1_wrapper.xsa
TRACE::2024-06-23.12:36:35::SCWPlatform::DSA directory C:/Harman/Verilog/SoC_06_23_HelloWorld/mb1_wrapper/hw
TRACE::2024-06-23.12:36:35::SCWPlatform:: Platform Path C:/Harman/Verilog/SoC_06_23_HelloWorld/mb1_wrapper/hw/mb1_wrapper.xsa
TRACE::2024-06-23.12:36:35::SCWPlatform:: Unique name xilinx:basys3::0.0
TRACE::2024-06-23.12:36:35::SCWPlatform::Trying to set the existing hwdb with name mb1_wrapper_5
TRACE::2024-06-23.12:36:35::SCWPlatform::Opened existing hwdb mb1_wrapper_5
TRACE::2024-06-23.12:36:35::SCWPlatform::Found the Hw Db part of the input DSA
TRACE::2024-06-23.12:36:35::SCWMssOS::Checking the sw design at  C:/Harman/Verilog/SoC_06_23_HelloWorld/mb1_wrapper/microblaze_0/standalone_microblaze_0/bsp/system.mss
TRACE::2024-06-23.12:36:35::SCWMssOS::DEBUG:  swdes dump  C:/Harman/Verilog/SoC_06_23_HelloWorld/mb1_wrapper/microblaze_0/standalone_microblaze_0/bsp/system.mss|system||

TRACE::2024-06-23.12:36:35::SCWMssOS::Sw design exists and opened at  C:/Harman/Verilog/SoC_06_23_HelloWorld/mb1_wrapper/microblaze_0/standalone_microblaze_0/bsp/system.mss
TRACE::2024-06-23.12:36:35::SCWPlatform::Trying to open the hw design at C:/Harman/Verilog/SoC_06_23_HelloWorld/mb1_wrapper/hw/mb1_wrapper.xsa
TRACE::2024-06-23.12:36:35::SCWPlatform::DSA given C:/Harman/Verilog/SoC_06_23_HelloWorld/mb1_wrapper/hw/mb1_wrapper.xsa
TRACE::2024-06-23.12:36:35::SCWPlatform::DSA absoulate path C:/Harman/Verilog/SoC_06_23_HelloWorld/mb1_wrapper/hw/mb1_wrapper.xsa
TRACE::2024-06-23.12:36:35::SCWPlatform::DSA directory C:/Harman/Verilog/SoC_06_23_HelloWorld/mb1_wrapper/hw
TRACE::2024-06-23.12:36:35::SCWPlatform:: Platform Path C:/Harman/Verilog/SoC_06_23_HelloWorld/mb1_wrapper/hw/mb1_wrapper.xsa
TRACE::2024-06-23.12:36:35::SCWPlatform:: Unique name xilinx:basys3::0.0
TRACE::2024-06-23.12:36:35::SCWPlatform::Trying to set the existing hwdb with name mb1_wrapper_5
TRACE::2024-06-23.12:36:35::SCWPlatform::Opened existing hwdb mb1_wrapper_5
TRACE::2024-06-23.12:36:35::SCWPlatform::Found the Hw Db part of the input DSA
TRACE::2024-06-23.12:36:35::SCWMssOS::Checking the sw design at  C:/Harman/Verilog/SoC_06_23_HelloWorld/mb1_wrapper/microblaze_0/standalone_microblaze_0/bsp/system.mss
TRACE::2024-06-23.12:36:35::SCWMssOS::DEBUG:  swdes dump  C:/Harman/Verilog/SoC_06_23_HelloWorld/mb1_wrapper/microblaze_0/standalone_microblaze_0/bsp/system.mss|system||

TRACE::2024-06-23.12:36:35::SCWMssOS::Sw design exists and opened at  C:/Harman/Verilog/SoC_06_23_HelloWorld/mb1_wrapper/microblaze_0/standalone_microblaze_0/bsp/system.mss
TRACE::2024-06-23.12:36:35::SCWWriter::formatted JSON is {
	"platformName":	"mb1_wrapper",
	"sprVersion":	"2.0",
	"mode":	"gui",
	"dsaType":	"Fixed",
	"platformDesc":	"mb1_wrapper",
	"platHandOff":	"<platformDir>.xsa",
	"platIntHandOff":	"<platformDir>/hw/mb1_wrapper.xsa",
	"deviceType":	"FPGA",
	"platIsPrebuiltAutogen":	"false",
	"platIsNoBootBsp":	"false",
	"hasFsblMakeHasChanges":	"false",
	"hasPmufwMakeHasChanges":	"false",
	"platPreBuiltFlag":	false,
	"platformSamplesDir":	"",
	"platActiveSys":	"mb1_wrapper",
	"systems":	[{
			"systemName":	"mb1_wrapper",
			"systemDesc":	"mb1_wrapper",
			"sysIsBootAutoGen":	"true",
			"systemDispName":	"mb1_wrapper",
			"sysActiveDom":	"standalone_microblaze_0",
			"sysDefaultDom":	"standalone_microblaze_0",
			"domains":	[{
					"domainName":	"standalone_microblaze_0",
					"domainDispName":	"standalone_microblaze_0",
					"domainDesc":	"standalone_microblaze_0",
					"processors":	"microblaze_0",
					"os":	"standalone",
					"sdxOs":	"standalone",
					"debugEnable":	"False",
					"domRuntimes":	["cpp"],
					"swRepo":	"",
					"mssOsVer":	"9.1",
					"mssFile":	"",
					"md5Digest":	"b218992a47ef94dcb91866925243c166",
					"compatibleApp":	"hello_world",
					"domType":	"mssDomain",
					"arch":	"32-bit",
					"appSettings":	{
						"appCompilerFlags":	"",
						"appLinkerFlags":	""
					},
					"addedLibs":	[],
					"libOptions":	{
						"libsContainingOptions":	[]
					},
					"prebuiltLibs":	{
						"prebuiltIncPath":	[],
						"prebuiltLibPath":	[]
					},
					"isolation":	{
					}
				}]
		}]
}
TRACE::2024-06-23.12:36:35::SCWPlatform::Trying to open the hw design at C:/Harman/Verilog/SoC_06_23_HelloWorld/mb1_wrapper/hw/mb1_wrapper.xsa
TRACE::2024-06-23.12:36:35::SCWPlatform::DSA given C:/Harman/Verilog/SoC_06_23_HelloWorld/mb1_wrapper/hw/mb1_wrapper.xsa
TRACE::2024-06-23.12:36:35::SCWPlatform::DSA absoulate path C:/Harman/Verilog/SoC_06_23_HelloWorld/mb1_wrapper/hw/mb1_wrapper.xsa
TRACE::2024-06-23.12:36:36::SCWPlatform::DSA directory C:/Harman/Verilog/SoC_06_23_HelloWorld/mb1_wrapper/hw
TRACE::2024-06-23.12:36:36::SCWPlatform:: Platform Path C:/Harman/Verilog/SoC_06_23_HelloWorld/mb1_wrapper/hw/mb1_wrapper.xsa
TRACE::2024-06-23.12:36:36::SCWPlatform:: Unique name xilinx:basys3::0.0
TRACE::2024-06-23.12:36:36::SCWPlatform::Trying to set the existing hwdb with name mb1_wrapper_5
TRACE::2024-06-23.12:36:36::SCWPlatform::Opened existing hwdb mb1_wrapper_5
TRACE::2024-06-23.12:36:36::SCWPlatform::Found the Hw Db part of the input DSA
TRACE::2024-06-23.12:36:36::SCWMssOS::Checking the sw design at  C:/Harman/Verilog/SoC_06_23_HelloWorld/mb1_wrapper/microblaze_0/standalone_microblaze_0/bsp/system.mss
TRACE::2024-06-23.12:36:36::SCWMssOS::DEBUG:  swdes dump  C:/Harman/Verilog/SoC_06_23_HelloWorld/mb1_wrapper/microblaze_0/standalone_microblaze_0/bsp/system.mss|system||

TRACE::2024-06-23.12:36:36::SCWMssOS::Sw design exists and opened at  C:/Harman/Verilog/SoC_06_23_HelloWorld/mb1_wrapper/microblaze_0/standalone_microblaze_0/bsp/system.mss
TRACE::2024-06-23.12:36:36::SCWPlatform::Trying to open the hw design at C:/Harman/Verilog/SoC_06_23_HelloWorld/mb1_wrapper/hw/mb1_wrapper.xsa
TRACE::2024-06-23.12:36:36::SCWPlatform::DSA given C:/Harman/Verilog/SoC_06_23_HelloWorld/mb1_wrapper/hw/mb1_wrapper.xsa
TRACE::2024-06-23.12:36:36::SCWPlatform::DSA absoulate path C:/Harman/Verilog/SoC_06_23_HelloWorld/mb1_wrapper/hw/mb1_wrapper.xsa
TRACE::2024-06-23.12:36:36::SCWPlatform::DSA directory C:/Harman/Verilog/SoC_06_23_HelloWorld/mb1_wrapper/hw
TRACE::2024-06-23.12:36:36::SCWPlatform:: Platform Path C:/Harman/Verilog/SoC_06_23_HelloWorld/mb1_wrapper/hw/mb1_wrapper.xsa
TRACE::2024-06-23.12:36:36::SCWPlatform:: Unique name xilinx:basys3::0.0
TRACE::2024-06-23.12:36:36::SCWPlatform::Trying to set the existing hwdb with name mb1_wrapper_5
TRACE::2024-06-23.12:36:36::SCWPlatform::Opened existing hwdb mb1_wrapper_5
TRACE::2024-06-23.12:36:36::SCWPlatform::Found the Hw Db part of the input DSA
TRACE::2024-06-23.12:36:36::SCWMssOS::Checking the sw design at  C:/Harman/Verilog/SoC_06_23_HelloWorld/mb1_wrapper/microblaze_0/standalone_microblaze_0/bsp/system.mss
TRACE::2024-06-23.12:36:36::SCWMssOS::DEBUG:  swdes dump  C:/Harman/Verilog/SoC_06_23_HelloWorld/mb1_wrapper/microblaze_0/standalone_microblaze_0/bsp/system.mss|system||

TRACE::2024-06-23.12:36:36::SCWMssOS::Sw design exists and opened at  C:/Harman/Verilog/SoC_06_23_HelloWorld/mb1_wrapper/microblaze_0/standalone_microblaze_0/bsp/system.mss
TRACE::2024-06-23.12:36:36::SCWMssOS::Saving the mss changes C:/Harman/Verilog/SoC_06_23_HelloWorld/mb1_wrapper/microblaze_0/standalone_microblaze_0/bsp/system.mss
TRACE::2024-06-23.12:36:36::SCWMssOS::Found a swdesign opened with the mssfile.
TRACE::2024-06-23.12:36:36::SCWMssOS::Completed writemss as part of save.
TRACE::2024-06-23.12:36:36::SCWMssOS::Commit changes completed.
TRACE::2024-06-23.12:36:36::SCWPlatform::Trying to open the hw design at C:/Harman/Verilog/SoC_06_23_HelloWorld/mb1_wrapper/hw/mb1_wrapper.xsa
TRACE::2024-06-23.12:36:36::SCWPlatform::DSA given C:/Harman/Verilog/SoC_06_23_HelloWorld/mb1_wrapper/hw/mb1_wrapper.xsa
TRACE::2024-06-23.12:36:36::SCWPlatform::DSA absoulate path C:/Harman/Verilog/SoC_06_23_HelloWorld/mb1_wrapper/hw/mb1_wrapper.xsa
TRACE::2024-06-23.12:36:36::SCWPlatform::DSA directory C:/Harman/Verilog/SoC_06_23_HelloWorld/mb1_wrapper/hw
TRACE::2024-06-23.12:36:36::SCWPlatform:: Platform Path C:/Harman/Verilog/SoC_06_23_HelloWorld/mb1_wrapper/hw/mb1_wrapper.xsa
TRACE::2024-06-23.12:36:36::SCWPlatform:: Unique name xilinx:basys3::0.0
TRACE::2024-06-23.12:36:36::SCWPlatform::Trying to set the existing hwdb with name mb1_wrapper_5
TRACE::2024-06-23.12:36:36::SCWPlatform::Opened existing hwdb mb1_wrapper_5
TRACE::2024-06-23.12:36:36::SCWPlatform::Found the Hw Db part of the input DSA
TRACE::2024-06-23.12:36:36::SCWMssOS::Checking the sw design at  C:/Harman/Verilog/SoC_06_23_HelloWorld/mb1_wrapper/microblaze_0/standalone_microblaze_0/bsp/system.mss
TRACE::2024-06-23.12:36:36::SCWMssOS::DEBUG:  swdes dump  C:/Harman/Verilog/SoC_06_23_HelloWorld/mb1_wrapper/microblaze_0/standalone_microblaze_0/bsp/system.mss|system||

TRACE::2024-06-23.12:36:36::SCWMssOS::Sw design exists and opened at  C:/Harman/Verilog/SoC_06_23_HelloWorld/mb1_wrapper/microblaze_0/standalone_microblaze_0/bsp/system.mss
TRACE::2024-06-23.12:36:36::SCWPlatform::Trying to open the hw design at C:/Harman/Verilog/SoC_06_23_HelloWorld/mb1_wrapper/hw/mb1_wrapper.xsa
TRACE::2024-06-23.12:36:36::SCWPlatform::DSA given C:/Harman/Verilog/SoC_06_23_HelloWorld/mb1_wrapper/hw/mb1_wrapper.xsa
TRACE::2024-06-23.12:36:36::SCWPlatform::DSA absoulate path C:/Harman/Verilog/SoC_06_23_HelloWorld/mb1_wrapper/hw/mb1_wrapper.xsa
TRACE::2024-06-23.12:36:36::SCWPlatform::DSA directory C:/Harman/Verilog/SoC_06_23_HelloWorld/mb1_wrapper/hw
TRACE::2024-06-23.12:36:36::SCWPlatform:: Platform Path C:/Harman/Verilog/SoC_06_23_HelloWorld/mb1_wrapper/hw/mb1_wrapper.xsa
TRACE::2024-06-23.12:36:36::SCWPlatform:: Unique name xilinx:basys3::0.0
TRACE::2024-06-23.12:36:36::SCWPlatform::Trying to set the existing hwdb with name mb1_wrapper_5
TRACE::2024-06-23.12:36:36::SCWPlatform::Opened existing hwdb mb1_wrapper_5
TRACE::2024-06-23.12:36:36::SCWPlatform::Found the Hw Db part of the input DSA
TRACE::2024-06-23.12:36:36::SCWMssOS::Checking the sw design at  C:/Harman/Verilog/SoC_06_23_HelloWorld/mb1_wrapper/microblaze_0/standalone_microblaze_0/bsp/system.mss
TRACE::2024-06-23.12:36:36::SCWMssOS::DEBUG:  swdes dump  C:/Harman/Verilog/SoC_06_23_HelloWorld/mb1_wrapper/microblaze_0/standalone_microblaze_0/bsp/system.mss|system||

TRACE::2024-06-23.12:36:36::SCWMssOS::Sw design exists and opened at  C:/Harman/Verilog/SoC_06_23_HelloWorld/mb1_wrapper/microblaze_0/standalone_microblaze_0/bsp/system.mss
TRACE::2024-06-23.12:36:36::SCWPlatform::Trying to open the hw design at C:/Harman/Verilog/SoC_06_23_HelloWorld/mb1_wrapper/hw/mb1_wrapper.xsa
TRACE::2024-06-23.12:36:36::SCWPlatform::DSA given C:/Harman/Verilog/SoC_06_23_HelloWorld/mb1_wrapper/hw/mb1_wrapper.xsa
TRACE::2024-06-23.12:36:36::SCWPlatform::DSA absoulate path C:/Harman/Verilog/SoC_06_23_HelloWorld/mb1_wrapper/hw/mb1_wrapper.xsa
TRACE::2024-06-23.12:36:36::SCWPlatform::DSA directory C:/Harman/Verilog/SoC_06_23_HelloWorld/mb1_wrapper/hw
TRACE::2024-06-23.12:36:36::SCWPlatform:: Platform Path C:/Harman/Verilog/SoC_06_23_HelloWorld/mb1_wrapper/hw/mb1_wrapper.xsa
TRACE::2024-06-23.12:36:36::SCWPlatform:: Unique name xilinx:basys3::0.0
TRACE::2024-06-23.12:36:36::SCWPlatform::Trying to set the existing hwdb with name mb1_wrapper_5
TRACE::2024-06-23.12:36:36::SCWPlatform::Opened existing hwdb mb1_wrapper_5
TRACE::2024-06-23.12:36:36::SCWPlatform::Found the Hw Db part of the input DSA
TRACE::2024-06-23.12:36:36::SCWMssOS::Checking the sw design at  C:/Harman/Verilog/SoC_06_23_HelloWorld/mb1_wrapper/microblaze_0/standalone_microblaze_0/bsp/system.mss
TRACE::2024-06-23.12:36:36::SCWMssOS::DEBUG:  swdes dump  C:/Harman/Verilog/SoC_06_23_HelloWorld/mb1_wrapper/microblaze_0/standalone_microblaze_0/bsp/system.mss|system||

TRACE::2024-06-23.12:36:36::SCWMssOS::Sw design exists and opened at  C:/Harman/Verilog/SoC_06_23_HelloWorld/mb1_wrapper/microblaze_0/standalone_microblaze_0/bsp/system.mss
TRACE::2024-06-23.12:36:36::SCWWriter::formatted JSON is {
	"platformName":	"mb1_wrapper",
	"sprVersion":	"2.0",
	"mode":	"gui",
	"dsaType":	"Fixed",
	"platformDesc":	"mb1_wrapper",
	"platHandOff":	"<platformDir>.xsa",
	"platIntHandOff":	"<platformDir>/hw/mb1_wrapper.xsa",
	"deviceType":	"FPGA",
	"platIsPrebuiltAutogen":	"false",
	"platIsNoBootBsp":	"false",
	"hasFsblMakeHasChanges":	"false",
	"hasPmufwMakeHasChanges":	"false",
	"platPreBuiltFlag":	false,
	"platformSamplesDir":	"",
	"platActiveSys":	"mb1_wrapper",
	"systems":	[{
			"systemName":	"mb1_wrapper",
			"systemDesc":	"mb1_wrapper",
			"sysIsBootAutoGen":	"true",
			"systemDispName":	"mb1_wrapper",
			"sysActiveDom":	"standalone_microblaze_0",
			"sysDefaultDom":	"standalone_microblaze_0",
			"domains":	[{
					"domainName":	"standalone_microblaze_0",
					"domainDispName":	"standalone_microblaze_0",
					"domainDesc":	"standalone_microblaze_0",
					"processors":	"microblaze_0",
					"os":	"standalone",
					"sdxOs":	"standalone",
					"debugEnable":	"False",
					"domRuntimes":	["cpp"],
					"swRepo":	"",
					"mssOsVer":	"9.1",
					"mssFile":	"",
					"md5Digest":	"b218992a47ef94dcb91866925243c166",
					"compatibleApp":	"hello_world",
					"domType":	"mssDomain",
					"arch":	"32-bit",
					"appSettings":	{
						"appCompilerFlags":	"",
						"appLinkerFlags":	""
					},
					"addedLibs":	[],
					"libOptions":	{
						"libsContainingOptions":	[]
					},
					"prebuiltLibs":	{
						"prebuiltIncPath":	[],
						"prebuiltLibPath":	[]
					},
					"isolation":	{
					}
				}]
		}]
}
LOG::2024-06-23.12:36:36::SCWPlatform::Started generating the artifacts platform mb1_wrapper
TRACE::2024-06-23.12:36:36::SCWPlatform::Sanity checking of platform is completed
LOG::2024-06-23.12:36:36::SCWPlatform::Started generating the artifacts for system configuration mb1_wrapper
LOG::2024-06-23.12:36:36::SCWSystem::Started Processing the domain standalone_microblaze_0
TRACE::2024-06-23.12:36:36::SCWDomain::Generating domain artifcats
TRACE::2024-06-23.12:36:36::SCWMssOS::Generating standalone artifcats
TRACE::2024-06-23.12:36:36::SCWMssOS:: Copying the user libraries. 
TRACE::2024-06-23.12:36:36::SCWPlatform::Trying to open the hw design at C:/Harman/Verilog/SoC_06_23_HelloWorld/mb1_wrapper/hw/mb1_wrapper.xsa
TRACE::2024-06-23.12:36:36::SCWPlatform::DSA given C:/Harman/Verilog/SoC_06_23_HelloWorld/mb1_wrapper/hw/mb1_wrapper.xsa
TRACE::2024-06-23.12:36:36::SCWPlatform::DSA absoulate path C:/Harman/Verilog/SoC_06_23_HelloWorld/mb1_wrapper/hw/mb1_wrapper.xsa
TRACE::2024-06-23.12:36:36::SCWPlatform::DSA directory C:/Harman/Verilog/SoC_06_23_HelloWorld/mb1_wrapper/hw
TRACE::2024-06-23.12:36:36::SCWPlatform:: Platform Path C:/Harman/Verilog/SoC_06_23_HelloWorld/mb1_wrapper/hw/mb1_wrapper.xsa
TRACE::2024-06-23.12:36:36::SCWPlatform:: Unique name xilinx:basys3::0.0
TRACE::2024-06-23.12:36:36::SCWPlatform::Trying to set the existing hwdb with name mb1_wrapper_5
TRACE::2024-06-23.12:36:36::SCWPlatform::Opened existing hwdb mb1_wrapper_5
TRACE::2024-06-23.12:36:36::SCWPlatform::Found the Hw Db part of the input DSA
TRACE::2024-06-23.12:36:36::SCWMssOS::Checking the sw design at  C:/Harman/Verilog/SoC_06_23_HelloWorld/mb1_wrapper/microblaze_0/standalone_microblaze_0/bsp/system.mss
TRACE::2024-06-23.12:36:36::SCWMssOS::DEBUG:  swdes dump  C:/Harman/Verilog/SoC_06_23_HelloWorld/mb1_wrapper/microblaze_0/standalone_microblaze_0/bsp/system.mss|system||

TRACE::2024-06-23.12:36:36::SCWMssOS::Sw design exists and opened at  C:/Harman/Verilog/SoC_06_23_HelloWorld/mb1_wrapper/microblaze_0/standalone_microblaze_0/bsp/system.mss
TRACE::2024-06-23.12:36:36::SCWMssOS::Completed writing the mss file at C:/Harman/Verilog/SoC_06_23_HelloWorld/mb1_wrapper/microblaze_0/standalone_microblaze_0/bsp
TRACE::2024-06-23.12:36:36::SCWMssOS::Mss edits present, copying mssfile into export location C:/Harman/Verilog/SoC_06_23_HelloWorld/mb1_wrapper/microblaze_0/standalone_microblaze_0/bsp/system.mss
TRACE::2024-06-23.12:36:36::SCWMssOS::bsp generated is upto date with the mss file. Skipping bsp generation.
TRACE::2024-06-23.12:36:36::SCWMssOS::BSP is already built. skipping the bsp build ... 
TRACE::2024-06-23.12:36:36::SCWDomain::Building the domain as part of full build :  standalone_microblaze_0
TRACE::2024-06-23.12:36:36::SCWMssOS::skipping the bsp build ... 
TRACE::2024-06-23.12:36:36::SCWMssOS::Copying to export directory.
TRACE::2024-06-23.12:36:36::SCWMssOS:: Checking if to create the Supporting Applications
TRACE::2024-06-23.12:36:36::SCWMssOS:: No Linux domain exists, trying to generate FSBL 
LOG::2024-06-23.12:36:36::SCWSystem::Completed Processing the domain standalone_microblaze_0
LOG::2024-06-23.12:36:36::SCWSystem::Completed Processing the sysconfig mb1_wrapper
LOG::2024-06-23.12:36:36::SCWPlatform::Completed generating the artifacts for system configuration mb1_wrapper
TRACE::2024-06-23.12:36:36::SCWPlatform::Started preparing the platform 
TRACE::2024-06-23.12:36:36::SCWSystem::Writing the bif file for system config mb1_wrapper
TRACE::2024-06-23.12:36:36::SCWSystem::dir created 
TRACE::2024-06-23.12:36:36::SCWSystem::Writing the bif 
TRACE::2024-06-23.12:36:36::SCWPlatform::Started writing the spfm file 
TRACE::2024-06-23.12:36:36::SCWPlatform::Started writing the xpfm file 
TRACE::2024-06-23.12:36:36::SCWPlatform::Completed generating the platform
TRACE::2024-06-23.12:36:36::SCWMssOS::Saving the mss changes C:/Harman/Verilog/SoC_06_23_HelloWorld/mb1_wrapper/microblaze_0/standalone_microblaze_0/bsp/system.mss
TRACE::2024-06-23.12:36:36::SCWMssOS::Found a swdesign opened with the mssfile.
TRACE::2024-06-23.12:36:36::SCWMssOS::Completed writemss as part of save.
TRACE::2024-06-23.12:36:36::SCWMssOS::Commit changes completed.
TRACE::2024-06-23.12:36:36::SCWPlatform::Trying to open the hw design at C:/Harman/Verilog/SoC_06_23_HelloWorld/mb1_wrapper/hw/mb1_wrapper.xsa
TRACE::2024-06-23.12:36:36::SCWPlatform::DSA given C:/Harman/Verilog/SoC_06_23_HelloWorld/mb1_wrapper/hw/mb1_wrapper.xsa
TRACE::2024-06-23.12:36:36::SCWPlatform::DSA absoulate path C:/Harman/Verilog/SoC_06_23_HelloWorld/mb1_wrapper/hw/mb1_wrapper.xsa
TRACE::2024-06-23.12:36:36::SCWPlatform::DSA directory C:/Harman/Verilog/SoC_06_23_HelloWorld/mb1_wrapper/hw
TRACE::2024-06-23.12:36:36::SCWPlatform:: Platform Path C:/Harman/Verilog/SoC_06_23_HelloWorld/mb1_wrapper/hw/mb1_wrapper.xsa
TRACE::2024-06-23.12:36:36::SCWPlatform:: Unique name xilinx:basys3::0.0
TRACE::2024-06-23.12:36:36::SCWPlatform::Trying to set the existing hwdb with name mb1_wrapper_5
TRACE::2024-06-23.12:36:36::SCWPlatform::Opened existing hwdb mb1_wrapper_5
TRACE::2024-06-23.12:36:36::SCWPlatform::Found the Hw Db part of the input DSA
TRACE::2024-06-23.12:36:36::SCWMssOS::Checking the sw design at  C:/Harman/Verilog/SoC_06_23_HelloWorld/mb1_wrapper/microblaze_0/standalone_microblaze_0/bsp/system.mss
TRACE::2024-06-23.12:36:36::SCWMssOS::DEBUG:  swdes dump  C:/Harman/Verilog/SoC_06_23_HelloWorld/mb1_wrapper/microblaze_0/standalone_microblaze_0/bsp/system.mss|system||

TRACE::2024-06-23.12:36:36::SCWMssOS::Sw design exists and opened at  C:/Harman/Verilog/SoC_06_23_HelloWorld/mb1_wrapper/microblaze_0/standalone_microblaze_0/bsp/system.mss
TRACE::2024-06-23.12:36:36::SCWPlatform::Trying to open the hw design at C:/Harman/Verilog/SoC_06_23_HelloWorld/mb1_wrapper/hw/mb1_wrapper.xsa
TRACE::2024-06-23.12:36:36::SCWPlatform::DSA given C:/Harman/Verilog/SoC_06_23_HelloWorld/mb1_wrapper/hw/mb1_wrapper.xsa
TRACE::2024-06-23.12:36:36::SCWPlatform::DSA absoulate path C:/Harman/Verilog/SoC_06_23_HelloWorld/mb1_wrapper/hw/mb1_wrapper.xsa
TRACE::2024-06-23.12:36:36::SCWPlatform::DSA directory C:/Harman/Verilog/SoC_06_23_HelloWorld/mb1_wrapper/hw
TRACE::2024-06-23.12:36:36::SCWPlatform:: Platform Path C:/Harman/Verilog/SoC_06_23_HelloWorld/mb1_wrapper/hw/mb1_wrapper.xsa
TRACE::2024-06-23.12:36:36::SCWPlatform:: Unique name xilinx:basys3::0.0
TRACE::2024-06-23.12:36:36::SCWPlatform::Trying to set the existing hwdb with name mb1_wrapper_5
TRACE::2024-06-23.12:36:36::SCWPlatform::Opened existing hwdb mb1_wrapper_5
TRACE::2024-06-23.12:36:36::SCWPlatform::Found the Hw Db part of the input DSA
TRACE::2024-06-23.12:36:36::SCWMssOS::Checking the sw design at  C:/Harman/Verilog/SoC_06_23_HelloWorld/mb1_wrapper/microblaze_0/standalone_microblaze_0/bsp/system.mss
TRACE::2024-06-23.12:36:36::SCWMssOS::DEBUG:  swdes dump  C:/Harman/Verilog/SoC_06_23_HelloWorld/mb1_wrapper/microblaze_0/standalone_microblaze_0/bsp/system.mss|system||

TRACE::2024-06-23.12:36:36::SCWMssOS::Sw design exists and opened at  C:/Harman/Verilog/SoC_06_23_HelloWorld/mb1_wrapper/microblaze_0/standalone_microblaze_0/bsp/system.mss
TRACE::2024-06-23.12:36:36::SCWPlatform::Trying to open the hw design at C:/Harman/Verilog/SoC_06_23_HelloWorld/mb1_wrapper/hw/mb1_wrapper.xsa
TRACE::2024-06-23.12:36:36::SCWPlatform::DSA given C:/Harman/Verilog/SoC_06_23_HelloWorld/mb1_wrapper/hw/mb1_wrapper.xsa
TRACE::2024-06-23.12:36:36::SCWPlatform::DSA absoulate path C:/Harman/Verilog/SoC_06_23_HelloWorld/mb1_wrapper/hw/mb1_wrapper.xsa
TRACE::2024-06-23.12:36:36::SCWPlatform::DSA directory C:/Harman/Verilog/SoC_06_23_HelloWorld/mb1_wrapper/hw
TRACE::2024-06-23.12:36:36::SCWPlatform:: Platform Path C:/Harman/Verilog/SoC_06_23_HelloWorld/mb1_wrapper/hw/mb1_wrapper.xsa
TRACE::2024-06-23.12:36:36::SCWPlatform:: Unique name xilinx:basys3::0.0
TRACE::2024-06-23.12:36:36::SCWPlatform::Trying to set the existing hwdb with name mb1_wrapper_5
TRACE::2024-06-23.12:36:36::SCWPlatform::Opened existing hwdb mb1_wrapper_5
TRACE::2024-06-23.12:36:36::SCWPlatform::Found the Hw Db part of the input DSA
TRACE::2024-06-23.12:36:36::SCWMssOS::Checking the sw design at  C:/Harman/Verilog/SoC_06_23_HelloWorld/mb1_wrapper/microblaze_0/standalone_microblaze_0/bsp/system.mss
TRACE::2024-06-23.12:36:36::SCWMssOS::DEBUG:  swdes dump  C:/Harman/Verilog/SoC_06_23_HelloWorld/mb1_wrapper/microblaze_0/standalone_microblaze_0/bsp/system.mss|system||

TRACE::2024-06-23.12:36:36::SCWMssOS::Sw design exists and opened at  C:/Harman/Verilog/SoC_06_23_HelloWorld/mb1_wrapper/microblaze_0/standalone_microblaze_0/bsp/system.mss
TRACE::2024-06-23.12:36:36::SCWWriter::formatted JSON is {
	"platformName":	"mb1_wrapper",
	"sprVersion":	"2.0",
	"mode":	"gui",
	"dsaType":	"Fixed",
	"platformDesc":	"mb1_wrapper",
	"platHandOff":	"<platformDir>.xsa",
	"platIntHandOff":	"<platformDir>/hw/mb1_wrapper.xsa",
	"deviceType":	"FPGA",
	"platIsPrebuiltAutogen":	"false",
	"platIsNoBootBsp":	"false",
	"hasFsblMakeHasChanges":	"false",
	"hasPmufwMakeHasChanges":	"false",
	"platPreBuiltFlag":	false,
	"platformSamplesDir":	"",
	"platActiveSys":	"mb1_wrapper",
	"systems":	[{
			"systemName":	"mb1_wrapper",
			"systemDesc":	"mb1_wrapper",
			"sysIsBootAutoGen":	"true",
			"systemDispName":	"mb1_wrapper",
			"sysActiveDom":	"standalone_microblaze_0",
			"sysDefaultDom":	"standalone_microblaze_0",
			"domains":	[{
					"domainName":	"standalone_microblaze_0",
					"domainDispName":	"standalone_microblaze_0",
					"domainDesc":	"standalone_microblaze_0",
					"processors":	"microblaze_0",
					"os":	"standalone",
					"sdxOs":	"standalone",
					"debugEnable":	"False",
					"domRuntimes":	["cpp"],
					"swRepo":	"",
					"mssOsVer":	"9.1",
					"mssFile":	"",
					"md5Digest":	"b218992a47ef94dcb91866925243c166",
					"compatibleApp":	"hello_world",
					"domType":	"mssDomain",
					"arch":	"32-bit",
					"appSettings":	{
						"appCompilerFlags":	"",
						"appLinkerFlags":	""
					},
					"addedLibs":	[],
					"libOptions":	{
						"libsContainingOptions":	[]
					},
					"prebuiltLibs":	{
						"prebuiltIncPath":	[],
						"prebuiltLibPath":	[]
					},
					"isolation":	{
					}
				}]
		}]
}
KEYINFO::2024-06-23.12:36:36::SCWPlatform::updated the xpfm file.
LOG::2024-06-23.12:36:46::SCWPlatform::Started generating the artifacts platform mb1_wrapper
TRACE::2024-06-23.12:36:46::SCWPlatform::Sanity checking of platform is completed
LOG::2024-06-23.12:36:46::SCWPlatform::Started generating the artifacts for system configuration mb1_wrapper
LOG::2024-06-23.12:36:46::SCWSystem::Checking the domain standalone_microblaze_0
LOG::2024-06-23.12:36:46::SCWSystem::Not a boot domain 
LOG::2024-06-23.12:36:46::SCWSystem::Started Processing the domain standalone_microblaze_0
TRACE::2024-06-23.12:36:46::SCWDomain::Generating domain artifcats
TRACE::2024-06-23.12:36:46::SCWMssOS::Generating standalone artifcats
TRACE::2024-06-23.12:36:46::SCWMssOS:: Copying the user libraries. 
TRACE::2024-06-23.12:36:46::SCWPlatform::Trying to open the hw design at C:/Harman/Verilog/SoC_06_23_HelloWorld/mb1_wrapper/hw/mb1_wrapper.xsa
TRACE::2024-06-23.12:36:46::SCWPlatform::DSA given C:/Harman/Verilog/SoC_06_23_HelloWorld/mb1_wrapper/hw/mb1_wrapper.xsa
TRACE::2024-06-23.12:36:46::SCWPlatform::DSA absoulate path C:/Harman/Verilog/SoC_06_23_HelloWorld/mb1_wrapper/hw/mb1_wrapper.xsa
TRACE::2024-06-23.12:36:46::SCWPlatform::DSA directory C:/Harman/Verilog/SoC_06_23_HelloWorld/mb1_wrapper/hw
TRACE::2024-06-23.12:36:46::SCWPlatform:: Platform Path C:/Harman/Verilog/SoC_06_23_HelloWorld/mb1_wrapper/hw/mb1_wrapper.xsa
TRACE::2024-06-23.12:36:46::SCWPlatform:: Unique name xilinx:basys3::0.0
TRACE::2024-06-23.12:36:46::SCWPlatform::Trying to set the existing hwdb with name mb1_wrapper_5
TRACE::2024-06-23.12:36:46::SCWPlatform::Opened existing hwdb mb1_wrapper_5
TRACE::2024-06-23.12:36:46::SCWPlatform::Found the Hw Db part of the input DSA
TRACE::2024-06-23.12:36:46::SCWMssOS::Checking the sw design at  C:/Harman/Verilog/SoC_06_23_HelloWorld/mb1_wrapper/microblaze_0/standalone_microblaze_0/bsp/system.mss
TRACE::2024-06-23.12:36:46::SCWMssOS::DEBUG:  swdes dump  C:/Harman/Verilog/SoC_06_23_HelloWorld/mb1_wrapper/microblaze_0/standalone_microblaze_0/bsp/system.mss|system||

TRACE::2024-06-23.12:36:46::SCWMssOS::Sw design exists and opened at  C:/Harman/Verilog/SoC_06_23_HelloWorld/mb1_wrapper/microblaze_0/standalone_microblaze_0/bsp/system.mss
TRACE::2024-06-23.12:36:46::SCWMssOS::Completed writing the mss file at C:/Harman/Verilog/SoC_06_23_HelloWorld/mb1_wrapper/microblaze_0/standalone_microblaze_0/bsp
TRACE::2024-06-23.12:36:46::SCWMssOS::Mss edits present, copying mssfile into export location C:/Harman/Verilog/SoC_06_23_HelloWorld/mb1_wrapper/microblaze_0/standalone_microblaze_0/bsp/system.mss
TRACE::2024-06-23.12:36:46::SCWMssOS::bsp generated is upto date with the mss file. Skipping bsp generation.
TRACE::2024-06-23.12:36:46::SCWMssOS::BSP is already built. skipping the bsp build ... 
TRACE::2024-06-23.12:36:46::SCWDomain::Building the domain as part of full build :  standalone_microblaze_0
TRACE::2024-06-23.12:36:46::SCWMssOS::doing bsp build ... 
TRACE::2024-06-23.12:36:46::SCWMssOS::System Command Ran  C: & cd  C:/Harman/Verilog/SoC_06_23_HelloWorld/mb1_wrapper/microblaze_0/standalone_microblaze_0/bsp & make 
TRACE::2024-06-23.12:36:46::SCWMssOS::make --no-print-directory seq_libs

TRACE::2024-06-23.12:36:46::SCWMssOS::'Finished building libraries sequentially.'

TRACE::2024-06-23.12:36:46::SCWMssOS::make -j 10 --no-print-directory par_libs

TRACE::2024-06-23.12:36:46::SCWMssOS::"Running Make include in microblaze_0/libsrc/bram_v4_10/src"

TRACE::2024-06-23.12:36:46::SCWMssOS::"Running Make include in microblaze_0/libsrc/cpu_v2_18/src"

TRACE::2024-06-23.12:36:46::SCWMssOS::make -C microblaze_0/libsrc/bram_v4_10/src -s include  "SHELL=CMD" "COMPILER=mb-gcc" "ASSEMBLER=mb-as" "ARCHIVER=mb-ar" "COMPIL
TRACE::2024-06-23.12:36:46::SCWMssOS::ER_FLAGS=  -O2 -c -mcpu=v11.0 -mlittle-endian -mxl-soft-mul" "EXTRA_COMPILER_FLAGS=-g -ffunction-sections -fdata-sections -Wall
TRACE::2024-06-23.12:36:46::SCWMssOS:: -Wextra -fno-tree-loop-distribute-patterns"

TRACE::2024-06-23.12:36:46::SCWMssOS::make -C microblaze_0/libsrc/cpu_v2_18/src -s include  "SHELL=CMD" "COMPILER=mb-gcc" "ASSEMBLER=mb-as" "ARCHIVER=mb-ar" "COMPILE
TRACE::2024-06-23.12:36:46::SCWMssOS::R_FLAGS=  -O2 -c -mcpu=v11.0 -mlittle-endian -mxl-soft-mul" "EXTRA_COMPILER_FLAGS=-g -ffunction-sections -fdata-sections -Wall 
TRACE::2024-06-23.12:36:46::SCWMssOS::-Wextra -fno-tree-loop-distribute-patterns"

TRACE::2024-06-23.12:36:46::SCWMssOS::"Running Make include in microblaze_0/libsrc/standalone_v9_1/src"

TRACE::2024-06-23.12:36:46::SCWMssOS::make -C microblaze_0/libsrc/standalone_v9_1/src -s include  "SHELL=CMD" "COMPILER=mb-gcc" "ASSEMBLER=mb-as" "ARCHIVER=mb-ar" "C
TRACE::2024-06-23.12:36:46::SCWMssOS::OMPILER_FLAGS=  -O2 -c -mcpu=v11.0 -mlittle-endian -mxl-soft-mul" "EXTRA_COMPILER_FLAGS=-g -ffunction-sections -fdata-sections 
TRACE::2024-06-23.12:36:46::SCWMssOS::-Wall -Wextra -fno-tree-loop-distribute-patterns"

TRACE::2024-06-23.12:36:46::SCWMssOS::"Running Make include in microblaze_0/libsrc/uartlite_v3_10/src"

TRACE::2024-06-23.12:36:46::SCWMssOS::make -C microblaze_0/libsrc/uartlite_v3_10/src -s include  "SHELL=CMD" "COMPILER=mb-gcc" "ASSEMBLER=mb-as" "ARCHIVER=mb-ar" "CO
TRACE::2024-06-23.12:36:46::SCWMssOS::MPILER_FLAGS=  -O2 -c -mcpu=v11.0 -mlittle-endian -mxl-soft-mul" "EXTRA_COMPILER_FLAGS=-g -ffunction-sections -fdata-sections -
TRACE::2024-06-23.12:36:46::SCWMssOS::Wall -Wextra -fno-tree-loop-distribute-patterns"

TRACE::2024-06-23.12:36:46::SCWMssOS::"Running Make libs in microblaze_0/libsrc/bram_v4_10/src"

TRACE::2024-06-23.12:36:46::SCWMssOS::"Running Make libs in microblaze_0/libsrc/cpu_v2_18/src"

TRACE::2024-06-23.12:36:46::SCWMssOS::make -C microblaze_0/libsrc/bram_v4_10/src -s libs  "SHELL=CMD" "COMPILER=mb-gcc" "ASSEMBLER=mb-as" "ARCHIVER=mb-ar" "COMPILER_
TRACE::2024-06-23.12:36:46::SCWMssOS::FLAGS=  -O2 -c -mcpu=v11.0 -mlittle-endian -mxl-soft-mul" "EXTRA_COMPILER_FLAGS=-g -ffunction-sections -fdata-sections -Wall -W
TRACE::2024-06-23.12:36:46::SCWMssOS::extra -fno-tree-loop-distribute-patterns"

TRACE::2024-06-23.12:36:46::SCWMssOS::make -C microblaze_0/libsrc/cpu_v2_18/src -s libs  "SHELL=CMD" "COMPILER=mb-gcc" "ASSEMBLER=mb-as" "ARCHIVER=mb-ar" "COMPILER_F
TRACE::2024-06-23.12:36:46::SCWMssOS::LAGS=  -O2 -c -mcpu=v11.0 -mlittle-endian -mxl-soft-mul" "EXTRA_COMPILER_FLAGS=-g -ffunction-sections -fdata-sections -Wall -We
TRACE::2024-06-23.12:36:46::SCWMssOS::xtra -fno-tree-loop-distribute-patterns"

TRACE::2024-06-23.12:36:46::SCWMssOS::"Running Make libs in microblaze_0/libsrc/standalone_v9_1/src"

TRACE::2024-06-23.12:36:46::SCWMssOS::make -C microblaze_0/libsrc/standalone_v9_1/src -s libs  "SHELL=CMD" "COMPILER=mb-gcc" "ASSEMBLER=mb-as" "ARCHIVER=mb-ar" "COMP
TRACE::2024-06-23.12:36:46::SCWMssOS::ILER_FLAGS=  -O2 -c -mcpu=v11.0 -mlittle-endian -mxl-soft-mul" "EXTRA_COMPILER_FLAGS=-g -ffunction-sections -fdata-sections -Wa
TRACE::2024-06-23.12:36:46::SCWMssOS::ll -Wextra -fno-tree-loop-distribute-patterns"

TRACE::2024-06-23.12:36:46::SCWMssOS::"Running Make libs in microblaze_0/libsrc/uartlite_v3_10/src"

TRACE::2024-06-23.12:36:46::SCWMssOS::make -C microblaze_0/libsrc/uartlite_v3_10/src -s libs  "SHELL=CMD" "COMPILER=mb-gcc" "ASSEMBLER=mb-as" "ARCHIVER=mb-ar" "COMPI
TRACE::2024-06-23.12:36:46::SCWMssOS::LER_FLAGS=  -O2 -c -mcpu=v11.0 -mlittle-endian -mxl-soft-mul" "EXTRA_COMPILER_FLAGS=-g -ffunction-sections -fdata-sections -Wal
TRACE::2024-06-23.12:36:46::SCWMssOS::l -Wextra -fno-tree-loop-distribute-patterns"

TRACE::2024-06-23.12:36:47::SCWMssOS::"DEBUG NON_LTO_OBJECTS is ../../../lib/microblaze_interrupt_handler.o"

TRACE::2024-06-23.12:36:47::SCWMssOS::'Finished building libraries parallelly.'

TRACE::2024-06-23.12:36:47::SCWMssOS::make --no-print-directory archive

TRACE::2024-06-23.12:36:48::SCWMssOS::mb-ar -r  microblaze_0/lib/libxil.a microblaze_0/lib/_exit.o microblaze_0/lib/errno.o microblaze_0/lib/fcntl.o microblaze_0/lib
TRACE::2024-06-23.12:36:48::SCWMssOS::/hw_exception_handler.o microblaze_0/lib/inbyte.o microblaze_0/lib/microblaze_disable_dcache.o microblaze_0/lib/microblaze_disa
TRACE::2024-06-23.12:36:48::SCWMssOS::ble_exceptions.o microblaze_0/lib/microblaze_disable_icache.o microblaze_0/lib/microblaze_disable_interrupts.o microblaze_0/lib
TRACE::2024-06-23.12:36:48::SCWMssOS::/microblaze_enable_dcache.o microblaze_0/lib/microblaze_enable_exceptions.o microblaze_0/lib/microblaze_enable_icache.o microbl
TRACE::2024-06-23.12:36:48::SCWMssOS::aze_0/lib/microblaze_enable_interrupts.o microblaze_0/lib/microblaze_exception_handler.o microblaze_0/lib/microblaze_flush_cach
TRACE::2024-06-23.12:36:48::SCWMssOS::e_ext.o microblaze_0/lib/microblaze_flush_cache_ext_range.o microblaze_0/lib/microblaze_flush_dcache.o microblaze_0/lib/microbl
TRACE::2024-06-23.12:36:48::SCWMssOS::aze_flush_dcache_range.o microblaze_0/lib/microblaze_init_dcache_range.o microblaze_0/lib/microblaze_init_icache_range.o microb
TRACE::2024-06-23.12:36:48::SCWMssOS::laze_0/lib/microblaze_interrupt_handler.o microblaze_0/lib/microblaze_interrupts_g.o microblaze_0/lib/microblaze_invalidate_cac
TRACE::2024-06-23.12:36:48::SCWMssOS::he_ext.o microblaze_0/lib/microblaze_invalidate_cache_ext_range.o microblaze_0/lib/microblaze_invalidate_dcache.o microblaze_0/
TRACE::2024-06-23.12:36:48::SCWMssOS::lib/microblaze_invalidate_dcache_range.o microblaze_0/lib/microblaze_invalidate_icache.o microblaze_0/lib/microblaze_invalidate
TRACE::2024-06-23.12:36:48::SCWMssOS::_icache_range.o microblaze_0/lib/microblaze_scrub.o microblaze_0/lib/microblaze_selftest.o microblaze_0/lib/microblaze_sleep.o 
TRACE::2024-06-23.12:36:48::SCWMssOS::microblaze_0/lib/microblaze_update_dcache.o microblaze_0/lib/microblaze_update_icache.o microblaze_0/lib/outbyte.o microblaze_0
TRACE::2024-06-23.12:36:48::SCWMssOS::/lib/print.o microblaze_0/lib/pvr.o microblaze_0/lib/xbram.o microblaze_0/lib/xbram_g.o microblaze_0/lib/xbram_intr.o microblaz
TRACE::2024-06-23.12:36:48::SCWMssOS::e_0/lib/xbram_selftest.o microblaze_0/lib/xbram_sinit.o microblaze_0/lib/xil_assert.o microblaze_0/lib/xil_cache.o microblaze_0
TRACE::2024-06-23.12:36:48::SCWMssOS::/lib/xil_clocking.o microblaze_0/lib/xil_exception.o microblaze_0/lib/xil_mem.o microblaze_0/lib/xil_misc_psreset_api.o microbl
TRACE::2024-06-23.12:36:48::SCWMssOS::aze_0/lib/xil_printf.o microblaze_0/lib/xil_sleepcommon.o microblaze_0/lib/xil_testcache.o microblaze_0/lib/xil_testio.o microb
TRACE::2024-06-23.12:36:48::SCWMssOS::laze_0/lib/xil_testmem.o microblaze_0/lib/xil_util.o microblaze_0/lib/xinterrupt_wrap.o microblaze_0/lib/xio.o microblaze_0/lib
TRACE::2024-06-23.12:36:48::SCWMssOS::/xplatform_info.o microblaze_0/lib/xpm_init.o microblaze_0/lib/xuartlite.o microblaze_0/lib/xuartlite_g.o microblaze_0/lib/xuar
TRACE::2024-06-23.12:36:48::SCWMssOS::tlite_intr.o microblaze_0/lib/xuartlite_l.o microblaze_0/lib/xuartlite_selftest.o microblaze_0/lib/xuartlite_sinit.o microblaze
TRACE::2024-06-23.12:36:48::SCWMssOS::_0/lib/xuartlite_stats.o

TRACE::2024-06-23.12:36:48::SCWMssOS::'Finished building libraries'

TRACE::2024-06-23.12:36:48::SCWMssOS::Copying to export directory.
TRACE::2024-06-23.12:36:48::SCWMssOS:: Checking if to create the Supporting Applications
TRACE::2024-06-23.12:36:48::SCWMssOS:: No Linux domain exists, trying to generate FSBL 
LOG::2024-06-23.12:36:48::SCWSystem::Completed Processing the domain standalone_microblaze_0
LOG::2024-06-23.12:36:48::SCWSystem::Completed Processing the sysconfig mb1_wrapper
LOG::2024-06-23.12:36:48::SCWPlatform::Completed generating the artifacts for system configuration mb1_wrapper
TRACE::2024-06-23.12:36:48::SCWPlatform::Started preparing the platform 
TRACE::2024-06-23.12:36:48::SCWSystem::Writing the bif file for system config mb1_wrapper
TRACE::2024-06-23.12:36:48::SCWSystem::dir created 
TRACE::2024-06-23.12:36:48::SCWSystem::Writing the bif 
TRACE::2024-06-23.12:36:48::SCWPlatform::Started writing the spfm file 
TRACE::2024-06-23.12:36:48::SCWPlatform::Started writing the xpfm file 
TRACE::2024-06-23.12:36:48::SCWPlatform::Completed generating the platform
TRACE::2024-06-23.12:36:48::SCWMssOS::Saving the mss changes C:/Harman/Verilog/SoC_06_23_HelloWorld/mb1_wrapper/microblaze_0/standalone_microblaze_0/bsp/system.mss
TRACE::2024-06-23.12:36:48::SCWMssOS::Found a swdesign opened with the mssfile.
TRACE::2024-06-23.12:36:48::SCWMssOS::Completed writemss as part of save.
TRACE::2024-06-23.12:36:48::SCWMssOS::Commit changes completed.
TRACE::2024-06-23.12:36:48::SCWPlatform::Trying to open the hw design at C:/Harman/Verilog/SoC_06_23_HelloWorld/mb1_wrapper/hw/mb1_wrapper.xsa
TRACE::2024-06-23.12:36:48::SCWPlatform::DSA given C:/Harman/Verilog/SoC_06_23_HelloWorld/mb1_wrapper/hw/mb1_wrapper.xsa
TRACE::2024-06-23.12:36:48::SCWPlatform::DSA absoulate path C:/Harman/Verilog/SoC_06_23_HelloWorld/mb1_wrapper/hw/mb1_wrapper.xsa
TRACE::2024-06-23.12:36:48::SCWPlatform::DSA directory C:/Harman/Verilog/SoC_06_23_HelloWorld/mb1_wrapper/hw
TRACE::2024-06-23.12:36:48::SCWPlatform:: Platform Path C:/Harman/Verilog/SoC_06_23_HelloWorld/mb1_wrapper/hw/mb1_wrapper.xsa
TRACE::2024-06-23.12:36:48::SCWPlatform:: Unique name xilinx:basys3::0.0
TRACE::2024-06-23.12:36:48::SCWPlatform::Trying to set the existing hwdb with name mb1_wrapper_5
TRACE::2024-06-23.12:36:48::SCWPlatform::Opened existing hwdb mb1_wrapper_5
TRACE::2024-06-23.12:36:48::SCWPlatform::Found the Hw Db part of the input DSA
TRACE::2024-06-23.12:36:48::SCWMssOS::Checking the sw design at  C:/Harman/Verilog/SoC_06_23_HelloWorld/mb1_wrapper/microblaze_0/standalone_microblaze_0/bsp/system.mss
TRACE::2024-06-23.12:36:48::SCWMssOS::DEBUG:  swdes dump  C:/Harman/Verilog/SoC_06_23_HelloWorld/mb1_wrapper/microblaze_0/standalone_microblaze_0/bsp/system.mss|system||

TRACE::2024-06-23.12:36:48::SCWMssOS::Sw design exists and opened at  C:/Harman/Verilog/SoC_06_23_HelloWorld/mb1_wrapper/microblaze_0/standalone_microblaze_0/bsp/system.mss
TRACE::2024-06-23.12:36:48::SCWPlatform::Trying to open the hw design at C:/Harman/Verilog/SoC_06_23_HelloWorld/mb1_wrapper/hw/mb1_wrapper.xsa
TRACE::2024-06-23.12:36:48::SCWPlatform::DSA given C:/Harman/Verilog/SoC_06_23_HelloWorld/mb1_wrapper/hw/mb1_wrapper.xsa
TRACE::2024-06-23.12:36:48::SCWPlatform::DSA absoulate path C:/Harman/Verilog/SoC_06_23_HelloWorld/mb1_wrapper/hw/mb1_wrapper.xsa
TRACE::2024-06-23.12:36:48::SCWPlatform::DSA directory C:/Harman/Verilog/SoC_06_23_HelloWorld/mb1_wrapper/hw
TRACE::2024-06-23.12:36:48::SCWPlatform:: Platform Path C:/Harman/Verilog/SoC_06_23_HelloWorld/mb1_wrapper/hw/mb1_wrapper.xsa
TRACE::2024-06-23.12:36:48::SCWPlatform:: Unique name xilinx:basys3::0.0
TRACE::2024-06-23.12:36:48::SCWPlatform::Trying to set the existing hwdb with name mb1_wrapper_5
TRACE::2024-06-23.12:36:48::SCWPlatform::Opened existing hwdb mb1_wrapper_5
TRACE::2024-06-23.12:36:48::SCWPlatform::Found the Hw Db part of the input DSA
TRACE::2024-06-23.12:36:48::SCWMssOS::Checking the sw design at  C:/Harman/Verilog/SoC_06_23_HelloWorld/mb1_wrapper/microblaze_0/standalone_microblaze_0/bsp/system.mss
TRACE::2024-06-23.12:36:48::SCWMssOS::DEBUG:  swdes dump  C:/Harman/Verilog/SoC_06_23_HelloWorld/mb1_wrapper/microblaze_0/standalone_microblaze_0/bsp/system.mss|system||

TRACE::2024-06-23.12:36:48::SCWMssOS::Sw design exists and opened at  C:/Harman/Verilog/SoC_06_23_HelloWorld/mb1_wrapper/microblaze_0/standalone_microblaze_0/bsp/system.mss
TRACE::2024-06-23.12:36:48::SCWPlatform::Trying to open the hw design at C:/Harman/Verilog/SoC_06_23_HelloWorld/mb1_wrapper/hw/mb1_wrapper.xsa
TRACE::2024-06-23.12:36:48::SCWPlatform::DSA given C:/Harman/Verilog/SoC_06_23_HelloWorld/mb1_wrapper/hw/mb1_wrapper.xsa
TRACE::2024-06-23.12:36:48::SCWPlatform::DSA absoulate path C:/Harman/Verilog/SoC_06_23_HelloWorld/mb1_wrapper/hw/mb1_wrapper.xsa
TRACE::2024-06-23.12:36:48::SCWPlatform::DSA directory C:/Harman/Verilog/SoC_06_23_HelloWorld/mb1_wrapper/hw
TRACE::2024-06-23.12:36:48::SCWPlatform:: Platform Path C:/Harman/Verilog/SoC_06_23_HelloWorld/mb1_wrapper/hw/mb1_wrapper.xsa
TRACE::2024-06-23.12:36:48::SCWPlatform:: Unique name xilinx:basys3::0.0
TRACE::2024-06-23.12:36:48::SCWPlatform::Trying to set the existing hwdb with name mb1_wrapper_5
TRACE::2024-06-23.12:36:48::SCWPlatform::Opened existing hwdb mb1_wrapper_5
TRACE::2024-06-23.12:36:48::SCWPlatform::Found the Hw Db part of the input DSA
TRACE::2024-06-23.12:36:48::SCWMssOS::Checking the sw design at  C:/Harman/Verilog/SoC_06_23_HelloWorld/mb1_wrapper/microblaze_0/standalone_microblaze_0/bsp/system.mss
TRACE::2024-06-23.12:36:48::SCWMssOS::DEBUG:  swdes dump  C:/Harman/Verilog/SoC_06_23_HelloWorld/mb1_wrapper/microblaze_0/standalone_microblaze_0/bsp/system.mss|system||

TRACE::2024-06-23.12:36:48::SCWMssOS::Sw design exists and opened at  C:/Harman/Verilog/SoC_06_23_HelloWorld/mb1_wrapper/microblaze_0/standalone_microblaze_0/bsp/system.mss
TRACE::2024-06-23.12:36:48::SCWWriter::formatted JSON is {
	"platformName":	"mb1_wrapper",
	"sprVersion":	"2.0",
	"mode":	"gui",
	"dsaType":	"Fixed",
	"platformDesc":	"mb1_wrapper",
	"platHandOff":	"<platformDir>.xsa",
	"platIntHandOff":	"<platformDir>/hw/mb1_wrapper.xsa",
	"deviceType":	"FPGA",
	"platIsPrebuiltAutogen":	"false",
	"platIsNoBootBsp":	"false",
	"hasFsblMakeHasChanges":	"false",
	"hasPmufwMakeHasChanges":	"false",
	"platPreBuiltFlag":	false,
	"platformSamplesDir":	"",
	"platActiveSys":	"mb1_wrapper",
	"systems":	[{
			"systemName":	"mb1_wrapper",
			"systemDesc":	"mb1_wrapper",
			"sysIsBootAutoGen":	"true",
			"systemDispName":	"mb1_wrapper",
			"sysActiveDom":	"standalone_microblaze_0",
			"sysDefaultDom":	"standalone_microblaze_0",
			"domains":	[{
					"domainName":	"standalone_microblaze_0",
					"domainDispName":	"standalone_microblaze_0",
					"domainDesc":	"standalone_microblaze_0",
					"processors":	"microblaze_0",
					"os":	"standalone",
					"sdxOs":	"standalone",
					"debugEnable":	"False",
					"domRuntimes":	["cpp"],
					"swRepo":	"",
					"mssOsVer":	"9.1",
					"mssFile":	"",
					"md5Digest":	"b218992a47ef94dcb91866925243c166",
					"compatibleApp":	"hello_world",
					"domType":	"mssDomain",
					"arch":	"32-bit",
					"appSettings":	{
						"appCompilerFlags":	"",
						"appLinkerFlags":	""
					},
					"addedLibs":	[],
					"libOptions":	{
						"libsContainingOptions":	[]
					},
					"prebuiltLibs":	{
						"prebuiltIncPath":	[],
						"prebuiltLibPath":	[]
					},
					"isolation":	{
					}
				}]
		}]
}
KEYINFO::2024-06-23.12:36:48::SCWPlatform::updated the xpfm file.
TRACE::2024-06-23.12:36:48::SCWPlatform::Trying to open the hw design at C:/Harman/Verilog/SoC_06_23_HelloWorld/mb1_wrapper/hw/mb1_wrapper.xsa
TRACE::2024-06-23.12:36:48::SCWPlatform::DSA given C:/Harman/Verilog/SoC_06_23_HelloWorld/mb1_wrapper/hw/mb1_wrapper.xsa
TRACE::2024-06-23.12:36:48::SCWPlatform::DSA absoulate path C:/Harman/Verilog/SoC_06_23_HelloWorld/mb1_wrapper/hw/mb1_wrapper.xsa
TRACE::2024-06-23.12:36:48::SCWPlatform::DSA directory C:/Harman/Verilog/SoC_06_23_HelloWorld/mb1_wrapper/hw
TRACE::2024-06-23.12:36:48::SCWPlatform:: Platform Path C:/Harman/Verilog/SoC_06_23_HelloWorld/mb1_wrapper/hw/mb1_wrapper.xsa
TRACE::2024-06-23.12:36:48::SCWPlatform:: Unique name xilinx:basys3::0.0
TRACE::2024-06-23.12:36:48::SCWPlatform::Trying to set the existing hwdb with name mb1_wrapper_5
TRACE::2024-06-23.12:36:48::SCWPlatform::Opened existing hwdb mb1_wrapper_5
TRACE::2024-06-23.12:36:48::SCWPlatform::Found the Hw Db part of the input DSA
TRACE::2024-06-23.12:36:48::SCWMssOS::Checking the sw design at  C:/Harman/Verilog/SoC_06_23_HelloWorld/mb1_wrapper/microblaze_0/standalone_microblaze_0/bsp/system.mss
TRACE::2024-06-23.12:36:48::SCWMssOS::DEBUG:  swdes dump  C:/Harman/Verilog/SoC_06_23_HelloWorld/mb1_wrapper/microblaze_0/standalone_microblaze_0/bsp/system.mss|system||

TRACE::2024-06-23.12:36:48::SCWMssOS::Sw design exists and opened at  C:/Harman/Verilog/SoC_06_23_HelloWorld/mb1_wrapper/microblaze_0/standalone_microblaze_0/bsp/system.mss
