
*** Running vivado
    with args -log system_auto_pc_1.vds -m64 -product Vivado -mode batch -messageDb vivado.pb -notrace -source system_auto_pc_1.tcl



****** Vivado v2024.1 (64-bit)
  **** SW Build 5076996 on Wed May 22 18:37:14 MDT 2024
  **** IP Build 5075265 on Wed May 22 21:45:21 MDT 2024
  **** SharedData Build 5076995 on Wed May 22 18:29:18 MDT 2024
  **** Start of session at: Mon Jul 15 14:09:38 2024
    ** Copyright 1986-2022 Xilinx, Inc. All Rights Reserved.
    ** Copyright 2022-2024 Advanced Micro Devices, Inc. All Rights Reserved.

source system_auto_pc_1.tcl -notrace
create_project: Time (s): cpu = 00:00:12 ; elapsed = 00:00:13 . Memory (MB): peak = 664.082 ; gain = 236.395
INFO: [IP_Flow 19-6924] IPCACHE: Running cache check for IP inst: system_auto_pc_1
INFO: [IP_Flow 19-6922] IPCACHE: Exporting cached entry 5275af1bd99d01d9 to dir: C:/Harman/Verilog/SoC_07_15_blaze_w5500_rev/SoC_07_15_blaze_w5500_rev.runs/system_auto_pc_1_synth_1
INFO: [IP_Flow 19-6928] IPCACHE: copied cached file c:/Harman/Verilog/SoC_07_15_blaze_w5500_rev/SoC_07_15_blaze_w5500_rev.cache/ip/2024.1/5/2/5275af1bd99d01d9/system_auto_pc_0.dcp to C:/Harman/Verilog/SoC_07_15_blaze_w5500_rev/SoC_07_15_blaze_w5500_rev.runs/system_auto_pc_1_synth_1/system_auto_pc_1.dcp.
INFO: [IP_Flow 19-6928] IPCACHE: copied cached file c:/Harman/Verilog/SoC_07_15_blaze_w5500_rev/SoC_07_15_blaze_w5500_rev.cache/ip/2024.1/5/2/5275af1bd99d01d9/system_auto_pc_0_sim_netlist.v to C:/Harman/Verilog/SoC_07_15_blaze_w5500_rev/SoC_07_15_blaze_w5500_rev.runs/system_auto_pc_1_synth_1/system_auto_pc_1_sim_netlist.v.
INFO: [IP_Flow 19-6928] IPCACHE: copied cached file c:/Harman/Verilog/SoC_07_15_blaze_w5500_rev/SoC_07_15_blaze_w5500_rev.cache/ip/2024.1/5/2/5275af1bd99d01d9/system_auto_pc_0_sim_netlist.vhdl to C:/Harman/Verilog/SoC_07_15_blaze_w5500_rev/SoC_07_15_blaze_w5500_rev.runs/system_auto_pc_1_synth_1/system_auto_pc_1_sim_netlist.vhdl.
INFO: [IP_Flow 19-6928] IPCACHE: copied cached file c:/Harman/Verilog/SoC_07_15_blaze_w5500_rev/SoC_07_15_blaze_w5500_rev.cache/ip/2024.1/5/2/5275af1bd99d01d9/system_auto_pc_0_stub.v to C:/Harman/Verilog/SoC_07_15_blaze_w5500_rev/SoC_07_15_blaze_w5500_rev.runs/system_auto_pc_1_synth_1/system_auto_pc_1_stub.v.
INFO: [IP_Flow 19-6928] IPCACHE: copied cached file c:/Harman/Verilog/SoC_07_15_blaze_w5500_rev/SoC_07_15_blaze_w5500_rev.cache/ip/2024.1/5/2/5275af1bd99d01d9/system_auto_pc_0_stub.vhdl to C:/Harman/Verilog/SoC_07_15_blaze_w5500_rev/SoC_07_15_blaze_w5500_rev.runs/system_auto_pc_1_synth_1/system_auto_pc_1_stub.vhdl.
INFO: [IP_Flow 19-4838] Using cached IP synthesis design for IP system_auto_pc_1, cache-ID = 5275af1bd99d01d9.
INFO: [Common 17-206] Exiting Vivado at Mon Jul 15 14:10:03 2024...
