TRACE::2024-06-18.17:28:28::SCWPlatform::Trying to open the hw design at C:/Harman/Verilog/mb1_wrapper/hw/mb1_wrapper.xsa
TRACE::2024-06-18.17:28:28::SCWPlatform::DSA given C:/Harman/Verilog/mb1_wrapper/hw/mb1_wrapper.xsa
TRACE::2024-06-18.17:28:28::SCWPlatform::DSA absoulate path C:/Harman/Verilog/mb1_wrapper/hw/mb1_wrapper.xsa
TRACE::2024-06-18.17:28:30::SCWPlatform::DSA directory C:/Harman/Verilog/mb1_wrapper/hw
TRACE::2024-06-18.17:28:30::SCWPlatform:: Platform Path C:/Harman/Verilog/mb1_wrapper/hw/mb1_wrapper.xsa
TRACE::2024-06-18.17:28:30::SCWPlatform:: Unique name xilinx:basys3::0.0
TRACE::2024-06-18.17:28:30::SCWPlatform::Do not have an existing db opened. 
TRACE::2024-06-18.17:28:30::SCWPlatform::Opened new HwDB with name mb1_wrapper_0
TRACE::2024-06-18.17:28:30::SCWWriter::formatted JSON is {
	"platformName":	"mb1_wrapper",
	"sprVersion":	"2.0",
	"mode":	"gui",
	"dsaType":	"Fixed",
	"platformDesc":	"mb1_wrapper",
	"platHandOff":	"C:/Harman/Verilog/SoC_06_18_MB_Peri/mb1_wrapper.xsa",
	"platIntHandOff":	"<platformDir>/hw/mb1_wrapper.xsa",
	"deviceType":	"FPGA",
	"platIsPrebuiltAutogen":	"false",
	"platIsNoBootBsp":	"false",
	"hasFsblMakeHasChanges":	"false",
	"hasPmufwMakeHasChanges":	"false",
	"platPreBuiltFlag":	false,
	"platformSamplesDir":	""
}
TRACE::2024-06-18.17:28:30::SCWWriter::formatted JSON is {
	"platformName":	"mb1_wrapper",
	"sprVersion":	"2.0",
	"mode":	"gui",
	"dsaType":	"Fixed",
	"platformDesc":	"mb1_wrapper",
	"platHandOff":	"C:/Harman/Verilog/SoC_06_18_MB_Peri/mb1_wrapper.xsa",
	"platIntHandOff":	"<platformDir>/hw/mb1_wrapper.xsa",
	"deviceType":	"FPGA",
	"platIsPrebuiltAutogen":	"false",
	"platIsNoBootBsp":	"false",
	"hasFsblMakeHasChanges":	"false",
	"hasPmufwMakeHasChanges":	"false",
	"platPreBuiltFlag":	false,
	"platformSamplesDir":	"",
	"platActiveSys":	"mb1_wrapper",
	"systems":	[{
			"systemName":	"mb1_wrapper",
			"systemDesc":	"mb1_wrapper",
			"sysIsBootAutoGen":	"true",
			"systemDispName":	"mb1_wrapper"
		}]
}
TRACE::2024-06-18.17:28:30::SCWPlatform::Boot application domains not present, creating them
TRACE::2024-06-18.17:28:30::SCWPlatform::Pure FPGA device, no boot application will be created.
TRACE::2024-06-18.17:28:30::SCWWriter::formatted JSON is {
	"platformName":	"mb1_wrapper",
	"sprVersion":	"2.0",
	"mode":	"gui",
	"dsaType":	"Fixed",
	"platformDesc":	"mb1_wrapper",
	"platHandOff":	"C:/Harman/Verilog/SoC_06_18_MB_Peri/mb1_wrapper.xsa",
	"platIntHandOff":	"<platformDir>/hw/mb1_wrapper.xsa",
	"deviceType":	"FPGA",
	"platIsPrebuiltAutogen":	"false",
	"platIsNoBootBsp":	"false",
	"hasFsblMakeHasChanges":	"false",
	"hasPmufwMakeHasChanges":	"false",
	"platPreBuiltFlag":	false,
	"platformSamplesDir":	"",
	"platActiveSys":	"mb1_wrapper",
	"systems":	[{
			"systemName":	"mb1_wrapper",
			"systemDesc":	"mb1_wrapper",
			"sysIsBootAutoGen":	"true",
			"systemDispName":	"mb1_wrapper"
		}]
}
TRACE::2024-06-18.17:28:30::SCWWriter::formatted JSON is {
	"platformName":	"mb1_wrapper",
	"sprVersion":	"2.0",
	"mode":	"gui",
	"dsaType":	"Fixed",
	"platformDesc":	"mb1_wrapper",
	"platHandOff":	"C:/Harman/Verilog/SoC_06_18_MB_Peri/mb1_wrapper.xsa",
	"platIntHandOff":	"<platformDir>/hw/mb1_wrapper.xsa",
	"deviceType":	"FPGA",
	"platIsPrebuiltAutogen":	"false",
	"platIsNoBootBsp":	"false",
	"hasFsblMakeHasChanges":	"false",
	"hasPmufwMakeHasChanges":	"false",
	"platPreBuiltFlag":	false,
	"platformSamplesDir":	"",
	"platActiveSys":	"mb1_wrapper",
	"systems":	[{
			"systemName":	"mb1_wrapper",
			"systemDesc":	"mb1_wrapper",
			"sysIsBootAutoGen":	"true",
			"systemDispName":	"mb1_wrapper"
		}]
}
TRACE::2024-06-18.17:28:30::SCWPlatform::Trying to open the hw design at C:/Harman/Verilog/mb1_wrapper/hw/mb1_wrapper.xsa
TRACE::2024-06-18.17:28:30::SCWPlatform::DSA given C:/Harman/Verilog/mb1_wrapper/hw/mb1_wrapper.xsa
TRACE::2024-06-18.17:28:30::SCWPlatform::DSA absoulate path C:/Harman/Verilog/mb1_wrapper/hw/mb1_wrapper.xsa
TRACE::2024-06-18.17:28:30::SCWPlatform::DSA directory C:/Harman/Verilog/mb1_wrapper/hw
TRACE::2024-06-18.17:28:30::SCWPlatform:: Platform Path C:/Harman/Verilog/mb1_wrapper/hw/mb1_wrapper.xsa
TRACE::2024-06-18.17:28:30::SCWPlatform:: Unique name xilinx:basys3::0.0
TRACE::2024-06-18.17:28:30::SCWPlatform::Trying to set the existing hwdb with name mb1_wrapper_0
TRACE::2024-06-18.17:28:30::SCWPlatform::Opened existing hwdb mb1_wrapper_0
TRACE::2024-06-18.17:28:30::SCWPlatform::Found the Hw Db part of the input DSA
TRACE::2024-06-18.17:28:30::SCWPlatform::Trying to open the hw design at C:/Harman/Verilog/mb1_wrapper/hw/mb1_wrapper.xsa
TRACE::2024-06-18.17:28:30::SCWPlatform::DSA given C:/Harman/Verilog/mb1_wrapper/hw/mb1_wrapper.xsa
TRACE::2024-06-18.17:28:30::SCWPlatform::DSA absoulate path C:/Harman/Verilog/mb1_wrapper/hw/mb1_wrapper.xsa
TRACE::2024-06-18.17:28:30::SCWPlatform::DSA directory C:/Harman/Verilog/mb1_wrapper/hw
TRACE::2024-06-18.17:28:30::SCWPlatform:: Platform Path C:/Harman/Verilog/mb1_wrapper/hw/mb1_wrapper.xsa
TRACE::2024-06-18.17:28:30::SCWPlatform:: Unique name xilinx:basys3::0.0
TRACE::2024-06-18.17:28:30::SCWPlatform::Trying to set the existing hwdb with name mb1_wrapper_0
TRACE::2024-06-18.17:28:30::SCWPlatform::Opened existing hwdb mb1_wrapper_0
TRACE::2024-06-18.17:28:30::SCWPlatform::Found the Hw Db part of the input DSA
TRACE::2024-06-18.17:28:30::SCWDomain::checking for install qemu data   : 
TRACE::2024-06-18.17:28:30::SCWPlatform::Trying to open the hw design at C:/Harman/Verilog/mb1_wrapper/hw/mb1_wrapper.xsa
TRACE::2024-06-18.17:28:30::SCWPlatform::DSA given C:/Harman/Verilog/mb1_wrapper/hw/mb1_wrapper.xsa
TRACE::2024-06-18.17:28:30::SCWPlatform::DSA absoulate path C:/Harman/Verilog/mb1_wrapper/hw/mb1_wrapper.xsa
TRACE::2024-06-18.17:28:30::SCWPlatform::DSA directory C:/Harman/Verilog/mb1_wrapper/hw
TRACE::2024-06-18.17:28:30::SCWPlatform:: Platform Path C:/Harman/Verilog/mb1_wrapper/hw/mb1_wrapper.xsa
TRACE::2024-06-18.17:28:30::SCWPlatform:: Unique name xilinx:basys3::0.0
TRACE::2024-06-18.17:28:30::SCWPlatform::Trying to set the existing hwdb with name mb1_wrapper_0
TRACE::2024-06-18.17:28:30::SCWPlatform::Opened existing hwdb mb1_wrapper_0
TRACE::2024-06-18.17:28:30::SCWPlatform::Found the Hw Db part of the input DSA
TRACE::2024-06-18.17:28:30::SCWPlatform::Trying to open the hw design at C:/Harman/Verilog/mb1_wrapper/hw/mb1_wrapper.xsa
TRACE::2024-06-18.17:28:30::SCWPlatform::DSA given C:/Harman/Verilog/mb1_wrapper/hw/mb1_wrapper.xsa
TRACE::2024-06-18.17:28:30::SCWPlatform::DSA absoulate path C:/Harman/Verilog/mb1_wrapper/hw/mb1_wrapper.xsa
TRACE::2024-06-18.17:28:30::SCWPlatform::DSA directory C:/Harman/Verilog/mb1_wrapper/hw
TRACE::2024-06-18.17:28:30::SCWPlatform:: Platform Path C:/Harman/Verilog/mb1_wrapper/hw/mb1_wrapper.xsa
TRACE::2024-06-18.17:28:30::SCWPlatform:: Unique name xilinx:basys3::0.0
TRACE::2024-06-18.17:28:30::SCWPlatform::Trying to set the existing hwdb with name mb1_wrapper_0
TRACE::2024-06-18.17:28:30::SCWPlatform::Opened existing hwdb mb1_wrapper_0
TRACE::2024-06-18.17:28:30::SCWPlatform::Found the Hw Db part of the input DSA
TRACE::2024-06-18.17:28:30::SCWPlatform::Trying to open the hw design at C:/Harman/Verilog/mb1_wrapper/hw/mb1_wrapper.xsa
TRACE::2024-06-18.17:28:30::SCWPlatform::DSA given C:/Harman/Verilog/mb1_wrapper/hw/mb1_wrapper.xsa
TRACE::2024-06-18.17:28:30::SCWPlatform::DSA absoulate path C:/Harman/Verilog/mb1_wrapper/hw/mb1_wrapper.xsa
TRACE::2024-06-18.17:28:30::SCWPlatform::DSA directory C:/Harman/Verilog/mb1_wrapper/hw
TRACE::2024-06-18.17:28:30::SCWPlatform:: Platform Path C:/Harman/Verilog/mb1_wrapper/hw/mb1_wrapper.xsa
TRACE::2024-06-18.17:28:30::SCWPlatform:: Unique name xilinx:basys3::0.0
TRACE::2024-06-18.17:28:30::SCWPlatform::Trying to set the existing hwdb with name mb1_wrapper_0
TRACE::2024-06-18.17:28:30::SCWPlatform::Opened existing hwdb mb1_wrapper_0
TRACE::2024-06-18.17:28:30::SCWPlatform::Found the Hw Db part of the input DSA
TRACE::2024-06-18.17:28:30::SCWMssOS::Checking the sw design at  C:/Harman/Verilog/mb1_wrapper/microblaze_0/standalone_microblaze_0/bsp/system.mss
TRACE::2024-06-18.17:28:30::SCWMssOS::DEBUG:  swdes dump  
TRACE::2024-06-18.17:28:30::SCWMssOS::No sw design opened at  C:/Harman/Verilog/mb1_wrapper/microblaze_0/standalone_microblaze_0/bsp/system.mss
TRACE::2024-06-18.17:28:30::SCWMssOS::mss does not exists at C:/Harman/Verilog/mb1_wrapper/microblaze_0/standalone_microblaze_0/bsp/system.mss
TRACE::2024-06-18.17:28:30::SCWMssOS::Creating sw design at  C:/Harman/Verilog/mb1_wrapper/microblaze_0/standalone_microblaze_0/bsp/system.mss
TRACE::2024-06-18.17:28:30::SCWMssOS::Adding the swdes entry, created swdb C:/Harman/Verilog/mb1_wrapper/microblaze_0/standalone_microblaze_0/bsp/system.mss with des name C:/Harman/Verilog/mb1_wrapper/microblaze_0/standalone_microblaze_0/bsp/system.mss
TRACE::2024-06-18.17:28:30::SCWMssOS::updating the scw layer changes to swdes at   C:/Harman/Verilog/mb1_wrapper/microblaze_0/standalone_microblaze_0/bsp/system.mss
TRACE::2024-06-18.17:28:30::SCWMssOS::Writing mss at C:/Harman/Verilog/mb1_wrapper/microblaze_0/standalone_microblaze_0/bsp/system.mss
TRACE::2024-06-18.17:28:30::SCWMssOS::Completed writing the mss file at C:/Harman/Verilog/mb1_wrapper/microblaze_0/standalone_microblaze_0/bsp
TRACE::2024-06-18.17:28:30::SCWMssOS::Picking up changes from newly written mss file into SCW Layer. 
TRACE::2024-06-18.17:28:30::SCWMssOS::Updated the changes from newly written mss file into SCW Layer. 
TRACE::2024-06-18.17:28:30::SCWMssOS::Completed writing the mss file at C:/Harman/Verilog/mb1_wrapper/microblaze_0/standalone_microblaze_0/bsp
TRACE::2024-06-18.17:28:30::SCWMssOS::Forcing BSP Sources regeneration.
TRACE::2024-06-18.17:28:32::SCWMssOS::Saving the mss changes C:/Harman/Verilog/mb1_wrapper/microblaze_0/standalone_microblaze_0/bsp/system.mss
TRACE::2024-06-18.17:28:32::SCWMssOS::Adding the swdes entry, mss present, able to open swdb C:/Harman/Verilog/mb1_wrapper/microblaze_0/standalone_microblaze_0/bsp/system.mss with des name system
TRACE::2024-06-18.17:28:32::SCWMssOS::Writing the mss file completed C:/Harman/Verilog/mb1_wrapper/microblaze_0/standalone_microblaze_0/bsp/system.mss
TRACE::2024-06-18.17:28:32::SCWMssOS::Commit changes completed.
TRACE::2024-06-18.17:28:32::SCWPlatform::Trying to open the hw design at C:/Harman/Verilog/mb1_wrapper/hw/mb1_wrapper.xsa
TRACE::2024-06-18.17:28:32::SCWPlatform::DSA given C:/Harman/Verilog/mb1_wrapper/hw/mb1_wrapper.xsa
TRACE::2024-06-18.17:28:32::SCWPlatform::DSA absoulate path C:/Harman/Verilog/mb1_wrapper/hw/mb1_wrapper.xsa
TRACE::2024-06-18.17:28:32::SCWPlatform::DSA directory C:/Harman/Verilog/mb1_wrapper/hw
TRACE::2024-06-18.17:28:32::SCWPlatform:: Platform Path C:/Harman/Verilog/mb1_wrapper/hw/mb1_wrapper.xsa
TRACE::2024-06-18.17:28:32::SCWPlatform:: Unique name xilinx:basys3::0.0
TRACE::2024-06-18.17:28:32::SCWPlatform::Trying to set the existing hwdb with name mb1_wrapper_0
TRACE::2024-06-18.17:28:32::SCWPlatform::Opened existing hwdb mb1_wrapper_0
TRACE::2024-06-18.17:28:32::SCWPlatform::Found the Hw Db part of the input DSA
TRACE::2024-06-18.17:28:32::SCWMssOS::Checking the sw design at  C:/Harman/Verilog/mb1_wrapper/microblaze_0/standalone_microblaze_0/bsp/system.mss
TRACE::2024-06-18.17:28:32::SCWMssOS::DEBUG:  swdes dump  C:/Harman/Verilog/mb1_wrapper/microblaze_0/standalone_microblaze_0/bsp/system.mss|system||

TRACE::2024-06-18.17:28:32::SCWMssOS::Sw design exists and opened at  C:/Harman/Verilog/mb1_wrapper/microblaze_0/standalone_microblaze_0/bsp/system.mss
TRACE::2024-06-18.17:28:32::SCWPlatform::Trying to open the hw design at C:/Harman/Verilog/mb1_wrapper/hw/mb1_wrapper.xsa
TRACE::2024-06-18.17:28:32::SCWPlatform::DSA given C:/Harman/Verilog/mb1_wrapper/hw/mb1_wrapper.xsa
TRACE::2024-06-18.17:28:32::SCWPlatform::DSA absoulate path C:/Harman/Verilog/mb1_wrapper/hw/mb1_wrapper.xsa
TRACE::2024-06-18.17:28:32::SCWPlatform::DSA directory C:/Harman/Verilog/mb1_wrapper/hw
TRACE::2024-06-18.17:28:32::SCWPlatform:: Platform Path C:/Harman/Verilog/mb1_wrapper/hw/mb1_wrapper.xsa
TRACE::2024-06-18.17:28:32::SCWPlatform:: Unique name xilinx:basys3::0.0
TRACE::2024-06-18.17:28:32::SCWPlatform::Trying to set the existing hwdb with name mb1_wrapper_0
TRACE::2024-06-18.17:28:32::SCWPlatform::Opened existing hwdb mb1_wrapper_0
TRACE::2024-06-18.17:28:32::SCWPlatform::Found the Hw Db part of the input DSA
TRACE::2024-06-18.17:28:32::SCWMssOS::Checking the sw design at  C:/Harman/Verilog/mb1_wrapper/microblaze_0/standalone_microblaze_0/bsp/system.mss
TRACE::2024-06-18.17:28:32::SCWMssOS::DEBUG:  swdes dump  C:/Harman/Verilog/mb1_wrapper/microblaze_0/standalone_microblaze_0/bsp/system.mss|system||

TRACE::2024-06-18.17:28:32::SCWMssOS::Sw design exists and opened at  C:/Harman/Verilog/mb1_wrapper/microblaze_0/standalone_microblaze_0/bsp/system.mss
TRACE::2024-06-18.17:28:32::SCWPlatform::Trying to open the hw design at C:/Harman/Verilog/mb1_wrapper/hw/mb1_wrapper.xsa
TRACE::2024-06-18.17:28:32::SCWPlatform::DSA given C:/Harman/Verilog/mb1_wrapper/hw/mb1_wrapper.xsa
TRACE::2024-06-18.17:28:32::SCWPlatform::DSA absoulate path C:/Harman/Verilog/mb1_wrapper/hw/mb1_wrapper.xsa
TRACE::2024-06-18.17:28:32::SCWPlatform::DSA directory C:/Harman/Verilog/mb1_wrapper/hw
TRACE::2024-06-18.17:28:32::SCWPlatform:: Platform Path C:/Harman/Verilog/mb1_wrapper/hw/mb1_wrapper.xsa
TRACE::2024-06-18.17:28:32::SCWPlatform:: Unique name xilinx:basys3::0.0
TRACE::2024-06-18.17:28:32::SCWPlatform::Trying to set the existing hwdb with name mb1_wrapper_0
TRACE::2024-06-18.17:28:32::SCWPlatform::Opened existing hwdb mb1_wrapper_0
TRACE::2024-06-18.17:28:32::SCWPlatform::Found the Hw Db part of the input DSA
TRACE::2024-06-18.17:28:32::SCWMssOS::Checking the sw design at  C:/Harman/Verilog/mb1_wrapper/microblaze_0/standalone_microblaze_0/bsp/system.mss
TRACE::2024-06-18.17:28:32::SCWMssOS::DEBUG:  swdes dump  C:/Harman/Verilog/mb1_wrapper/microblaze_0/standalone_microblaze_0/bsp/system.mss|system||

TRACE::2024-06-18.17:28:32::SCWMssOS::Sw design exists and opened at  C:/Harman/Verilog/mb1_wrapper/microblaze_0/standalone_microblaze_0/bsp/system.mss
TRACE::2024-06-18.17:28:32::SCWWriter::formatted JSON is {
	"platformName":	"mb1_wrapper",
	"sprVersion":	"2.0",
	"mode":	"gui",
	"dsaType":	"Fixed",
	"platformDesc":	"mb1_wrapper",
	"platHandOff":	"C:/Harman/Verilog/SoC_06_18_MB_Peri/mb1_wrapper.xsa",
	"platIntHandOff":	"<platformDir>/hw/mb1_wrapper.xsa",
	"deviceType":	"FPGA",
	"platIsPrebuiltAutogen":	"false",
	"platIsNoBootBsp":	"false",
	"hasFsblMakeHasChanges":	"false",
	"hasPmufwMakeHasChanges":	"false",
	"platPreBuiltFlag":	false,
	"platformSamplesDir":	"",
	"platActiveSys":	"mb1_wrapper",
	"systems":	[{
			"systemName":	"mb1_wrapper",
			"systemDesc":	"mb1_wrapper",
			"sysIsBootAutoGen":	"true",
			"systemDispName":	"mb1_wrapper",
			"sysActiveDom":	"standalone_microblaze_0",
			"sysDefaultDom":	"standalone_microblaze_0",
			"domains":	[{
					"domainName":	"standalone_microblaze_0",
					"domainDispName":	"standalone_microblaze_0",
					"domainDesc":	"standalone_microblaze_0",
					"processors":	"microblaze_0",
					"os":	"standalone",
					"sdxOs":	"standalone",
					"debugEnable":	"False",
					"domRuntimes":	["cpp"],
					"swRepo":	"",
					"mssOsVer":	"9.1",
					"mssFile":	"",
					"md5Digest":	"5299e581b7894d06e3ef5587a510be25",
					"compatibleApp":	"hello_world",
					"domType":	"mssDomain",
					"arch":	"32-bit",
					"appSettings":	{
						"appCompilerFlags":	"",
						"appLinkerFlags":	""
					},
					"addedLibs":	[],
					"libOptions":	{
						"libsContainingOptions":	[]
					},
					"prebuiltLibs":	{
						"prebuiltIncPath":	[],
						"prebuiltLibPath":	[]
					},
					"isolation":	{
					}
				}]
		}]
}
LOG::2024-06-18.17:28:32::SCWPlatform::Started generating the artifacts platform mb1_wrapper
TRACE::2024-06-18.17:28:32::SCWPlatform::Sanity checking of platform is completed
LOG::2024-06-18.17:28:32::SCWPlatform::Started generating the artifacts for system configuration mb1_wrapper
LOG::2024-06-18.17:28:32::SCWSystem::Checking the domain standalone_microblaze_0
LOG::2024-06-18.17:28:32::SCWSystem::Not a boot domain 
LOG::2024-06-18.17:28:32::SCWSystem::Started Processing the domain standalone_microblaze_0
TRACE::2024-06-18.17:28:32::SCWDomain::Generating domain artifcats
TRACE::2024-06-18.17:28:32::SCWMssOS::Generating standalone artifcats
TRACE::2024-06-18.17:28:32::SCWMssOS:: Copying the user libraries. 
TRACE::2024-06-18.17:28:32::SCWPlatform::Trying to open the hw design at C:/Harman/Verilog/mb1_wrapper/hw/mb1_wrapper.xsa
TRACE::2024-06-18.17:28:32::SCWPlatform::DSA given C:/Harman/Verilog/mb1_wrapper/hw/mb1_wrapper.xsa
TRACE::2024-06-18.17:28:32::SCWPlatform::DSA absoulate path C:/Harman/Verilog/mb1_wrapper/hw/mb1_wrapper.xsa
TRACE::2024-06-18.17:28:32::SCWPlatform::DSA directory C:/Harman/Verilog/mb1_wrapper/hw
TRACE::2024-06-18.17:28:32::SCWPlatform:: Platform Path C:/Harman/Verilog/mb1_wrapper/hw/mb1_wrapper.xsa
TRACE::2024-06-18.17:28:32::SCWPlatform:: Unique name xilinx:basys3::0.0
TRACE::2024-06-18.17:28:32::SCWPlatform::Trying to set the existing hwdb with name mb1_wrapper_0
TRACE::2024-06-18.17:28:32::SCWPlatform::Opened existing hwdb mb1_wrapper_0
TRACE::2024-06-18.17:28:32::SCWPlatform::Found the Hw Db part of the input DSA
TRACE::2024-06-18.17:28:32::SCWMssOS::Checking the sw design at  C:/Harman/Verilog/mb1_wrapper/microblaze_0/standalone_microblaze_0/bsp/system.mss
TRACE::2024-06-18.17:28:32::SCWMssOS::DEBUG:  swdes dump  C:/Harman/Verilog/mb1_wrapper/microblaze_0/standalone_microblaze_0/bsp/system.mss|system||

TRACE::2024-06-18.17:28:32::SCWMssOS::Sw design exists and opened at  C:/Harman/Verilog/mb1_wrapper/microblaze_0/standalone_microblaze_0/bsp/system.mss
TRACE::2024-06-18.17:28:32::SCWMssOS::Completed writing the mss file at C:/Harman/Verilog/mb1_wrapper/microblaze_0/standalone_microblaze_0/bsp
TRACE::2024-06-18.17:28:32::SCWMssOS::Mss edits present, copying mssfile into export location C:/Harman/Verilog/mb1_wrapper/microblaze_0/standalone_microblaze_0/bsp/system.mss
TRACE::2024-06-18.17:28:32::SCWMssOS::bsp generated is upto date with the mss file. Skipping bsp generation.
TRACE::2024-06-18.17:28:32::SCWMssOS::BSP is already built. skipping the bsp build ... 
TRACE::2024-06-18.17:28:32::SCWDomain::Skipping the build for domain :  standalone_microblaze_0
TRACE::2024-06-18.17:28:32::SCWMssOS::skipping the bsp build ... 
TRACE::2024-06-18.17:28:32::SCWMssOS::Copying to export directory.
TRACE::2024-06-18.17:28:32::SCWMssOS:: Checking if to create the Supporting Applications
TRACE::2024-06-18.17:28:32::SCWMssOS:: No Linux domain exists, trying to generate FSBL 
LOG::2024-06-18.17:28:32::SCWSystem::Completed Processing the domain standalone_microblaze_0
LOG::2024-06-18.17:28:32::SCWSystem::Completed Processing the sysconfig mb1_wrapper
LOG::2024-06-18.17:28:32::SCWPlatform::Completed generating the artifacts for system configuration mb1_wrapper
TRACE::2024-06-18.17:28:32::SCWPlatform::Started preparing the platform 
TRACE::2024-06-18.17:28:33::SCWSystem::Writing the bif file for system config mb1_wrapper
TRACE::2024-06-18.17:28:33::SCWSystem::dir created 
TRACE::2024-06-18.17:28:33::SCWSystem::Writing the bif 
TRACE::2024-06-18.17:28:33::SCWPlatform::Started writing the spfm file 
TRACE::2024-06-18.17:28:33::SCWPlatform::Started writing the xpfm file 
TRACE::2024-06-18.17:28:33::SCWPlatform::Completed generating the platform
TRACE::2024-06-18.17:28:33::SCWMssOS::Saving the mss changes C:/Harman/Verilog/mb1_wrapper/microblaze_0/standalone_microblaze_0/bsp/system.mss
TRACE::2024-06-18.17:28:33::SCWMssOS::Found a swdesign opened with the mssfile.
TRACE::2024-06-18.17:28:33::SCWMssOS::Completed writemss as part of save.
TRACE::2024-06-18.17:28:33::SCWMssOS::Commit changes completed.
TRACE::2024-06-18.17:28:33::SCWPlatform::Trying to open the hw design at C:/Harman/Verilog/mb1_wrapper/hw/mb1_wrapper.xsa
TRACE::2024-06-18.17:28:33::SCWPlatform::DSA given C:/Harman/Verilog/mb1_wrapper/hw/mb1_wrapper.xsa
TRACE::2024-06-18.17:28:33::SCWPlatform::DSA absoulate path C:/Harman/Verilog/mb1_wrapper/hw/mb1_wrapper.xsa
TRACE::2024-06-18.17:28:33::SCWPlatform::DSA directory C:/Harman/Verilog/mb1_wrapper/hw
TRACE::2024-06-18.17:28:33::SCWPlatform:: Platform Path C:/Harman/Verilog/mb1_wrapper/hw/mb1_wrapper.xsa
TRACE::2024-06-18.17:28:33::SCWPlatform:: Unique name xilinx:basys3::0.0
TRACE::2024-06-18.17:28:33::SCWPlatform::Trying to set the existing hwdb with name mb1_wrapper_0
TRACE::2024-06-18.17:28:33::SCWPlatform::Opened existing hwdb mb1_wrapper_0
TRACE::2024-06-18.17:28:33::SCWPlatform::Found the Hw Db part of the input DSA
TRACE::2024-06-18.17:28:33::SCWMssOS::Checking the sw design at  C:/Harman/Verilog/mb1_wrapper/microblaze_0/standalone_microblaze_0/bsp/system.mss
TRACE::2024-06-18.17:28:33::SCWMssOS::DEBUG:  swdes dump  C:/Harman/Verilog/mb1_wrapper/microblaze_0/standalone_microblaze_0/bsp/system.mss|system||

TRACE::2024-06-18.17:28:33::SCWMssOS::Sw design exists and opened at  C:/Harman/Verilog/mb1_wrapper/microblaze_0/standalone_microblaze_0/bsp/system.mss
TRACE::2024-06-18.17:28:33::SCWPlatform::Trying to open the hw design at C:/Harman/Verilog/mb1_wrapper/hw/mb1_wrapper.xsa
TRACE::2024-06-18.17:28:33::SCWPlatform::DSA given C:/Harman/Verilog/mb1_wrapper/hw/mb1_wrapper.xsa
TRACE::2024-06-18.17:28:33::SCWPlatform::DSA absoulate path C:/Harman/Verilog/mb1_wrapper/hw/mb1_wrapper.xsa
TRACE::2024-06-18.17:28:33::SCWPlatform::DSA directory C:/Harman/Verilog/mb1_wrapper/hw
TRACE::2024-06-18.17:28:33::SCWPlatform:: Platform Path C:/Harman/Verilog/mb1_wrapper/hw/mb1_wrapper.xsa
TRACE::2024-06-18.17:28:33::SCWPlatform:: Unique name xilinx:basys3::0.0
TRACE::2024-06-18.17:28:33::SCWPlatform::Trying to set the existing hwdb with name mb1_wrapper_0
TRACE::2024-06-18.17:28:33::SCWPlatform::Opened existing hwdb mb1_wrapper_0
TRACE::2024-06-18.17:28:33::SCWPlatform::Found the Hw Db part of the input DSA
TRACE::2024-06-18.17:28:33::SCWMssOS::Checking the sw design at  C:/Harman/Verilog/mb1_wrapper/microblaze_0/standalone_microblaze_0/bsp/system.mss
TRACE::2024-06-18.17:28:33::SCWMssOS::DEBUG:  swdes dump  C:/Harman/Verilog/mb1_wrapper/microblaze_0/standalone_microblaze_0/bsp/system.mss|system||

TRACE::2024-06-18.17:28:33::SCWMssOS::Sw design exists and opened at  C:/Harman/Verilog/mb1_wrapper/microblaze_0/standalone_microblaze_0/bsp/system.mss
TRACE::2024-06-18.17:28:33::SCWPlatform::Trying to open the hw design at C:/Harman/Verilog/mb1_wrapper/hw/mb1_wrapper.xsa
TRACE::2024-06-18.17:28:33::SCWPlatform::DSA given C:/Harman/Verilog/mb1_wrapper/hw/mb1_wrapper.xsa
TRACE::2024-06-18.17:28:33::SCWPlatform::DSA absoulate path C:/Harman/Verilog/mb1_wrapper/hw/mb1_wrapper.xsa
TRACE::2024-06-18.17:28:33::SCWPlatform::DSA directory C:/Harman/Verilog/mb1_wrapper/hw
TRACE::2024-06-18.17:28:33::SCWPlatform:: Platform Path C:/Harman/Verilog/mb1_wrapper/hw/mb1_wrapper.xsa
TRACE::2024-06-18.17:28:33::SCWPlatform:: Unique name xilinx:basys3::0.0
TRACE::2024-06-18.17:28:33::SCWPlatform::Trying to set the existing hwdb with name mb1_wrapper_0
TRACE::2024-06-18.17:28:33::SCWPlatform::Opened existing hwdb mb1_wrapper_0
TRACE::2024-06-18.17:28:33::SCWPlatform::Found the Hw Db part of the input DSA
TRACE::2024-06-18.17:28:33::SCWMssOS::Checking the sw design at  C:/Harman/Verilog/mb1_wrapper/microblaze_0/standalone_microblaze_0/bsp/system.mss
TRACE::2024-06-18.17:28:33::SCWMssOS::DEBUG:  swdes dump  C:/Harman/Verilog/mb1_wrapper/microblaze_0/standalone_microblaze_0/bsp/system.mss|system||

TRACE::2024-06-18.17:28:33::SCWMssOS::Sw design exists and opened at  C:/Harman/Verilog/mb1_wrapper/microblaze_0/standalone_microblaze_0/bsp/system.mss
TRACE::2024-06-18.17:28:33::SCWWriter::formatted JSON is {
	"platformName":	"mb1_wrapper",
	"sprVersion":	"2.0",
	"mode":	"gui",
	"dsaType":	"Fixed",
	"platformDesc":	"mb1_wrapper",
	"platHandOff":	"C:/Harman/Verilog/SoC_06_18_MB_Peri/mb1_wrapper.xsa",
	"platIntHandOff":	"<platformDir>/hw/mb1_wrapper.xsa",
	"deviceType":	"FPGA",
	"platIsPrebuiltAutogen":	"false",
	"platIsNoBootBsp":	"false",
	"hasFsblMakeHasChanges":	"false",
	"hasPmufwMakeHasChanges":	"false",
	"platPreBuiltFlag":	false,
	"platformSamplesDir":	"",
	"platActiveSys":	"mb1_wrapper",
	"systems":	[{
			"systemName":	"mb1_wrapper",
			"systemDesc":	"mb1_wrapper",
			"sysIsBootAutoGen":	"true",
			"systemDispName":	"mb1_wrapper",
			"sysActiveDom":	"standalone_microblaze_0",
			"sysDefaultDom":	"standalone_microblaze_0",
			"domains":	[{
					"domainName":	"standalone_microblaze_0",
					"domainDispName":	"standalone_microblaze_0",
					"domainDesc":	"standalone_microblaze_0",
					"processors":	"microblaze_0",
					"os":	"standalone",
					"sdxOs":	"standalone",
					"debugEnable":	"False",
					"domRuntimes":	["cpp"],
					"swRepo":	"",
					"mssOsVer":	"9.1",
					"mssFile":	"",
					"md5Digest":	"5299e581b7894d06e3ef5587a510be25",
					"compatibleApp":	"hello_world",
					"domType":	"mssDomain",
					"arch":	"32-bit",
					"appSettings":	{
						"appCompilerFlags":	"",
						"appLinkerFlags":	""
					},
					"addedLibs":	[],
					"libOptions":	{
						"libsContainingOptions":	[]
					},
					"prebuiltLibs":	{
						"prebuiltIncPath":	[],
						"prebuiltLibPath":	[]
					},
					"isolation":	{
					}
				}]
		}]
}
KEYINFO::2024-06-18.17:28:33::SCWPlatform::updated the xpfm file.
TRACE::2024-06-18.17:28:34::SCWPlatform::Trying to open the hw design at C:/Harman/Verilog/mb1_wrapper/hw/mb1_wrapper.xsa
TRACE::2024-06-18.17:28:34::SCWPlatform::DSA given C:/Harman/Verilog/mb1_wrapper/hw/mb1_wrapper.xsa
TRACE::2024-06-18.17:28:34::SCWPlatform::DSA absoulate path C:/Harman/Verilog/mb1_wrapper/hw/mb1_wrapper.xsa
TRACE::2024-06-18.17:28:34::SCWPlatform::DSA directory C:/Harman/Verilog/mb1_wrapper/hw
TRACE::2024-06-18.17:28:34::SCWPlatform:: Platform Path C:/Harman/Verilog/mb1_wrapper/hw/mb1_wrapper.xsa
TRACE::2024-06-18.17:28:34::SCWPlatform:: Unique name xilinx:basys3::0.0
TRACE::2024-06-18.17:28:34::SCWPlatform::Trying to set the existing hwdb with name mb1_wrapper_0
TRACE::2024-06-18.17:28:34::SCWPlatform::Opened existing hwdb mb1_wrapper_0
TRACE::2024-06-18.17:28:34::SCWPlatform::Found the Hw Db part of the input DSA
TRACE::2024-06-18.17:28:34::SCWMssOS::Checking the sw design at  C:/Harman/Verilog/mb1_wrapper/microblaze_0/standalone_microblaze_0/bsp/system.mss
TRACE::2024-06-18.17:28:34::SCWMssOS::DEBUG:  swdes dump  C:/Harman/Verilog/mb1_wrapper/microblaze_0/standalone_microblaze_0/bsp/system.mss|system||

TRACE::2024-06-18.17:28:34::SCWMssOS::Sw design exists and opened at  C:/Harman/Verilog/mb1_wrapper/microblaze_0/standalone_microblaze_0/bsp/system.mss
TRACE::2024-06-18.17:28:34::SCWMssOS::Saving the mss changes C:/Harman/Verilog/mb1_wrapper/microblaze_0/standalone_microblaze_0/bsp/system.mss
TRACE::2024-06-18.17:28:34::SCWMssOS::Found a swdesign opened with the mssfile.
TRACE::2024-06-18.17:28:34::SCWMssOS::Completed writemss as part of save.
TRACE::2024-06-18.17:28:34::SCWMssOS::Commit changes completed.
TRACE::2024-06-18.17:28:34::SCWPlatform::Trying to open the hw design at C:/Harman/Verilog/mb1_wrapper/hw/mb1_wrapper.xsa
TRACE::2024-06-18.17:28:34::SCWPlatform::DSA given C:/Harman/Verilog/mb1_wrapper/hw/mb1_wrapper.xsa
TRACE::2024-06-18.17:28:34::SCWPlatform::DSA absoulate path C:/Harman/Verilog/mb1_wrapper/hw/mb1_wrapper.xsa
TRACE::2024-06-18.17:28:34::SCWPlatform::DSA directory C:/Harman/Verilog/mb1_wrapper/hw
TRACE::2024-06-18.17:28:34::SCWPlatform:: Platform Path C:/Harman/Verilog/mb1_wrapper/hw/mb1_wrapper.xsa
TRACE::2024-06-18.17:28:34::SCWPlatform:: Unique name xilinx:basys3::0.0
TRACE::2024-06-18.17:28:34::SCWPlatform::Trying to set the existing hwdb with name mb1_wrapper_0
TRACE::2024-06-18.17:28:34::SCWPlatform::Opened existing hwdb mb1_wrapper_0
TRACE::2024-06-18.17:28:34::SCWPlatform::Found the Hw Db part of the input DSA
TRACE::2024-06-18.17:28:34::SCWMssOS::Checking the sw design at  C:/Harman/Verilog/mb1_wrapper/microblaze_0/standalone_microblaze_0/bsp/system.mss
TRACE::2024-06-18.17:28:34::SCWMssOS::DEBUG:  swdes dump  C:/Harman/Verilog/mb1_wrapper/microblaze_0/standalone_microblaze_0/bsp/system.mss|system||

TRACE::2024-06-18.17:28:34::SCWMssOS::Sw design exists and opened at  C:/Harman/Verilog/mb1_wrapper/microblaze_0/standalone_microblaze_0/bsp/system.mss
TRACE::2024-06-18.17:28:34::SCWPlatform::Trying to open the hw design at C:/Harman/Verilog/mb1_wrapper/hw/mb1_wrapper.xsa
TRACE::2024-06-18.17:28:34::SCWPlatform::DSA given C:/Harman/Verilog/mb1_wrapper/hw/mb1_wrapper.xsa
TRACE::2024-06-18.17:28:34::SCWPlatform::DSA absoulate path C:/Harman/Verilog/mb1_wrapper/hw/mb1_wrapper.xsa
TRACE::2024-06-18.17:28:34::SCWPlatform::DSA directory C:/Harman/Verilog/mb1_wrapper/hw
TRACE::2024-06-18.17:28:34::SCWPlatform:: Platform Path C:/Harman/Verilog/mb1_wrapper/hw/mb1_wrapper.xsa
TRACE::2024-06-18.17:28:34::SCWPlatform:: Unique name xilinx:basys3::0.0
TRACE::2024-06-18.17:28:34::SCWPlatform::Trying to set the existing hwdb with name mb1_wrapper_0
TRACE::2024-06-18.17:28:34::SCWPlatform::Opened existing hwdb mb1_wrapper_0
TRACE::2024-06-18.17:28:34::SCWPlatform::Found the Hw Db part of the input DSA
TRACE::2024-06-18.17:28:34::SCWMssOS::Checking the sw design at  C:/Harman/Verilog/mb1_wrapper/microblaze_0/standalone_microblaze_0/bsp/system.mss
TRACE::2024-06-18.17:28:34::SCWMssOS::DEBUG:  swdes dump  C:/Harman/Verilog/mb1_wrapper/microblaze_0/standalone_microblaze_0/bsp/system.mss|system||

TRACE::2024-06-18.17:28:34::SCWMssOS::Sw design exists and opened at  C:/Harman/Verilog/mb1_wrapper/microblaze_0/standalone_microblaze_0/bsp/system.mss
TRACE::2024-06-18.17:28:34::SCWPlatform::Trying to open the hw design at C:/Harman/Verilog/mb1_wrapper/hw/mb1_wrapper.xsa
TRACE::2024-06-18.17:28:34::SCWPlatform::DSA given C:/Harman/Verilog/mb1_wrapper/hw/mb1_wrapper.xsa
TRACE::2024-06-18.17:28:34::SCWPlatform::DSA absoulate path C:/Harman/Verilog/mb1_wrapper/hw/mb1_wrapper.xsa
TRACE::2024-06-18.17:28:34::SCWPlatform::DSA directory C:/Harman/Verilog/mb1_wrapper/hw
TRACE::2024-06-18.17:28:34::SCWPlatform:: Platform Path C:/Harman/Verilog/mb1_wrapper/hw/mb1_wrapper.xsa
TRACE::2024-06-18.17:28:34::SCWPlatform:: Unique name xilinx:basys3::0.0
TRACE::2024-06-18.17:28:34::SCWPlatform::Trying to set the existing hwdb with name mb1_wrapper_0
TRACE::2024-06-18.17:28:34::SCWPlatform::Opened existing hwdb mb1_wrapper_0
TRACE::2024-06-18.17:28:34::SCWPlatform::Found the Hw Db part of the input DSA
TRACE::2024-06-18.17:28:34::SCWMssOS::Checking the sw design at  C:/Harman/Verilog/mb1_wrapper/microblaze_0/standalone_microblaze_0/bsp/system.mss
TRACE::2024-06-18.17:28:34::SCWMssOS::DEBUG:  swdes dump  C:/Harman/Verilog/mb1_wrapper/microblaze_0/standalone_microblaze_0/bsp/system.mss|system||

TRACE::2024-06-18.17:28:34::SCWMssOS::Sw design exists and opened at  C:/Harman/Verilog/mb1_wrapper/microblaze_0/standalone_microblaze_0/bsp/system.mss
TRACE::2024-06-18.17:28:34::SCWWriter::formatted JSON is {
	"platformName":	"mb1_wrapper",
	"sprVersion":	"2.0",
	"mode":	"gui",
	"dsaType":	"Fixed",
	"platformDesc":	"mb1_wrapper",
	"platHandOff":	"C:/Harman/Verilog/SoC_06_18_MB_Peri/mb1_wrapper.xsa",
	"platIntHandOff":	"<platformDir>/hw/mb1_wrapper.xsa",
	"deviceType":	"FPGA",
	"platIsPrebuiltAutogen":	"false",
	"platIsNoBootBsp":	"false",
	"hasFsblMakeHasChanges":	"false",
	"hasPmufwMakeHasChanges":	"false",
	"platPreBuiltFlag":	false,
	"platformSamplesDir":	"",
	"platActiveSys":	"mb1_wrapper",
	"systems":	[{
			"systemName":	"mb1_wrapper",
			"systemDesc":	"mb1_wrapper",
			"sysIsBootAutoGen":	"true",
			"systemDispName":	"mb1_wrapper",
			"sysActiveDom":	"standalone_microblaze_0",
			"sysDefaultDom":	"standalone_microblaze_0",
			"domains":	[{
					"domainName":	"standalone_microblaze_0",
					"domainDispName":	"standalone_microblaze_0",
					"domainDesc":	"standalone_microblaze_0",
					"processors":	"microblaze_0",
					"os":	"standalone",
					"sdxOs":	"standalone",
					"debugEnable":	"False",
					"domRuntimes":	["cpp"],
					"swRepo":	"",
					"mssOsVer":	"9.1",
					"mssFile":	"",
					"md5Digest":	"5299e581b7894d06e3ef5587a510be25",
					"compatibleApp":	"hello_world",
					"domType":	"mssDomain",
					"arch":	"32-bit",
					"appSettings":	{
						"appCompilerFlags":	"",
						"appLinkerFlags":	""
					},
					"addedLibs":	[],
					"libOptions":	{
						"libsContainingOptions":	[]
					},
					"prebuiltLibs":	{
						"prebuiltIncPath":	[],
						"prebuiltLibPath":	[]
					},
					"isolation":	{
					}
				}]
		}]
}
TRACE::2024-06-18.17:28:34::SCWPlatform::Trying to open the hw design at C:/Harman/Verilog/mb1_wrapper/hw/mb1_wrapper.xsa
TRACE::2024-06-18.17:28:34::SCWPlatform::DSA given C:/Harman/Verilog/mb1_wrapper/hw/mb1_wrapper.xsa
TRACE::2024-06-18.17:28:34::SCWPlatform::DSA absoulate path C:/Harman/Verilog/mb1_wrapper/hw/mb1_wrapper.xsa
TRACE::2024-06-18.17:28:34::SCWPlatform::DSA directory C:/Harman/Verilog/mb1_wrapper/hw
TRACE::2024-06-18.17:28:34::SCWPlatform:: Platform Path C:/Harman/Verilog/mb1_wrapper/hw/mb1_wrapper.xsa
TRACE::2024-06-18.17:28:34::SCWPlatform:: Unique name xilinx:basys3::0.0
TRACE::2024-06-18.17:28:34::SCWPlatform::Trying to set the existing hwdb with name mb1_wrapper_0
TRACE::2024-06-18.17:28:34::SCWPlatform::Opened existing hwdb mb1_wrapper_0
TRACE::2024-06-18.17:28:34::SCWPlatform::Found the Hw Db part of the input DSA
TRACE::2024-06-18.17:28:34::SCWMssOS::Checking the sw design at  C:/Harman/Verilog/mb1_wrapper/microblaze_0/standalone_microblaze_0/bsp/system.mss
TRACE::2024-06-18.17:28:34::SCWMssOS::DEBUG:  swdes dump  C:/Harman/Verilog/mb1_wrapper/microblaze_0/standalone_microblaze_0/bsp/system.mss|system||

TRACE::2024-06-18.17:28:34::SCWMssOS::Sw design exists and opened at  C:/Harman/Verilog/mb1_wrapper/microblaze_0/standalone_microblaze_0/bsp/system.mss
TRACE::2024-06-18.17:28:34::SCWPlatform::Trying to open the hw design at C:/Harman/Verilog/mb1_wrapper/hw/mb1_wrapper.xsa
TRACE::2024-06-18.17:28:34::SCWPlatform::DSA given C:/Harman/Verilog/mb1_wrapper/hw/mb1_wrapper.xsa
TRACE::2024-06-18.17:28:34::SCWPlatform::DSA absoulate path C:/Harman/Verilog/mb1_wrapper/hw/mb1_wrapper.xsa
TRACE::2024-06-18.17:28:34::SCWPlatform::DSA directory C:/Harman/Verilog/mb1_wrapper/hw
TRACE::2024-06-18.17:28:34::SCWPlatform:: Platform Path C:/Harman/Verilog/mb1_wrapper/hw/mb1_wrapper.xsa
TRACE::2024-06-18.17:28:34::SCWPlatform:: Unique name xilinx:basys3::0.0
TRACE::2024-06-18.17:28:34::SCWPlatform::Trying to set the existing hwdb with name mb1_wrapper_0
TRACE::2024-06-18.17:28:34::SCWPlatform::Opened existing hwdb mb1_wrapper_0
TRACE::2024-06-18.17:28:34::SCWPlatform::Found the Hw Db part of the input DSA
TRACE::2024-06-18.17:28:34::SCWMssOS::Checking the sw design at  C:/Harman/Verilog/mb1_wrapper/microblaze_0/standalone_microblaze_0/bsp/system.mss
TRACE::2024-06-18.17:28:34::SCWMssOS::DEBUG:  swdes dump  C:/Harman/Verilog/mb1_wrapper/microblaze_0/standalone_microblaze_0/bsp/system.mss|system||

TRACE::2024-06-18.17:28:34::SCWMssOS::Sw design exists and opened at  C:/Harman/Verilog/mb1_wrapper/microblaze_0/standalone_microblaze_0/bsp/system.mss
TRACE::2024-06-18.17:28:34::SCWMssOS::Saving the mss changes C:/Harman/Verilog/mb1_wrapper/microblaze_0/standalone_microblaze_0/bsp/system.mss
TRACE::2024-06-18.17:28:34::SCWMssOS::Found a swdesign opened with the mssfile.
TRACE::2024-06-18.17:28:34::SCWMssOS::Completed writemss as part of save.
TRACE::2024-06-18.17:28:34::SCWMssOS::Commit changes completed.
TRACE::2024-06-18.17:28:34::SCWPlatform::Trying to open the hw design at C:/Harman/Verilog/mb1_wrapper/hw/mb1_wrapper.xsa
TRACE::2024-06-18.17:28:34::SCWPlatform::DSA given C:/Harman/Verilog/mb1_wrapper/hw/mb1_wrapper.xsa
TRACE::2024-06-18.17:28:34::SCWPlatform::DSA absoulate path C:/Harman/Verilog/mb1_wrapper/hw/mb1_wrapper.xsa
TRACE::2024-06-18.17:28:34::SCWPlatform::DSA directory C:/Harman/Verilog/mb1_wrapper/hw
TRACE::2024-06-18.17:28:34::SCWPlatform:: Platform Path C:/Harman/Verilog/mb1_wrapper/hw/mb1_wrapper.xsa
TRACE::2024-06-18.17:28:34::SCWPlatform:: Unique name xilinx:basys3::0.0
TRACE::2024-06-18.17:28:34::SCWPlatform::Trying to set the existing hwdb with name mb1_wrapper_0
TRACE::2024-06-18.17:28:34::SCWPlatform::Opened existing hwdb mb1_wrapper_0
TRACE::2024-06-18.17:28:34::SCWPlatform::Found the Hw Db part of the input DSA
TRACE::2024-06-18.17:28:34::SCWMssOS::Checking the sw design at  C:/Harman/Verilog/mb1_wrapper/microblaze_0/standalone_microblaze_0/bsp/system.mss
TRACE::2024-06-18.17:28:34::SCWMssOS::DEBUG:  swdes dump  C:/Harman/Verilog/mb1_wrapper/microblaze_0/standalone_microblaze_0/bsp/system.mss|system||

TRACE::2024-06-18.17:28:34::SCWMssOS::Sw design exists and opened at  C:/Harman/Verilog/mb1_wrapper/microblaze_0/standalone_microblaze_0/bsp/system.mss
TRACE::2024-06-18.17:28:34::SCWPlatform::Trying to open the hw design at C:/Harman/Verilog/mb1_wrapper/hw/mb1_wrapper.xsa
TRACE::2024-06-18.17:28:34::SCWPlatform::DSA given C:/Harman/Verilog/mb1_wrapper/hw/mb1_wrapper.xsa
TRACE::2024-06-18.17:28:34::SCWPlatform::DSA absoulate path C:/Harman/Verilog/mb1_wrapper/hw/mb1_wrapper.xsa
TRACE::2024-06-18.17:28:34::SCWPlatform::DSA directory C:/Harman/Verilog/mb1_wrapper/hw
TRACE::2024-06-18.17:28:34::SCWPlatform:: Platform Path C:/Harman/Verilog/mb1_wrapper/hw/mb1_wrapper.xsa
TRACE::2024-06-18.17:28:34::SCWPlatform:: Unique name xilinx:basys3::0.0
TRACE::2024-06-18.17:28:34::SCWPlatform::Trying to set the existing hwdb with name mb1_wrapper_0
TRACE::2024-06-18.17:28:34::SCWPlatform::Opened existing hwdb mb1_wrapper_0
TRACE::2024-06-18.17:28:34::SCWPlatform::Found the Hw Db part of the input DSA
TRACE::2024-06-18.17:28:34::SCWMssOS::Checking the sw design at  C:/Harman/Verilog/mb1_wrapper/microblaze_0/standalone_microblaze_0/bsp/system.mss
TRACE::2024-06-18.17:28:34::SCWMssOS::DEBUG:  swdes dump  C:/Harman/Verilog/mb1_wrapper/microblaze_0/standalone_microblaze_0/bsp/system.mss|system||

TRACE::2024-06-18.17:28:34::SCWMssOS::Sw design exists and opened at  C:/Harman/Verilog/mb1_wrapper/microblaze_0/standalone_microblaze_0/bsp/system.mss
TRACE::2024-06-18.17:28:34::SCWPlatform::Trying to open the hw design at C:/Harman/Verilog/mb1_wrapper/hw/mb1_wrapper.xsa
TRACE::2024-06-18.17:28:34::SCWPlatform::DSA given C:/Harman/Verilog/mb1_wrapper/hw/mb1_wrapper.xsa
TRACE::2024-06-18.17:28:34::SCWPlatform::DSA absoulate path C:/Harman/Verilog/mb1_wrapper/hw/mb1_wrapper.xsa
TRACE::2024-06-18.17:28:34::SCWPlatform::DSA directory C:/Harman/Verilog/mb1_wrapper/hw
TRACE::2024-06-18.17:28:34::SCWPlatform:: Platform Path C:/Harman/Verilog/mb1_wrapper/hw/mb1_wrapper.xsa
TRACE::2024-06-18.17:28:34::SCWPlatform:: Unique name xilinx:basys3::0.0
TRACE::2024-06-18.17:28:34::SCWPlatform::Trying to set the existing hwdb with name mb1_wrapper_0
TRACE::2024-06-18.17:28:34::SCWPlatform::Opened existing hwdb mb1_wrapper_0
TRACE::2024-06-18.17:28:34::SCWPlatform::Found the Hw Db part of the input DSA
TRACE::2024-06-18.17:28:34::SCWMssOS::Checking the sw design at  C:/Harman/Verilog/mb1_wrapper/microblaze_0/standalone_microblaze_0/bsp/system.mss
TRACE::2024-06-18.17:28:34::SCWMssOS::DEBUG:  swdes dump  C:/Harman/Verilog/mb1_wrapper/microblaze_0/standalone_microblaze_0/bsp/system.mss|system||

TRACE::2024-06-18.17:28:34::SCWMssOS::Sw design exists and opened at  C:/Harman/Verilog/mb1_wrapper/microblaze_0/standalone_microblaze_0/bsp/system.mss
TRACE::2024-06-18.17:28:34::SCWWriter::formatted JSON is {
	"platformName":	"mb1_wrapper",
	"sprVersion":	"2.0",
	"mode":	"gui",
	"dsaType":	"Fixed",
	"platformDesc":	"mb1_wrapper",
	"platHandOff":	"C:/Harman/Verilog/SoC_06_18_MB_Peri/mb1_wrapper.xsa",
	"platIntHandOff":	"<platformDir>/hw/mb1_wrapper.xsa",
	"deviceType":	"FPGA",
	"platIsPrebuiltAutogen":	"false",
	"platIsNoBootBsp":	"false",
	"hasFsblMakeHasChanges":	"false",
	"hasPmufwMakeHasChanges":	"false",
	"platPreBuiltFlag":	false,
	"platformSamplesDir":	"",
	"platActiveSys":	"mb1_wrapper",
	"systems":	[{
			"systemName":	"mb1_wrapper",
			"systemDesc":	"mb1_wrapper",
			"sysIsBootAutoGen":	"true",
			"systemDispName":	"mb1_wrapper",
			"sysActiveDom":	"standalone_microblaze_0",
			"sysDefaultDom":	"standalone_microblaze_0",
			"domains":	[{
					"domainName":	"standalone_microblaze_0",
					"domainDispName":	"standalone_microblaze_0",
					"domainDesc":	"standalone_microblaze_0",
					"processors":	"microblaze_0",
					"os":	"standalone",
					"sdxOs":	"standalone",
					"debugEnable":	"False",
					"domRuntimes":	["cpp"],
					"swRepo":	"",
					"mssOsVer":	"9.1",
					"mssFile":	"",
					"md5Digest":	"5299e581b7894d06e3ef5587a510be25",
					"compatibleApp":	"hello_world",
					"domType":	"mssDomain",
					"arch":	"32-bit",
					"appSettings":	{
						"appCompilerFlags":	"",
						"appLinkerFlags":	""
					},
					"addedLibs":	[],
					"libOptions":	{
						"libsContainingOptions":	[]
					},
					"prebuiltLibs":	{
						"prebuiltIncPath":	[],
						"prebuiltLibPath":	[]
					},
					"isolation":	{
					}
				}]
		}]
}
LOG::2024-06-18.17:28:34::SCWPlatform::Started generating the artifacts platform mb1_wrapper
TRACE::2024-06-18.17:28:34::SCWPlatform::Sanity checking of platform is completed
LOG::2024-06-18.17:28:34::SCWPlatform::Started generating the artifacts for system configuration mb1_wrapper
LOG::2024-06-18.17:28:34::SCWSystem::Started Processing the domain standalone_microblaze_0
TRACE::2024-06-18.17:28:34::SCWDomain::Generating domain artifcats
TRACE::2024-06-18.17:28:34::SCWMssOS::Generating standalone artifcats
TRACE::2024-06-18.17:28:34::SCWMssOS:: Copying the user libraries. 
TRACE::2024-06-18.17:28:34::SCWPlatform::Trying to open the hw design at C:/Harman/Verilog/mb1_wrapper/hw/mb1_wrapper.xsa
TRACE::2024-06-18.17:28:34::SCWPlatform::DSA given C:/Harman/Verilog/mb1_wrapper/hw/mb1_wrapper.xsa
TRACE::2024-06-18.17:28:34::SCWPlatform::DSA absoulate path C:/Harman/Verilog/mb1_wrapper/hw/mb1_wrapper.xsa
TRACE::2024-06-18.17:28:34::SCWPlatform::DSA directory C:/Harman/Verilog/mb1_wrapper/hw
TRACE::2024-06-18.17:28:34::SCWPlatform:: Platform Path C:/Harman/Verilog/mb1_wrapper/hw/mb1_wrapper.xsa
TRACE::2024-06-18.17:28:34::SCWPlatform:: Unique name xilinx:basys3::0.0
TRACE::2024-06-18.17:28:34::SCWPlatform::Trying to set the existing hwdb with name mb1_wrapper_0
TRACE::2024-06-18.17:28:34::SCWPlatform::Opened existing hwdb mb1_wrapper_0
TRACE::2024-06-18.17:28:34::SCWPlatform::Found the Hw Db part of the input DSA
TRACE::2024-06-18.17:28:34::SCWMssOS::Checking the sw design at  C:/Harman/Verilog/mb1_wrapper/microblaze_0/standalone_microblaze_0/bsp/system.mss
TRACE::2024-06-18.17:28:34::SCWMssOS::DEBUG:  swdes dump  C:/Harman/Verilog/mb1_wrapper/microblaze_0/standalone_microblaze_0/bsp/system.mss|system||

TRACE::2024-06-18.17:28:34::SCWMssOS::Sw design exists and opened at  C:/Harman/Verilog/mb1_wrapper/microblaze_0/standalone_microblaze_0/bsp/system.mss
TRACE::2024-06-18.17:28:34::SCWMssOS::Completed writing the mss file at C:/Harman/Verilog/mb1_wrapper/microblaze_0/standalone_microblaze_0/bsp
TRACE::2024-06-18.17:28:34::SCWMssOS::Mss edits present, copying mssfile into export location C:/Harman/Verilog/mb1_wrapper/microblaze_0/standalone_microblaze_0/bsp/system.mss
TRACE::2024-06-18.17:28:34::SCWMssOS::bsp generated is upto date with the mss file. Skipping bsp generation.
TRACE::2024-06-18.17:28:34::SCWMssOS::BSP is already built. skipping the bsp build ... 
TRACE::2024-06-18.17:28:34::SCWDomain::Building the domain as part of full build :  standalone_microblaze_0
TRACE::2024-06-18.17:28:34::SCWMssOS::skipping the bsp build ... 
TRACE::2024-06-18.17:28:34::SCWMssOS::Copying to export directory.
TRACE::2024-06-18.17:28:34::SCWMssOS:: Checking if to create the Supporting Applications
TRACE::2024-06-18.17:28:34::SCWMssOS:: No Linux domain exists, trying to generate FSBL 
LOG::2024-06-18.17:28:34::SCWSystem::Completed Processing the domain standalone_microblaze_0
LOG::2024-06-18.17:28:34::SCWSystem::Completed Processing the sysconfig mb1_wrapper
LOG::2024-06-18.17:28:34::SCWPlatform::Completed generating the artifacts for system configuration mb1_wrapper
TRACE::2024-06-18.17:28:34::SCWPlatform::Started preparing the platform 
TRACE::2024-06-18.17:28:34::SCWSystem::Writing the bif file for system config mb1_wrapper
TRACE::2024-06-18.17:28:34::SCWSystem::dir created 
TRACE::2024-06-18.17:28:34::SCWSystem::Writing the bif 
TRACE::2024-06-18.17:28:34::SCWPlatform::Started writing the spfm file 
TRACE::2024-06-18.17:28:34::SCWPlatform::Started writing the xpfm file 
TRACE::2024-06-18.17:28:34::SCWPlatform::Completed generating the platform
TRACE::2024-06-18.17:28:34::SCWMssOS::Saving the mss changes C:/Harman/Verilog/mb1_wrapper/microblaze_0/standalone_microblaze_0/bsp/system.mss
TRACE::2024-06-18.17:28:34::SCWMssOS::Found a swdesign opened with the mssfile.
TRACE::2024-06-18.17:28:34::SCWMssOS::Completed writemss as part of save.
TRACE::2024-06-18.17:28:34::SCWMssOS::Commit changes completed.
TRACE::2024-06-18.17:28:34::SCWPlatform::Trying to open the hw design at C:/Harman/Verilog/mb1_wrapper/hw/mb1_wrapper.xsa
TRACE::2024-06-18.17:28:34::SCWPlatform::DSA given C:/Harman/Verilog/mb1_wrapper/hw/mb1_wrapper.xsa
TRACE::2024-06-18.17:28:34::SCWPlatform::DSA absoulate path C:/Harman/Verilog/mb1_wrapper/hw/mb1_wrapper.xsa
TRACE::2024-06-18.17:28:34::SCWPlatform::DSA directory C:/Harman/Verilog/mb1_wrapper/hw
TRACE::2024-06-18.17:28:34::SCWPlatform:: Platform Path C:/Harman/Verilog/mb1_wrapper/hw/mb1_wrapper.xsa
TRACE::2024-06-18.17:28:34::SCWPlatform:: Unique name xilinx:basys3::0.0
TRACE::2024-06-18.17:28:34::SCWPlatform::Trying to set the existing hwdb with name mb1_wrapper_0
TRACE::2024-06-18.17:28:34::SCWPlatform::Opened existing hwdb mb1_wrapper_0
TRACE::2024-06-18.17:28:34::SCWPlatform::Found the Hw Db part of the input DSA
TRACE::2024-06-18.17:28:34::SCWMssOS::Checking the sw design at  C:/Harman/Verilog/mb1_wrapper/microblaze_0/standalone_microblaze_0/bsp/system.mss
TRACE::2024-06-18.17:28:34::SCWMssOS::DEBUG:  swdes dump  C:/Harman/Verilog/mb1_wrapper/microblaze_0/standalone_microblaze_0/bsp/system.mss|system||

TRACE::2024-06-18.17:28:34::SCWMssOS::Sw design exists and opened at  C:/Harman/Verilog/mb1_wrapper/microblaze_0/standalone_microblaze_0/bsp/system.mss
TRACE::2024-06-18.17:28:34::SCWPlatform::Trying to open the hw design at C:/Harman/Verilog/mb1_wrapper/hw/mb1_wrapper.xsa
TRACE::2024-06-18.17:28:34::SCWPlatform::DSA given C:/Harman/Verilog/mb1_wrapper/hw/mb1_wrapper.xsa
TRACE::2024-06-18.17:28:34::SCWPlatform::DSA absoulate path C:/Harman/Verilog/mb1_wrapper/hw/mb1_wrapper.xsa
TRACE::2024-06-18.17:28:34::SCWPlatform::DSA directory C:/Harman/Verilog/mb1_wrapper/hw
TRACE::2024-06-18.17:28:34::SCWPlatform:: Platform Path C:/Harman/Verilog/mb1_wrapper/hw/mb1_wrapper.xsa
TRACE::2024-06-18.17:28:34::SCWPlatform:: Unique name xilinx:basys3::0.0
TRACE::2024-06-18.17:28:34::SCWPlatform::Trying to set the existing hwdb with name mb1_wrapper_0
TRACE::2024-06-18.17:28:34::SCWPlatform::Opened existing hwdb mb1_wrapper_0
TRACE::2024-06-18.17:28:34::SCWPlatform::Found the Hw Db part of the input DSA
TRACE::2024-06-18.17:28:34::SCWMssOS::Checking the sw design at  C:/Harman/Verilog/mb1_wrapper/microblaze_0/standalone_microblaze_0/bsp/system.mss
TRACE::2024-06-18.17:28:34::SCWMssOS::DEBUG:  swdes dump  C:/Harman/Verilog/mb1_wrapper/microblaze_0/standalone_microblaze_0/bsp/system.mss|system||

TRACE::2024-06-18.17:28:34::SCWMssOS::Sw design exists and opened at  C:/Harman/Verilog/mb1_wrapper/microblaze_0/standalone_microblaze_0/bsp/system.mss
TRACE::2024-06-18.17:28:34::SCWPlatform::Trying to open the hw design at C:/Harman/Verilog/mb1_wrapper/hw/mb1_wrapper.xsa
TRACE::2024-06-18.17:28:34::SCWPlatform::DSA given C:/Harman/Verilog/mb1_wrapper/hw/mb1_wrapper.xsa
TRACE::2024-06-18.17:28:34::SCWPlatform::DSA absoulate path C:/Harman/Verilog/mb1_wrapper/hw/mb1_wrapper.xsa
TRACE::2024-06-18.17:28:34::SCWPlatform::DSA directory C:/Harman/Verilog/mb1_wrapper/hw
TRACE::2024-06-18.17:28:34::SCWPlatform:: Platform Path C:/Harman/Verilog/mb1_wrapper/hw/mb1_wrapper.xsa
TRACE::2024-06-18.17:28:34::SCWPlatform:: Unique name xilinx:basys3::0.0
TRACE::2024-06-18.17:28:34::SCWPlatform::Trying to set the existing hwdb with name mb1_wrapper_0
TRACE::2024-06-18.17:28:34::SCWPlatform::Opened existing hwdb mb1_wrapper_0
TRACE::2024-06-18.17:28:34::SCWPlatform::Found the Hw Db part of the input DSA
TRACE::2024-06-18.17:28:34::SCWMssOS::Checking the sw design at  C:/Harman/Verilog/mb1_wrapper/microblaze_0/standalone_microblaze_0/bsp/system.mss
TRACE::2024-06-18.17:28:34::SCWMssOS::DEBUG:  swdes dump  C:/Harman/Verilog/mb1_wrapper/microblaze_0/standalone_microblaze_0/bsp/system.mss|system||

TRACE::2024-06-18.17:28:34::SCWMssOS::Sw design exists and opened at  C:/Harman/Verilog/mb1_wrapper/microblaze_0/standalone_microblaze_0/bsp/system.mss
TRACE::2024-06-18.17:28:34::SCWWriter::formatted JSON is {
	"platformName":	"mb1_wrapper",
	"sprVersion":	"2.0",
	"mode":	"gui",
	"dsaType":	"Fixed",
	"platformDesc":	"mb1_wrapper",
	"platHandOff":	"C:/Harman/Verilog/SoC_06_18_MB_Peri/mb1_wrapper.xsa",
	"platIntHandOff":	"<platformDir>/hw/mb1_wrapper.xsa",
	"deviceType":	"FPGA",
	"platIsPrebuiltAutogen":	"false",
	"platIsNoBootBsp":	"false",
	"hasFsblMakeHasChanges":	"false",
	"hasPmufwMakeHasChanges":	"false",
	"platPreBuiltFlag":	false,
	"platformSamplesDir":	"",
	"platActiveSys":	"mb1_wrapper",
	"systems":	[{
			"systemName":	"mb1_wrapper",
			"systemDesc":	"mb1_wrapper",
			"sysIsBootAutoGen":	"true",
			"systemDispName":	"mb1_wrapper",
			"sysActiveDom":	"standalone_microblaze_0",
			"sysDefaultDom":	"standalone_microblaze_0",
			"domains":	[{
					"domainName":	"standalone_microblaze_0",
					"domainDispName":	"standalone_microblaze_0",
					"domainDesc":	"standalone_microblaze_0",
					"processors":	"microblaze_0",
					"os":	"standalone",
					"sdxOs":	"standalone",
					"debugEnable":	"False",
					"domRuntimes":	["cpp"],
					"swRepo":	"",
					"mssOsVer":	"9.1",
					"mssFile":	"",
					"md5Digest":	"5299e581b7894d06e3ef5587a510be25",
					"compatibleApp":	"hello_world",
					"domType":	"mssDomain",
					"arch":	"32-bit",
					"appSettings":	{
						"appCompilerFlags":	"",
						"appLinkerFlags":	""
					},
					"addedLibs":	[],
					"libOptions":	{
						"libsContainingOptions":	[]
					},
					"prebuiltLibs":	{
						"prebuiltIncPath":	[],
						"prebuiltLibPath":	[]
					},
					"isolation":	{
					}
				}]
		}]
}
KEYINFO::2024-06-18.17:28:34::SCWPlatform::updated the xpfm file.
LOG::2024-06-18.17:28:57::SCWPlatform::Started generating the artifacts platform mb1_wrapper
TRACE::2024-06-18.17:28:57::SCWPlatform::Sanity checking of platform is completed
LOG::2024-06-18.17:28:57::SCWPlatform::Started generating the artifacts for system configuration mb1_wrapper
LOG::2024-06-18.17:28:57::SCWSystem::Checking the domain standalone_microblaze_0
LOG::2024-06-18.17:28:57::SCWSystem::Not a boot domain 
LOG::2024-06-18.17:28:57::SCWSystem::Started Processing the domain standalone_microblaze_0
TRACE::2024-06-18.17:28:57::SCWDomain::Generating domain artifcats
TRACE::2024-06-18.17:28:57::SCWMssOS::Generating standalone artifcats
TRACE::2024-06-18.17:28:57::SCWMssOS:: Copying the user libraries. 
TRACE::2024-06-18.17:28:57::SCWPlatform::Trying to open the hw design at C:/Harman/Verilog/mb1_wrapper/hw/mb1_wrapper.xsa
TRACE::2024-06-18.17:28:57::SCWPlatform::DSA given C:/Harman/Verilog/mb1_wrapper/hw/mb1_wrapper.xsa
TRACE::2024-06-18.17:28:57::SCWPlatform::DSA absoulate path C:/Harman/Verilog/mb1_wrapper/hw/mb1_wrapper.xsa
TRACE::2024-06-18.17:28:57::SCWPlatform::DSA directory C:/Harman/Verilog/mb1_wrapper/hw
TRACE::2024-06-18.17:28:57::SCWPlatform:: Platform Path C:/Harman/Verilog/mb1_wrapper/hw/mb1_wrapper.xsa
TRACE::2024-06-18.17:28:57::SCWPlatform:: Unique name xilinx:basys3::0.0
TRACE::2024-06-18.17:28:57::SCWPlatform::Trying to set the existing hwdb with name mb1_wrapper_0
TRACE::2024-06-18.17:28:57::SCWPlatform::Opened existing hwdb mb1_wrapper_0
TRACE::2024-06-18.17:28:57::SCWPlatform::Found the Hw Db part of the input DSA
TRACE::2024-06-18.17:28:57::SCWMssOS::Checking the sw design at  C:/Harman/Verilog/mb1_wrapper/microblaze_0/standalone_microblaze_0/bsp/system.mss
TRACE::2024-06-18.17:28:57::SCWMssOS::DEBUG:  swdes dump  C:/Harman/Verilog/mb1_wrapper/microblaze_0/standalone_microblaze_0/bsp/system.mss|system||

TRACE::2024-06-18.17:28:57::SCWMssOS::Sw design exists and opened at  C:/Harman/Verilog/mb1_wrapper/microblaze_0/standalone_microblaze_0/bsp/system.mss
TRACE::2024-06-18.17:28:57::SCWMssOS::Completed writing the mss file at C:/Harman/Verilog/mb1_wrapper/microblaze_0/standalone_microblaze_0/bsp
TRACE::2024-06-18.17:28:57::SCWMssOS::Mss edits present, copying mssfile into export location C:/Harman/Verilog/mb1_wrapper/microblaze_0/standalone_microblaze_0/bsp/system.mss
TRACE::2024-06-18.17:28:57::SCWMssOS::bsp generated is upto date with the mss file. Skipping bsp generation.
TRACE::2024-06-18.17:28:57::SCWMssOS::BSP is already built. skipping the bsp build ... 
TRACE::2024-06-18.17:28:57::SCWDomain::Building the domain as part of full build :  standalone_microblaze_0
TRACE::2024-06-18.17:28:57::SCWMssOS::doing bsp build ... 
TRACE::2024-06-18.17:28:57::SCWMssOS::System Command Ran  C: & cd  C:/Harman/Verilog/mb1_wrapper/microblaze_0/standalone_microblaze_0/bsp & make 
TRACE::2024-06-18.17:28:57::SCWMssOS::make --no-print-directory seq_libs

TRACE::2024-06-18.17:28:57::SCWMssOS::'Finished building libraries sequentially.'

TRACE::2024-06-18.17:28:57::SCWMssOS::make -j 6 --no-print-directory par_libs

TRACE::2024-06-18.17:28:57::SCWMssOS::"Running Make include in microblaze_0/libsrc/bram_v4_10/src"

TRACE::2024-06-18.17:28:57::SCWMssOS::make -C microblaze_0/libsrc/bram_v4_10/src -s include  "SHELL=CMD" "COMPILER=mb-gcc" "ASSEMBLER=mb-as" "ARCHIVER=mb-ar" "COMPIL
TRACE::2024-06-18.17:28:57::SCWMssOS::ER_FLAGS=  -O2 -c -mcpu=v11.0 -mlittle-endian -mxl-soft-mul" "EXTRA_COMPILER_FLAGS=-g -ffunction-sections -fdata-sections -Wall
TRACE::2024-06-18.17:28:57::SCWMssOS:: -Wextra -fno-tree-loop-distribute-patterns"

TRACE::2024-06-18.17:28:57::SCWMssOS::"Running Make include in microblaze_0/libsrc/cpu_v2_18/src"

TRACE::2024-06-18.17:28:57::SCWMssOS::make -C microblaze_0/libsrc/cpu_v2_18/src -s include  "SHELL=CMD" "COMPILER=mb-gcc" "ASSEMBLER=mb-as" "ARCHIVER=mb-ar" "COMPILE
TRACE::2024-06-18.17:28:57::SCWMssOS::R_FLAGS=  -O2 -c -mcpu=v11.0 -mlittle-endian -mxl-soft-mul" "EXTRA_COMPILER_FLAGS=-g -ffunction-sections -fdata-sections -Wall 
TRACE::2024-06-18.17:28:57::SCWMssOS::-Wextra -fno-tree-loop-distribute-patterns"

TRACE::2024-06-18.17:28:57::SCWMssOS::"Running Make include in microblaze_0/libsrc/gpio_v4_11/src"

TRACE::2024-06-18.17:28:57::SCWMssOS::make -C microblaze_0/libsrc/gpio_v4_11/src -s include  "SHELL=CMD" "COMPILER=mb-gcc" "ASSEMBLER=mb-as" "ARCHIVER=mb-ar" "COMPIL
TRACE::2024-06-18.17:28:57::SCWMssOS::ER_FLAGS=  -O2 -c -mcpu=v11.0 -mlittle-endian -mxl-soft-mul" "EXTRA_COMPILER_FLAGS=-g -ffunction-sections -fdata-sections -Wall
TRACE::2024-06-18.17:28:57::SCWMssOS:: -Wextra -fno-tree-loop-distribute-patterns"

TRACE::2024-06-18.17:28:57::SCWMssOS::"Running Make include in microblaze_0/libsrc/intc_v3_18/src"

TRACE::2024-06-18.17:28:57::SCWMssOS::"Running Make include in microblaze_0/libsrc/standalone_v9_1/src"

TRACE::2024-06-18.17:28:57::SCWMssOS::make -C microblaze_0/libsrc/intc_v3_18/src -s include  "SHELL=CMD" "COMPILER=mb-gcc" "ASSEMBLER=mb-as" "ARCHIVER=mb-ar" "COMPIL
TRACE::2024-06-18.17:28:57::SCWMssOS::ER_FLAGS=  -O2 -c -mcpu=v11.0 -mlittle-endian -mxl-soft-mul" "EXTRA_COMPILER_FLAGS=-g -ffunction-sections -fdata-sections -Wall
TRACE::2024-06-18.17:28:57::SCWMssOS:: -Wextra -fno-tree-loop-distribute-patterns"

TRACE::2024-06-18.17:28:57::SCWMssOS::make -C microblaze_0/libsrc/standalone_v9_1/src -s include  "SHELL=CMD" "COMPILER=mb-gcc" "ASSEMBLER=mb-as" "ARCHIVER=mb-ar" "C
TRACE::2024-06-18.17:28:57::SCWMssOS::OMPILER_FLAGS=  -O2 -c -mcpu=v11.0 -mlittle-endian -mxl-soft-mul" "EXTRA_COMPILER_FLAGS=-g -ffunction-sections -fdata-sections 
TRACE::2024-06-18.17:28:57::SCWMssOS::-Wall -Wextra -fno-tree-loop-distribute-patterns"

TRACE::2024-06-18.17:28:57::SCWMssOS::"Running Make include in microblaze_0/libsrc/tmrctr_v4_12/src"

TRACE::2024-06-18.17:28:57::SCWMssOS::make -C microblaze_0/libsrc/tmrctr_v4_12/src -s include  "SHELL=CMD" "COMPILER=mb-gcc" "ASSEMBLER=mb-as" "ARCHIVER=mb-ar" "COMP
TRACE::2024-06-18.17:28:57::SCWMssOS::ILER_FLAGS=  -O2 -c -mcpu=v11.0 -mlittle-endian -mxl-soft-mul" "EXTRA_COMPILER_FLAGS=-g -ffunction-sections -fdata-sections -Wa
TRACE::2024-06-18.17:28:57::SCWMssOS::ll -Wextra -fno-tree-loop-distribute-patterns"

TRACE::2024-06-18.17:28:57::SCWMssOS::"Running Make include in microblaze_0/libsrc/uartlite_v3_10/src"

TRACE::2024-06-18.17:28:57::SCWMssOS::make -C microblaze_0/libsrc/uartlite_v3_10/src -s include  "SHELL=CMD" "COMPILER=mb-gcc" "ASSEMBLER=mb-as" "ARCHIVER=mb-ar" "CO
TRACE::2024-06-18.17:28:57::SCWMssOS::MPILER_FLAGS=  -O2 -c -mcpu=v11.0 -mlittle-endian -mxl-soft-mul" "EXTRA_COMPILER_FLAGS=-g -ffunction-sections -fdata-sections -
TRACE::2024-06-18.17:28:57::SCWMssOS::Wall -Wextra -fno-tree-loop-distribute-patterns"

TRACE::2024-06-18.17:28:57::SCWMssOS::"Running Make libs in microblaze_0/libsrc/bram_v4_10/src"

TRACE::2024-06-18.17:28:57::SCWMssOS::make -C microblaze_0/libsrc/bram_v4_10/src -s libs  "SHELL=CMD" "COMPILER=mb-gcc" "ASSEMBLER=mb-as" "ARCHIVER=mb-ar" "COMPILER_
TRACE::2024-06-18.17:28:57::SCWMssOS::FLAGS=  -O2 -c -mcpu=v11.0 -mlittle-endian -mxl-soft-mul" "EXTRA_COMPILER_FLAGS=-g -ffunction-sections -fdata-sections -Wall -W
TRACE::2024-06-18.17:28:57::SCWMssOS::extra -fno-tree-loop-distribute-patterns"

TRACE::2024-06-18.17:28:57::SCWMssOS::"Running Make libs in microblaze_0/libsrc/cpu_v2_18/src"

TRACE::2024-06-18.17:28:57::SCWMssOS::make -C microblaze_0/libsrc/cpu_v2_18/src -s libs  "SHELL=CMD" "COMPILER=mb-gcc" "ASSEMBLER=mb-as" "ARCHIVER=mb-ar" "COMPILER_F
TRACE::2024-06-18.17:28:57::SCWMssOS::LAGS=  -O2 -c -mcpu=v11.0 -mlittle-endian -mxl-soft-mul" "EXTRA_COMPILER_FLAGS=-g -ffunction-sections -fdata-sections -Wall -We
TRACE::2024-06-18.17:28:57::SCWMssOS::xtra -fno-tree-loop-distribute-patterns"

TRACE::2024-06-18.17:28:57::SCWMssOS::"Running Make libs in microblaze_0/libsrc/gpio_v4_11/src"

TRACE::2024-06-18.17:28:57::SCWMssOS::make -C microblaze_0/libsrc/gpio_v4_11/src -s libs  "SHELL=CMD" "COMPILER=mb-gcc" "ASSEMBLER=mb-as" "ARCHIVER=mb-ar" "COMPILER_
TRACE::2024-06-18.17:28:57::SCWMssOS::FLAGS=  -O2 -c -mcpu=v11.0 -mlittle-endian -mxl-soft-mul" "EXTRA_COMPILER_FLAGS=-g -ffunction-sections -fdata-sections -Wall -W
TRACE::2024-06-18.17:28:57::SCWMssOS::extra -fno-tree-loop-distribute-patterns"

TRACE::2024-06-18.17:28:57::SCWMssOS::"Running Make libs in microblaze_0/libsrc/intc_v3_18/src"

TRACE::2024-06-18.17:28:57::SCWMssOS::make -C microblaze_0/libsrc/intc_v3_18/src -s libs  "SHELL=CMD" "COMPILER=mb-gcc" "ASSEMBLER=mb-as" "ARCHIVER=mb-ar" "COMPILER_
TRACE::2024-06-18.17:28:57::SCWMssOS::FLAGS=  -O2 -c -mcpu=v11.0 -mlittle-endian -mxl-soft-mul" "EXTRA_COMPILER_FLAGS=-g -ffunction-sections -fdata-sections -Wall -W
TRACE::2024-06-18.17:28:57::SCWMssOS::extra -fno-tree-loop-distribute-patterns"

TRACE::2024-06-18.17:28:57::SCWMssOS::"Running Make libs in microblaze_0/libsrc/standalone_v9_1/src"

TRACE::2024-06-18.17:28:57::SCWMssOS::make -C microblaze_0/libsrc/standalone_v9_1/src -s libs  "SHELL=CMD" "COMPILER=mb-gcc" "ASSEMBLER=mb-as" "ARCHIVER=mb-ar" "COMP
TRACE::2024-06-18.17:28:57::SCWMssOS::ILER_FLAGS=  -O2 -c -mcpu=v11.0 -mlittle-endian -mxl-soft-mul" "EXTRA_COMPILER_FLAGS=-g -ffunction-sections -fdata-sections -Wa
TRACE::2024-06-18.17:28:57::SCWMssOS::ll -Wextra -fno-tree-loop-distribute-patterns"

TRACE::2024-06-18.17:28:57::SCWMssOS::"Running Make libs in microblaze_0/libsrc/tmrctr_v4_12/src"

TRACE::2024-06-18.17:28:57::SCWMssOS::make -C microblaze_0/libsrc/tmrctr_v4_12/src -s libs  "SHELL=CMD" "COMPILER=mb-gcc" "ASSEMBLER=mb-as" "ARCHIVER=mb-ar" "COMPILE
TRACE::2024-06-18.17:28:57::SCWMssOS::R_FLAGS=  -O2 -c -mcpu=v11.0 -mlittle-endian -mxl-soft-mul" "EXTRA_COMPILER_FLAGS=-g -ffunction-sections -fdata-sections -Wall 
TRACE::2024-06-18.17:28:57::SCWMssOS::-Wextra -fno-tree-loop-distribute-patterns"

TRACE::2024-06-18.17:28:58::SCWMssOS::"Running Make libs in microblaze_0/libsrc/uartlite_v3_10/src"

TRACE::2024-06-18.17:28:58::SCWMssOS::make -C microblaze_0/libsrc/uartlite_v3_10/src -s libs  "SHELL=CMD" "COMPILER=mb-gcc" "ASSEMBLER=mb-as" "ARCHIVER=mb-ar" "COMPI
TRACE::2024-06-18.17:28:58::SCWMssOS::LER_FLAGS=  -O2 -c -mcpu=v11.0 -mlittle-endian -mxl-soft-mul" "EXTRA_COMPILER_FLAGS=-g -ffunction-sections -fdata-sections -Wal
TRACE::2024-06-18.17:28:58::SCWMssOS::l -Wextra -fno-tree-loop-distribute-patterns"

TRACE::2024-06-18.17:28:59::SCWMssOS::"DEBUG NON_LTO_OBJECTS is ../../../lib/microblaze_interrupt_handler.o"

TRACE::2024-06-18.17:28:59::SCWMssOS::'Finished building libraries parallelly.'

TRACE::2024-06-18.17:28:59::SCWMssOS::make --no-print-directory archive

TRACE::2024-06-18.17:28:59::SCWMssOS::mb-ar -r  microblaze_0/lib/libxil.a microblaze_0/lib/_exit.o microblaze_0/lib/errno.o microblaze_0/lib/fcntl.o microblaze_0/lib
TRACE::2024-06-18.17:28:59::SCWMssOS::/hw_exception_handler.o microblaze_0/lib/inbyte.o microblaze_0/lib/microblaze_disable_dcache.o microblaze_0/lib/microblaze_disa
TRACE::2024-06-18.17:28:59::SCWMssOS::ble_exceptions.o microblaze_0/lib/microblaze_disable_icache.o microblaze_0/lib/microblaze_disable_interrupts.o microblaze_0/lib
TRACE::2024-06-18.17:28:59::SCWMssOS::/microblaze_enable_dcache.o microblaze_0/lib/microblaze_enable_exceptions.o microblaze_0/lib/microblaze_enable_icache.o microbl
TRACE::2024-06-18.17:28:59::SCWMssOS::aze_0/lib/microblaze_enable_interrupts.o microblaze_0/lib/microblaze_exception_handler.o microblaze_0/lib/microblaze_flush_cach
TRACE::2024-06-18.17:28:59::SCWMssOS::e_ext.o microblaze_0/lib/microblaze_flush_cache_ext_range.o microblaze_0/lib/microblaze_flush_dcache.o microblaze_0/lib/microbl
TRACE::2024-06-18.17:28:59::SCWMssOS::aze_flush_dcache_range.o microblaze_0/lib/microblaze_init_dcache_range.o microblaze_0/lib/microblaze_init_icache_range.o microb
TRACE::2024-06-18.17:28:59::SCWMssOS::laze_0/lib/microblaze_interrupt_handler.o microblaze_0/lib/microblaze_interrupts_g.o microblaze_0/lib/microblaze_invalidate_cac
TRACE::2024-06-18.17:28:59::SCWMssOS::he_ext.o microblaze_0/lib/microblaze_invalidate_cache_ext_range.o microblaze_0/lib/microblaze_invalidate_dcache.o microblaze_0/
TRACE::2024-06-18.17:28:59::SCWMssOS::lib/microblaze_invalidate_dcache_range.o microblaze_0/lib/microblaze_invalidate_icache.o microblaze_0/lib/microblaze_invalidate
TRACE::2024-06-18.17:28:59::SCWMssOS::_icache_range.o microblaze_0/lib/microblaze_scrub.o microblaze_0/lib/microblaze_selftest.o microblaze_0/lib/microblaze_sleep.o 
TRACE::2024-06-18.17:28:59::SCWMssOS::microblaze_0/lib/microblaze_update_dcache.o microblaze_0/lib/microblaze_update_icache.o microblaze_0/lib/outbyte.o microblaze_0
TRACE::2024-06-18.17:28:59::SCWMssOS::/lib/print.o microblaze_0/lib/pvr.o microblaze_0/lib/xbram.o microblaze_0/lib/xbram_g.o microblaze_0/lib/xbram_intr.o microblaz
TRACE::2024-06-18.17:28:59::SCWMssOS::e_0/lib/xbram_selftest.o microblaze_0/lib/xbram_sinit.o microblaze_0/lib/xgpio.o microblaze_0/lib/xgpio_extra.o microblaze_0/li
TRACE::2024-06-18.17:28:59::SCWMssOS::b/xgpio_g.o microblaze_0/lib/xgpio_intr.o microblaze_0/lib/xgpio_selftest.o microblaze_0/lib/xgpio_sinit.o microblaze_0/lib/xil
TRACE::2024-06-18.17:28:59::SCWMssOS::_assert.o microblaze_0/lib/xil_cache.o microblaze_0/lib/xil_clocking.o microblaze_0/lib/xil_exception.o microblaze_0/lib/xil_me
TRACE::2024-06-18.17:28:59::SCWMssOS::m.o microblaze_0/lib/xil_misc_psreset_api.o microblaze_0/lib/xil_printf.o microblaze_0/lib/xil_sleepcommon.o microblaze_0/lib/x
TRACE::2024-06-18.17:28:59::SCWMssOS::il_testcache.o microblaze_0/lib/xil_testio.o microblaze_0/lib/xil_testmem.o microblaze_0/lib/xil_util.o microblaze_0/lib/xintc.
TRACE::2024-06-18.17:28:59::SCWMssOS::o microblaze_0/lib/xintc_g.o microblaze_0/lib/xintc_intr.o microblaze_0/lib/xintc_l.o microblaze_0/lib/xintc_options.o microbla
TRACE::2024-06-18.17:28:59::SCWMssOS::ze_0/lib/xintc_selftest.o microblaze_0/lib/xinterrupt_wrap.o microblaze_0/lib/xio.o microblaze_0/lib/xplatform_info.o microblaz
TRACE::2024-06-18.17:28:59::SCWMssOS::e_0/lib/xpm_init.o microblaze_0/lib/xtmrctr.o microblaze_0/lib/xtmrctr_g.o microblaze_0/lib/xtmrctr_intr.o microblaze_0/lib/xtm
TRACE::2024-06-18.17:28:59::SCWMssOS::rctr_l.o microblaze_0/lib/xtmrctr_options.o microblaze_0/lib/xtmrctr_selftest.o microblaze_0/lib/xtmrctr_sinit.o microblaze_0/l
TRACE::2024-06-18.17:28:59::SCWMssOS::ib/xtmrctr_stats.o microblaze_0/lib/xuartlite.o microblaze_0/lib/xuartlite_g.o microblaze_0/lib/xuartlite_intr.o microblaze_0/l
TRACE::2024-06-18.17:28:59::SCWMssOS::ib/xuartlite_l.o microblaze_0/lib/xuartlite_selftest.o microblaze_0/lib/xuartlite_sinit.o microblaze_0/lib/xuartlite_stats.o

TRACE::2024-06-18.17:29:00::SCWMssOS::'Finished building libraries'

TRACE::2024-06-18.17:29:00::SCWMssOS::Copying to export directory.
TRACE::2024-06-18.17:29:00::SCWMssOS:: Checking if to create the Supporting Applications
TRACE::2024-06-18.17:29:00::SCWMssOS:: No Linux domain exists, trying to generate FSBL 
LOG::2024-06-18.17:29:00::SCWSystem::Completed Processing the domain standalone_microblaze_0
LOG::2024-06-18.17:29:00::SCWSystem::Completed Processing the sysconfig mb1_wrapper
LOG::2024-06-18.17:29:00::SCWPlatform::Completed generating the artifacts for system configuration mb1_wrapper
TRACE::2024-06-18.17:29:00::SCWPlatform::Started preparing the platform 
TRACE::2024-06-18.17:29:00::SCWSystem::Writing the bif file for system config mb1_wrapper
TRACE::2024-06-18.17:29:00::SCWSystem::dir created 
TRACE::2024-06-18.17:29:00::SCWSystem::Writing the bif 
TRACE::2024-06-18.17:29:00::SCWPlatform::Started writing the spfm file 
TRACE::2024-06-18.17:29:00::SCWPlatform::Started writing the xpfm file 
TRACE::2024-06-18.17:29:00::SCWPlatform::Completed generating the platform
TRACE::2024-06-18.17:29:00::SCWMssOS::Saving the mss changes C:/Harman/Verilog/mb1_wrapper/microblaze_0/standalone_microblaze_0/bsp/system.mss
TRACE::2024-06-18.17:29:00::SCWMssOS::Found a swdesign opened with the mssfile.
TRACE::2024-06-18.17:29:00::SCWMssOS::Completed writemss as part of save.
TRACE::2024-06-18.17:29:00::SCWMssOS::Commit changes completed.
TRACE::2024-06-18.17:29:00::SCWPlatform::Trying to open the hw design at C:/Harman/Verilog/mb1_wrapper/hw/mb1_wrapper.xsa
TRACE::2024-06-18.17:29:00::SCWPlatform::DSA given C:/Harman/Verilog/mb1_wrapper/hw/mb1_wrapper.xsa
TRACE::2024-06-18.17:29:00::SCWPlatform::DSA absoulate path C:/Harman/Verilog/mb1_wrapper/hw/mb1_wrapper.xsa
TRACE::2024-06-18.17:29:00::SCWPlatform::DSA directory C:/Harman/Verilog/mb1_wrapper/hw
TRACE::2024-06-18.17:29:00::SCWPlatform:: Platform Path C:/Harman/Verilog/mb1_wrapper/hw/mb1_wrapper.xsa
TRACE::2024-06-18.17:29:00::SCWPlatform:: Unique name xilinx:basys3::0.0
TRACE::2024-06-18.17:29:00::SCWPlatform::Trying to set the existing hwdb with name mb1_wrapper_0
TRACE::2024-06-18.17:29:00::SCWPlatform::Opened existing hwdb mb1_wrapper_0
TRACE::2024-06-18.17:29:00::SCWPlatform::Found the Hw Db part of the input DSA
TRACE::2024-06-18.17:29:00::SCWMssOS::Checking the sw design at  C:/Harman/Verilog/mb1_wrapper/microblaze_0/standalone_microblaze_0/bsp/system.mss
TRACE::2024-06-18.17:29:00::SCWMssOS::DEBUG:  swdes dump  C:/Harman/Verilog/mb1_wrapper/microblaze_0/standalone_microblaze_0/bsp/system.mss|system||

TRACE::2024-06-18.17:29:00::SCWMssOS::Sw design exists and opened at  C:/Harman/Verilog/mb1_wrapper/microblaze_0/standalone_microblaze_0/bsp/system.mss
TRACE::2024-06-18.17:29:00::SCWPlatform::Trying to open the hw design at C:/Harman/Verilog/mb1_wrapper/hw/mb1_wrapper.xsa
TRACE::2024-06-18.17:29:00::SCWPlatform::DSA given C:/Harman/Verilog/mb1_wrapper/hw/mb1_wrapper.xsa
TRACE::2024-06-18.17:29:00::SCWPlatform::DSA absoulate path C:/Harman/Verilog/mb1_wrapper/hw/mb1_wrapper.xsa
TRACE::2024-06-18.17:29:00::SCWPlatform::DSA directory C:/Harman/Verilog/mb1_wrapper/hw
TRACE::2024-06-18.17:29:00::SCWPlatform:: Platform Path C:/Harman/Verilog/mb1_wrapper/hw/mb1_wrapper.xsa
TRACE::2024-06-18.17:29:00::SCWPlatform:: Unique name xilinx:basys3::0.0
TRACE::2024-06-18.17:29:00::SCWPlatform::Trying to set the existing hwdb with name mb1_wrapper_0
TRACE::2024-06-18.17:29:00::SCWPlatform::Opened existing hwdb mb1_wrapper_0
TRACE::2024-06-18.17:29:00::SCWPlatform::Found the Hw Db part of the input DSA
TRACE::2024-06-18.17:29:00::SCWMssOS::Checking the sw design at  C:/Harman/Verilog/mb1_wrapper/microblaze_0/standalone_microblaze_0/bsp/system.mss
TRACE::2024-06-18.17:29:00::SCWMssOS::DEBUG:  swdes dump  C:/Harman/Verilog/mb1_wrapper/microblaze_0/standalone_microblaze_0/bsp/system.mss|system||

TRACE::2024-06-18.17:29:00::SCWMssOS::Sw design exists and opened at  C:/Harman/Verilog/mb1_wrapper/microblaze_0/standalone_microblaze_0/bsp/system.mss
TRACE::2024-06-18.17:29:00::SCWPlatform::Trying to open the hw design at C:/Harman/Verilog/mb1_wrapper/hw/mb1_wrapper.xsa
TRACE::2024-06-18.17:29:00::SCWPlatform::DSA given C:/Harman/Verilog/mb1_wrapper/hw/mb1_wrapper.xsa
TRACE::2024-06-18.17:29:00::SCWPlatform::DSA absoulate path C:/Harman/Verilog/mb1_wrapper/hw/mb1_wrapper.xsa
TRACE::2024-06-18.17:29:00::SCWPlatform::DSA directory C:/Harman/Verilog/mb1_wrapper/hw
TRACE::2024-06-18.17:29:00::SCWPlatform:: Platform Path C:/Harman/Verilog/mb1_wrapper/hw/mb1_wrapper.xsa
TRACE::2024-06-18.17:29:00::SCWPlatform:: Unique name xilinx:basys3::0.0
TRACE::2024-06-18.17:29:00::SCWPlatform::Trying to set the existing hwdb with name mb1_wrapper_0
TRACE::2024-06-18.17:29:00::SCWPlatform::Opened existing hwdb mb1_wrapper_0
TRACE::2024-06-18.17:29:00::SCWPlatform::Found the Hw Db part of the input DSA
TRACE::2024-06-18.17:29:00::SCWMssOS::Checking the sw design at  C:/Harman/Verilog/mb1_wrapper/microblaze_0/standalone_microblaze_0/bsp/system.mss
TRACE::2024-06-18.17:29:00::SCWMssOS::DEBUG:  swdes dump  C:/Harman/Verilog/mb1_wrapper/microblaze_0/standalone_microblaze_0/bsp/system.mss|system||

TRACE::2024-06-18.17:29:00::SCWMssOS::Sw design exists and opened at  C:/Harman/Verilog/mb1_wrapper/microblaze_0/standalone_microblaze_0/bsp/system.mss
TRACE::2024-06-18.17:29:00::SCWWriter::formatted JSON is {
	"platformName":	"mb1_wrapper",
	"sprVersion":	"2.0",
	"mode":	"gui",
	"dsaType":	"Fixed",
	"platformDesc":	"mb1_wrapper",
	"platHandOff":	"C:/Harman/Verilog/SoC_06_18_MB_Peri/mb1_wrapper.xsa",
	"platIntHandOff":	"<platformDir>/hw/mb1_wrapper.xsa",
	"deviceType":	"FPGA",
	"platIsPrebuiltAutogen":	"false",
	"platIsNoBootBsp":	"false",
	"hasFsblMakeHasChanges":	"false",
	"hasPmufwMakeHasChanges":	"false",
	"platPreBuiltFlag":	false,
	"platformSamplesDir":	"",
	"platActiveSys":	"mb1_wrapper",
	"systems":	[{
			"systemName":	"mb1_wrapper",
			"systemDesc":	"mb1_wrapper",
			"sysIsBootAutoGen":	"true",
			"systemDispName":	"mb1_wrapper",
			"sysActiveDom":	"standalone_microblaze_0",
			"sysDefaultDom":	"standalone_microblaze_0",
			"domains":	[{
					"domainName":	"standalone_microblaze_0",
					"domainDispName":	"standalone_microblaze_0",
					"domainDesc":	"standalone_microblaze_0",
					"processors":	"microblaze_0",
					"os":	"standalone",
					"sdxOs":	"standalone",
					"debugEnable":	"False",
					"domRuntimes":	["cpp"],
					"swRepo":	"",
					"mssOsVer":	"9.1",
					"mssFile":	"",
					"md5Digest":	"5299e581b7894d06e3ef5587a510be25",
					"compatibleApp":	"hello_world",
					"domType":	"mssDomain",
					"arch":	"32-bit",
					"appSettings":	{
						"appCompilerFlags":	"",
						"appLinkerFlags":	""
					},
					"addedLibs":	[],
					"libOptions":	{
						"libsContainingOptions":	[]
					},
					"prebuiltLibs":	{
						"prebuiltIncPath":	[],
						"prebuiltLibPath":	[]
					},
					"isolation":	{
					}
				}]
		}]
}
KEYINFO::2024-06-18.17:29:00::SCWPlatform::updated the xpfm file.
TRACE::2024-06-18.17:29:02::SCWPlatform::Trying to open the hw design at C:/Harman/Verilog/mb1_wrapper/hw/mb1_wrapper.xsa
TRACE::2024-06-18.17:29:02::SCWPlatform::DSA given C:/Harman/Verilog/mb1_wrapper/hw/mb1_wrapper.xsa
TRACE::2024-06-18.17:29:02::SCWPlatform::DSA absoulate path C:/Harman/Verilog/mb1_wrapper/hw/mb1_wrapper.xsa
TRACE::2024-06-18.17:29:02::SCWPlatform::DSA directory C:/Harman/Verilog/mb1_wrapper/hw
TRACE::2024-06-18.17:29:02::SCWPlatform:: Platform Path C:/Harman/Verilog/mb1_wrapper/hw/mb1_wrapper.xsa
TRACE::2024-06-18.17:29:02::SCWPlatform:: Unique name xilinx:basys3::0.0
TRACE::2024-06-18.17:29:02::SCWPlatform::Trying to set the existing hwdb with name mb1_wrapper_0
TRACE::2024-06-18.17:29:02::SCWPlatform::Opened existing hwdb mb1_wrapper_0
TRACE::2024-06-18.17:29:02::SCWPlatform::Found the Hw Db part of the input DSA
TRACE::2024-06-18.17:29:02::SCWMssOS::Checking the sw design at  C:/Harman/Verilog/mb1_wrapper/microblaze_0/standalone_microblaze_0/bsp/system.mss
TRACE::2024-06-18.17:29:02::SCWMssOS::DEBUG:  swdes dump  C:/Harman/Verilog/mb1_wrapper/microblaze_0/standalone_microblaze_0/bsp/system.mss|system||

TRACE::2024-06-18.17:29:02::SCWMssOS::Sw design exists and opened at  C:/Harman/Verilog/mb1_wrapper/microblaze_0/standalone_microblaze_0/bsp/system.mss
